Wirelength 327029
NumHardBlocks 100
hb0 293 378 1
hb1 0 0 0
hb2 0 378 0
hb3 0 339 1
hb4 112 28 0
hb5 218 227 0
hb6 0 133 0
hb7 156 378 0
hb8 52 227 1
hb9 135 47 0
hb10 0 227 1
hb11 132 339 1
hb12 65 0 0
hb13 330 47 0
hb14 254 154 1
hb15 0 424 0
hb16 94 154 0
hb17 0 154 0
hb18 323 424 0
hb19 130 154 0
hb20 0 114 0
hb21 44 154 1
hb22 0 277 0
hb23 57 476 0
hb24 267 339 0
hb25 310 114 0
hb26 161 154 1
hb27 417 47 0
hb28 195 47 0
hb29 115 277 0
hb30 234 47 0
hb31 77 476 0
hb32 114 227 1
hb33 421 378 0
hb34 0 311 1
hb35 191 339 0
hb36 371 424 1
hb37 40 114 1
hb38 364 378 1
hb39 121 424 1
hb40 402 339 0
hb41 379 227 1
hb42 201 154 1
hb43 95 378 0
hb44 103 476 0
hb45 78 47 0
hb46 223 424 1
hb47 67 339 0
hb48 345 339 0
hb49 281 476 1
hb50 243 114 0
hb51 167 114 1
hb52 239 378 0
hb53 358 154 0
hb54 178 378 1
hb55 346 476 1
hb56 218 476 1
hb57 65 28 1
hb58 101 47 1
hb59 168 476 0
hb60 307 47 1
hb61 0 86 0
hb62 40 134 0
hb63 222 339 1
hb64 176 424 1
hb65 341 277 1
hb66 297 154 1
hb67 364 114 0
hb68 358 175 1
hb69 51 47 1
hb70 53 378 0
hb71 173 47 1
hb72 54 277 0
hb73 176 277 1
hb74 326 378 0
hb75 224 114 0
hb76 285 424 0
hb77 243 277 0
hb78 309 277 1
hb79 206 0 0
hb80 421 154 0
hb81 245 424 0
hb82 0 476 1
hb83 307 424 1
hb84 151 47 1
hb85 0 66 1
hb86 139 277 1
hb87 378 47 0
hb88 194 227 1
hb89 167 227 1
hb90 312 339 1
hb91 323 227 0
hb92 402 476 1
hb93 141 0 0
hb94 397 277 0
hb95 0 47 0
hb96 257 227 1
hb97 100 114 1
hb98 59 424 1
hb99 258 47 0
