Wirelength 452794
NumHardBlocks 200
hb0 287 295 1
hb1 317 252 0
hb2 435 212 0
hb3 297 70 0
hb4 0 333 0
hb5 192 333 1
hb6 156 369 1
hb7 0 369 1
hb8 339 295 1
hb9 271 212 0
hb10 329 167 1
hb11 162 333 0
hb12 48 333 1
hb13 428 167 0
hb14 282 46 0
hb15 20 120 0
hb16 223 333 0
hb17 15 406 1
hb18 273 406 1
hb19 251 369 1
hb20 132 443 0
hb21 52 212 0
hb22 291 252 0
hb23 0 167 1
hb24 263 369 1
hb25 96 212 0
hb26 443 252 1
hb27 0 406 1
hb28 206 212 0
hb29 51 369 0
hb30 231 406 0
hb31 165 295 1
hb32 374 406 0
hb33 340 406 0
hb34 146 295 0
hb35 110 369 0
hb36 204 443 1
hb37 358 406 0
hb38 377 369 1
hb39 132 212 1
hb40 315 70 0
hb41 168 94 0
hb42 291 167 0
hb43 317 212 1
hb44 41 406 1
hb45 384 212 0
hb46 240 37 1
hb47 64 295 1
hb48 341 333 0
hb49 343 79 1
hb50 102 120 0
hb51 292 406 1
hb52 154 406 0
hb53 216 443 0
hb54 245 252 1
hb55 282 0 0
hb56 218 94 0
hb57 304 443 1
hb58 310 167 0
hb59 285 120 0
hb60 261 252 0
hb61 240 85 1
hb62 182 369 1
hb63 162 252 0
hb64 331 120 1
hb65 365 333 0
hb66 303 369 0
hb67 65 120 1
hb68 227 369 1
hb69 252 212 0
hb70 210 252 1
hb71 423 120 1
hb72 99 443 1
hb73 321 295 0
hb74 395 333 1
hb75 131 406 0
hb76 397 406 1
hb77 405 31 1
hb78 255 37 0
hb79 137 369 0
hb80 204 94 0
hb81 418 369 1
hb82 52 252 0
hb83 181 406 0
hb84 334 369 0
hb85 343 42 0
hb86 421 31 0
hb87 248 167 1
hb88 367 252 0
hb89 125 369 0
hb90 267 167 1
hb91 128 167 1
hb92 364 443 0
hb93 224 252 1
hb94 447 406 0
hb95 445 37 1
hb96 103 167 0
hb97 413 333 0
hb98 409 406 0
hb99 393 73 1
hb100 279 443 1
hb101 395 252 1
hb102 262 295 0
hb103 174 212 0
hb104 200 295 1
hb105 393 0 0
hb106 91 295 1
hb107 457 120 1
hb108 283 333 1
hb109 261 406 0
hb110 406 443 0
hb111 169 369 1
hb112 179 120 0
hb113 134 252 1
hb114 0 443 0
hb115 21 369 1
hb116 84 252 0
hb117 445 0 0
hb118 123 333 0
hb119 241 333 0
hb120 413 167 0
hb121 413 73 0
hb122 361 167 1
hb123 78 295 0
hb124 121 252 0
hb125 303 295 0
hb126 0 212 1
hb127 450 333 1
hb128 354 295 1
hb129 135 120 0
hb130 59 167 0
hb131 44 295 1
hb132 130 295 1
hb133 119 406 1
hb134 90 333 1
hb135 403 369 0
hb136 181 295 1
hb137 265 333 1
hb138 26 333 1
hb139 446 295 1
hb140 438 333 0
hb141 39 443 0
hb142 233 443 1
hb143 379 120 1
hb144 410 212 0
hb145 25 167 1
hb146 177 252 0
hb147 398 212 0
hb148 160 443 0
hb149 425 406 0
hb150 248 406 0
hb151 176 333 0
hb152 351 212 0
hb153 445 73 1
hb154 343 0 1
hb155 352 443 0
hb156 33 252 0
hb157 393 31 1
hb158 106 333 1
hb159 317 333 0
hb160 200 406 0
hb161 0 295 0
hb162 79 406 1
hb163 197 120 0
hb164 177 443 1
hb165 0 252 1
hb166 250 295 1
hb167 63 369 0
hb168 225 295 1
hb169 297 42 0
hb170 391 167 0
hb171 64 443 0
hb172 19 295 1
hb173 197 167 1
hb174 184 94 1
hb175 107 406 1
hb176 438 369 1
hb177 391 295 0
hb178 91 406 1
hb179 156 167 1
hb180 212 406 0
hb181 336 252 0
hb182 379 295 1
hb183 351 252 1
hb184 374 79 1
hb185 219 167 0
hb186 282 71 0
hb187 57 406 0
hb188 28 212 0
hb189 0 120 1
hb190 412 295 1
hb191 240 0 0
hb192 295 333 0
hb193 297 0 1
hb194 243 120 0
hb195 278 369 0
hb196 232 167 1
hb197 168 0 1
hb198 102 0 0
hb199 0 0 0
