Wirelength 835126
NumHardBlocks 300
hb0 341 500 0
hb1 172 482 0
hb2 26 392 1
hb3 343 48 0
hb4 427 48 0
hb5 0 392 1
hb6 224 363 0
hb7 22 363 0
hb8 189 258 0
hb9 228 392 0
hb10 513 294 0
hb11 505 392 0
hb12 37 463 0
hb13 161 0 0
hb14 394 441 0
hb15 368 500 0
hb16 369 94 0
hb17 476 180 1
hb18 39 94 0
hb19 328 417 0
hb20 0 482 0
hb21 82 94 0
hb22 389 328 1
hb23 199 482 0
hb24 98 417 0
hb25 200 94 0
hb26 215 463 0
hb27 0 180 0
hb28 195 521 0
hb29 418 328 0
hb30 57 363 0
hb31 488 221 0
hb32 364 417 0
hb33 392 0 0
hb34 287 521 0
hb35 402 363 0
hb36 302 328 0
hb37 447 328 0
hb38 0 463 0
hb39 476 500 0
hb40 373 0 0
hb41 479 441 0
hb42 292 392 0
hb43 152 441 0
hb44 116 417 0
hb45 522 363 0
hb46 0 521 0
hb47 332 138 1
hb48 0 294 0
hb49 0 0 0
hb50 271 500 1
hb51 239 482 0
hb52 114 482 0
hb53 397 521 0
hb54 234 258 0
hb55 209 328 0
hb56 235 328 0
hb57 24 0 0
hb58 497 363 0
hb59 513 180 0
hb60 381 482 0
hb61 251 48 0
hb62 143 258 0
hb63 101 48 0
hb64 447 482 0
hb65 315 417 0
hb66 209 48 0
hb67 429 294 0
hb68 399 48 0
hb69 414 363 0
hb70 364 48 0
hb71 32 328 1
hb72 113 500 0
hb73 47 48 0
hb74 461 258 0
hb75 256 221 0
hb76 31 258 0
hb77 373 463 0
hb78 339 482 0
hb79 338 392 0
hb80 77 500 0
hb81 17 328 0
hb82 59 417 0
hb83 157 138 0
hb84 442 180 0
hb85 414 94 0
hb86 0 94 0
hb87 116 0 0
hb88 229 94 0
hb89 295 94 0
hb90 13 417 0
hb91 109 441 0
hb92 328 0 0
hb93 272 392 0
hb94 54 463 0
hb95 0 221 0
hb96 328 294 0
hb97 493 482 0
hb98 306 258 0
hb99 13 482 0
hb100 137 48 0
hb101 424 221 0
hb102 348 221 0
hb103 504 258 0
hb104 402 500 0
hb105 28 294 0
hb106 268 294 0
hb107 45 500 0
hb108 161 221 1
hb109 59 48 0
hb110 330 94 0
hb111 233 441 0
hb112 132 392 0
hb113 456 392 0
hb114 480 48 0
hb115 75 441 0
hb116 314 463 0
hb117 279 441 0
hb118 201 180 0
hb119 181 48 0
hb120 312 221 0
hb121 339 180 0
hb122 515 441 0
hb123 520 221 0
hb124 350 258 0
hb125 41 138 0
hb126 433 521 0
hb127 258 94 0
hb128 77 363 0
hb129 416 417 0
hb130 467 363 0
hb131 282 48 0
hb132 98 180 0
hb133 315 94 0
hb134 294 0 0
hb135 0 500 0
hb136 360 521 0
hb137 136 363 0
hb138 459 328 0
hb139 388 221 0
hb140 283 94 0
hb141 380 48 0
hb142 199 221 0
hb143 74 392 0
hb144 485 138 0
hb145 330 48 0
hb146 280 294 0
hb147 487 94 0
hb148 461 441 0
hb149 450 417 0
hb150 143 328 0
hb151 469 94 0
hb152 21 463 0
hb153 64 328 0
hb154 53 482 0
hb155 316 500 0
hb156 253 482 0
hb157 162 392 0
hb158 56 521 0
hb159 469 294 0
hb160 420 482 0
hb161 0 48 1
hb162 342 463 0
hb163 383 417 0
hb164 121 138 0
hb165 151 482 0
hb166 454 221 0
hb167 276 221 0
hb168 194 138 0
hb169 150 180 0
hb170 526 48 0
hb171 273 138 0
hb172 79 521 0
hb173 374 294 0
hb174 281 482 0
hb175 324 482 0
hb176 373 180 0
hb177 120 221 0
hb178 133 463 0
hb179 63 294 0
hb180 254 138 0
hb181 194 363 0
hb182 230 417 0
hb183 38 180 0
hb184 182 392 0
hb185 109 294 0
hb186 152 294 0
hb187 406 180 0
hb188 295 138 0
hb189 316 521 0
hb190 348 363 0
hb191 136 294 0
hb192 265 0 0
hb193 511 463 0
hb194 106 521 0
hb195 238 521 0
hb196 0 138 0
hb197 157 363 0
hb198 85 463 0
hb199 0 258 0
hb200 44 221 0
hb201 501 328 0
hb202 451 138 0
hb203 121 363 0
hb204 227 294 0
hb205 145 500 1
hb206 264 258 0
hb207 527 328 1
hb208 367 441 0
hb209 70 258 0
hb210 0 417 0
hb211 271 521 0
hb212 448 94 0
hb213 444 500 0
hb214 385 363 0
hb215 318 441 0
hb216 242 463 0
hb217 218 0 0
hb218 228 500 0
hb219 483 463 0
hb220 226 221 0
hb221 467 48 0
hb222 98 392 0
hb223 150 463 0
hb224 30 441 0
hb225 292 180 0
hb226 75 482 0
hb227 443 294 0
hb228 347 441 1
hb229 194 0 0
hb230 399 294 0
hb231 329 328 0
hb232 188 417 0
hb233 134 521 0
hb234 413 463 0
hb235 483 0 0
hb236 71 180 0
hb237 100 138 0
hb238 174 180 0
hb239 275 417 0
hb240 438 441 0
hb241 492 392 0
hb242 372 138 0
hb243 424 258 0
hb244 19 521 0
hb245 378 392 0
hb246 110 94 0
hb247 500 138 0
hb248 166 328 0
hb249 313 363 0
hb250 319 258 0
hb251 381 258 0
hb252 262 363 0
hb253 544 500 1
hb254 150 521 0
hb255 245 180 0
hb256 174 521 0
hb257 0 328 0
hb258 183 294 0
hb259 455 521 0
hb260 219 521 0
hb261 514 48 0
hb262 238 0 0
hb263 437 0 1
hb264 143 417 0
hb265 183 500 0
hb266 71 0 0
hb267 116 180 0
hb268 52 392 0
hb269 446 463 0
hb270 160 500 0
hb271 414 392 0
hb272 210 258 0
hb273 281 328 0
hb274 246 441 0
hb275 0 363 0
hb276 285 500 0
hb277 505 0 0
hb278 87 138 0
hb279 161 94 0
hb280 497 417 0
hb281 284 463 0
hb282 345 328 0
hb283 480 482 0
hb284 0 441 0
hb285 456 294 0
hb286 218 138 0
hb287 191 441 0
hb288 115 258 0
hb289 87 221 0
hb290 281 363 0
hb291 133 94 0
hb292 394 138 0
hb293 172 463 0
hb294 450 363 0
hb295 488 500 0
hb296 297 363 0
hb297 105 328 0
hb298 418 138 0
hb299 531 500 0
