Area 3390255
NumHardBlocks 65
m1 0 3212 0
m2 0 3543 0
m3 0 3765 0
m4 0 3851 0
m5 0 513 0
m6 0 171 0
m7 74 171 0
m8 74 513 0
m9 0 342 0
m10 0 0 0
m11 74 0 0
m12 74 342 0
m13 0 3937 0
m14 0 4268 0
m15 0 4500 0
m16 0 4732 0
m17 0 4842 0
m18 0 4928 0
m19 0 5014 0
m20 0 5100 0
m21 0 5161 0
m22 0 5247 0
m23 11 2279 0
m24 110 2623 0
m25 122 2623 0
m26 122 2279 0
m27 11 2193 0
m28 122 2193 0
m29 98 2537 0
m30 98 2451 0
m31 98 2365 0
m32 122 2365 0
m33 122 2451 0
m34 122 2537 0
m35 0 5333 0
m36 0 5419 0
m37 0 5737 0
m38 0 5823 0
m39 0 5884 0
m40 0 6052 0
m41 0 6138 0
m42 0 6199 0
m43 0 6260 0
m44 0 6346 0
m45 159 856 0
m46 270 942 0
m47 258 1028 0
m48 159 942 0
m49 270 856 0
m50 0 6432 0
m51 0 6518 0
m52 0 6604 0
m53 0 6690 0
m54 0 6776 0
m55 0 6862 0
m56 0 6948 0
m57 0 7034 0
m58 0 7120 0
m59 0 7206 0
m60 0 7292 0
m61 0 7378 0
m62 0 7709 0
m63 0 8040 0
m64 135 1114 0
m65 61 2954 0
