Area 647730
NumHardBlocks 65
m1 246 856 0
m2 148 0 0
m3 0 1124 1
m4 148 417 1
m5 0 513 0
m6 0 342 0
m7 74 342 0
m8 74 513 0
m9 0 171 0
m10 0 0 0
m11 74 0 0
m12 74 171 0
m13 258 856 0
m14 0 2387 1
m15 258 1455 0
m16 148 222 1
m17 0 1235 1
m18 148 282 1
m19 222 1273 0
m20 86 1455 1
m21 222 1359 0
m22 222 1187 0
m23 0 880 0
m24 99 1124 0
m25 111 1124 0
m26 111 880 0
m27 0 1014 0
m28 111 1014 0
m29 25 990 1
m30 25 1100 1
m31 25 966 1
m32 111 966 1
m33 111 1100 1
m34 111 990 1
m35 246 1359 0
m36 0 1751 0
m37 222 745 0
m38 234 515 0
m39 86 1503 1
m40 148 552 1
m41 234 454 0
m42 222 684 0
m43 148 306 1
m44 0 1296 1
m45 0 684 0
m46 111 770 0
m47 68 856 1
m48 0 770 0
m49 111 684 0
m50 246 0 0
m51 147 1455 1
m52 0 1407 1
m53 148 528 1
m54 234 368 0
m55 246 1187 0
m56 147 1479 1
m57 246 1273 0
m58 148 576 0
m59 0 1518 1
m60 234 282 0
m61 234 856 0
m62 222 856 0
m63 258 86 0
m64 0 2069 0
m65 0 1629 1
