Area 1533060
NumHardBlocks 110
m1 0 126 0
m2 0 378 0
m3 93 378 0
m4 93 126 0
m5 0 0 0
m6 0 63 0
m7 93 63 0
m8 93 0 0
m9 0 441 0
m10 0 315 0
m11 93 315 0
m12 93 441 0
m13 0 252 0
m14 0 189 0
m15 93 189 0
m16 93 252 0
m17 0 706 0
m18 0 605 0
m19 60 605 0
m20 60 706 0
m21 0 504 0
m22 60 504 0
m23 0 1540 0
m24 0 1626 0
m25 0 1862 0
m26 93 2304 0
m27 0 1712 0
m28 0 1948 0
m29 0 2034 0
m30 0 2120 0
m31 0 2367 0
m32 0 2430 0
m33 0 2493 0
m34 0 2556 0
m35 0 2304 0
m36 0 2619 0
m37 0 2682 0
m38 0 2715 0
m39 0 2748 0
m40 0 2781 0
m41 0 807 0
m42 34 807 0
m43 0 878 0
m44 34 878 0
m45 0 949 0
m46 34 949 0
m47 0 2814 0
m48 0 2880 0
m49 0 2946 0
m50 0 1083 0
m51 0 1209 0
m52 93 1209 0
m53 93 1083 0
m54 0 1335 0
m55 0 1020 0
m56 93 1020 0
m57 93 1335 0
m58 0 1146 0
m59 0 1272 0
m60 93 1272 0
m61 93 1146 0
m62 0 2984 0
m63 0 3050 0
m64 0 3116 0
m65 0 3182 0
m66 0 3245 0
m67 0 3278 0
m68 0 3311 0
m69 0 3505 0
m70 0 1398 0
m71 34 1398 0
m72 0 1469 0
m73 34 1469 0
m74 0 3601 0
m75 0 3664 0
m76 0 3727 0
m77 0 3798 0
m78 0 3932 0
m79 0 4066 0
m80 0 4129 0
m81 0 4200 0
m82 0 4271 0
m83 0 4342 0
m84 0 4413 0
m85 0 4484 0
m86 0 4555 0
m87 0 4588 0
m88 0 4621 0
m89 0 4684 0
m90 0 4747 0
m91 0 4810 0
m92 0 4876 0
m93 0 4962 0
m94 0 5048 0
m95 0 5134 0
m96 0 5220 0
m97 0 5306 0
m98 0 5392 0
m99 0 5488 0
m100 0 5554 0
m101 0 5625 0
m102 0 5700 0
m103 0 5842 0
m104 0 6012 0
m105 0 6154 0
m106 0 6296 0
m107 0 6438 0
m108 0 6580 0
m109 0 6722 0
m110 0 6864 0
