Area 1604610
NumHardBlocks 65
m1 0 172 0
m2 0 503 0
m3 0 761 0
m4 0 847 0
m5 0 513 0
m6 0 171 0
m7 74 171 0
m8 74 513 0
m9 0 342 0
m10 0 0 0
m11 74 0 0
m12 74 342 0
m13 0 933 0
m14 0 1264 0
m15 0 1496 0
m16 0 1728 0
m17 0 1838 0
m18 0 1924 0
m19 0 2010 0
m20 0 2096 0
m21 0 2157 0
m22 0 2243 0
m23 0 86 0
m24 99 430 0
m25 111 430 0
m26 111 86 0
m27 0 0 0
m28 111 0 0
m29 87 344 0
m30 87 258 0
m31 87 172 0
m32 111 172 0
m33 111 258 0
m34 111 344 0
m35 0 2329 0
m36 0 2415 0
m37 0 2733 0
m38 0 2819 0
m39 0 2880 0
m40 0 3048 0
m41 0 3134 0
m42 0 3195 0
m43 0 3256 0
m44 0 3342 0
m45 0 0 0
m46 111 86 0
m47 99 172 0
m48 0 86 0
m49 111 0 0
m50 0 3428 0
m51 0 3514 0
m52 0 3600 0
m53 0 3686 0
m54 0 3772 0
m55 0 3858 0
m56 0 3944 0
m57 0 4030 0
m58 0 4116 0
m59 0 4202 0
m60 0 4288 0
m61 0 4374 0
m62 0 4705 0
m63 0 5036 0
m64 0 5367 0
m65 0 5685 0
