Area 944694
NumHardBlocks 110
m1 0 126 0
m2 0 252 0
m3 93 252 0
m4 93 126 0
m5 0 441 0
m6 0 63 0
m7 93 63 0
m8 93 441 0
m9 0 189 0
m10 0 0 0
m11 93 0 0
m12 93 189 0
m13 0 378 0
m14 0 315 0
m15 93 315 0
m16 93 378 0
m17 0 706 0
m18 0 605 0
m19 60 605 0
m20 60 706 0
m21 0 504 0
m22 60 504 0
m23 0 2034 1
m24 0 2367 1
m25 0 4766 1
m26 0 4784 0
m27 0 3946 0
m28 0 4740 1
m29 0 2156 1
m30 0 3661 1
m31 0 2385 0
m32 0 1560 0
m33 0 2052 0
m34 0 2466 0
m35 0 4580 0
m36 0 2208 0
m37 0 3865 0
m38 0 1764 0
m39 0 4383 0
m40 0 1287 1
m41 0 807 1
m42 71 807 1
m43 0 841 1
m44 71 841 1
m45 0 875 1
m46 71 875 1
m47 0 2952 1
m48 0 3898 1
m49 0 3000 1
m50 0 1035 0
m51 0 1224 0
m52 93 1224 0
m53 93 1035 0
m54 0 1098 0
m55 0 1161 0
m56 93 1161 0
m57 93 1098 0
m58 0 972 0
m59 0 909 0
m60 93 909 0
m61 93 972 0
m62 0 2886 1
m63 0 1797 1
m64 0 1923 1
m65 0 4096 0
m66 0 1335 1
m67 0 5046 0
m68 0 2658 0
m69 0 4651 1
m70 37 1321 0
m71 71 1321 0
m72 0 1287 1
m73 71 1287 1
m74 0 4320 0
m75 0 1971 0
m76 0 2174 1
m77 0 4193 1
m78 0 1623 1
m79 0 1392 0
m80 0 4159 1
m81 0 4978 1
m82 0 1526 1
m83 0 5012 1
m84 0 4512 1
m85 0 4546 1
m86 0 4479 0
m87 0 2123 0
m88 0 2595 0
m89 0 4416 0
m90 0 1463 0
m91 0 1716 1
m92 0 2448 1
m93 0 1905 1
m94 0 1861 1
m95 0 1887 1
m96 0 2868 1
m97 0 2934 1
m98 0 2271 0
m99 0 2529 0
m100 0 4286 1
m101 0 4758 1
m102 0 1879 1
m103 0 2115 1
m104 0 1845 1
m105 0 4643 1
m106 0 2852 1
m107 0 1455 1
m108 0 2860 1
m109 0 1853 1
m110 0 3010 0
