#-check_same_via_cell true               # bool, default=false, user setting
 *** Starting Verify DRC (MEM: 3500.1) ***

  VERIFY DRC ...... Starting Verification
  VERIFY DRC ...... Initializing
  VERIFY DRC ...... Deleting Existing Violations
  VERIFY DRC ...... Creating Sub-Areas
  VERIFY DRC ...... Using new threading
 VERIFY DRC ...... Sub-Area: {373.248 0.000 435.456 61.056} 7 of 64  Thread : 2
 VERIFY DRC ...... Sub-Area: {435.456 0.000 489.744 61.056} 8 of 64  Thread : 2
 VERIFY DRC ...... Sub-Area: {373.248 122.112 435.456 183.168} 23 of 64  Thread : 7
 VERIFY DRC ...... Sub-Area: {373.248 61.056 435.456 122.112} 15 of 64  Thread : 7
 VERIFY DRC ...... Sub-Area: {248.832 0.000 311.040 61.056} 5 of 64  Thread : 4
 VERIFY DRC ...... Sub-Area: {0.000 0.000 62.208 61.056} 1 of 64  Thread : 3
 VERIFY DRC ...... Sub-Area: {435.456 61.056 489.744 122.112} 16 of 64  Thread : 7
 VERIFY DRC ...... Sub-Area: {124.416 0.000 186.624 61.056} 3 of 64  Thread : 0
 VERIFY DRC ...... Sub-Area: {311.040 0.000 373.248 61.056} 6 of 64  Thread : 4
 VERIFY DRC ...... Sub-Area: {373.248 183.168 435.456 244.224} 31 of 64  Thread : 3
 VERIFY DRC ...... Sub-Area: {248.832 122.112 311.040 183.168} 21 of 64  Thread : 6
 VERIFY DRC ...... Sub-Area: {435.456 122.112 489.744 183.168} 24 of 64  Thread : 3
 VERIFY DRC ...... Sub-Area: {0.000 122.112 62.208 183.168} 17 of 64  Thread : 5
 VERIFY DRC ...... Sub-Area: {124.416 122.112 186.624 183.168} 19 of 64  Thread : 1
 VERIFY DRC ...... Sub-Area: {435.456 183.168 489.744 244.224} 32 of 64  Thread : 5
 VERIFY DRC ...... Sub-Area: {62.208 0.000 124.416 61.056} 2 of 64  Thread : 0
 VERIFY DRC ...... Sub-Area: {0.000 244.224 62.208 305.280} 33 of 64  Thread : 2
 VERIFY DRC ...... Sub-Area: {373.248 244.224 435.456 305.280} 39 of 64  Thread : 5
 VERIFY DRC ...... Sub-Area: {186.624 0.000 248.832 61.056} 4 of 64  Thread : 4
 VERIFY DRC ...... Sub-Area: {311.040 61.056 373.248 122.112} 14 of 64  Thread : 6
 VERIFY DRC ...... Sub-Area: {435.456 244.224 489.744 305.280} 40 of 64  Thread : 5
 VERIFY DRC ...... Sub-Area: {373.248 305.280 435.456 366.336} 47 of 64  Thread : 5
 VERIFY DRC ...... Sub-Area: {124.416 244.224 186.624 305.280} 35 of 64  Thread : 7
 VERIFY DRC ...... Sub-Area: {435.456 305.280 489.744 366.336} 48 of 64  Thread : 5
 VERIFY DRC ...... Sub-Area: {248.832 183.168 311.040 244.224} 29 of 64  Thread : 3
 VERIFY DRC ...... Sub-Area: {373.248 366.336 435.456 427.392} 55 of 64  Thread : 5
 VERIFY DRC ...... Sub-Area: {248.832 305.280 311.040 366.336} 45 of 64  Thread : 0
 VERIFY DRC ...... Sub-Area: {62.208 122.112 124.416 183.168} 18 of 64  Thread : 1
 VERIFY DRC ...... Sub-Area: {186.624 61.056 248.832 122.112} 12 of 64  Thread : 4
 VERIFY DRC ...... Sub-Area: {0.000 427.392 62.208 487.872} 57 of 64  Thread : 7
 VERIFY DRC ...... Sub-Area: {124.416 366.336 186.624 427.392} 51 of 64  Thread : 6
 VERIFY DRC ...... Sub-Area: {311.040 122.112 373.248 183.168} 22 of 64  Thread : 3
 VERIFY DRC ...... Sub-Area: {0.000 305.280 62.208 366.336} 41 of 64  Thread : 2
 VERIFY DRC ...... Sub-Area: {311.040 244.224 373.248 305.280} 38 of 64  Thread : 0
 VERIFY DRC ...... Sub-Area: {124.416 61.056 186.624 122.112} 11 of 64  Thread : 4
 VERIFY DRC ...... Sub-Area: {0.000 61.056 62.208 122.112} 9 of 64  Thread : 1
 VERIFY DRC ...... Sub-Area: {311.040 183.168 373.248 244.224} 30 of 64  Thread : 0
 VERIFY DRC ...... Sub-Area: {248.832 61.056 311.040 122.112} 13 of 64  Thread : 3
 VERIFY DRC ...... Sub-Area: {186.624 183.168 248.832 244.224} 28 of 64  Thread : 5
 VERIFY DRC ...... Sub-Area: {435.456 366.336 489.744 427.392} 56 of 64  Thread : 0
 VERIFY DRC ...... Sub-Area: {0.000 366.336 62.208 427.392} 49 of 64  Thread : 2
 VERIFY DRC ...... Sub-Area: {124.416 305.280 186.624 366.336} 43 of 64  Thread : 6
 VERIFY DRC ...... Sub-Area: {0.000 183.168 62.208 244.224} 25 of 64  Thread : 7
 VERIFY DRC ...... Sub-Area: {373.248 427.392 435.456 487.872} 63 of 64  Thread : 2
 VERIFY DRC ...... Sub-Area: {248.832 427.392 311.040 487.872} 61 of 64  Thread : 0
 VERIFY DRC ...... Sub-Area: {311.040 305.280 373.248 366.336} 46 of 64  Thread : 4
 VERIFY DRC ...... Sub-Area: {124.416 427.392 186.624 487.872} 59 of 64  Thread : 3
 VERIFY DRC ...... Sub-Area: {435.456 427.392 489.744 487.872} 64 of 64  Thread : 4
 VERIFY DRC ...... Sub-Area: {311.040 427.392 373.248 487.872} 62 of 64  Thread : 0
 VERIFY DRC ...... Sub-Area: {62.208 61.056 124.416 122.112} 10 of 64  Thread : 1
 VERIFY DRC ...... Sub-Area: {62.208 427.392 124.416 487.872} 58 of 64  Thread : 4
 VERIFY DRC ...... Sub-Area: {186.624 122.112 248.832 183.168} 20 of 64  Thread : 5
 VERIFY DRC ...... Sub-Area: {311.040 366.336 373.248 427.392} 54 of 64  Thread : 0
 VERIFY DRC ...... Sub-Area: {186.624 244.224 248.832 305.280} 36 of 64  Thread : 6
 VERIFY DRC ...... Sub-Area: {186.624 366.336 248.832 427.392} 52 of 64  Thread : 3
 VERIFY DRC ...... Sub-Area: {62.208 305.280 124.416 366.336} 42 of 64  Thread : 2
 VERIFY DRC ...... Sub-Area: {62.208 183.168 124.416 244.224} 26 of 64  Thread : 7
 VERIFY DRC ...... Sub-Area: {248.832 366.336 311.040 427.392} 53 of 64  Thread : 3
 VERIFY DRC ...... Sub-Area: {248.832 244.224 311.040 305.280} 37 of 64  Thread : 6
 VERIFY DRC ...... Sub-Area: {62.208 366.336 124.416 427.392} 50 of 64  Thread : 2
 VERIFY DRC ...... Sub-Area: {124.416 183.168 186.624 244.224} 27 of 64  Thread : 7
 VERIFY DRC ...... Thread : 0 finished.
 VERIFY DRC ...... Sub-Area: {186.624 427.392 248.832 487.872} 60 of 64  Thread : 3
 VERIFY DRC ...... Thread : 3 finished.
 VERIFY DRC ...... Sub-Area: {186.624 305.280 248.832 366.336} 44 of 64  Thread : 6
 VERIFY DRC ...... Thread : 6 finished.
 VERIFY DRC ...... Sub-Area: {62.208 244.224 124.416 305.280} 34 of 64  Thread : 7
 VERIFY DRC ...... Thread : 7 finished.

  Verification Complete : 7 Viols.

 Violation Summary By Layer and Type:

	         MetSpc   EOLSpc   NUTWre    Short   Totals
	M1            0        0        2        0        2
	M2            2        2        0        1        5
	Totals        2        2        2        1        7

 *** End Verify DRC (CPU: 0:02:00  ELAPSED TIME: 19.00  MEM: 1255.8M) ***

