#-check_same_via_cell true               # bool, default=false, user setting
 *** Starting Verify DRC (MEM: 3397.4) ***

  VERIFY DRC ...... Starting Verification
  VERIFY DRC ...... Initializing
  VERIFY DRC ...... Deleting Existing Violations
  VERIFY DRC ...... Creating Sub-Areas
  VERIFY DRC ...... Using new threading
 VERIFY DRC ...... Sub-Area: {0.000 0.000 56.448 56.448} 1 of 16  Thread : 3
 VERIFY DRC ...... Sub-Area: {112.896 112.896 169.344 169.344} 11 of 16  Thread : 4
 VERIFY DRC ...... Sub-Area: {112.896 0.000 169.344 56.448} 3 of 16  Thread : 0
 VERIFY DRC ...... Sub-Area: {0.000 112.896 56.448 169.344} 9 of 16  Thread : 7
 VERIFY DRC ...... Sub-Area: {169.344 0.000 225.792 56.448} 4 of 16  Thread : 2
 VERIFY DRC ...... Sub-Area: {56.448 112.896 112.896 169.344} 10 of 16  Thread : 7
 VERIFY DRC ...... Sub-Area: {56.448 0.000 112.896 56.448} 2 of 16  Thread : 0
 VERIFY DRC ...... Sub-Area: {169.344 112.896 225.792 169.344} 12 of 16  Thread : 4
 VERIFY DRC ...... Sub-Area: {56.448 169.344 112.896 225.504} 14 of 16  Thread : 7
 VERIFY DRC ...... Sub-Area: {0.000 56.448 56.448 112.896} 5 of 16  Thread : 0
 VERIFY DRC ...... Sub-Area: {112.896 56.448 169.344 112.896} 7 of 16  Thread : 4
 VERIFY DRC ...... Sub-Area: {169.344 169.344 225.792 225.504} 16 of 16  Thread : 2
 VERIFY DRC ...... Thread : 3 finished.
 VERIFY DRC ...... Sub-Area: {0.000 169.344 56.448 225.504} 13 of 16  Thread : 7
 VERIFY DRC ...... Thread : 7 finished.
 VERIFY DRC ...... Sub-Area: {169.344 56.448 225.792 112.896} 8 of 16  Thread : 0
 VERIFY DRC ...... Thread : 0 finished.
 VERIFY DRC ...... Sub-Area: {56.448 56.448 112.896 112.896} 6 of 16  Thread : 4
 VERIFY DRC ...... Thread : 4 finished.
 VERIFY DRC ...... Sub-Area: {112.896 169.344 169.344 225.504} 15 of 16  Thread : 2
 VERIFY DRC ...... Thread : 2 finished.

  Verification Complete : 0 Viols.

 *** End Verify DRC (CPU: 0:00:39.5  ELAPSED TIME: 10.00  MEM: 914.2M) ***

