###############################################################
#  Generated by:      Cadence Innovus 21.13-s100_1
#  OS:                Linux x86_64(Host ID ic22)
#  Generated on:      Fri Mar  7 02:16:32 2025
#  Design:            sha256
#  Command:           report_timing > ../timing_0.7_400.rpt
###############################################################
Path 1: VIOLATED Late External Delay Assertion 
Endpoint:   read_data[31] (v) checked with  leading edge of 'clk'
Beginpoint: address[5]    (^) triggered by  leading edge of 'clk'
Path Groups: {clk}
Analysis View: view_tc
Other End Arrival Time          0.000
- External Delay              300.000
+ Phase Shift                 400.000
= Required Time               100.000
- Arrival Time                168.600
= Slack Time                  -68.600
     Clock Rise Edge                      0.000
     + Input Delay                        1.000
     = Beginpoint Arrival Time            1.000
     +--------------------------------------------------------------------------------------------+ 
     |     Instance      |       Arc       |          Cell          |  Delay | Arrival | Required | 
     |                   |                 |                        |        |  Time   |   Time   | 
     |-------------------+-----------------+------------------------+--------+---------+----------| 
     |                   | address[5] ^    |                        |        |   1.000 |  -67.600 | 
     | FE_RC_449_0       | A ^ -> Y v      | NOR2x1p5_ASAP7_75t_SL  |  7.500 |   8.500 |  -60.100 | 
     | FE_RC_448_0       | A v -> Y ^      | NAND4xp75_ASAP7_75t_SL | 11.300 |  19.800 |  -48.800 | 
     | FE_RC_228_0       | B ^ -> Y ^      | OR2x6_ASAP7_75t_SL     | 25.700 |  45.500 |  -23.100 | 
     | FE_RC_299_0       | A ^ -> Y v      | NOR2x2_ASAP7_75t_SL    | 17.200 |  62.700 |   -5.900 | 
     | g18392__5266_dup1 | B v -> Y v      | AND2x6_ASAP7_75t_SL    | 22.400 |  85.100 |   16.500 | 
     | g18277__7114      | A1 v -> Y v     | AO22x2_ASAP7_75t_SL    | 28.800 | 113.900 |   45.300 | 
     | FE_RC_125_0       | C v -> Y ^      | AOI221x1_ASAP7_75t_SL  | 12.000 | 125.900 |   57.300 | 
     | FE_RC_662_0       | B ^ -> Y ^      | AND2x4_ASAP7_75t_SL    | 16.400 | 142.300 |   73.700 | 
     | FE_RC_2054_0      | B ^ -> Y v      | NAND4xp75_ASAP7_75t_SL | 22.800 | 165.100 |   96.500 | 
     |                   | read_data[31] v |                        |  3.500 | 168.600 |  100.000 | 
     +--------------------------------------------------------------------------------------------+ 

