###############################################################
#  Generated by:      Cadence Innovus 21.13-s100_1
#  OS:                Linux x86_64(Host ID ic21)
#  Generated on:      Mon Mar 10 21:32:15 2025
#  Design:            sha256
#  Command:           report_timing > ../timing_0.6_470.rpt
###############################################################
Path 1: VIOLATED Late External Delay Assertion 
Endpoint:   read_data[23] (v) checked with  leading edge of 'clk'
Beginpoint: address[2]    (v) triggered by  leading edge of 'clk'
Path Groups: {clk}
Analysis View: view_tc
Other End Arrival Time          0.000
- External Delay              300.000
+ Phase Shift                 470.000
= Required Time               170.000
- Arrival Time                176.900
= Slack Time                   -6.900
     Clock Rise Edge                      0.000
     + Input Delay                        1.000
     = Beginpoint Arrival Time            1.000
     +--------------------------------------------------------------------------------------------------+ 
     |        Instance         |       Arc       |          Cell          |  Delay | Arrival | Required | 
     |                         |                 |                        |        |  Time   |   Time   | 
     |-------------------------+-----------------+------------------------+--------+---------+----------| 
     |                         | address[2] v    |                        |        |   1.000 |   -5.900 | 
     | g18452                  | A v -> Y ^      | INVx2_ASAP7_75t_SL     | 12.200 |  13.200 |    6.300 | 
     | g18439__9906_dup        | B ^ -> Y v      | NOR2x1_ASAP7_75t_SL    |  9.700 |  22.900 |   16.000 | 
     | g18425__2250_dup        | B v -> Y v      | AND3x2_ASAP7_75t_SL    | 18.800 |  41.700 |   34.800 | 
     | g18414__2391            | B v -> Y v      | AND2x4_ASAP7_75t_SL    | 18.400 |  60.100 |   53.200 | 
     | FE_OCPC451_n_846_dup    | A v -> Y v      | BUFx6f_ASAP7_75t_SL    | 27.500 |  87.600 |   80.700 | 
     | FE_RC_1873_0            | B2 v -> Y ^     | AOI22x1_ASAP7_75t_SL   | 12.900 | 100.500 |   93.600 | 
     | FE_OCPC1092_FE_RN_127_0 | A ^ -> Y ^      | BUFx3_ASAP7_75t_SL     | 16.800 | 117.300 |  110.400 | 
     | FE_RC_606_0             | A ^ -> Y ^      | AND4x1_ASAP7_75t_SL    | 30.200 | 147.500 |  140.600 | 
     | FE_RC_1532_0            | A ^ -> Y v      | NAND4xp75_ASAP7_75t_SL | 23.100 | 170.600 |  163.700 | 
     |                         | read_data[23] v |                        |  6.300 | 176.900 |  170.000 | 
     +--------------------------------------------------------------------------------------------------+ 

