###############################################################
#  Generated by:      Cadence Innovus 21.13-s100_1
#  OS:                Linux x86_64(Host ID ic21)
#  Generated on:      Tue Mar 11 14:13:24 2025
#  Design:            sha256
#  Command:           report_timing > ../timing_0.6_496.rpt
###############################################################
Path 1: VIOLATED Setup Check with Pin core_e_reg_reg[30]/CLK 
Endpoint:   core_e_reg_reg[30]/D     (^) checked with  leading edge of 'clk'
Beginpoint: core_t_ctr_reg_reg[1]/QN (^) triggered by  leading edge of 'clk'
Path Groups: {clk}
Analysis View: view_tc
Other End Arrival Time          0.000
- Setup                        14.392
+ Phase Shift                 496.000
= Required Time               481.608
- Arrival Time                492.200
= Slack Time                  -10.592
     Clock Rise Edge                 0.000
     + Clock Network Latency (Ideal) 0.000
     = Beginpoint Arrival Time       0.000
     +--------------------------------------------------------------------------------------------------------------------+ 
     |                 Instance                  |      Arc      |           Cell           |  Delay | Arrival | Required | 
     |                                           |               |                          |        |  Time   |   Time   | 
     |-------------------------------------------+---------------+--------------------------+--------+---------+----------| 
     | core_t_ctr_reg_reg[1]                     | CLK ^         |                          |        |   0.000 |  -10.592 | 
     | core_t_ctr_reg_reg[1]                     | CLK ^ -> QN ^ | DFFASRHQNx1_ASAP7_75t_SL | 38.400 |  38.400 |   27.808 | 
     | FE_OFC224_core_w_mem_inst_w_ctr_reg_1     | A ^ -> Y ^    | BUFx6f_ASAP7_75t_SL      | 17.700 |  56.100 |   45.508 | 
     | FE_OFC223_core_w_mem_inst_w_ctr_reg_1     | A ^ -> Y v    | INVx6_ASAP7_75t_SL       |  8.900 |  65.000 |   54.408 | 
     | core_g49833                               | B v -> Y v    | AND2x4_ASAP7_75t_SL      | 16.800 |  81.800 |   71.208 | 
     | core_g67389                               | B v -> Y v    | AND2x4_ASAP7_75t_SL      | 15.100 |  96.900 |   86.308 | 
     | core_g67387                               | B v -> Y v    | AND2x2_ASAP7_75t_SL      | 26.600 | 123.500 |  112.908 | 
     | FE_RC_806_0                               | B2 v -> Y ^   | AOI22xp5_ASAP7_75t_SL    | 74.700 | 198.200 |  187.608 | 
     | FE_RC_36_0                                | A ^ -> Y v    | INVxp67_ASAP7_75t_SL     |  7.000 | 205.200 |  194.608 | 
     | FE_RC_34_0                                | A v -> Y ^    | NOR2xp33_ASAP7_75t_SL    |  9.900 | 215.100 |  204.508 | 
     | FE_RC_33_0                                | C ^ -> Y v    | NAND3xp33_ASAP7_75t_SL   | 11.000 | 226.100 |  215.508 | 
     | core_g48863                               | B v -> Y v    | AO21x2_ASAP7_75t_SL      | 22.500 | 248.600 |  238.008 | 
     | FE_RC_302_0                               | B v -> Y v    | XNOR2x1_ASAP7_75t_SL     | 22.200 | 270.800 |  260.208 | 
     | core_csa_tree_add_337_39_g6470            | A v -> Y ^    | XOR2x2_ASAP7_75t_SL      | 30.200 | 301.000 |  290.408 | 
     | core_csa_tree_add_426_26_groupi_g2735     | A ^ -> Y v    | XOR2x2_ASAP7_75t_SL      | 19.500 | 320.500 |  309.908 | 
     | core_csa_tree_add_426_26_groupi_g2854     | B v -> Y v    | OR2x2_ASAP7_75t_SL       | 16.700 | 337.200 |  326.608 | 
     | FE_RC_41_0                                | A2 v -> Y ^   | AOI21xp5_ASAP7_75t_SL    |  9.500 | 346.700 |  336.108 | 
     | FE_RC_24_0                                | B ^ -> Y v    | OAI21xp5_ASAP7_75t_SL    | 10.300 | 357.000 |  346.408 | 
     | g68577_dup                                | A2 v -> Y v   | AO21x1_ASAP7_75t_SL      | 18.100 | 375.100 |  364.508 | 
     | g68576_dup                                | A1 v -> Y ^   | AOI21x1_ASAP7_75t_SL     | 10.100 | 385.200 |  374.608 | 
     | g81                                       | A1 ^ -> Y v   | OAI21x1_ASAP7_75t_SL     | 12.400 | 397.600 |  387.008 | 
     | FE_RC_835_0                               | A2 v -> Y ^   | AOI21x1_ASAP7_75t_SL     | 14.500 | 412.100 |  401.508 | 
     | g68690                                    | A2 ^ -> Y ^   | AO211x2_ASAP7_75t_SL     | 26.800 | 438.900 |  428.308 | 
     | core_csa_tree_add_426_26_groupi_g2470_dup | B ^ -> Y ^    | AND2x4_ASAP7_75t_SL      | 20.200 | 459.100 |  448.508 | 
     | g68319                                    | A2 ^ -> Y v   | OAI21x1_ASAP7_75t_SL     |  8.600 | 467.700 |  457.108 | 
     | g68318                                    | A v -> Y v    | XNOR2x1_ASAP7_75t_SL     | 14.800 | 482.500 |  471.908 | 
     | core_g64067                               | A1 v -> Y ^   | AOI21xp5_ASAP7_75t_SL    |  9.600 | 492.100 |  481.508 | 
     | core_e_reg_reg[30]                        | D ^           | DFFASRHQNx1_ASAP7_75t_SL |  0.100 | 492.200 |  481.608 | 
     +--------------------------------------------------------------------------------------------------------------------+ 

