###############################################################
#  Generated by:      Cadence Innovus 21.13-s100_1
#  OS:                Linux x86_64(Host ID ic21)
#  Generated on:      Sun Mar  9 19:01:47 2025
#  Design:            sha256
#  Command:           report_timing > ../timing_0.7_500.rpt
###############################################################
Path 1: VIOLATED Late External Delay Assertion 
Endpoint:   read_data[12] (v) checked with  leading edge of 'clk'
Beginpoint: cs            (v) triggered by  leading edge of 'clk'
Path Groups: {clk}
Analysis View: view_tc
Other End Arrival Time          0.000
- External Delay              300.000
+ Phase Shift                 500.000
= Required Time               200.000
- Arrival Time                205.800
= Slack Time                   -5.800
     Clock Rise Edge                      0.000
     + Input Delay                        1.000
     = Beginpoint Arrival Time            1.000
     +---------------------------------------------------------------------------------------------+ 
     |      Instance      |       Arc       |          Cell          |  Delay | Arrival | Required | 
     |                    |                 |                        |        |  Time   |   Time   | 
     |--------------------+-----------------+------------------------+--------+---------+----------| 
     |                    | cs v            |                        |        |   1.000 |   -4.800 | 
     | g7669              | A v -> Y ^      | INVx8_ASAP7_75t_SL     |  3.200 |   4.200 |   -1.600 | 
     | FE_RC_537_0        | A ^ -> Y ^      | OR5x1_ASAP7_75t_SL     | 21.200 |  25.400 |   19.600 | 
     | g18421__5703       | B ^ -> Y ^      | OR2x6_ASAP7_75t_SL     | 20.900 |  46.300 |   40.500 | 
     | FE_RC_293_0        | A ^ -> Y v      | NOR2x2_ASAP7_75t_SL    | 13.600 |  59.900 |   54.100 | 
     | FE_RC_284_0        | A v -> Y v      | AND2x6_ASAP7_75t_SL    | 25.600 |  85.500 |   79.700 | 
     | FE_OCPC48401_n_865 | A v -> Y v      | BUFx6f_ASAP7_75t_SL    | 42.700 | 128.200 |  122.400 | 
     | g17982__3772       | A1 v -> Y v     | AO221x1_ASAP7_75t_SL   | 32.000 | 160.200 |  154.400 | 
     | g17948__1840       | C v -> Y ^      | AOI221xp5_ASAP7_75t_SL | 22.200 | 182.400 |  176.600 | 
     | FE_RC_151_0        | A ^ -> Y v      | NAND4xp75_ASAP7_75t_SL | 19.800 | 202.200 |  196.400 | 
     |                    | read_data[12] v |                        |  3.600 | 205.800 |  200.000 | 
     +---------------------------------------------------------------------------------------------+ 

