###############################################################
#  Generated by:      Cadence Innovus 21.13-s100_1
#  OS:                Linux x86_64(Host ID ic21)
#  Generated on:      Mon Mar 10 16:56:27 2025
#  Design:            sha256
#  Command:           report_timing > ../timing_0.7_440.rpt
###############################################################
Path 1: VIOLATED Late External Delay Assertion 
Endpoint:   read_data[14] (^) checked with  leading edge of 'clk'
Beginpoint: we            (v) triggered by  leading edge of 'clk'
Path Groups: {clk}
Analysis View: view_tc
Other End Arrival Time          0.000
- External Delay              300.000
+ Phase Shift                 440.000
= Required Time               140.000
- Arrival Time                172.300
= Slack Time                  -32.300
     Clock Rise Edge                      0.000
     + Input Delay                        1.000
     = Beginpoint Arrival Time            1.000
     +-------------------------------------------------------------------------------------------+ 
     |     Instance     |       Arc       |          Cell          |  Delay | Arrival | Required | 
     |                  |                 |                        |        |  Time   |   Time   | 
     |------------------+-----------------+------------------------+--------+---------+----------| 
     |                  | we v            |                        |        |   1.000 |  -31.300 | 
     | FE_RC_838_0      | B v -> Y ^      | NOR2x1p5_ASAP7_75t_SL  |  9.200 |  10.200 |  -22.100 | 
     | FE_RC_1086_0     | A ^ -> Y v      | NAND4xp75_ASAP7_75t_SL | 13.600 |  23.800 |   -8.500 | 
     | FE_RC_444_0_dup  | B v -> Y v      | OR2x6_ASAP7_75t_SL     | 22.600 |  46.400 |   14.100 | 
     | g18410__2683_dup | B v -> Y ^      | NOR2x2_ASAP7_75t_SL    | 12.600 |  59.000 |   26.700 | 
     | g18395__2703_dup | B ^ -> Y ^      | AND2x6_ASAP7_75t_SL    | 25.400 |  84.400 |   52.100 | 
     | g18175__9906     | A2 ^ -> Y v     | AOI22xp5_ASAP7_75t_SL  | 36.800 | 121.200 |   88.900 | 
     | FE_RC_533_0      | A v -> Y v      | AND2x2_ASAP7_75t_SL    | 19.200 | 140.400 |  108.100 | 
     | FE_RC_532_0      | B v -> Y v      | AND3x1_ASAP7_75t_SL    | 13.700 | 154.100 |  121.800 | 
     | FE_RC_1933_0     | A v -> Y ^      | NAND4xp75_ASAP7_75t_SL | 13.300 | 167.400 |  135.100 | 
     |                  | read_data[14] ^ |                        |  4.900 | 172.300 |  140.000 | 
     +-------------------------------------------------------------------------------------------+ 

