###############################################################
#  Generated by:      Cadence Innovus 21.13-s100_1
#  OS:                Linux x86_64(Host ID ic21)
#  Generated on:      Mon Mar 10 14:25:42 2025
#  Design:            sha256
#  Command:           report_timing > ../timing_0.7_580.rpt
###############################################################
Path 1: VIOLATED Setup Check with Pin core_a_reg_reg[29]/CLK 
Endpoint:   core_a_reg_reg[29]/D     (^) checked with  leading edge of 'clk'
Beginpoint: core_t_ctr_reg_reg[0]/QN (^) triggered by  leading edge of 'clk'
Path Groups: {clk}
Analysis View: view_tc
Other End Arrival Time          0.000
- Setup                        17.013
+ Phase Shift                 580.000
= Required Time               562.987
- Arrival Time                572.100
= Slack Time                   -9.113
     Clock Rise Edge                 0.000
     + Clock Network Latency (Ideal) 0.000
     = Beginpoint Arrival Time       0.000
     +--------------------------------------------------------------------------------------------------------------------+ 
     |                 Instance                  |      Arc      |           Cell           |  Delay | Arrival | Required | 
     |                                           |               |                          |        |  Time   |   Time   | 
     |-------------------------------------------+---------------+--------------------------+--------+---------+----------| 
     | core_t_ctr_reg_reg[0]                     | CLK ^         |                          |        |   0.000 |   -9.113 | 
     | core_t_ctr_reg_reg[0]                     | CLK ^ -> QN ^ | DFFASRHQNx1_ASAP7_75t_SL | 39.800 |  39.800 |   30.687 | 
     | FE_OCPC183_core_n_1912                    | A ^ -> Y ^    | BUFx3_ASAP7_75t_SL       | 17.500 |  57.300 |   48.187 | 
     | FE_OFC109_core_n_1912                     | A ^ -> Y v    | INVx4_ASAP7_75t_SL       | 10.800 |  68.100 |   58.987 | 
     | core_g49836                               | B v -> Y v    | AND2x2_ASAP7_75t_SL      | 33.600 | 101.700 |   92.587 | 
     | core_g67418                               | A v -> Y v    | AND2x4_ASAP7_75t_SL      | 22.400 | 124.100 |  114.987 | 
     | core_g49588_dup68961                      | B v -> Y v    | AND2x4_ASAP7_75t_SL      | 25.300 | 149.400 |  140.287 | 
     | core_g67407                               | B2 v -> Y ^   | AOI22xp5_ASAP7_75t_SL    | 76.300 | 225.700 |  216.587 | 
     | core_g48947                               | B ^ -> Y ^    | AND4x1_ASAP7_75t_SL      | 22.800 | 248.500 |  239.387 | 
     | core_g48888                               | A ^ -> Y v    | NAND5xp2_ASAP7_75t_SL    | 21.200 | 269.700 |  260.587 | 
     | core_g48863                               | B v -> Y v    | AO21x1_ASAP7_75t_SL      | 28.900 | 298.600 |  289.487 | 
     | core_csa_tree_add_337_39_g6536            | A v -> Y v    | XNOR2xp5_ASAP7_75t_SL    | 25.800 | 324.400 |  315.287 | 
     | core_csa_tree_add_337_39_g6470            | A v -> Y ^    | XOR2x2_ASAP7_75t_SL      | 31.000 | 355.400 |  346.287 | 
     | g506                                      | A ^ -> Y ^    | XNOR2x1_ASAP7_75t_SL     | 20.100 | 375.500 |  366.387 | 
     | g505                                      | A ^ -> Y v    | INVx1_ASAP7_75t_SL       |  7.500 | 383.000 |  373.887 | 
     | g484                                      | A1 v -> Y v   | OA221x2_ASAP7_75t_SL     | 24.700 | 407.700 |  398.587 | 
     | core_csa_tree_add_422_23_groupi_g5748_dup | A2 v -> Y ^   | OAI21xp5_ASAP7_75t_SL    | 15.300 | 423.000 |  413.887 | 
     | core_csa_tree_add_422_23_groupi_g67448    | A1 ^ -> Y ^   | AO21x1_ASAP7_75t_SL      | 16.100 | 439.100 |  429.987 | 
     | FE_RC_0_0                                 | A2 ^ -> Y ^   | AO21x1_ASAP7_75t_SL      | 21.100 | 460.200 |  451.087 | 
     | g68244                                    | B ^ -> Y ^    | AND2x2_ASAP7_75t_SL      | 17.800 | 478.000 |  468.887 | 
     | g68242                                    | A2 ^ -> Y v   | AOI22x1_ASAP7_75t_SL     |  8.200 | 486.200 |  477.087 | 
     | g96                                       | B v -> Y v    | AND2x4_ASAP7_75t_SL      | 16.700 | 502.900 |  493.787 | 
     | core_csa_tree_add_422_23_groupi_g5726     | B v -> Y ^    | NOR2x2_ASAP7_75t_SL      | 15.000 | 517.900 |  508.787 | 
     | core_csa_tree_add_422_23_groupi_g67478    | B ^ -> Y v    | NAND2x1_ASAP7_75t_SL     | 10.900 | 528.800 |  519.687 | 
     | core_csa_tree_add_422_23_groupi_g5703     | A2 v -> Y v   | OA21x2_ASAP7_75t_SL      | 18.000 | 546.800 |  537.687 | 
     | core_csa_tree_add_422_23_groupi_g5688     | A v -> Y v    | XNOR2xp5_ASAP7_75t_SL    | 15.900 | 562.700 |  553.587 | 
     | FE_RC_6_0                                 | A1 v -> Y ^   | AOI21xp5_ASAP7_75t_SL    |  9.400 | 572.100 |  562.987 | 
     | core_a_reg_reg[29]                        | D ^           | DFFASRHQNx1_ASAP7_75t_SL |  0.000 | 572.100 |  562.987 | 
     +--------------------------------------------------------------------------------------------------------------------+ 

