###############################################################
#  Generated by:      Cadence Innovus 21.13-s100_1
#  OS:                Linux x86_64(Host ID ic21)
#  Generated on:      Mon Mar 10 01:24:50 2025
#  Design:            sha256
#  Command:           report_timing > ../timing_0.6_520.rpt
###############################################################
Path 1: VIOLATED Late External Delay Assertion 
Endpoint:   read_data[12] (v) checked with  leading edge of 'clk'
Beginpoint: cs            (v) triggered by  leading edge of 'clk'
Path Groups: {clk}
Analysis View: view_tc
Other End Arrival Time          0.000
- External Delay              300.000
+ Phase Shift                 520.000
= Required Time               220.000
- Arrival Time                224.800
= Slack Time                   -4.800
     Clock Rise Edge                      0.000
     + Input Delay                        1.000
     = Beginpoint Arrival Time            1.000
     +---------------------------------------------------------------------------------------+ 
     |   Instance   |       Arc       |          Cell          |  Delay | Arrival | Required | 
     |              |                 |                        |        |  Time   |   Time   | 
     |--------------+-----------------+------------------------+--------+---------+----------| 
     |              | cs v            |                        |        |   1.000 |   -3.800 | 
     | g7669_dup    | A v -> Y ^      | INVx3_ASAP7_75t_SL     |  5.000 |   6.000 |    1.200 | 
     | FE_RC_105_0  | A ^ -> Y ^      | OR3x2_ASAP7_75t_SL     | 16.300 |  22.300 |   17.500 | 
     | FE_RC_159_0  | A ^ -> Y v      | NOR3xp33_ASAP7_75t_SL  | 11.000 |  33.300 |   28.500 | 
     | g18425__2250 | A v -> Y v      | AND3x4_ASAP7_75t_SL    | 21.400 |  54.700 |   49.900 | 
     | g18415__7675 | B v -> Y v      | AND2x6_ASAP7_75t_SL    | 26.400 |  81.100 |   76.300 | 
     | g18338__5795 | A1 v -> Y ^     | AOI22xp5_ASAP7_75t_SL  | 51.900 | 133.000 |  128.200 | 
     | g17980__8780 | D ^ -> Y v      | NAND4xp25_ASAP7_75t_SL | 17.400 | 150.400 |  145.600 | 
     | g17953__4296 | C v -> Y ^      | AOI221xp5_ASAP7_75t_SL | 20.700 | 171.100 |  166.300 | 
     | g17920__1840 | A ^ -> Y v      | NAND5xp2_ASAP7_75t_SL  | 48.900 | 220.000 |  215.200 | 
     |              | read_data[12] v |                        |  4.800 | 224.800 |  220.000 | 
     +---------------------------------------------------------------------------------------+ 

