###############################################################
#  Generated by:      Cadence Innovus 21.13-s100_1
#  OS:                Linux x86_64(Host ID ic21)
#  Generated on:      Tue Mar  4 20:12:02 2025
#  Design:            sha256
#  Command:           report_timing > ../timing_0.4_1000.rpt
###############################################################
Path 1: MET Setup Check with Pin core_a_reg_reg[25]/CLK 
Endpoint:   core_a_reg_reg[25]/D     (^) checked with  leading edge of 'clk'
Beginpoint: core_t_ctr_reg_reg[5]/QN (^) triggered by  leading edge of 'clk'
Path Groups: {clk}
Analysis View: view_tc
Other End Arrival Time          0.000
- Setup                        16.792
+ Phase Shift                 1000.000
= Required Time               983.208
- Arrival Time                766.200
= Slack Time                  217.008
     Clock Rise Edge                 0.000
     + Clock Network Latency (Ideal) 0.000
     = Beginpoint Arrival Time       0.000
     +--------------------------------------------------------------------------------------------------------------------+ 
     |                 Instance                  |      Arc      |           Cell           |  Delay | Arrival | Required | 
     |                                           |               |                          |        |  Time   |   Time   | 
     |-------------------------------------------+---------------+--------------------------+--------+---------+----------| 
     | core_t_ctr_reg_reg[5]                     | CLK ^         |                          |        |   0.000 |  217.008 | 
     | core_t_ctr_reg_reg[5]                     | CLK ^ -> QN ^ | DFFASRHQNx1_ASAP7_75t_SL | 77.000 |  77.000 |  294.008 | 
     | g657                                      | A ^ -> Y v    | INVx1_ASAP7_75t_SL       | 59.700 | 136.700 |  353.708 | 
     | g68527                                    | B v -> Y v    | AND2x2_ASAP7_75t_SL      | 56.200 | 192.900 |  409.908 | 
     | FE_DBTC2_n_4115                           | A v -> Y ^    | INVx2_ASAP7_75t_SL       | 82.200 | 275.100 |  492.108 | 
     | core_g49668                               | B ^ -> Y ^    | OR2x2_ASAP7_75t_SL       | 49.700 | 324.800 |  541.808 | 
     | core_g49460                               | B ^ -> Y ^    | AND2x2_ASAP7_75t_SL      | 14.300 | 339.100 |  556.108 | 
     | core_g48996                               | A2 ^ -> Y v   | OAI211xp5_ASAP7_75t_SL   | 10.300 | 349.400 |  566.408 | 
     | core_g48906                               | C v -> Y v    | OR3x1_ASAP7_75t_L        | 30.300 | 379.700 |  596.708 | 
     | core_csa_tree_add_337_39_g6602            | B v -> Y v    | XNOR2xp5_ASAP7_75t_SL    | 18.100 | 397.800 |  614.808 | 
     | g68393                                    | A v -> Y v    | XNOR2xp5_ASAP7_75t_SL    | 31.300 | 429.100 |  646.108 | 
     | g68392                                    | C v -> Y v    | MAJx2_ASAP7_75t_SL       | 29.400 | 458.500 |  675.508 | 
     | core_csa_tree_add_422_23_groupi_g6090     | B v -> Y v    | XNOR2xp5_ASAP7_75t_SL    | 23.500 | 482.000 |  699.008 | 
     | g506                                      | B v -> Y v    | XNOR2xp5_ASAP7_75t_SL    | 27.200 | 509.200 |  726.208 | 
     | g487                                      | A v -> Y v    | XNOR2xp5_ASAP7_75t_SL    | 21.200 | 530.400 |  747.408 | 
     | core_csa_tree_add_422_23_groupi_g67426    | B v -> Y ^    | NAND2xp5_ASAP7_75t_SL    | 13.000 | 543.400 |  760.408 | 
     | core_csa_tree_add_422_23_groupi_g67428    | B ^ -> Y v    | OAI21xp5_ASAP7_75t_SL    | 13.800 | 557.200 |  774.208 | 
     | core_csa_tree_add_422_23_groupi_g67448    | A1 v -> Y v   | AO21x1_ASAP7_75t_SL      | 21.100 | 578.300 |  795.308 | 
     | core_csa_tree_add_422_23_groupi_g5741_dup | A2 v -> Y v   | AO21x1_ASAP7_75t_SL      | 21.500 | 599.800 |  816.808 | 
     | g68244                                    | B v -> Y v    | AND2x2_ASAP7_75t_SL      | 17.700 | 617.500 |  834.508 | 
     | g68242                                    | A2 v -> Y ^   | AOI22xp5_ASAP7_75t_SL    | 10.200 | 627.700 |  844.708 | 
     | g96                                       | B ^ -> Y ^    | AND2x2_ASAP7_75t_SL      | 21.600 | 649.300 |  866.308 | 
     | core_csa_tree_add_422_23_groupi_g5726     | B ^ -> Y v    | NOR2xp33_ASAP7_75t_SL    | 26.000 | 675.300 |  892.308 | 
     | core_csa_tree_add_422_23_groupi_g67384    | A v -> Y ^    | NOR2xp33_ASAP7_75t_SL    | 42.400 | 717.700 |  934.708 | 
     | core_csa_tree_add_422_23_groupi_g5699     | A1 ^ -> Y v   | OAI21xp5_ASAP7_75t_SL    | 17.400 | 735.100 |  952.108 | 
     | core_csa_tree_add_422_23_groupi_g5691     | A v -> Y v    | XNOR2xp5_ASAP7_75t_SL    | 20.900 | 756.000 |  973.008 | 
     | core_g63499                               | A1 v -> Y ^   | AOI21xp5_ASAP7_75t_SL    | 10.100 | 766.100 |  983.108 | 
     | core_a_reg_reg[25]                        | D ^           | DFFASRHQNx1_ASAP7_75t_SL |  0.100 | 766.200 |  983.208 | 
     +--------------------------------------------------------------------------------------------------------------------+ 

