###############################################################
#  Generated by:      Cadence Innovus 21.13-s100_1
#  OS:                Linux x86_64(Host ID ic21)
#  Generated on:      Tue Mar 11 01:18:59 2025
#  Design:            sha256
#  Command:           report_timing > ../timing_0.6_488.rpt
###############################################################
Path 1: VIOLATED Late External Delay Assertion 
Endpoint:   read_data[6] (^) checked with  leading edge of 'clk'
Beginpoint: address[4]   (v) triggered by  leading edge of 'clk'
Path Groups: {clk}
Analysis View: view_tc
Other End Arrival Time          0.000
- External Delay              300.000
+ Phase Shift                 488.000
= Required Time               188.000
- Arrival Time                193.200
= Slack Time                   -5.200
     Clock Rise Edge                      0.000
     + Input Delay                        1.000
     = Beginpoint Arrival Time            1.000
     +----------------------------------------------------------------------------------------------+ 
     |       Instance        |      Arc       |         Cell          |  Delay | Arrival | Required | 
     |                       |                |                       |        |  Time   |   Time   | 
     |-----------------------+----------------+-----------------------+--------+---------+----------| 
     |                       | address[4] v   |                       |        |   1.000 |   -4.200 | 
     | FE_RC_546_0           | B v -> Y ^     | NOR3x2_ASAP7_75t_SL   |  9.900 |  10.900 |    5.700 | 
     | FE_RC_545_0           | A ^ -> Y ^     | AND3x2_ASAP7_75t_SL   | 23.100 |  34.000 |   28.800 | 
     | g18425__2250_dup      | A ^ -> Y ^     | AND3x4_ASAP7_75t_SL   | 25.200 |  59.200 |   54.000 | 
     | g18417__8757          | B ^ -> Y ^     | AND2x6_ASAP7_75t_SL   | 26.500 |  85.700 |   80.500 | 
     | g18362__5266          | B1 ^ -> Y v    | AOI22x1_ASAP7_75t_SL  | 30.800 | 116.500 |  111.300 | 
     | FE_RC_368_0           | A v -> Y ^     | NAND3x1_ASAP7_75t_SL  | 15.800 | 132.300 |  127.100 | 
     | FE_RC_264_0           | B ^ -> Y v     | AOI211x1_ASAP7_75t_SL | 18.000 | 150.300 |  145.100 | 
     | FE_RC_293_0           | B v -> Y ^     | NAND5xp2_ASAP7_75t_SL | 20.800 | 171.100 |  165.900 | 
     | FE_OFC236_read_data_6 | A ^ -> Y ^     | BUFx3_ASAP7_75t_SL    | 17.500 | 188.600 |  183.400 | 
     |                       | read_data[6] ^ |                       |  4.600 | 193.200 |  188.000 | 
     +----------------------------------------------------------------------------------------------+ 

