###############################################################
#  Generated by:      Cadence Innovus 21.13-s100_1
#  OS:                Linux x86_64(Host ID ic21)
#  Generated on:      Mon Mar 10 01:36:25 2025
#  Design:            sha256
#  Command:           report_timing > ../timing_0.6_550.rpt
###############################################################
Path 1: VIOLATED Late External Delay Assertion 
Endpoint:   read_data[6] (v) checked with  leading edge of 'clk'
Beginpoint: cs           (v) triggered by  leading edge of 'clk'
Path Groups: {clk}
Analysis View: view_tc
Other End Arrival Time          0.000
- External Delay              300.000
+ Phase Shift                 550.000
= Required Time               250.000
- Arrival Time                255.300
= Slack Time                   -5.300
     Clock Rise Edge                      0.000
     + Input Delay                        1.000
     = Beginpoint Arrival Time            1.000
     +-----------------------------------------------------------------------------------------------+ 
     |       Instance        |      Arc       |          Cell          |  Delay | Arrival | Required | 
     |                       |                |                        |        |  Time   |   Time   | 
     |-----------------------+----------------+------------------------+--------+---------+----------| 
     |                       | cs v           |                        |        |   1.000 |   -4.300 | 
     | g7669                 | A v -> Y ^     | INVx2_ASAP7_75t_SL     |  3.700 |   4.700 |   -0.600 | 
     | FE_RC_24_0            | A ^ -> Y ^     | OR3x2_ASAP7_75t_SL     | 13.700 |  18.400 |   13.100 | 
     | g18430__5795          | A ^ -> Y ^     | OR3x2_ASAP7_75t_SL     | 21.200 |  39.600 |   34.300 | 
     | g18429                | A ^ -> Y v     | INVx2_ASAP7_75t_SL     |  4.600 |  44.200 |   38.900 | 
     | g18425__2250          | A v -> Y v     | AND3x4_ASAP7_75t_SL    | 18.300 |  62.500 |   57.200 | 
     | g18416__7118          | B v -> Y v     | AND2x6_ASAP7_75t_SL    | 25.200 |  87.700 |   82.400 | 
     | g18363__2250          | B1 v -> Y ^    | AOI22xp5_ASAP7_75t_SL  | 59.500 | 147.200 |  141.900 | 
     | g18040__4547          | C ^ -> Y v     | NAND3xp33_ASAP7_75t_SL | 15.100 | 162.300 |  157.000 | 
     | g17974__5795          | C v -> Y ^     | AOI221xp5_ASAP7_75t_SL | 40.600 | 202.900 |  197.600 | 
     | g17930__2683          | C ^ -> Y v     | NAND5xp2_ASAP7_75t_SL  | 23.400 | 226.300 |  221.000 | 
     | FE_OFC141_read_data_6 | A v -> Y v     | BUFx2_ASAP7_75t_SL     | 24.500 | 250.800 |  245.500 | 
     |                       | read_data[6] v |                        |  4.500 | 255.300 |  250.000 | 
     +-----------------------------------------------------------------------------------------------+ 

