###############################################################
#  Generated by:      Cadence Innovus 21.13-s100_1
#  OS:                Linux x86_64(Host ID ic21)
#  Generated on:      Mon Mar 10 21:46:34 2025
#  Design:            sha256
#  Command:           report_timing > ../timing_0.6_490.rpt
###############################################################
Path 1: VIOLATED Setup Check with Pin core_a_reg_reg[19]/CLK 
Endpoint:   core_a_reg_reg[19]/D     (^) checked with  leading edge of 'clk'
Beginpoint: core_t_ctr_reg_reg[5]/QN (v) triggered by  leading edge of 'clk'
Path Groups: {clk}
Analysis View: view_tc
Other End Arrival Time          0.000
- Setup                        16.522
+ Phase Shift                 490.000
= Required Time               473.478
- Arrival Time                480.200
= Slack Time                   -6.722
     Clock Rise Edge                 0.000
     + Clock Network Latency (Ideal) 0.000
     = Beginpoint Arrival Time       0.000
     +----------------------------------------------------------------------------------------------------------------+ 
     |               Instance                |      Arc      |           Cell           |  Delay | Arrival | Required | 
     |                                       |               |                          |        |  Time   |   Time   | 
     |---------------------------------------+---------------+--------------------------+--------+---------+----------| 
     | core_t_ctr_reg_reg[5]                 | CLK ^         |                          |        |   0.000 |   -6.722 | 
     | core_t_ctr_reg_reg[5]                 | CLK ^ -> QN v | DFFASRHQNx1_ASAP7_75t_SL | 35.800 |  35.800 |   29.078 | 
     | FE_OFC142_core_t_ctr_reg_5            | A v -> Y ^    | INVx2_ASAP7_75t_SL       | 17.900 |  53.700 |   46.978 | 
     | g68527_dup                            | B ^ -> Y ^    | AND2x2_ASAP7_75t_SL      | 19.800 |  73.500 |   66.778 | 
     | FE_OCPC345_n_4115                     | A ^ -> Y ^    | BUFx3_ASAP7_75t_SL       | 15.600 |  89.100 |   82.378 | 
     | core_g67396                           | B ^ -> Y ^    | AND2x4_ASAP7_75t_SL      | 16.300 | 105.400 |   98.678 | 
     | FE_OCPC375_n_2935                     | A ^ -> Y ^    | BUFx3_ASAP7_75t_SL       | 18.100 | 123.500 |  116.778 | 
     | core_g67394                           | B ^ -> Y ^    | AND2x2_ASAP7_75t_SL      | 34.800 | 158.300 |  151.578 | 
     | core_g49143                           | A2 ^ -> Y v   | AOI22xp5_ASAP7_75t_SL    | 31.200 | 189.500 |  182.778 | 
     | FE_RC_54_0                            | A v -> Y ^    | INVx1_ASAP7_75t_SL       | 10.100 | 199.600 |  192.878 | 
     | FE_RC_53_0                            | B ^ -> Y v    | NOR2xp67_ASAP7_75t_SL    | 11.300 | 210.900 |  204.178 | 
     | FE_RC_683_0                           | B v -> Y ^    | NAND3x1_ASAP7_75t_SL     | 16.400 | 227.300 |  220.578 | 
     | core_g48862                           | B ^ -> Y ^    | AO21x2_ASAP7_75t_SL      | 19.000 | 246.300 |  239.578 | 
     | core_csa_tree_add_337_39_g6508        | A ^ -> Y ^    | MAJx2_ASAP7_75t_SL       | 30.200 | 276.500 |  269.778 | 
     | core_csa_tree_add_422_23_groupi_g6110 | A ^ -> Y ^    | MAJx2_ASAP7_75t_SL       | 20.600 | 297.100 |  290.378 | 
     | FE_RC_682_0                           | B ^ -> Y v    | XOR2xp5_ASAP7_75t_SL     | 13.900 | 311.000 |  304.278 | 
     | FE_RC_1168_0                          | B v -> Y v    | XNOR2x1_ASAP7_75t_SL     | 18.800 | 329.800 |  323.078 | 
     | core_csa_tree_add_422_23_groupi_g6238 | B v -> Y v    | OR2x6_ASAP7_75t_SL       | 18.800 | 348.600 |  341.878 | 
     | core_csa_tree_add_422_23_groupi_g5848 | A v -> Y ^    | NAND2x1p5_ASAP7_75t_SL   | 10.200 | 358.800 |  352.078 | 
     | FE_RC_806_0                           | A ^ -> Y v    | NOR3x1_ASAP7_75t_SL      | 11.500 | 370.300 |  363.578 | 
     | FE_RC_562_0                           | C v -> Y v    | AND3x1_ASAP7_75t_SL      | 16.000 | 386.300 |  379.578 | 
     | g68242                                | A1 v -> Y ^   | AOI22x1_ASAP7_75t_SL     | 13.300 | 399.600 |  392.878 | 
     | FE_OCPC319_n_4261                     | A ^ -> Y ^    | BUFx2_ASAP7_75t_SL       | 15.400 | 415.000 |  408.278 | 
     | g96_dup                               | B ^ -> Y ^    | AND2x4_ASAP7_75t_SL      | 14.600 | 429.600 |  422.878 | 
     | g68669                                | A2 ^ -> Y ^   | OA21x2_ASAP7_75t_SL      | 18.700 | 448.300 |  441.578 | 
     | FE_RC_973_0                           | A2 ^ -> Y v   | OAI21x1_ASAP7_75t_SL     |  8.100 | 456.400 |  449.678 | 
     | core_csa_tree_add_422_23_groupi_g5694 | A v -> Y v    | XNOR2x1_ASAP7_75t_SL     | 14.300 | 470.700 |  463.978 | 
     | core_g63501                           | A1 v -> Y ^   | AOI21xp5_ASAP7_75t_SL    |  9.400 | 480.100 |  473.378 | 
     | core_a_reg_reg[19]                    | D ^           | DFFASRHQNx1_ASAP7_75t_SL |  0.100 | 480.200 |  473.478 | 
     +----------------------------------------------------------------------------------------------------------------+ 

