###############################################################
#  Generated by:      Cadence Innovus 21.13-s100_1
#  OS:                Linux x86_64(Host ID ic21)
#  Generated on:      Mon Mar 10 20:49:05 2025
#  Design:            sha256
#  Command:           report_timing > ../timing_0.6_430.rpt
###############################################################
Path 1: VIOLATED Late External Delay Assertion 
Endpoint:   read_data[23] (v) checked with  leading edge of 'clk'
Beginpoint: we            (^) triggered by  leading edge of 'clk'
Path Groups: {clk}
Analysis View: view_tc
Other End Arrival Time          0.000
- External Delay              300.000
+ Phase Shift                 430.000
= Required Time               130.000
- Arrival Time                174.400
= Slack Time                  -44.400
     Clock Rise Edge                      0.000
     + Input Delay                        1.000
     = Beginpoint Arrival Time            1.000
     +---------------------------------------------------------------------------------------+ 
     |   Instance   |       Arc       |          Cell          |  Delay | Arrival | Required | 
     |              |                 |                        |        |  Time   |   Time   | 
     |--------------+-----------------+------------------------+--------+---------+----------| 
     |              | we ^            |                        |        |   1.000 |  -43.400 | 
     | FE_RC_1743_0 | A ^ -> Y v      | NOR2x1p5_ASAP7_75t_SL  | 10.800 |  11.800 |  -32.600 | 
     | FE_RC_1744_0 | A v -> Y ^      | INVx2_ASAP7_75t_SL     |  6.100 |  17.900 |  -26.500 | 
     | FE_RC_1736_0 | A ^ -> Y v      | NOR4xp75_ASAP7_75t_SL  |  7.800 |  25.700 |  -18.700 | 
     | g18425__2250 | A v -> Y v      | AND3x4_ASAP7_75t_SL    | 21.000 |  46.700 |    2.300 | 
     | g18416__7118 | B v -> Y v      | AND2x6_ASAP7_75t_SL    | 23.900 |  70.600 |   26.200 | 
     | FE_RC_1791_0 | A v -> Y v      | BUFx4f_ASAP7_75t_SL    | 21.500 |  92.100 |   47.700 | 
     | FE_RC_1803_0 | B1 v -> Y ^     | AOI22x1_ASAP7_75t_SL   | 26.200 | 118.300 |   73.900 | 
     | FE_RC_1758_0 | C ^ -> Y ^      | AND3x1_ASAP7_75t_SL    | 27.400 | 145.700 |  101.300 | 
     | FE_RC_1947_0 | D ^ -> Y v      | NAND4xp75_ASAP7_75t_SL | 22.900 | 168.600 |  124.200 | 
     |              | read_data[23] v |                        |  5.800 | 174.400 |  130.000 | 
     +---------------------------------------------------------------------------------------+ 

