###############################################################
#  Generated by:      Cadence Innovus 21.13-s100_1
#  OS:                Linux x86_64(Host ID ic21)
#  Generated on:      Mon Mar 10 19:00:45 2025
#  Design:            sha256
#  Command:           report_timing > ../timing_0.7_360.rpt
###############################################################
Path 1: VIOLATED Late External Delay Assertion 
Endpoint:   read_data[31] (^) checked with  leading edge of 'clk'
Beginpoint: address[7]    (v) triggered by  leading edge of 'clk'
Path Groups: {clk}
Analysis View: view_tc
Other End Arrival Time          0.000
- External Delay              300.000
+ Phase Shift                 360.000
= Required Time                60.000
- Arrival Time                166.100
= Slack Time                  -106.100
     Clock Rise Edge                      0.000
     + Input Delay                        1.000
     = Beginpoint Arrival Time            1.000
     +-------------------------------------------------------------------------------------------+ 
     |     Instance     |       Arc       |          Cell          |  Delay | Arrival | Required | 
     |                  |                 |                        |        |  Time   |   Time   | 
     |------------------+-----------------+------------------------+--------+---------+----------| 
     |                  | address[7] v    |                        |        |   1.000 | -105.100 | 
     | FE_RC_1682_0     | B v -> Y ^      | NOR2x1p5_ASAP7_75t_SL  |  9.500 |  10.500 |  -95.600 | 
     | FE_RC_1681_0     | A ^ -> Y v      | NAND4xp75_ASAP7_75t_SL | 12.800 |  23.300 |  -82.800 | 
     | FE_RC_1680_0_dup | B v -> Y v      | OR2x6_ASAP7_75t_SL     | 20.100 |  43.400 |  -62.700 | 
     | g18401__1857     | B v -> Y ^      | NOR2x2_ASAP7_75t_SL    | 16.200 |  59.600 |  -46.500 | 
     | g18380__2683     | B ^ -> Y ^      | AND2x4_ASAP7_75t_SL    | 21.700 |  81.300 |  -24.800 | 
     | FE_OCPC902_n_879 | A ^ -> Y ^      | BUFx12f_ASAP7_75t_SL   | 17.800 |  99.100 |   -7.000 | 
     | g18176__8780     | B2 ^ -> Y v     | AOI22x1_ASAP7_75t_SL   | 32.400 | 131.500 |   25.400 | 
     | FE_RC_571_0      | D v -> Y ^      | NAND4xp75_ASAP7_75t_SL | 14.400 | 145.900 |   39.800 | 
     | FE_RC_572_0      | A ^ -> Y v      | INVx3_ASAP7_75t_SL     |  8.000 | 153.900 |   47.800 | 
     | FE_RC_287_0      | A v -> Y ^      | NAND4xp75_ASAP7_75t_SL | 12.200 | 166.100 |   60.000 | 
     |                  | read_data[31] ^ |                        |  0.000 | 166.100 |   60.000 | 
     +-------------------------------------------------------------------------------------------+ 

