###############################################################
#  Generated by:      Cadence Innovus 21.13-s100_1
#  OS:                Linux x86_64(Host ID ic21)
#  Generated on:      Sun Mar  9 18:51:45 2025
#  Design:            sha256
#  Command:           report_timing > ../timing_0.7_900.rpt
###############################################################
Path 1: MET Setup Check with Pin core_a_reg_reg[26]/CLK 
Endpoint:   core_a_reg_reg[26]/D     (^) checked with  leading edge of 'clk'
Beginpoint: core_t_ctr_reg_reg[4]/QN (^) triggered by  leading edge of 'clk'
Path Groups: {clk}
Analysis View: view_tc
Other End Arrival Time          0.000
- Setup                        17.070
+ Phase Shift                 900.000
= Required Time               882.930
- Arrival Time                777.900
= Slack Time                  105.030
     Clock Rise Edge                 0.000
     + Clock Network Latency (Ideal) 0.000
     = Beginpoint Arrival Time       0.000
     +--------------------------------------------------------------------------------------------------------------------+ 
     |                 Instance                  |      Arc      |           Cell           |  Delay | Arrival | Required | 
     |                                           |               |                          |        |  Time   |   Time   | 
     |-------------------------------------------+---------------+--------------------------+--------+---------+----------| 
     | core_t_ctr_reg_reg[4]                     | CLK ^         |                          |        |   0.000 |  105.030 | 
     | core_t_ctr_reg_reg[4]                     | CLK ^ -> QN ^ | DFFASRHQNx1_ASAP7_75t_SL | 83.500 |  83.500 |  188.530 | 
     | g664                                      | A ^ -> Y v    | INVx1_ASAP7_75t_SL       | 53.600 | 137.100 |  242.130 | 
     | g68527                                    | A v -> Y v    | AND2x2_ASAP7_75t_SL      | 50.100 | 187.200 |  292.230 | 
     | core_g49701                               | A v -> Y v    | AND2x2_ASAP7_75t_SL      | 38.800 | 226.000 |  331.030 | 
     | core_g49507                               | B v -> Y v    | AND2x2_ASAP7_75t_SL      | 37.300 | 263.300 |  368.330 | 
     | FE_OFC98_core_n_48261                     | A v -> Y v    | HB1xp67_ASAP7_75t_L      | 87.800 | 351.100 |  456.130 | 
     | core_g49150                               | B2 v -> Y ^   | AOI22xp5_ASAP7_75t_SL    | 23.500 | 374.600 |  479.630 | 
     | core_g48947                               | A ^ -> Y ^    | AND4x1_ASAP7_75t_SL      | 23.400 | 398.000 |  503.030 | 
     | core_g48888                               | A ^ -> Y v    | NAND5xp2_ASAP7_75t_SL    | 22.800 | 420.800 |  525.830 | 
     | core_g48863                               | B v -> Y v    | AO21x1_ASAP7_75t_SL      | 30.200 | 451.000 |  556.030 | 
     | core_csa_tree_add_337_39_g6536            | A v -> Y v    | XNOR2xp5_ASAP7_75t_SL    | 26.000 | 477.000 |  582.030 | 
     | core_csa_tree_add_337_39_g6470            | A v -> Y v    | XOR2xp5_ASAP7_75t_SL     | 24.100 | 501.100 |  606.130 | 
     | g506                                      | A v -> Y v    | XNOR2xp5_ASAP7_75t_SL    | 31.900 | 533.000 |  638.030 | 
     | g487                                      | A v -> Y v    | XNOR2xp5_ASAP7_75t_SL    | 21.500 | 554.500 |  659.530 | 
     | core_csa_tree_add_422_23_groupi_g67426    | B v -> Y ^    | NAND2xp5_ASAP7_75t_SL    | 13.200 | 567.700 |  672.730 | 
     | core_csa_tree_add_422_23_groupi_g5748_dup | B ^ -> Y v    | OAI21xp5_ASAP7_75t_SL    | 13.200 | 580.900 |  685.930 | 
     | core_csa_tree_add_422_23_groupi_g67448    | A1 v -> Y v   | AO21x1_ASAP7_75t_SL      | 20.800 | 601.700 |  706.730 | 
     | core_csa_tree_add_422_23_groupi_g67451    | A2 v -> Y v   | AO21x1_ASAP7_75t_SL      | 21.300 | 623.000 |  728.030 | 
     | g68244                                    | B v -> Y v    | AND2x2_ASAP7_75t_SL      | 16.800 | 639.800 |  744.830 | 
     | g68242                                    | A2 v -> Y ^   | AOI22xp5_ASAP7_75t_SL    | 10.000 | 649.800 |  754.830 | 
     | g96                                       | B ^ -> Y ^    | AND2x2_ASAP7_75t_SL      | 21.300 | 671.100 |  776.130 | 
     | core_csa_tree_add_422_23_groupi_g5726     | B ^ -> Y v    | NOR2xp33_ASAP7_75t_SL    | 21.800 | 692.900 |  797.930 | 
     | core_csa_tree_add_422_23_groupi_g67384    | A v -> Y ^    | NOR2xp33_ASAP7_75t_SL    | 37.600 | 730.500 |  835.530 | 
     | core_csa_tree_add_422_23_groupi_g5698     | A1 ^ -> Y v   | OAI21xp5_ASAP7_75t_SL    | 16.300 | 746.800 |  851.830 | 
     | core_csa_tree_add_422_23_groupi_g5690     | A v -> Y v    | XNOR2xp5_ASAP7_75t_SL    | 21.200 | 768.000 |  873.030 | 
     | core_g64207                               | A1 v -> Y ^   | AOI21xp5_ASAP7_75t_SL    |  9.900 | 777.900 |  882.930 | 
     | core_a_reg_reg[26]                        | D ^           | DFFASRHQNx1_ASAP7_75t_SL |  0.000 | 777.900 |  882.930 | 
     +--------------------------------------------------------------------------------------------------------------------+ 

