###############################################################
#  Generated by:      Cadence Innovus 21.13-s100_1
#  OS:                Linux x86_64(Host ID ic21)
#  Generated on:      Mon Mar 10 14:06:06 2025
#  Design:            sha256
#  Command:           report_timing > ../timing_0.7_530.rpt
###############################################################
Path 1: VIOLATED Late External Delay Assertion 
Endpoint:   read_data[24] (v) checked with  leading edge of 'clk'
Beginpoint: address[4]    (v) triggered by  leading edge of 'clk'
Path Groups: {clk}
Analysis View: view_tc
Other End Arrival Time          0.000
- External Delay              300.000
+ Phase Shift                 530.000
= Required Time               230.000
- Arrival Time                240.800
= Slack Time                  -10.800
     Clock Rise Edge                      0.000
     + Input Delay                        1.000
     = Beginpoint Arrival Time            1.000
     +-------------------------------------------------------------------------------------------------+ 
     |        Instance        |       Arc       |          Cell          |  Delay | Arrival | Required | 
     |                        |                 |                        |        |  Time   |   Time   | 
     |------------------------+-----------------+------------------------+--------+---------+----------| 
     |                        | address[4] v    |                        |        |   1.000 |   -9.800 | 
     | g18453                 | A v -> Y ^      | INVx1_ASAP7_75t_SL     | 11.000 |  12.000 |    1.200 | 
     | FE_RC_84_0             | A ^ -> Y ^      | OR3x1_ASAP7_75t_SL     | 12.000 |  24.000 |   13.200 | 
     | FE_RC_71_0             | A ^ -> Y ^      | OR2x2_ASAP7_75t_SL     | 20.200 |  44.200 |   33.400 | 
     | g18410__2683           | B ^ -> Y v      | NOR2x1_ASAP7_75t_SL    | 10.500 |  54.700 |   43.900 | 
     | FE_OCPC302_n_851       | A v -> Y v      | BUFx3_ASAP7_75t_SL     | 15.600 |  70.300 |   59.500 | 
     | g18394__6083_dup       | B v -> Y v      | AND2x6_ASAP7_75t_SL    | 22.400 |  92.700 |   81.900 | 
     | g18158__2391           | B2 v -> Y v     | AO22x1_ASAP7_75t_SL    | 79.800 | 172.500 |  161.700 | 
     | g18009__4296           | C v -> Y ^      | AOI221xp5_ASAP7_75t_SL | 18.500 | 191.000 |  180.200 | 
     | g17918__5795           | C ^ -> Y v      | NAND5xp2_ASAP7_75t_SL  | 18.300 | 209.300 |  198.500 | 
     | FE_OFC138_read_data_24 | A v -> Y v      | BUFx3_ASAP7_75t_SL     | 21.000 | 230.300 |  219.500 | 
     |                        | read_data[24] v |                        | 10.500 | 240.800 |  230.000 | 
     +-------------------------------------------------------------------------------------------------+ 

