###############################################################
#  Generated by:      Cadence Innovus 21.13-s100_1
#  OS:                Linux x86_64(Host ID ic21)
#  Generated on:      Mon Mar 10 15:51:32 2025
#  Design:            sha256
#  Command:           report_timing > ../timing_0.7_576.rpt
###############################################################
Path 1: VIOLATED Late External Delay Assertion 
Endpoint:   read_data[26] (v) checked with  leading edge of 'clk'
Beginpoint: cs            (v) triggered by  leading edge of 'clk'
Path Groups: {clk}
Analysis View: view_tc
Other End Arrival Time          0.000
- External Delay              300.000
+ Phase Shift                 576.000
= Required Time               276.000
- Arrival Time                284.200
= Slack Time                   -8.200
     Clock Rise Edge                      0.000
     + Input Delay                        1.000
     = Beginpoint Arrival Time            1.000
     +-----------------------------------------------------------------------------------------+ 
     |    Instance     |       Arc       |         Cell          |  Delay | Arrival | Required | 
     |                 |                 |                       |        |  Time   |   Time   | 
     |-----------------+-----------------+-----------------------+--------+---------+----------| 
     |                 | cs v            |                       |        |   1.000 |   -7.200 | 
     | g7669           | A v -> Y ^      | INVx2_ASAP7_75t_SL    |  3.800 |   4.800 |   -3.400 | 
     | FE_RC_45_0      | A ^ -> Y ^      | OR3x2_ASAP7_75t_SL    | 13.800 |  18.600 |   10.400 | 
     | g18430__5795    | A ^ -> Y ^      | OR3x1_ASAP7_75t_SL    | 19.800 |  38.400 |   30.200 | 
     | g18429          | A ^ -> Y v      | INVx1_ASAP7_75t_SL    |  5.400 |  43.800 |   35.600 | 
     | g18425__2250    | A v -> Y v      | AND3x2_ASAP7_75t_SL   | 16.000 |  59.800 |   51.600 | 
     | g18416__7118    | B v -> Y v      | AND2x2_ASAP7_75t_SL   | 19.700 |  79.500 |   71.300 | 
     | FE_OFC136_n_844 | A v -> Y v      | BUFx4f_ASAP7_75t_SL   | 16.700 |  96.200 |   88.000 | 
     | g18325__2900    | B1 v -> Y ^     | AOI22xp5_ASAP7_75t_SL | 44.400 | 140.600 |  132.400 | 
     | g18076__7118    | B ^ -> Y v      | NAND2xp5_ASAP7_75t_SL | 21.800 | 162.400 |  154.200 | 
     | g18039__1474    | B v -> Y ^      | AOI21xp5_ASAP7_75t_SL | 17.900 | 180.300 |  172.100 | 
     | g17941__7114    | C ^ -> Y ^      | AND5x1_ASAP7_75t_SL   | 26.800 | 207.100 |  198.900 | 
     | g17914__5266    | A ^ -> Y v      | NAND5xp2_ASAP7_75t_SL | 68.400 | 275.500 |  267.300 | 
     |                 | read_data[26] v |                       |  8.700 | 284.200 |  276.000 | 
     +-----------------------------------------------------------------------------------------+ 

