###############################################################
#  Generated by:      Cadence Innovus 21.13-s100_1
#  OS:                Linux x86_64(Host ID ic21)
#  Generated on:      Tue Mar  4 16:48:49 2025
#  Design:            sha256
#  Command:           report_timing > ../timing_0.1_800.rpt
###############################################################
Path 1: MET Setup Check with Pin core_H2_reg_reg[26]/CLK 
Endpoint:   core_H2_reg_reg[26]/D          (^) checked with  leading edge of 
'clk'
Beginpoint: core_sha256_ctrl_reg_reg[1]/QN (^) triggered by  leading edge of 
'clk'
Path Groups: {clk}
Analysis View: view_tc
Other End Arrival Time          0.000
- Setup                        18.077
+ Phase Shift                 800.000
= Required Time               781.923
- Arrival Time                735.000
= Slack Time                   46.923
     Clock Rise Edge                 0.000
     + Clock Network Latency (Ideal) 0.000
     = Beginpoint Arrival Time       0.000
     +-------------------------------------------------------------------------------------------------------+ 
     |          Instance           |      Arc      |           Cell           |  Delay  | Arrival | Required | 
     |                             |               |                          |         |  Time   |   Time   | 
     |-----------------------------+---------------+--------------------------+---------+---------+----------| 
     | core_sha256_ctrl_reg_reg[1] | CLK ^         |                          |         |   0.000 |   46.923 | 
     | core_sha256_ctrl_reg_reg[1] | CLK ^ -> QN ^ | DFFASRHQNx1_ASAP7_75t_SL |  44.100 |  44.100 |   91.023 | 
     | core_g66610                 | A ^ -> Y v    | INVx1_ASAP7_75t_SL       |   8.200 |  52.300 |   99.223 | 
     | core_g65739                 | B v -> Y ^    | NOR2xp33_ASAP7_75t_SL    |  23.200 |  75.500 |  122.423 | 
     | FE_OFC79_core_n_63639       | A ^ -> Y ^    | BUFx3_ASAP7_75t_SL       |  29.200 | 104.700 |  151.623 | 
     | FE_OFC80_core_n_63639       | A ^ -> Y ^    | BUFx2_ASAP7_75t_SL       |  68.600 | 173.300 |  220.223 | 
     | FE_OFC81_core_n_63639       | A ^ -> Y ^    | BUFx2_ASAP7_75t_SL       |  65.300 | 238.600 |  285.523 | 
     | FE_OFC82_core_n_63639       | A ^ -> Y ^    | BUFx2_ASAP7_75t_SL       |  87.100 | 325.700 |  372.623 | 
     | core_g65736                 | A ^ -> Y v    | INVx3_ASAP7_75t_SL       |  99.800 | 425.500 |  472.423 | 
     | FE_OFC89_core_n_63655       | A v -> Y v    | HB1xp67_ASAP7_75t_L      | 108.500 | 534.000 |  580.923 | 
     | core_g50013                 | A v -> Y v    | AND2x2_ASAP7_75t_SL      |  64.900 | 598.900 |  645.823 | 
     | FE_OFC101_core_n_66322      | A v -> Y v    | BUFx4_ASAP7_75t_SL       |  29.600 | 628.500 |  675.423 | 
     | core_g65211                 | B1 v -> Y ^   | AOI221xp5_ASAP7_75t_SL   | 106.400 | 734.900 |  781.823 | 
     | core_H2_reg_reg[26]         | D ^           | DFFASRHQNx1_ASAP7_75t_SL |   0.100 | 735.000 |  781.923 | 
     +-------------------------------------------------------------------------------------------------------+ 

