###############################################################
#  Generated by:      Cadence Innovus 21.13-s100_1
#  OS:                Linux x86_64(Host ID ic21)
#  Generated on:      Tue Mar  4 17:16:55 2025
#  Design:            sha256
#  Command:           report_timing > ../timing_0.1_400.rpt
###############################################################
Path 1: VIOLATED Late External Delay Assertion 
Endpoint:   read_data[1] (^) checked with  leading edge of 'clk'
Beginpoint: cs           (^) triggered by  leading edge of 'clk'
Path Groups: {clk}
Analysis View: view_tc
Other End Arrival Time          0.000
- External Delay              300.000
+ Phase Shift                 400.000
= Required Time               100.000
- Arrival Time                202.300
= Slack Time                  -102.300
     Clock Rise Edge                      0.000
     + Input Delay                        1.000
     = Beginpoint Arrival Time            1.000
     +----------------------------------------------------------------------------------------------------------+ 
     |             Instance             |      Arc       |          Cell          |  Delay | Arrival | Required | 
     |                                  |                |                        |        |  Time   |   Time   | 
     |----------------------------------+----------------+------------------------+--------+---------+----------| 
     |                                  | cs ^           |                        |        |   1.000 | -101.300 | 
     | g7669                            | A ^ -> Y v     | INVx8_ASAP7_75t_SL     |  4.300 |   5.300 |  -97.000 | 
     | FE_RC_772_0                      | A v -> Y ^     | NOR3x2_ASAP7_75t_SL    |  9.600 |  14.900 |  -87.400 | 
     | FE_RC_101_0                      | A ^ -> Y v     | INVx6_ASAP7_75t_SL     |  4.000 |  18.900 |  -83.400 | 
     | FE_RC_1519_0                     | A v -> Y v     | OR3x2_ASAP7_75t_SL     | 39.300 |  58.200 |  -44.100 | 
     | g18402__9906                     | B v -> Y ^     | NOR2x2_ASAP7_75t_SL    | 15.400 |  73.600 |  -28.700 | 
     | g18379__9682                     | B ^ -> Y ^     | AND2x6_ASAP7_75t_SL    | 27.900 | 101.500 |   -0.800 | 
     | FE_OCPC512_n_880                 | A ^ -> Y ^     | BUFx12f_ASAP7_75t_SL   | 29.400 | 130.900 |   28.600 | 
     | g18137__7114                     | B2 ^ -> Y v    | AOI22x1_ASAP7_75t_SL   | 14.700 | 145.600 |   43.300 | 
     | FE_RC_247_0                      | A v -> Y ^     | INVx2_ASAP7_75t_SL     |  6.200 | 151.800 |   49.500 | 
     | FE_RC_2660_0                     | A ^ -> Y v     | NOR3xp33_ASAP7_75t_SL  |  6.900 | 158.700 |   56.400 | 
     | FE_RC_2259_0                     | B v -> Y ^     | NAND3xp33_ASAP7_75t_SL | 10.300 | 169.000 |   66.700 | 
     | FE_OCPC576_FE_OFN216_read_data_1 | A ^ -> Y ^     | BUFx3_ASAP7_75t_SL     | 17.300 | 186.300 |   84.000 | 
     |                                  | read_data[1] ^ |                        | 16.000 | 202.300 |  100.000 | 
     +----------------------------------------------------------------------------------------------------------+ 

