###############################################################
#  Generated by:      Cadence Innovus 21.13-s100_1
#  OS:                Linux x86_64(Host ID ic22)
#  Generated on:      Thu Mar  6 20:20:56 2025
#  Design:            sha256
#  Command:           report_timing > ../timing_0.8_200.rpt
###############################################################
Path 1: VIOLATED Late External Delay Assertion 
Endpoint:   read_data[9] (v) checked with  leading edge of 'clk'
Beginpoint: address[7]   (^) triggered by  leading edge of 'clk'
Path Groups: {clk}
Analysis View: view_tc
Other End Arrival Time          0.000
- External Delay              300.000
+ Phase Shift                 200.000
= Required Time               -100.000
- Arrival Time                194.900
= Slack Time                  -294.900
     Clock Rise Edge                      0.000
     + Input Delay                        1.000
     = Beginpoint Arrival Time            1.000
     +-----------------------------------------------------------------------------------------+ 
     |    Instance     |      Arc       |          Cell          |  Delay | Arrival | Required | 
     |                 |                |                        |        |  Time   |   Time   | 
     |-----------------+----------------+------------------------+--------+---------+----------| 
     |                 | address[7] ^   |                        |        |   1.000 | -293.900 | 
     | FE_RC_578_0     | A ^ -> Y ^     | OR2x2_ASAP7_75t_SL     | 16.200 |  17.200 | -277.700 | 
     | FE_RC_576_0_dup | B ^ -> Y ^     | OR3x2_ASAP7_75t_SL     | 17.500 |  34.700 | -260.200 | 
     | g18401__1857    | B ^ -> Y v     | NOR2x2_ASAP7_75t_SL    | 16.700 |  51.400 | -243.500 | 
     | FE_RC_568_0     | A v -> Y v     | AND2x6_ASAP7_75t_SL    | 28.900 |  80.300 | -214.600 | 
     | FE_RC_765_0     | B1 v -> Y ^    | AOI22xp5_ASAP7_75t_SL  | 37.400 | 117.700 | -177.200 | 
     | FE_RC_626_0     | B ^ -> Y ^     | AND2x2_ASAP7_75t_SL    | 16.100 | 133.800 | -161.100 | 
     | FE_RC_581_0     | A ^ -> Y ^     | AND4x1_ASAP7_75t_SL    | 22.300 | 156.100 | -138.800 | 
     | FE_RC_292_0     | B ^ -> Y ^     | AND2x4_ASAP7_75t_SL    | 15.200 | 171.300 | -123.600 | 
     | FE_RC_291_0     | A ^ -> Y v     | NAND4xp75_ASAP7_75t_SL | 17.500 | 188.800 | -106.100 | 
     |                 | read_data[9] v |                        |  6.100 | 194.900 | -100.000 | 
     +-----------------------------------------------------------------------------------------+ 

