###############################################################
#  Generated by:      Cadence Innovus 21.13-s100_1
#  OS:                Linux x86_64(Host ID ic21)
#  Generated on:      Tue Mar 11 14:31:37 2025
#  Design:            sha256
#  Command:           report_timing > ../timing_0.6_499.rpt
###############################################################
Path 1: VIOLATED Setup Check with Pin core_a_reg_reg[29]/CLK 
Endpoint:   core_a_reg_reg[29]/D                (^) checked with  leading edge 
of 'clk'
Beginpoint: core_w_mem_inst_w_mem_reg[1][23]/QN (v) triggered by  leading edge 
of 'clk'
Path Groups: {clk}
Analysis View: view_tc
Other End Arrival Time          0.000
- Setup                        14.178
+ Phase Shift                 499.000
= Required Time               484.822
- Arrival Time                488.000
= Slack Time                   -3.178
     Clock Rise Edge                 0.000
     + Clock Network Latency (Ideal) 0.000
     = Beginpoint Arrival Time       0.000
     +----------------------------------------------------------------------------------------------------------------------------+ 
     |                     Instance                      |      Arc      |           Cell           |  Delay | Arrival | Required | 
     |                                                   |               |                          |        |  Time   |   Time   | 
     |---------------------------------------------------+---------------+--------------------------+--------+---------+----------| 
     | core_w_mem_inst_w_mem_reg[1][23]                  | CLK ^         |                          |        |   0.000 |   -3.178 | 
     | core_w_mem_inst_w_mem_reg[1][23]                  | CLK ^ -> QN v | DFFASRHQNx1_ASAP7_75t_SL | 35.100 |  35.100 |   31.922 | 
     | FE_OFC213_core_w_mem_inst_w_mem_1__23             | A v -> Y v    | BUFx6f_ASAP7_75t_SL      | 15.600 |  50.700 |   47.522 | 
     | FE_RC_331_0                                       | B v -> Y v    | XNOR2x1_ASAP7_75t_SL     | 23.000 |  73.700 |   70.522 | 
     | core_g67631_dup                                   | B v -> Y v    | XNOR2x1_ASAP7_75t_SL     | 18.200 |  91.900 |   88.722 | 
     | g30                                               | B v -> Y v    | XNOR2x1_ASAP7_75t_SL     | 18.800 | 110.700 |  107.522 | 
     | g29                                               | A v -> Y v    | XNOR2x1_ASAP7_75t_SL     | 17.200 | 127.900 |  124.722 | 
     | core_w_mem_inst_csa_tree_add_205_29_groupi_g67857 | A v -> Y v    | XNOR2x1_ASAP7_75t_SL     | 20.400 | 148.300 |  145.122 | 
     | core_w_mem_inst_csa_tree_add_205_29_groupi_g67747 | B v -> Y v    | AND2x4_ASAP7_75t_SL      | 17.800 | 166.100 |  162.922 | 
     | g68800_dup                                        | B v -> Y ^    | NOR2x1p5_ASAP7_75t_SL    |  6.600 | 172.700 |  169.522 | 
     | FE_RC_408_0                                       | B ^ -> Y ^    | AND3x1_ASAP7_75t_SL      | 15.400 | 188.100 |  184.922 | 
     | FE_RC_385_0                                       | B ^ -> Y ^    | OR2x2_ASAP7_75t_SL       | 14.900 | 203.000 |  199.822 | 
     | FE_RC_91_0                                        | B ^ -> Y v    | NAND2x1p5_ASAP7_75t_SL   |  8.600 | 211.600 |  208.422 | 
     | g377_dup                                          | A v -> Y v    | AND2x4_ASAP7_75t_SL      | 17.300 | 228.900 |  225.722 | 
     | FE_RC_37_0                                        | A2 v -> Y ^   | OAI21x1_ASAP7_75t_SL     | 11.100 | 240.000 |  236.822 | 
     | FE_RC_38_0                                        | A ^ -> Y v    | INVx2_ASAP7_75t_SL       |  7.900 | 247.900 |  244.722 | 
     | g24                                               | A2 v -> Y v   | OA21x2_ASAP7_75t_SL      | 20.400 | 268.300 |  265.122 | 
     | FE_RC_349_0                                       | A2 v -> Y ^   | OAI21x1_ASAP7_75t_SL     | 10.700 | 279.000 |  275.822 | 
     | g43_dup                                           | B ^ -> Y ^    | AO21x2_ASAP7_75t_SL      | 15.800 | 294.800 |  291.622 | 
     | FE_RC_450_0                                       | A ^ -> Y v    | XOR2x2_ASAP7_75t_SL      | 24.000 | 318.800 |  315.622 | 
     | g68766                                            | A v -> Y ^    | XOR2x2_ASAP7_75t_SL      | 25.800 | 344.600 |  341.422 | 
     | FE_RC_588_0                                       | A ^ -> Y ^    | AND2x2_ASAP7_75t_SL      | 13.100 | 357.700 |  354.522 | 
     | FE_RC_587_0                                       | A1 ^ -> Y v   | OAI21xp5_ASAP7_75t_SL    |  7.900 | 365.600 |  362.422 | 
     | FE_RC_732_0                                       | A2 v -> Y v   | AO21x1_ASAP7_75t_SL      | 20.100 | 385.700 |  382.522 | 
     | fopt68237                                         | A v -> Y ^    | INVx2_ASAP7_75t_SL       | 12.100 | 397.800 |  394.622 | 
     | FE_RC_330_0                                       | C ^ -> Y v    | NOR3x2_ASAP7_75t_SL      | 14.300 | 412.100 |  408.922 | 
     | g18                                               | A1 v -> Y v   | AO21x2_ASAP7_75t_SL      | 20.700 | 432.800 |  429.622 | 
     | FE_RC_804_0                                       | A v -> Y v    | AND2x4_ASAP7_75t_SL      | 14.200 | 447.000 |  443.822 | 
     | FE_RC_586_0                                       | A1 v -> Y ^   | OAI21x1_ASAP7_75t_SL     |  8.000 | 455.000 |  451.822 | 
     | FE_RC_585_0                                       | B ^ -> Y ^    | OA21x2_ASAP7_75t_SL      | 16.200 | 471.200 |  468.022 | 
     | FE_RC_562_0                                       | A ^ -> Y v    | NAND2xp5_ASAP7_75t_SL    |  8.400 | 479.600 |  476.422 | 
     | FE_RC_574_0                                       | A2 v -> Y ^   | AOI21x1_ASAP7_75t_SL     |  8.400 | 488.000 |  484.822 | 
     | core_a_reg_reg[29]                                | D ^           | DFFASRHQNx1_ASAP7_75t_SL |  0.000 | 488.000 |  484.822 | 
     +----------------------------------------------------------------------------------------------------------------------------+ 

