###############################################################
#  Generated by:      Cadence Innovus 21.13-s100_1
#  OS:                Linux x86_64(Host ID ic21)
#  Generated on:      Mon Mar 10 16:44:14 2025
#  Design:            sha256
#  Command:           report_timing > ../timing_0.7_430.rpt
###############################################################
Path 1: VIOLATED Late External Delay Assertion 
Endpoint:   read_data[6] (^) checked with  leading edge of 'clk'
Beginpoint: cs           (^) triggered by  leading edge of 'clk'
Path Groups: {clk}
Analysis View: view_tc
Other End Arrival Time          0.000
- External Delay              300.000
+ Phase Shift                 430.000
= Required Time               130.000
- Arrival Time                167.900
= Slack Time                  -37.900
     Clock Rise Edge                      0.000
     + Input Delay                        1.000
     = Beginpoint Arrival Time            1.000
     +------------------------------------------------------------------------------------------+ 
     |     Instance     |      Arc       |          Cell          |  Delay | Arrival | Required | 
     |                  |                |                        |        |  Time   |   Time   | 
     |------------------+----------------+------------------------+--------+---------+----------| 
     |                  | cs ^           |                        |        |   1.000 |  -36.900 | 
     | g7669            | A ^ -> Y v     | INVx11_ASAP7_75t_SL    |  5.200 |   6.200 |  -31.700 | 
     | FE_RC_1112_0_dup | A v -> Y v     | OR3x1_ASAP7_75t_SL     | 22.300 |  28.500 |   -9.400 | 
     | FE_RC_1111_0_dup | A v -> Y v     | OR3x2_ASAP7_75t_SL     | 22.500 |  51.000 |   13.100 | 
     | g18401__1857     | B v -> Y ^     | NOR2x1p5_ASAP7_75t_SL  | 11.400 |  62.400 |   24.500 | 
     | g18382__6877_dup | B ^ -> Y ^     | AND2x6_ASAP7_75t_SL    | 27.000 |  89.400 |   51.500 | 
     | FE_RC_1364_0     | B1 ^ -> Y v    | AOI22x1_ASAP7_75t_SL   | 32.100 | 121.500 |   83.600 | 
     | FE_RC_1911_0     | B v -> Y ^     | NAND2x1p5_ASAP7_75t_SL | 10.500 | 132.000 |   94.100 | 
     | FE_RC_1910_0     | A ^ -> Y v     | NOR3xp33_ASAP7_75t_SL  | 13.700 | 145.700 |  107.800 | 
     | FE_RC_1908_0     | D v -> Y ^     | NAND4xp75_ASAP7_75t_SL | 18.300 | 164.000 |  126.100 | 
     |                  | read_data[6] ^ |                        |  3.900 | 167.900 |  130.000 | 
     +------------------------------------------------------------------------------------------+ 

