###############################################################
#  Generated by:      Cadence Innovus 21.13-s100_1
#  OS:                Linux x86_64(Host ID ic21)
#  Generated on:      Mon Mar 10 21:00:42 2025
#  Design:            sha256
#  Command:           report_timing > ../timing_0.6_440.rpt
###############################################################
Path 1: VIOLATED Late External Delay Assertion 
Endpoint:   read_data[20] (v) checked with  leading edge of 'clk'
Beginpoint: cs            (v) triggered by  leading edge of 'clk'
Path Groups: {clk}
Analysis View: view_tc
Other End Arrival Time          0.000
- External Delay              300.000
+ Phase Shift                 440.000
= Required Time               140.000
- Arrival Time                171.200
= Slack Time                  -31.200
     Clock Rise Edge                      0.000
     + Input Delay                        1.000
     = Beginpoint Arrival Time            1.000
     +---------------------------------------------------------------------------------------+ 
     |   Instance   |       Arc       |          Cell          |  Delay | Arrival | Required | 
     |              |                 |                        |        |  Time   |   Time   | 
     |--------------+-----------------+------------------------+--------+---------+----------| 
     |              | cs v            |                        |        |   1.000 |  -30.200 | 
     | FE_RC_727_0  | A v -> Y ^      | INVx8_ASAP7_75t_SL     |  5.600 |   6.600 |  -24.600 | 
     | FE_RC_2130_0 | B ^ -> Y v      | NOR2x1p5_ASAP7_75t_SL  |  6.200 |  12.800 |  -18.400 | 
     | FE_RC_2129_0 | A v -> Y ^      | NAND4xp75_ASAP7_75t_SL | 10.900 |  23.700 |   -7.500 | 
     | g18421__5703 | B ^ -> Y ^      | OR2x6_ASAP7_75t_SL     | 27.300 |  51.000 |   19.800 | 
     | FE_RC_1607_0 | A ^ -> Y v      | NOR2x2_ASAP7_75t_SL    | 14.400 |  65.400 |   34.200 | 
     | g18377__1474 | B v -> Y v      | AND2x6_ASAP7_75t_SL    | 25.600 |  91.000 |   59.800 | 
     | FE_RC_1965_0 | B2 v -> Y ^     | AOI221xp5_ASAP7_75t_SL | 35.500 | 126.500 |   95.300 | 
     | FE_RC_907_0  | B ^ -> Y ^      | AND2x2_ASAP7_75t_SL    | 20.400 | 146.900 |  115.700 | 
     | FE_RC_2186_0 | A ^ -> Y v      | NAND4xp75_ASAP7_75t_SL | 19.700 | 166.600 |  135.400 | 
     |              | read_data[20] v |                        |  4.600 | 171.200 |  140.000 | 
     +---------------------------------------------------------------------------------------+ 

