###############################################################
#  Generated by:      Cadence Innovus 21.13-s100_1
#  OS:                Linux x86_64(Host ID ic21)
#  Generated on:      Tue Mar  4 21:05:46 2025
#  Design:            sha256
#  Command:           report_timing > ../timing_0.4_200.rpt
###############################################################
Path 1: VIOLATED Late External Delay Assertion 
Endpoint:   read_data[22] (^) checked with  leading edge of 'clk'
Beginpoint: cs            (^) triggered by  leading edge of 'clk'
Path Groups: {clk}
Analysis View: view_tc
Other End Arrival Time          0.000
- External Delay              300.000
+ Phase Shift                 200.000
= Required Time               -100.000
- Arrival Time                166.700
= Slack Time                  -266.700
     Clock Rise Edge                      0.000
     + Input Delay                        1.000
     = Beginpoint Arrival Time            1.000
     +---------------------------------------------------------------------------------------+ 
     |   Instance   |       Arc       |          Cell          |  Delay | Arrival | Required | 
     |              |                 |                        |        |  Time   |   Time   | 
     |--------------+-----------------+------------------------+--------+---------+----------| 
     |              | cs ^            |                        |        |   1.000 | -265.700 | 
     | g7669_dup    | A ^ -> Y v      | INVx11_ASAP7_75t_SL    |  5.000 |   6.000 | -260.700 | 
     | FE_RC_2412_0 | A v -> Y v      | OR3x2_ASAP7_75t_SL     | 28.800 |  34.800 | -231.900 | 
     | FE_RC_3040_0 | A v -> Y ^      | NOR4xp75_ASAP7_75t_SL  | 21.600 |  56.400 | -210.300 | 
     | FE_RC_3036_0 | A ^ -> Y ^      | AND2x6_ASAP7_75t_SL    | 27.100 |  83.500 | -183.200 | 
     | FE_RC_674_0  | B1 ^ -> Y v     | AOI22x1_ASAP7_75t_SL   | 30.000 | 113.500 | -153.200 | 
     | FE_RC_3722_0 | A v -> Y v      | AND2x2_ASAP7_75t_SL    | 17.900 | 131.400 | -135.300 | 
     | FE_RC_925_0  | C v -> Y ^      | NAND3xp33_ASAP7_75t_SL |  9.400 | 140.800 | -125.900 | 
     | FE_RC_1484_0 | A ^ -> Y ^      | OR3x2_ASAP7_75t_SL     | 18.700 | 159.500 | -107.200 | 
     |              | read_data[22] ^ |                        |  7.200 | 166.700 | -100.000 | 
     +---------------------------------------------------------------------------------------+ 

