###############################################################
#  Generated by:      Cadence Innovus 21.13-s100_1
#  OS:                Linux x86_64(Host ID ic21)
#  Generated on:      Sun Mar  9 19:25:52 2025
#  Design:            sha256
#  Command:           report_timing > ../timing_0.9_700.rpt
###############################################################
Path 1: MET Setup Check with Pin core_a_reg_reg[29]/CLK 
Endpoint:   core_a_reg_reg[29]/D     (^) checked with  leading edge of 'clk'
Beginpoint: core_t_ctr_reg_reg[0]/QN (^) triggered by  leading edge of 'clk'
Path Groups: {clk}
Analysis View: view_tc
Other End Arrival Time          0.000
- Setup                        17.037
+ Phase Shift                 700.000
= Required Time               682.963
- Arrival Time                640.100
= Slack Time                   42.863
     Clock Rise Edge                 0.000
     + Clock Network Latency (Ideal) 0.000
     = Beginpoint Arrival Time       0.000
     +--------------------------------------------------------------------------------------------------------------------------+ 
     |                    Instance                     |      Arc      |           Cell           |  Delay | Arrival | Required | 
     |                                                 |               |                          |        |  Time   |   Time   | 
     |-------------------------------------------------+---------------+--------------------------+--------+---------+----------| 
     | core_t_ctr_reg_reg[0]                           | CLK ^         |                          |        |  -0.000 |   42.863 | 
     | core_t_ctr_reg_reg[0]                           | CLK ^ -> QN ^ | DFFASRHQNx1_ASAP7_75t_SL | 80.000 |  80.000 |  122.863 | 
     | g68829                                          | A ^ -> Y v    | INVx2_ASAP7_75t_SL       | 39.200 | 119.200 |  162.063 | 
     | core_g49833                                     | A v -> Y v    | AND2x2_ASAP7_75t_SL      | 39.600 | 158.800 |  201.663 | 
     | core_g67389                                     | B v -> Y v    | AND2x2_ASAP7_75t_SL      | 25.400 | 184.200 |  227.063 | 
     | core_g49504                                     | B v -> Y v    | AND2x2_ASAP7_75t_SL      | 49.700 | 233.900 |  276.763 | 
     | g1293                                           | A2 v -> Y ^   | AOI22xp33_ASAP7_75t_SL   | 37.400 | 271.300 |  314.163 | 
     | g1283                                           | B ^ -> Y ^    | AND4x1_ASAP7_75t_SL      | 22.400 | 293.700 |  336.563 | 
     | g1281                                           | D ^ -> Y ^    | AND5x1_ASAP7_75t_SL      | 27.800 | 321.500 |  364.363 | 
     | g1280                                           | B ^ -> Y v    | OAI21xp5_ASAP7_75t_SL    | 11.000 | 332.500 |  375.363 | 
     | g68328                                          | B v -> Y ^    | AOI21x1_ASAP7_75t_SL     | 18.200 | 350.700 |  393.563 | 
     | g1277                                           | B ^ -> Y ^    | XNOR2xp5_ASAP7_75t_SL    | 20.600 | 371.300 |  414.163 | 
     | core_csa_tree_add_337_39_g6472                  | A ^ -> Y ^    | XOR2xp5_ASAP7_75t_SL     | 33.300 | 404.600 |  447.463 | 
     | core_csa_tree_add_422_23_groupi_g5892           | A ^ -> Y ^    | XOR2xp5_ASAP7_75t_SL     | 23.000 | 427.600 |  470.463 | 
     | core_csa_tree_add_422_23_groupi_g67866          | B ^ -> Y ^    | AND2x2_ASAP7_75t_SL      | 17.600 | 445.200 |  488.063 | 
     | core_csa_tree_add_422_23_groupi_g67659_dup68826 | B ^ -> Y v    | AOI21x1_ASAP7_75t_SL     |  9.800 | 455.000 |  497.863 | 
     | core_csa_tree_add_422_23_groupi_g67869          | A v -> Y v    | MAJx2_ASAP7_75t_SL       | 20.900 | 475.900 |  518.763 | 
     | core_csa_tree_add_422_23_groupi_g5748_dup       | A1 v -> Y ^   | OAI21xp5_ASAP7_75t_SL    | 15.200 | 491.100 |  533.963 | 
     | core_csa_tree_add_422_23_groupi_g67448          | A1 ^ -> Y ^   | AO21x1_ASAP7_75t_SL      | 16.200 | 507.300 |  550.163 | 
     | core_csa_tree_add_422_23_groupi_g67451          | A2 ^ -> Y ^   | AO21x1_ASAP7_75t_SL      | 20.700 | 528.000 |  570.863 | 
     | g68244                                          | B ^ -> Y ^    | AND2x2_ASAP7_75t_SL      | 16.100 | 544.100 |  586.963 | 
     | g68242                                          | A2 ^ -> Y v   | AOI22xp5_ASAP7_75t_SL    | 10.900 | 555.000 |  597.863 | 
     | g96                                             | B v -> Y v    | AND2x4_ASAP7_75t_SL      | 17.900 | 572.900 |  615.763 | 
     | core_csa_tree_add_422_23_groupi_g5726           | B v -> Y ^    | NOR2x1p5_ASAP7_75t_SL    | 16.100 | 589.000 |  631.863 | 
     | core_csa_tree_add_422_23_groupi_g67478          | B ^ -> Y v    | NAND2x1p5_ASAP7_75t_SL   |  9.000 | 598.000 |  640.863 | 
     | core_csa_tree_add_422_23_groupi_g5703           | A2 v -> Y v   | OA21x2_ASAP7_75t_SL      | 17.300 | 615.300 |  658.163 | 
     | core_csa_tree_add_422_23_groupi_g5688           | A v -> Y v    | XNOR2xp5_ASAP7_75t_SL    | 14.700 | 630.000 |  672.863 | 
     | core_g63497                                     | A1 v -> Y ^   | AOI21xp5_ASAP7_75t_SL    | 10.000 | 640.000 |  682.863 | 
     | core_a_reg_reg[29]                              | D ^           | DFFASRHQNx1_ASAP7_75t_SL |  0.100 | 640.100 |  682.963 | 
     +--------------------------------------------------------------------------------------------------------------------------+ 

