###############################################################
#  Generated by:      Cadence Innovus 21.13-s100_1
#  OS:                Linux x86_64(Host ID ic22)
#  Generated on:      Thu Mar  6 19:45:45 2025
#  Design:            sha256
#  Command:           report_timing > ../timing_0.8_400.rpt
###############################################################
Path 1: VIOLATED Late External Delay Assertion 
Endpoint:   read_data[31] (^) checked with  leading edge of 'clk'
Beginpoint: address[5]    (v) triggered by  leading edge of 'clk'
Path Groups: {clk}
Analysis View: view_tc
Other End Arrival Time          0.000
- External Delay              300.000
+ Phase Shift                 400.000
= Required Time               100.000
- Arrival Time                167.800
= Slack Time                  -67.800
     Clock Rise Edge                      0.000
     + Input Delay                        1.000
     = Beginpoint Arrival Time            1.000
     +-----------------------------------------------------------------------------------------------+ 
     |       Instance       |       Arc       |          Cell          |  Delay | Arrival | Required | 
     |                      |                 |                        |        |  Time   |   Time   | 
     |----------------------+-----------------+------------------------+--------+---------+----------| 
     |                      | address[5] v    |                        |        |   1.000 |  -66.800 | 
     | FE_RC_247_0          | E v -> Y v      | OR5x1_ASAP7_75t_SL     | 37.900 |  38.900 |  -28.900 | 
     | FE_RC_1209_0         | A v -> Y v      | OR2x2_ASAP7_75t_SL     | 19.500 |  58.400 |   -9.400 | 
     | FE_RC_1014_0_dup     | A v -> Y ^      | NOR2x2_ASAP7_75t_SL    | 12.400 |  70.800 |    3.000 | 
     | g18381__1309_dup     | B ^ -> Y ^      | AND2x6_ASAP7_75t_SL    | 27.000 |  97.800 |   30.000 | 
     | FE_OCPC558_n_878_dup | A ^ -> Y ^      | BUFx6f_ASAP7_75t_SL    | 29.900 | 127.700 |   59.900 | 
     | g18176__8780         | A2 ^ -> Y v     | AOI22x1_ASAP7_75t_SL   |  7.900 | 135.600 |   67.800 | 
     | FE_RC_229_0          | B v -> Y v      | AND3x2_ASAP7_75t_SL    | 18.400 | 154.000 |   86.200 | 
     | FE_RC_228_0          | A v -> Y ^      | NAND4xp75_ASAP7_75t_SL | 13.400 | 167.400 |   99.600 | 
     |                      | read_data[31] ^ |                        |  0.400 | 167.800 |  100.000 | 
     +-----------------------------------------------------------------------------------------------+ 

