###############################################################
#  Generated by:      Cadence Innovus 21.13-s100_1
#  OS:                Linux x86_64(Host ID ic21)
#  Generated on:      Sun Mar  9 19:09:24 2025
#  Design:            sha256
#  Command:           report_timing > ../timing_0.8_700.rpt
###############################################################
Path 1: MET Setup Check with Pin core_a_reg_reg[27]/CLK 
Endpoint:   core_a_reg_reg[27]/D     (^) checked with  leading edge of 'clk'
Beginpoint: core_t_ctr_reg_reg[0]/QN (^) triggered by  leading edge of 'clk'
Path Groups: {clk}
Analysis View: view_tc
Other End Arrival Time          0.000
- Setup                        17.078
+ Phase Shift                 700.000
= Required Time               682.922
- Arrival Time                645.200
= Slack Time                   37.722
     Clock Rise Edge                 0.000
     + Clock Network Latency (Ideal) 0.000
     = Beginpoint Arrival Time       0.000
     +--------------------------------------------------------------------------------------------------------------------------+ 
     |                    Instance                     |      Arc      |           Cell           |  Delay | Arrival | Required | 
     |                                                 |               |                          |        |  Time   |   Time   | 
     |-------------------------------------------------+---------------+--------------------------+--------+---------+----------| 
     | core_t_ctr_reg_reg[0]                           | CLK ^         |                          |        |   0.000 |   37.722 | 
     | core_t_ctr_reg_reg[0]                           | CLK ^ -> QN ^ | DFFASRHQNx1_ASAP7_75t_SL | 80.000 |  80.000 |  117.722 | 
     | g68829                                          | A ^ -> Y v    | INVx2_ASAP7_75t_SL       | 36.600 | 116.600 |  154.322 | 
     | core_g49833                                     | A v -> Y v    | AND2x2_ASAP7_75t_SL      | 38.600 | 155.200 |  192.922 | 
     | core_g67389                                     | B v -> Y v    | AND2x2_ASAP7_75t_SL      | 25.400 | 180.600 |  218.322 | 
     | core_g49504                                     | B v -> Y v    | AND2x2_ASAP7_75t_SL      | 37.200 | 217.800 |  255.522 | 
     | g1293                                           | A2 v -> Y ^   | AOI22xp33_ASAP7_75t_SL   | 51.300 | 269.100 |  306.822 | 
     | g1283                                           | B ^ -> Y ^    | AND4x1_ASAP7_75t_SL      | 23.700 | 292.800 |  330.522 | 
     | g1281                                           | D ^ -> Y ^    | AND5x1_ASAP7_75t_SL      | 22.100 | 314.900 |  352.622 | 
     | g1280                                           | B ^ -> Y v    | OAI21xp5_ASAP7_75t_SL    |  8.600 | 323.500 |  361.222 | 
     | g68328                                          | B v -> Y ^    | AOI21xp5_ASAP7_75t_SL    | 29.400 | 352.900 |  390.622 | 
     | g1277                                           | B ^ -> Y ^    | XNOR2xp5_ASAP7_75t_SL    | 21.400 | 374.300 |  412.022 | 
     | core_csa_tree_add_337_39_g6472                  | A ^ -> Y ^    | XOR2xp5_ASAP7_75t_SL     | 33.400 | 407.700 |  445.422 | 
     | core_csa_tree_add_422_23_groupi_g5892           | A ^ -> Y v    | XOR2xp5_ASAP7_75t_SL     | 12.400 | 420.100 |  457.822 | 
     | core_csa_tree_add_422_23_groupi_g67865          | B v -> Y v    | OR2x2_ASAP7_75t_SL       | 20.400 | 440.500 |  478.222 | 
     | core_csa_tree_add_422_23_groupi_g67659_dup68826 | A2 v -> Y ^   | AOI21x1_ASAP7_75t_SL     | 12.100 | 452.600 |  490.322 | 
     | core_csa_tree_add_422_23_groupi_g67869          | A ^ -> Y ^    | MAJx2_ASAP7_75t_SL       | 19.600 | 472.200 |  509.922 | 
     | core_csa_tree_add_422_23_groupi_g67428          | A1 ^ -> Y v   | OAI21xp5_ASAP7_75t_SL    | 13.800 | 486.000 |  523.722 | 
     | core_csa_tree_add_422_23_groupi_g67448          | A1 v -> Y v   | AO21x1_ASAP7_75t_SL      | 20.700 | 506.700 |  544.422 | 
     | core_csa_tree_add_422_23_groupi_g67451          | A2 v -> Y v   | AO21x1_ASAP7_75t_SL      | 21.200 | 527.900 |  565.622 | 
     | g68244                                          | B v -> Y v    | AND2x2_ASAP7_75t_SL      | 18.100 | 546.000 |  583.722 | 
     | FE_RC_0_0                                       | A2 v -> Y ^   | AOI22x1_ASAP7_75t_SL     | 10.200 | 556.200 |  593.922 | 
     | g96                                             | B ^ -> Y ^    | AND2x4_ASAP7_75t_SL      | 17.300 | 573.500 |  611.222 | 
     | core_csa_tree_add_422_23_groupi_g5726           | B ^ -> Y v    | NOR2x1p5_ASAP7_75t_SL    | 13.200 | 586.700 |  624.422 | 
     | core_csa_tree_add_422_23_groupi_g67384          | A v -> Y ^    | NOR2x1_ASAP7_75t_SL      | 17.300 | 604.000 |  641.722 | 
     | core_csa_tree_add_422_23_groupi_g5697           | A1 ^ -> Y v   | OAI21xp5_ASAP7_75t_SL    | 13.000 | 617.000 |  654.722 | 
     | core_csa_tree_add_422_23_groupi_g5689           | A v -> Y v    | XNOR2xp5_ASAP7_75t_SL    | 18.600 | 635.600 |  673.322 | 
     | core_g63498                                     | A1 v -> Y ^   | AOI21xp5_ASAP7_75t_SL    |  9.600 | 645.200 |  682.922 | 
     | core_a_reg_reg[27]                              | D ^           | DFFASRHQNx1_ASAP7_75t_SL |  0.000 | 645.200 |  682.922 | 
     +--------------------------------------------------------------------------------------------------------------------------+ 

