###############################################################
#  Generated by:      Cadence Innovus 21.13-s100_1
#  OS:                Linux x86_64(Host ID ic22)
#  Generated on:      Thu Mar  6 18:23:25 2025
#  Design:            sha256
#  Command:           report_timing > ../timing_0.7_1100.rpt
###############################################################
Path 1: MET Setup Check with Pin core_a_reg_reg[26]/CLK 
Endpoint:   core_a_reg_reg[26]/D     (^) checked with  leading edge of 'clk'
Beginpoint: core_t_ctr_reg_reg[4]/QN (^) triggered by  leading edge of 'clk'
Path Groups: {clk}
Analysis View: view_tc
Other End Arrival Time          0.000
- Setup                        17.906
+ Phase Shift                 1100.000
= Required Time               1082.094
- Arrival Time                836.400
= Slack Time                  245.695
     Clock Rise Edge                 0.000
     + Clock Network Latency (Ideal) 0.000
     = Beginpoint Arrival Time       0.000
     +---------------------------------------------------------------------------------------------------------------------+ 
     |                 Instance                  |      Arc      |           Cell           |  Delay  | Arrival | Required | 
     |                                           |               |                          |         |  Time   |   Time   | 
     |-------------------------------------------+---------------+--------------------------+---------+---------+----------| 
     | core_t_ctr_reg_reg[4]                     | CLK ^         |                          |         |   0.000 |  245.695 | 
     | core_t_ctr_reg_reg[4]                     | CLK ^ -> QN ^ | DFFASRHQNx1_ASAP7_75t_SL |  83.900 |  83.900 |  329.595 | 
     | g664                                      | A ^ -> Y v    | INVx1_ASAP7_75t_SL       |  51.100 | 135.000 |  380.695 | 
     | g68527                                    | A v -> Y v    | AND2x2_ASAP7_75t_SL      |  55.300 | 190.300 |  435.995 | 
     | core_g67418                               | B v -> Y v    | AND2x2_ASAP7_75t_SL      |  36.300 | 226.600 |  472.295 | 
     | core_g49588_dup68961                      | B v -> Y v    | AND2x2_ASAP7_75t_SL      |  28.200 | 254.800 |  500.495 | 
     | FE_OFC110_n_5211                          | A v -> Y v    | HB1xp67_ASAP7_75t_L      | 120.500 | 375.300 |  620.995 | 
     | core_g67407                               | B2 v -> Y ^   | AOI22xp5_ASAP7_75t_SL    |  56.600 | 431.900 |  677.595 | 
     | core_g48947                               | B ^ -> Y ^    | AND4x1_ASAP7_75t_SL      |  24.700 | 456.600 |  702.295 | 
     | core_g48888                               | A ^ -> Y v    | NAND5xp2_ASAP7_75t_SL    |  22.700 | 479.300 |  724.995 | 
     | core_g48863                               | B v -> Y v    | AO21x1_ASAP7_75t_SL      |  29.800 | 509.100 |  754.795 | 
     | core_csa_tree_add_337_39_g6536            | A v -> Y v    | XNOR2xp5_ASAP7_75t_SL    |  26.000 | 535.100 |  780.795 | 
     | core_csa_tree_add_337_39_g6470            | A v -> Y v    | XOR2xp5_ASAP7_75t_SL     |  24.200 | 559.300 |  804.995 | 
     | g506                                      | A v -> Y v    | XNOR2xp5_ASAP7_75t_SL    |  32.100 | 591.400 |  837.095 | 
     | g487                                      | A v -> Y v    | XNOR2xp5_ASAP7_75t_SL    |  21.500 | 612.900 |  858.595 | 
     | core_csa_tree_add_422_23_groupi_g67426    | B v -> Y ^    | NAND2xp5_ASAP7_75t_SL    |  13.200 | 626.100 |  871.795 | 
     | core_csa_tree_add_422_23_groupi_g5748_dup | B ^ -> Y v    | OAI21xp5_ASAP7_75t_SL    |  13.300 | 639.400 |  885.095 | 
     | core_csa_tree_add_422_23_groupi_g67448    | A1 v -> Y v   | AO21x1_ASAP7_75t_SL      |  20.900 | 660.300 |  905.995 | 
     | core_csa_tree_add_422_23_groupi_g67451    | A2 v -> Y v   | AO21x1_ASAP7_75t_SL      |  21.400 | 681.700 |  927.395 | 
     | g68244                                    | B v -> Y v    | AND2x2_ASAP7_75t_SL      |  16.900 | 698.600 |  944.295 | 
     | g68242                                    | A2 v -> Y ^   | AOI22xp5_ASAP7_75t_SL    |  10.000 | 708.600 |  954.295 | 
     | g96                                       | B ^ -> Y ^    | AND2x2_ASAP7_75t_SL      |  21.400 | 730.000 |  975.695 | 
     | core_csa_tree_add_422_23_groupi_g5726     | B ^ -> Y v    | NOR2xp33_ASAP7_75t_SL    |  21.500 | 751.500 |  997.195 | 
     | core_csa_tree_add_422_23_groupi_g67384    | A v -> Y ^    | NOR2xp33_ASAP7_75t_SL    |  37.400 | 788.900 | 1034.595 | 
     | core_csa_tree_add_422_23_groupi_g5698     | A1 ^ -> Y v   | OAI21xp5_ASAP7_75t_SL    |  16.400 | 805.300 | 1050.995 | 
     | core_csa_tree_add_422_23_groupi_g5690     | A v -> Y v    | XNOR2xp5_ASAP7_75t_SL    |  21.200 | 826.500 | 1072.195 | 
     | core_g64207                               | A1 v -> Y ^   | AOI21xp5_ASAP7_75t_SL    |   9.900 | 836.400 | 1082.094 | 
     | core_a_reg_reg[26]                        | D ^           | DFFASRHQNx1_ASAP7_75t_SL |   0.000 | 836.400 | 1082.094 | 
     +---------------------------------------------------------------------------------------------------------------------+ 

