###############################################################
#  Generated by:      Cadence Innovus 21.13-s100_1
#  OS:                Linux x86_64(Host ID ic21)
#  Generated on:      Mon Mar 10 03:06:55 2025
#  Design:            sha256
#  Command:           report_timing > ../timing_0.6_577.rpt
###############################################################
Path 1: VIOLATED Late External Delay Assertion 
Endpoint:   read_data[19] (^) checked with  leading edge of 'clk'
Beginpoint: cs            (^) triggered by  leading edge of 'clk'
Path Groups: {clk}
Analysis View: view_tc
Other End Arrival Time          0.000
- External Delay              300.000
+ Phase Shift                 577.000
= Required Time               277.000
- Arrival Time                282.400
= Slack Time                   -5.400
     Clock Rise Edge                      0.000
     + Input Delay                        1.000
     = Beginpoint Arrival Time            1.000
     +---------------------------------------------------------------------------------------+ 
     |   Instance   |       Arc       |          Cell          |  Delay | Arrival | Required | 
     |              |                 |                        |        |  Time   |   Time   | 
     |--------------+-----------------+------------------------+--------+---------+----------| 
     |              | cs ^            |                        |        |   1.000 |   -4.400 | 
     | g7669        | A ^ -> Y v      | INVx1_ASAP7_75t_SL     |  4.500 |   5.500 |    0.100 | 
     | FE_RC_12_0   | A v -> Y v      | OR3x4_ASAP7_75t_SL     | 30.700 |  36.200 |   30.800 | 
     | g18430__5795 | A v -> Y v      | OR3x2_ASAP7_75t_SL     | 32.300 |  68.500 |   63.100 | 
     | g18429       | A v -> Y ^      | INVx2_ASAP7_75t_SL     |  6.100 |  74.600 |   69.200 | 
     | g18425__2250 | A ^ -> Y ^      | AND3x4_ASAP7_75t_SL    | 19.900 |  94.500 |   89.100 | 
     | g18415__7675 | B ^ -> Y ^      | AND2x4_ASAP7_75t_SL    | 24.400 | 118.900 |  113.500 | 
     | g18020__7118 | A2 ^ -> Y v     | AOI221xp5_ASAP7_75t_SL | 90.300 | 209.200 |  203.800 | 
     | g17944__6083 | D v -> Y v      | AND5x1_ASAP7_75t_SL    | 37.500 | 246.700 |  241.300 | 
     | g17901__9682 | A v -> Y ^      | NAND5xp2_ASAP7_75t_SL  | 28.300 | 275.000 |  269.600 | 
     |              | read_data[19] ^ |                        |  7.400 | 282.400 |  277.000 | 
     +---------------------------------------------------------------------------------------+ 

