###############################################################
#  Generated by:      Cadence Innovus 21.13-s100_1
#  OS:                Linux x86_64(Host ID ic22)
#  Generated on:      Thu Mar  6 20:34:47 2025
#  Design:            sha256
#  Command:           report_timing > ../timing_0.9_800.rpt
###############################################################
Path 1: MET Setup Check with Pin core_a_reg_reg[30]/CLK 
Endpoint:   core_a_reg_reg[30]/D     (^) checked with  leading edge of 'clk'
Beginpoint: core_t_ctr_reg_reg[4]/QN (^) triggered by  leading edge of 'clk'
Path Groups: {clk}
Analysis View: view_tc
Other End Arrival Time          0.000
- Setup                        17.160
+ Phase Shift                 800.000
= Required Time               782.840
- Arrival Time                769.400
= Slack Time                   13.440
     Clock Rise Edge                 0.000
     + Clock Network Latency (Ideal) 0.000
     = Beginpoint Arrival Time       0.000
     +---------------------------------------------------------------------------------------------------------------------------+ 
     |                    Instance                     |      Arc      |           Cell           |  Delay  | Arrival | Required | 
     |                                                 |               |                          |         |  Time   |   Time   | 
     |-------------------------------------------------+---------------+--------------------------+---------+---------+----------| 
     | core_t_ctr_reg_reg[4]                           | CLK ^         |                          |         |  -0.000 |   13.440 | 
     | core_t_ctr_reg_reg[4]                           | CLK ^ -> QN ^ | DFFASRHQNx1_ASAP7_75t_SL |  83.300 |  83.300 |   96.740 | 
     | g664                                            | A ^ -> Y v    | INVx1_ASAP7_75t_SL       |  57.700 | 141.000 |  154.440 | 
     | g68527                                          | A v -> Y v    | AND2x2_ASAP7_75t_SL      |  53.500 | 194.500 |  207.940 | 
     | core_g67418                                     | B v -> Y v    | AND2x2_ASAP7_75t_SL      |  38.900 | 233.400 |  246.840 | 
     | core_g49588_dup68961                            | B v -> Y v    | AND2x2_ASAP7_75t_SL      |  37.600 | 271.000 |  284.440 | 
     | core_g67410                                     | B2 v -> Y ^   | AOI22xp5_ASAP7_75t_SL    | 107.800 | 378.800 |  392.240 | 
     | g1281                                           | A ^ -> Y ^    | AND5x1_ASAP7_75t_SL      |  27.000 | 405.800 |  419.240 | 
     | g1280                                           | B ^ -> Y v    | OAI21xp5_ASAP7_75t_SL    |   8.500 | 414.300 |  427.740 | 
     | g68328                                          | B v -> Y ^    | AOI21xp5_ASAP7_75t_SL    |  29.200 | 443.500 |  456.940 | 
     | g1277                                           | B ^ -> Y ^    | XNOR2xp5_ASAP7_75t_SL    |  21.300 | 464.800 |  478.240 | 
     | core_csa_tree_add_337_39_g6472                  | A ^ -> Y ^    | XOR2xp5_ASAP7_75t_SL     |  34.100 | 498.900 |  512.340 | 
     | core_csa_tree_add_422_23_groupi_g5892           | A ^ -> Y ^    | XOR2xp5_ASAP7_75t_SL     |  23.300 | 522.200 |  535.640 | 
     | core_csa_tree_add_422_23_groupi_g67865          | B ^ -> Y ^    | OR2x2_ASAP7_75t_SL       |  16.900 | 539.100 |  552.540 | 
     | core_csa_tree_add_422_23_groupi_g67659_dup68826 | A2 ^ -> Y v   | AOI21xp5_ASAP7_75t_SL    |  13.700 | 552.800 |  566.240 | 
     | core_csa_tree_add_422_23_groupi_g67869          | A v -> Y v    | MAJx2_ASAP7_75t_SL       |  22.900 | 575.700 |  589.140 | 
     | core_csa_tree_add_422_23_groupi_g5748_dup       | A1 v -> Y ^   | OAI21xp5_ASAP7_75t_SL    |  14.800 | 590.500 |  603.940 | 
     | core_csa_tree_add_422_23_groupi_g67448          | A1 ^ -> Y ^   | AO21x1_ASAP7_75t_SL      |  16.000 | 606.500 |  619.940 | 
     | core_csa_tree_add_422_23_groupi_g67451          | A2 ^ -> Y ^   | AO21x1_ASAP7_75t_SL      |  21.100 | 627.600 |  641.040 | 
     | g68244                                          | B ^ -> Y ^    | AND2x2_ASAP7_75t_SL      |  16.300 | 643.900 |  657.340 | 
     | g68242                                          | A2 ^ -> Y v   | AOI22xp5_ASAP7_75t_SL    |   9.000 | 652.900 |  666.340 | 
     | g96                                             | B v -> Y v    | AND2x2_ASAP7_75t_SL      |  20.500 | 673.400 |  686.840 | 
     | core_csa_tree_add_422_23_groupi_g5726           | B v -> Y ^    | NOR2xp33_ASAP7_75t_SL    |  28.300 | 701.700 |  715.140 | 
     | core_csa_tree_add_422_23_groupi_g67478          | B ^ -> Y v    | NAND2xp5_ASAP7_75t_SL    |  19.300 | 721.000 |  734.440 | 
     | core_csa_tree_add_422_23_groupi_g5710           | A2 v -> Y v   | OA21x2_ASAP7_75t_SL      |  21.500 | 742.500 |  755.940 | 
     | core_csa_tree_add_422_23_groupi_g5687           | A v -> Y v    | XNOR2xp5_ASAP7_75t_SL    |  15.900 | 758.400 |  771.840 | 
     | core_g64100                                     | A1 v -> Y ^   | AOI21xp5_ASAP7_75t_SL    |  10.800 | 769.200 |  782.640 | 
     | core_a_reg_reg[30]                              | D ^           | DFFASRHQNx1_ASAP7_75t_SL |   0.200 | 769.400 |  782.840 | 
     +---------------------------------------------------------------------------------------------------------------------------+ 

