###############################################################
#  Generated by:      Cadence Innovus 21.13-s100_1
#  OS:                Linux x86_64(Host ID ic21)
#  Generated on:      Sun Mar  9 18:01:21 2025
#  Design:            sha256
#  Command:           report_timing > ../timing_0.3_900.rpt
###############################################################
Path 1: MET Setup Check with Pin core_a_reg_reg[31]/CLK 
Endpoint:   core_a_reg_reg[31]/D     (^) checked with  leading edge of 'clk'
Beginpoint: core_t_ctr_reg_reg[5]/QN (^) triggered by  leading edge of 'clk'
Path Groups: {clk}
Analysis View: view_tc
Other End Arrival Time          0.000
- Setup                        16.235
+ Phase Shift                 900.000
= Required Time               883.765
- Arrival Time                833.000
= Slack Time                   50.765
     Clock Rise Edge                 0.000
     + Clock Network Latency (Ideal) 0.000
     = Beginpoint Arrival Time       0.000
     +---------------------------------------------------------------------------------------------------------------------+ 
     |                 Instance                  |      Arc      |           Cell           |  Delay  | Arrival | Required | 
     |                                           |               |                          |         |  Time   |   Time   | 
     |-------------------------------------------+---------------+--------------------------+---------+---------+----------| 
     | core_t_ctr_reg_reg[5]                     | CLK ^         |                          |         |  -0.000 |   50.765 | 
     | core_t_ctr_reg_reg[5]                     | CLK ^ -> QN ^ | DFFASRHQNx1_ASAP7_75t_SL |  78.200 |  78.200 |  128.965 | 
     | g657                                      | A ^ -> Y v    | INVx1_ASAP7_75t_SL       |  58.100 | 136.300 |  187.065 | 
     | g68527                                    | B v -> Y v    | AND2x2_ASAP7_75t_SL      |  49.700 | 186.000 |  236.765 | 
     | core_g49701                               | A v -> Y v    | AND2x2_ASAP7_75t_SL      |  38.300 | 224.300 |  275.065 | 
     | core_g49507                               | B v -> Y v    | AND2x2_ASAP7_75t_SL      |  30.600 | 254.900 |  305.665 | 
     | FE_OFC113_core_n_48261                    | A v -> Y v    | HB1xp67_ASAP7_75t_L      | 112.800 | 367.700 |  418.465 | 
     | core_g49164                               | B2 v -> Y ^   | AOI22xp5_ASAP7_75t_SL    |  53.700 | 421.400 |  472.165 | 
     | core_g48949                               | A ^ -> Y ^    | AND4x1_ASAP7_75t_SL      |  25.600 | 447.000 |  497.765 | 
     | core_g48891                               | A ^ -> Y v    | NAND5xp2_ASAP7_75t_SL    |  14.800 | 461.800 |  512.565 | 
     | core_g48865                               | B v -> Y v    | AO21x1_ASAP7_75t_SL      |  26.100 | 487.900 |  538.665 | 
     | g68392                                    | A v -> Y v    | MAJx2_ASAP7_75t_SL       |  31.000 | 518.900 |  569.665 | 
     | core_csa_tree_add_422_23_groupi_g6090     | B v -> Y v    | XNOR2xp5_ASAP7_75t_SL    |  23.900 | 542.800 |  593.565 | 
     | g506                                      | B v -> Y v    | XNOR2xp5_ASAP7_75t_SL    |  26.900 | 569.700 |  620.465 | 
     | g487                                      | A v -> Y v    | XNOR2xp5_ASAP7_75t_SL    |  21.100 | 590.800 |  641.565 | 
     | core_csa_tree_add_422_23_groupi_g67426    | B v -> Y ^    | NAND2xp5_ASAP7_75t_SL    |  13.000 | 603.800 |  654.565 | 
     | core_csa_tree_add_422_23_groupi_g5748_dup | B ^ -> Y v    | OAI21xp5_ASAP7_75t_SL    |  16.000 | 619.800 |  670.565 | 
     | core_csa_tree_add_422_23_groupi_g67448    | A1 v -> Y v   | AO21x1_ASAP7_75t_SL      |  23.800 | 643.600 |  694.365 | 
     | core_csa_tree_add_422_23_groupi_g5741_dup | A2 v -> Y v   | AO21x1_ASAP7_75t_SL      |  21.800 | 665.400 |  716.165 | 
     | g68244                                    | B v -> Y v    | AND2x2_ASAP7_75t_SL      |  15.500 | 680.900 |  731.665 | 
     | g68242                                    | A2 v -> Y ^   | AOI22xp5_ASAP7_75t_SL    |  10.000 | 690.900 |  741.665 | 
     | g96                                       | B ^ -> Y ^    | AND2x2_ASAP7_75t_SL      |  22.100 | 713.000 |  763.765 | 
     | core_csa_tree_add_422_23_groupi_g5726     | B ^ -> Y v    | NOR2xp33_ASAP7_75t_SL    |  27.000 | 740.000 |  790.765 | 
     | core_csa_tree_add_422_23_groupi_g67384    | A v -> Y ^    | NOR2xp33_ASAP7_75t_SL    |  44.200 | 784.200 |  834.965 | 
     | core_csa_tree_add_422_23_groupi_g5709     | A1 ^ -> Y v   | OAI21xp5_ASAP7_75t_SL    |  18.400 | 802.600 |  853.365 | 
     | core_csa_tree_add_422_23_groupi_g5686     | A v -> Y v    | XNOR2xp5_ASAP7_75t_SL    |  20.700 | 823.300 |  874.065 | 
     | core_g63496                               | A1 v -> Y ^   | AOI21xp5_ASAP7_75t_SL    |   9.700 | 833.000 |  883.765 | 
     | core_a_reg_reg[31]                        | D ^           | DFFASRHQNx1_ASAP7_75t_SL |   0.000 | 833.000 |  883.765 | 
     +---------------------------------------------------------------------------------------------------------------------+ 

