###############################################################
#  Generated by:      Cadence Innovus 21.13-s100_1
#  OS:                Linux x86_64(Host ID ic21)
#  Generated on:      Mon Mar 10 01:51:12 2025
#  Design:            sha256
#  Command:           report_timing > ../timing_0.6_590.rpt
###############################################################
Path 1: VIOLATED Late External Delay Assertion 
Endpoint:   read_data[2] (v) checked with  leading edge of 'clk'
Beginpoint: cs           (v) triggered by  leading edge of 'clk'
Path Groups: {clk}
Analysis View: view_tc
Other End Arrival Time          0.000
- External Delay              300.000
+ Phase Shift                 590.000
= Required Time               290.000
- Arrival Time                302.700
= Slack Time                  -12.700
     Clock Rise Edge                      0.000
     + Input Delay                        1.000
     = Beginpoint Arrival Time            1.000
     +--------------------------------------------------------------------------------------+ 
     |   Instance   |      Arc       |          Cell          |  Delay | Arrival | Required | 
     |              |                |                        |        |  Time   |   Time   | 
     |--------------+----------------+------------------------+--------+---------+----------| 
     |              | cs v           |                        |        |   1.000 |  -11.700 | 
     | g7669        | A v -> Y ^     | INVx1_ASAP7_75t_SL     |  5.000 |   6.000 |   -6.700 | 
     | FE_RC_24_0   | A ^ -> Y ^     | OR3x2_ASAP7_75t_SL     | 14.900 |  20.900 |    8.200 | 
     | g18428__2703 | A ^ -> Y ^     | OR3x2_ASAP7_75t_SL     | 21.800 |  42.700 |   30.000 | 
     | g18421__5703 | B ^ -> Y ^     | OR2x6_ASAP7_75t_SL     | 20.300 |  63.000 |   50.300 | 
     | g18402__9906 | B ^ -> Y v     | NOR2x1_ASAP7_75t_SL    | 14.600 |  77.600 |   64.900 | 
     | g18375__4296 | B v -> Y v     | AND2x2_ASAP7_75t_SL    | 44.900 | 122.500 |  109.800 | 
     | g18124__4547 | A2 v -> Y v    | AO22x1_ASAP7_75t_SL    | 68.100 | 190.600 |  177.900 | 
     | g18005__5019 | C v -> Y ^     | AOI221xp5_ASAP7_75t_SL | 20.500 | 211.100 |  198.400 | 
     | g17945__2703 | B ^ -> Y ^     | AND5x1_ASAP7_75t_SL    | 32.700 | 243.800 |  231.100 | 
     | g17904__6877 | A ^ -> Y v     | NAND5xp2_ASAP7_75t_SL  | 53.900 | 297.700 |  285.000 | 
     |              | read_data[2] v |                        |  5.000 | 302.700 |  290.000 | 
     +--------------------------------------------------------------------------------------+ 

