###############################################################
#  Generated by:      Cadence Innovus 21.13-s100_1
#  OS:                Linux x86_64(Host ID ic22)
#  Generated on:      Thu Mar  6 18:26:35 2025
#  Design:            sha256
#  Command:           report_timing > ../timing_0.7_1000.rpt
###############################################################
Path 1: MET Setup Check with Pin core_a_reg_reg[26]/CLK 
Endpoint:   core_a_reg_reg[26]/D     (^) checked with  leading edge of 'clk'
Beginpoint: core_t_ctr_reg_reg[4]/QN (^) triggered by  leading edge of 'clk'
Path Groups: {clk}
Analysis View: view_tc
Other End Arrival Time          0.000
- Setup                        17.234
+ Phase Shift                 1000.000
= Required Time               982.766
- Arrival Time                828.500
= Slack Time                  154.266
     Clock Rise Edge                 0.000
     + Clock Network Latency (Ideal) 0.000
     = Beginpoint Arrival Time       0.000
     +---------------------------------------------------------------------------------------------------------------------+ 
     |                 Instance                  |      Arc      |           Cell           |  Delay  | Arrival | Required | 
     |                                           |               |                          |         |  Time   |   Time   | 
     |-------------------------------------------+---------------+--------------------------+---------+---------+----------| 
     | core_t_ctr_reg_reg[4]                     | CLK ^         |                          |         |   0.000 |  154.266 | 
     | core_t_ctr_reg_reg[4]                     | CLK ^ -> QN ^ | DFFASRHQNx1_ASAP7_75t_SL |  83.000 |  83.000 |  237.266 | 
     | g664                                      | A ^ -> Y v    | INVx1_ASAP7_75t_SL       |  52.100 | 135.100 |  289.366 | 
     | g68527                                    | A v -> Y v    | AND2x2_ASAP7_75t_SL      |  52.900 | 188.000 |  342.266 | 
     | core_g67418                               | B v -> Y v    | AND2x2_ASAP7_75t_SL      |  35.600 | 223.600 |  377.866 | 
     | core_g49588_dup68961                      | B v -> Y v    | AND2x2_ASAP7_75t_SL      |  28.600 | 252.200 |  406.466 | 
     | FE_OFC111_n_5211                          | A v -> Y v    | HB1xp67_ASAP7_75t_L      | 114.300 | 366.500 |  520.766 | 
     | core_g67407                               | B2 v -> Y ^   | AOI22xp5_ASAP7_75t_SL    |  58.200 | 424.700 |  578.966 | 
     | core_g48947                               | B ^ -> Y ^    | AND4x1_ASAP7_75t_SL      |  24.700 | 449.400 |  603.666 | 
     | core_g48888                               | A ^ -> Y v    | NAND5xp2_ASAP7_75t_SL    |  22.700 | 472.100 |  626.366 | 
     | core_g48863                               | B v -> Y v    | AO21x1_ASAP7_75t_SL      |  29.800 | 501.900 |  656.166 | 
     | core_csa_tree_add_337_39_g6536            | A v -> Y v    | XNOR2xp5_ASAP7_75t_SL    |  26.000 | 527.900 |  682.166 | 
     | core_csa_tree_add_337_39_g6470            | A v -> Y v    | XOR2xp5_ASAP7_75t_SL     |  24.200 | 552.100 |  706.366 | 
     | g506                                      | A v -> Y v    | XNOR2xp5_ASAP7_75t_SL    |  32.100 | 584.200 |  738.466 | 
     | g487                                      | A v -> Y v    | XNOR2xp5_ASAP7_75t_SL    |  21.500 | 605.700 |  759.966 | 
     | core_csa_tree_add_422_23_groupi_g67426    | B v -> Y ^    | NAND2xp5_ASAP7_75t_SL    |  13.200 | 618.900 |  773.166 | 
     | core_csa_tree_add_422_23_groupi_g5748_dup | B ^ -> Y v    | OAI21xp5_ASAP7_75t_SL    |  13.200 | 632.100 |  786.366 | 
     | core_csa_tree_add_422_23_groupi_g67448    | A1 v -> Y v   | AO21x1_ASAP7_75t_SL      |  20.800 | 652.900 |  807.166 | 
     | core_csa_tree_add_422_23_groupi_g67451    | A2 v -> Y v   | AO21x1_ASAP7_75t_SL      |  21.200 | 674.100 |  828.366 | 
     | g68244                                    | B v -> Y v    | AND2x2_ASAP7_75t_SL      |  16.800 | 690.900 |  845.166 | 
     | g68242                                    | A2 v -> Y ^   | AOI22xp5_ASAP7_75t_SL    |  10.000 | 700.900 |  855.166 | 
     | g96                                       | B ^ -> Y ^    | AND2x2_ASAP7_75t_SL      |  21.400 | 722.300 |  876.566 | 
     | core_csa_tree_add_422_23_groupi_g5726     | B ^ -> Y v    | NOR2xp33_ASAP7_75t_SL    |  21.400 | 743.700 |  897.966 | 
     | core_csa_tree_add_422_23_groupi_g67384    | A v -> Y ^    | NOR2xp33_ASAP7_75t_SL    |  37.400 | 781.100 |  935.366 | 
     | core_csa_tree_add_422_23_groupi_g5698     | A1 ^ -> Y v   | OAI21xp5_ASAP7_75t_SL    |  16.300 | 797.400 |  951.666 | 
     | core_csa_tree_add_422_23_groupi_g5690     | A v -> Y v    | XNOR2xp5_ASAP7_75t_SL    |  21.200 | 818.600 |  972.866 | 
     | core_g64207                               | A1 v -> Y ^   | AOI21xp5_ASAP7_75t_SL    |   9.900 | 828.500 |  982.766 | 
     | core_a_reg_reg[26]                        | D ^           | DFFASRHQNx1_ASAP7_75t_SL |   0.000 | 828.500 |  982.766 | 
     +---------------------------------------------------------------------------------------------------------------------+ 

