###############################################################
#  Generated by:      Cadence Innovus 21.13-s100_1
#  OS:                Linux x86_64(Host ID ic21)
#  Generated on:      Sun Mar  9 18:17:20 2025
#  Design:            sha256
#  Command:           report_timing > ../timing_0.4_700.rpt
###############################################################
Path 1: MET Setup Check with Pin core_a_reg_reg[25]/CLK 
Endpoint:   core_a_reg_reg[25]/D     (^) checked with  leading edge of 'clk'
Beginpoint: core_t_ctr_reg_reg[5]/QN (^) triggered by  leading edge of 'clk'
Path Groups: {clk}
Analysis View: view_tc
Other End Arrival Time          0.000
- Setup                        17.250
+ Phase Shift                 700.000
= Required Time               682.750
- Arrival Time                673.700
= Slack Time                    9.050
     Clock Rise Edge                 0.000
     + Clock Network Latency (Ideal) 0.000
     = Beginpoint Arrival Time       0.000
     +--------------------------------------------------------------------------------------------------------------------------+ 
     |                    Instance                     |      Arc      |           Cell           |  Delay | Arrival | Required | 
     |                                                 |               |                          |        |  Time   |   Time   | 
     |-------------------------------------------------+---------------+--------------------------+--------+---------+----------| 
     | core_t_ctr_reg_reg[5]                           | CLK ^         |                          |        |   0.000 |    9.050 | 
     | core_t_ctr_reg_reg[5]                           | CLK ^ -> QN ^ | DFFASRHQNx1_ASAP7_75t_SL | 77.000 |  77.000 |   86.050 | 
     | g657                                            | A ^ -> Y v    | INVx2_ASAP7_75t_SL       | 39.200 | 116.200 |  125.250 | 
     | g68527                                          | B v -> Y v    | AND2x4_ASAP7_75t_SL      | 37.500 | 153.700 |  162.750 | 
     | FE_DBTC2_n_4115                                 | A v -> Y ^    | INVx2_ASAP7_75t_SL       | 68.100 | 221.800 |  230.850 | 
     | core_g49664                                     | B ^ -> Y ^    | OR2x2_ASAP7_75t_SL       | 45.900 | 267.700 |  276.750 | 
     | core_g49467                                     | B ^ -> Y ^    | OR2x2_ASAP7_75t_SL       | 15.400 | 283.100 |  292.150 | 
     | core_g49039                                     | C ^ -> Y v    | OAI221xp5_ASAP7_75t_SL   | 12.900 | 296.000 |  305.050 | 
     | core_g48877                                     | B v -> Y v    | OR5x1_ASAP7_75t_SL       | 36.700 | 332.700 |  341.750 | 
     | core_csa_tree_add_337_39_g6604                  | B v -> Y v    | XNOR2xp5_ASAP7_75t_SL    | 19.200 | 351.900 |  360.950 | 
     | g509                                            | A v -> Y v    | XOR2xp5_ASAP7_75t_SL     | 20.000 | 371.900 |  380.950 | 
     | FE_RC_1_0                                       | A v -> Y v    | XNOR2xp5_ASAP7_75t_SL    | 23.100 | 395.000 |  404.050 | 
     | FE_RC_0_0                                       | A v -> Y v    | XOR2x2_ASAP7_75t_SL      | 25.400 | 420.400 |  429.450 | 
     | core_csa_tree_add_422_23_groupi_g5892           | A v -> Y v    | XOR2xp5_ASAP7_75t_SL     | 15.600 | 436.000 |  445.050 | 
     | core_csa_tree_add_422_23_groupi_g67865          | B v -> Y v    | OR2x2_ASAP7_75t_SL       | 18.700 | 454.700 |  463.750 | 
     | core_csa_tree_add_422_23_groupi_g67659_dup68826 | A2 v -> Y ^   | AOI21xp5_ASAP7_75t_SL    | 18.800 | 473.500 |  482.550 | 
     | core_csa_tree_add_422_23_groupi_g67869          | A ^ -> Y ^    | MAJx2_ASAP7_75t_SL       | 21.900 | 495.400 |  504.450 | 
     | core_csa_tree_add_422_23_groupi_g67428          | A1 ^ -> Y v   | OAI21xp5_ASAP7_75t_SL    | 14.200 | 509.600 |  518.650 | 
     | core_csa_tree_add_422_23_groupi_g67448          | A1 v -> Y v   | AO21x1_ASAP7_75t_SL      | 21.200 | 530.800 |  539.850 | 
     | core_csa_tree_add_422_23_groupi_g5741_dup       | A2 v -> Y v   | AO21x1_ASAP7_75t_SL      | 21.400 | 552.200 |  561.250 | 
     | g68244                                          | B v -> Y v    | AND2x2_ASAP7_75t_SL      | 17.400 | 569.600 |  578.650 | 
     | g68242                                          | A2 v -> Y ^   | AOI22xp5_ASAP7_75t_SL    | 10.300 | 579.900 |  588.950 | 
     | g96                                             | B ^ -> Y ^    | AND2x2_ASAP7_75t_SL      | 22.300 | 602.200 |  611.250 | 
     | core_csa_tree_add_422_23_groupi_g5726           | B ^ -> Y v    | NOR2x1p5_ASAP7_75t_SL    | 16.400 | 618.600 |  627.650 | 
     | core_csa_tree_add_422_23_groupi_g67384          | A v -> Y ^    | NOR2x1p5_ASAP7_75t_SL    | 19.800 | 638.400 |  647.450 | 
     | core_csa_tree_add_422_23_groupi_g5699           | A1 ^ -> Y v   | OAI21x1_ASAP7_75t_SL     |  8.200 | 646.600 |  655.650 | 
     | core_csa_tree_add_422_23_groupi_g5691           | A v -> Y v    | XNOR2xp5_ASAP7_75t_SL    | 17.500 | 664.100 |  673.150 | 
     | core_g63499                                     | A1 v -> Y ^   | AOI21xp5_ASAP7_75t_SL    |  9.600 | 673.700 |  682.750 | 
     | core_a_reg_reg[25]                              | D ^           | DFFASRHQNx1_ASAP7_75t_SL |  0.000 | 673.700 |  682.750 | 
     +--------------------------------------------------------------------------------------------------------------------------+ 

