###############################################################
#  Generated by:      Cadence Innovus 21.13-s100_1
#  OS:                Linux x86_64(Host ID ic21)
#  Generated on:      Mon Mar 10 20:38:30 2025
#  Design:            sha256
#  Command:           report_timing > ../timing_0.6_420.rpt
###############################################################
Path 1: VIOLATED Late External Delay Assertion 
Endpoint:   read_data[18] (^) checked with  leading edge of 'clk'
Beginpoint: cs            (^) triggered by  leading edge of 'clk'
Path Groups: {clk}
Analysis View: view_tc
Other End Arrival Time          0.000
- External Delay              300.000
+ Phase Shift                 420.000
= Required Time               120.000
- Arrival Time                172.800
= Slack Time                  -52.800
     Clock Rise Edge                      0.000
     + Input Delay                        1.000
     = Beginpoint Arrival Time            1.000
     +-------------------------------------------------------------------------------------------+ 
     |     Instance     |       Arc       |          Cell          |  Delay | Arrival | Required | 
     |                  |                 |                        |        |  Time   |   Time   | 
     |------------------+-----------------+------------------------+--------+---------+----------| 
     |                  | cs ^            |                        |        |   1.000 |  -51.800 | 
     | g7669            | A ^ -> Y v      | INVx6_ASAP7_75t_SL     |  5.900 |   6.900 |  -45.900 | 
     | FE_RC_2252_0     | B v -> Y ^      | NOR2x2_ASAP7_75t_SL    |  6.200 |  13.100 |  -39.700 | 
     | FE_RC_2251_0     | A ^ -> Y v      | NAND4xp75_ASAP7_75t_SL | 15.400 |  28.500 |  -24.300 | 
     | FE_RC_278_0      | A v -> Y v      | OR2x2_ASAP7_75t_SL     | 24.100 |  52.600 |   -0.200 | 
     | g18410__2683     | B v -> Y ^      | NOR2x1p5_ASAP7_75t_SL  | 11.100 |  63.700 |   10.900 | 
     | g18392__5266     | B ^ -> Y ^      | AND2x6_ASAP7_75t_SL    | 24.700 |  88.400 |   35.600 | 
     | FE_OCPC751_n_867 | A ^ -> Y ^      | BUFx12f_ASAP7_75t_SL   | 19.900 | 108.300 |   55.500 | 
     | g18278__5266     | A2 ^ -> Y v     | AOI22xp5_ASAP7_75t_SL  | 18.600 | 126.900 |   74.100 | 
     | FE_RC_1082_0     | B v -> Y ^      | NAND2xp5_ASAP7_75t_SL  | 16.600 | 143.500 |   90.700 | 
     | FE_RC_1081_0     | B ^ -> Y v      | NOR2x1p5_ASAP7_75t_SL  | 10.200 | 153.700 |  100.900 | 
     | FE_RC_1140_0     | A v -> Y ^      | NAND4xp75_ASAP7_75t_SL | 14.800 | 168.500 |  115.700 | 
     |                  | read_data[18] ^ |                        |  4.300 | 172.800 |  120.000 | 
     +-------------------------------------------------------------------------------------------+ 

