###############################################################
#  Generated by:      Cadence Innovus 21.13-s100_1
#  OS:                Linux x86_64(Host ID ic22)
#  Generated on:      Thu Mar  6 19:28:09 2025
#  Design:            sha256
#  Command:           report_timing > ../timing_0.8_800.rpt
###############################################################
Path 1: MET Setup Check with Pin core_H6_reg_reg[20]/CLK 
Endpoint:   core_H6_reg_reg[20]/D          (^) checked with  leading edge of 
'clk'
Beginpoint: core_sha256_ctrl_reg_reg[1]/QN (^) triggered by  leading edge of 
'clk'
Path Groups: {clk}
Analysis View: view_tc
Other End Arrival Time          0.000
- Setup                        18.176
+ Phase Shift                 800.000
= Required Time               781.824
- Arrival Time                731.400
= Slack Time                   50.424
     Clock Rise Edge                 0.000
     + Clock Network Latency (Ideal) 0.000
     = Beginpoint Arrival Time       0.000
     +-------------------------------------------------------------------------------------------------------+ 
     |          Instance           |      Arc      |           Cell           |  Delay  | Arrival | Required | 
     |                             |               |                          |         |  Time   |   Time   | 
     |-----------------------------+---------------+--------------------------+---------+---------+----------| 
     | core_sha256_ctrl_reg_reg[1] | CLK ^         |                          |         |  -0.000 |   50.424 | 
     | core_sha256_ctrl_reg_reg[1] | CLK ^ -> QN ^ | DFFASRHQNx1_ASAP7_75t_SL |  47.500 |  47.500 |   97.924 | 
     | core_g66610                 | A ^ -> Y v    | INVx1_ASAP7_75t_SL       |   8.700 |  56.200 |  106.624 | 
     | core_g65739                 | B v -> Y ^    | NOR2xp33_ASAP7_75t_SL    |  81.300 | 137.500 |  187.924 | 
     | FE_OFC81_core_n_63639       | A ^ -> Y ^    | BUFx2_ASAP7_75t_SL       |  66.500 | 204.000 |  254.424 | 
     | FE_OFC84_core_n_63639       | A ^ -> Y ^    | BUFx2_ASAP7_75t_SL       |  82.200 | 286.200 |  336.624 | 
     | core_g65736                 | A ^ -> Y v    | INVx3_ASAP7_75t_SL       | 104.400 | 390.600 |  441.024 | 
     | core_g65520                 | A v -> Y v    | AND2x2_ASAP7_75t_SL      | 155.400 | 546.000 |  596.424 | 
     | FE_OFC108_core_n_62150      | A v -> Y v    | HB1xp67_ASAP7_75t_L      | 142.600 | 688.600 |  739.024 | 
     | core_g64279                 | B1 v -> Y ^   | AOI221xp5_ASAP7_75t_SL   |  42.700 | 731.300 |  781.724 | 
     | core_H6_reg_reg[20]         | D ^           | DFFASRHQNx1_ASAP7_75t_SL |   0.100 | 731.400 |  781.824 | 
     +-------------------------------------------------------------------------------------------------------+ 

