###############################################################
#  Generated by:      Cadence Innovus 21.13-s100_1
#  OS:                Linux x86_64(Host ID ic21)
#  Generated on:      Tue Mar  4 18:54:22 2025
#  Design:            sha256
#  Command:           report_timing > ../timing_0.2_300.rpt
###############################################################
Path 1: VIOLATED Late External Delay Assertion 
Endpoint:   read_data[22] (v) checked with  leading edge of 'clk'
Beginpoint: cs            (v) triggered by  leading edge of 'clk'
Path Groups: {clk}
Analysis View: view_tc
Other End Arrival Time          0.000
- External Delay              300.000
+ Phase Shift                 300.000
= Required Time                 0.000
- Arrival Time                182.800
= Slack Time                  -182.800
     Clock Rise Edge                      0.000
     + Input Delay                        1.000
     = Beginpoint Arrival Time            1.000
     +---------------------------------------------------------------------------------------------+ 
     |     Instance      |       Arc       |          Cell           |  Delay | Arrival | Required | 
     |                   |                 |                         |        |  Time   |   Time   | 
     |-------------------+-----------------+-------------------------+--------+---------+----------| 
     |                   | cs v            |                         |        |   1.000 | -181.800 | 
     | g7669             | A v -> Y ^      | CKINVDCx12_ASAP7_75t_SL |  5.000 |   6.000 | -176.800 | 
     | FE_RC_1725_0      | A ^ -> Y ^      | OR5x1_ASAP7_75t_SL      | 26.500 |  32.500 | -150.300 | 
     | FE_RC_2454_0      | A ^ -> Y ^      | OR2x2_ASAP7_75t_SL      | 23.300 |  55.800 | -127.000 | 
     | FE_OCPC822_n_839  | A ^ -> Y v      | INVx3_ASAP7_75t_SL      |  7.500 |  63.300 | -119.500 | 
     | FE_RC_1352_0_dup1 | A v -> Y v      | AND2x6_ASAP7_75t_SL     | 21.300 |  84.600 |  -98.200 | 
     | FE_OFC459_n_866   | A v -> Y v      | BUFx6f_ASAP7_75t_SL     | 27.300 | 111.900 |  -70.900 | 
     | FE_RC_2555_0      | A2 v -> Y ^     | AOI22x1_ASAP7_75t_SL    | 10.700 | 122.600 |  -60.200 | 
     | FE_RC_903_0       | D ^ -> Y ^      | AND4x1_ASAP7_75t_SL     | 24.900 | 147.500 |  -35.300 | 
     | FE_RC_3028_0      | C ^ -> Y v      | NAND4xp75_ASAP7_75t_SL  | 25.800 | 173.300 |   -9.500 | 
     |                   | read_data[22] v |                         |  9.500 | 182.800 |    0.000 | 
     +---------------------------------------------------------------------------------------------+ 

