###############################################################
#  Generated by:      Cadence Innovus 21.13-s100_1
#  OS:                Linux x86_64(Host ID ic21)
#  Generated on:      Tue Mar 11 13:59:30 2025
#  Design:            sha256
#  Command:           report_timing > ../timing_0.6_494.rpt
###############################################################
Path 1: VIOLATED Setup Check with Pin core_e_reg_reg[29]/CLK 
Endpoint:   core_e_reg_reg[29]/D     (^) checked with  leading edge of 'clk'
Beginpoint: core_t_ctr_reg_reg[2]/QN (^) triggered by  leading edge of 'clk'
Path Groups: {clk}
Analysis View: view_tc
Other End Arrival Time          0.000
- Setup                        16.219
+ Phase Shift                 494.000
= Required Time               477.781
- Arrival Time                484.300
= Slack Time                   -6.519
     Clock Rise Edge                 0.000
     + Clock Network Latency (Ideal) 0.000
     = Beginpoint Arrival Time       0.000
     +----------------------------------------------------------------------------------------------------------------+ 
     |               Instance                |      Arc      |           Cell           |  Delay | Arrival | Required | 
     |                                       |               |                          |        |  Time   |   Time   | 
     |---------------------------------------+---------------+--------------------------+--------+---------+----------| 
     | core_t_ctr_reg_reg[2]                 | CLK ^         |                          |        |   0.000 |   -6.519 | 
     | core_t_ctr_reg_reg[2]                 | CLK ^ -> QN ^ | DFFASRHQNx1_ASAP7_75t_SL | 39.300 |  39.300 |   32.781 | 
     | FE_OCPC335_n_2603                     | A ^ -> Y ^    | BUFx6f_ASAP7_75t_SL      | 18.700 |  58.000 |   51.481 | 
     | FE_OFC152_core_w_mem_inst_w_ctr_reg_2 | A ^ -> Y v    | INVx4_ASAP7_75t_SL       |  9.200 |  67.200 |   60.681 | 
     | core_g67403                           | B v -> Y v    | AND2x6_ASAP7_75t_SL      | 24.700 |  91.900 |   85.381 | 
     | core_g49588_dup68961                  | A v -> Y v    | AND2x6_ASAP7_75t_SL      | 36.200 | 128.100 |  121.581 | 
     | core_g67409                           | B2 v -> Y ^   | AOI22xp5_ASAP7_75t_SL    | 46.900 | 175.000 |  168.481 | 
     | FE_RC_140_0                           | A ^ -> Y v    | NAND3xp33_ASAP7_75t_SL   | 13.200 | 188.200 |  181.681 | 
     | FE_RC_138_0                           | A v -> Y ^    | NOR2xp33_ASAP7_75t_SL    | 12.500 | 200.700 |  194.181 | 
     | core_g48891                           | A ^ -> Y v    | NAND5xp2_ASAP7_75t_SL    | 17.000 | 217.700 |  211.181 | 
     | core_g48865                           | B v -> Y v    | AO21x2_ASAP7_75t_SL      | 24.300 | 242.000 |  235.481 | 
     | core_csa_tree_add_337_39_g6562        | B v -> Y ^    | XNOR2x1_ASAP7_75t_SL     | 17.600 | 259.600 |  253.081 | 
     | g507                                  | B ^ -> Y v    | XNOR2x2_ASAP7_75t_SL     | 27.900 | 287.500 |  280.981 | 
     | core_csa_tree_add_426_26_groupi_g2737 | A v -> Y v    | XNOR2xp5_ASAP7_75t_SL    | 19.600 | 307.100 |  300.581 | 
     | core_csa_tree_add_426_26_groupi_g2722 | A v -> Y ^    | INVx1_ASAP7_75t_SL       |  9.300 | 316.400 |  309.881 | 
     | core_csa_tree_add_426_26_groupi_g2686 | B ^ -> Y v    | NAND2x1_ASAP7_75t_SL     |  9.900 | 326.300 |  319.781 | 
     | FE_RC_672_0                           | A v -> Y ^    | NAND2xp5_ASAP7_75t_SL    | 10.800 | 337.100 |  330.581 | 
     | FE_RC_671_0                           | A1 ^ -> Y ^   | OA21x2_ASAP7_75t_SL      | 16.400 | 353.500 |  346.981 | 
     | FE_RC_145_0                           | A2 ^ -> Y v   | OAI21x1_ASAP7_75t_SL     |  7.900 | 361.400 |  354.881 | 
     | g68576                                | A1 v -> Y ^   | AOI21x1_ASAP7_75t_SL     | 12.800 | 374.200 |  367.681 | 
     | FE_RC_833_0                           | A2 ^ -> Y v   | OAI21x1_ASAP7_75t_SL     | 13.600 | 387.800 |  381.281 | 
     | FE_RC_824_0                           | A1 v -> Y ^   | AOI21x1_ASAP7_75t_SL     | 14.400 | 402.200 |  395.681 | 
     | g68690                                | A2 ^ -> Y ^   | AO211x2_ASAP7_75t_SL     | 26.900 | 429.100 |  422.581 | 
     | FE_OCPC439_n_4904                     | A ^ -> Y ^    | BUFx3_ASAP7_75t_SL       | 16.200 | 445.300 |  438.781 | 
     | FE_RC_638_0                           | A1 ^ -> Y v   | AOI21xp5_ASAP7_75t_SL    |  9.300 | 454.600 |  448.081 | 
     | FE_RC_1078_0                          | A1 v -> Y ^   | OAI21xp5_ASAP7_75t_SL    | 12.100 | 466.700 |  460.181 | 
     | FE_RC_603_0                           | B ^ -> Y v    | OAI31xp67_ASAP7_75t_SL   |  8.200 | 474.900 |  468.381 | 
     | FE_RC_1029_0                          | A1 v -> Y ^   | AOI21xp5_ASAP7_75t_SL    |  9.400 | 484.300 |  477.781 | 
     | core_e_reg_reg[29]                    | D ^           | DFFASRHQNx1_ASAP7_75t_SL |  0.000 | 484.300 |  477.781 | 
     +----------------------------------------------------------------------------------------------------------------+ 

