###############################################################
#  Generated by:      Cadence Innovus 21.13-s100_1
#  OS:                Linux x86_64(Host ID ic21)
#  Generated on:      Mon Mar 10 02:44:34 2025
#  Design:            sha256
#  Command:           report_timing > ../timing_0.6_571.rpt
###############################################################
Path 1: VIOLATED Late External Delay Assertion 
Endpoint:   read_data[20] (v) checked with  leading edge of 'clk'
Beginpoint: cs            (v) triggered by  leading edge of 'clk'
Path Groups: {clk}
Analysis View: view_tc
Other End Arrival Time          0.000
- External Delay              300.000
+ Phase Shift                 571.000
= Required Time               271.000
- Arrival Time                276.100
= Slack Time                   -5.100
     Clock Rise Edge                      0.000
     + Input Delay                        1.000
     = Beginpoint Arrival Time            1.000
     +--------------------------------------------------------------------------------------+ 
     |   Instance   |       Arc       |         Cell          |  Delay | Arrival | Required | 
     |              |                 |                       |        |  Time   |   Time   | 
     |--------------+-----------------+-----------------------+--------+---------+----------| 
     |              | cs v            |                       |        |   1.000 |   -4.100 | 
     | g7669        | A v -> Y ^      | INVx2_ASAP7_75t_SL    |  3.800 |   4.800 |   -0.300 | 
     | FE_RC_31_0   | A ^ -> Y ^      | OR3x2_ASAP7_75t_SL    | 13.900 |  18.700 |   13.600 | 
     | g18430__5795 | A ^ -> Y ^      | OR3x1_ASAP7_75t_SL    | 19.200 |  37.900 |   32.800 | 
     | g18429       | A ^ -> Y v      | INVx1_ASAP7_75t_SL    |  5.500 |  43.400 |   38.300 | 
     | g18425__2250 | A v -> Y v      | AND3x2_ASAP7_75t_SL   | 16.600 |  60.000 |   54.900 | 
     | g18415__7675 | B v -> Y v      | AND2x6_ASAP7_75t_SL   | 24.700 |  84.700 |   79.600 | 
     | g18355__7675 | A1 v -> Y ^     | AOI22xp5_ASAP7_75t_SL | 58.900 | 143.600 |  138.500 | 
     | g18074__2391 | A ^ -> Y v      | NAND2xp5_ASAP7_75t_SL | 21.300 | 164.900 |  159.800 | 
     | g18038__3772 | B v -> Y ^      | AOI21xp5_ASAP7_75t_SL | 20.500 | 185.400 |  180.300 | 
     | g17940__5703 | C ^ -> Y ^      | AND5x1_ASAP7_75t_SL   | 27.700 | 213.100 |  208.000 | 
     | g17913__7114 | A ^ -> Y v      | NAND5xp2_ASAP7_75t_SL | 55.400 | 268.500 |  263.400 | 
     |              | read_data[20] v |                       |  7.600 | 276.100 |  271.000 | 
     +--------------------------------------------------------------------------------------+ 

