###############################################################
#  Generated by:      Cadence Innovus 21.13-s100_1
#  OS:                Linux x86_64(Host ID ic21)
#  Generated on:      Tue Mar  4 19:20:21 2025
#  Design:            sha256
#  Command:           report_timing > ../timing_0.3_1000.rpt
###############################################################
Path 1: MET Setup Check with Pin core_a_reg_reg[31]/CLK 
Endpoint:   core_a_reg_reg[31]/D     (^) checked with  leading edge of 'clk'
Beginpoint: core_t_ctr_reg_reg[4]/QN (^) triggered by  leading edge of 'clk'
Path Groups: {clk}
Analysis View: view_tc
Other End Arrival Time          0.000
- Setup                        16.612
+ Phase Shift                 1000.000
= Required Time               983.388
- Arrival Time                835.600
= Slack Time                  147.789
     Clock Rise Edge                 0.000
     + Clock Network Latency (Ideal) 0.000
     = Beginpoint Arrival Time       0.000
     +---------------------------------------------------------------------------------------------------------------------+ 
     |                 Instance                  |      Arc      |           Cell           |  Delay  | Arrival | Required | 
     |                                           |               |                          |         |  Time   |   Time   | 
     |-------------------------------------------+---------------+--------------------------+---------+---------+----------| 
     | core_t_ctr_reg_reg[4]                     | CLK ^         |                          |         |   0.000 |  147.789 | 
     | core_t_ctr_reg_reg[4]                     | CLK ^ -> QN ^ | DFFASRHQNx1_ASAP7_75t_SL |  84.700 |  84.700 |  232.489 | 
     | g664                                      | A ^ -> Y v    | INVx1_ASAP7_75t_SL       |  50.100 | 134.800 |  282.589 | 
     | g68527                                    | A v -> Y v    | AND2x2_ASAP7_75t_SL      |  50.900 | 185.700 |  333.489 | 
     | core_g49701                               | A v -> Y v    | AND2x2_ASAP7_75t_SL      |  38.100 | 223.800 |  371.589 | 
     | core_g49507                               | B v -> Y v    | AND2x2_ASAP7_75t_SL      |  31.300 | 255.100 |  402.889 | 
     | FE_OFC110_core_n_48261                    | A v -> Y v    | HB1xp67_ASAP7_75t_L      | 110.300 | 365.400 |  513.189 | 
     | core_g49164                               | B2 v -> Y ^   | AOI22xp5_ASAP7_75t_SL    |  56.700 | 422.100 |  569.889 | 
     | core_g48949                               | A ^ -> Y ^    | AND4x1_ASAP7_75t_SL      |  25.900 | 448.000 |  595.789 | 
     | core_g48891                               | A ^ -> Y v    | NAND5xp2_ASAP7_75t_SL    |  15.000 | 463.000 |  610.789 | 
     | core_g48865                               | B v -> Y v    | AO21x1_ASAP7_75t_SL      |  26.200 | 489.200 |  636.989 | 
     | g68392                                    | A v -> Y v    | MAJx2_ASAP7_75t_SL       |  31.000 | 520.200 |  667.988 | 
     | core_csa_tree_add_422_23_groupi_g6090     | B v -> Y v    | XNOR2xp5_ASAP7_75t_SL    |  24.000 | 544.200 |  691.988 | 
     | g506                                      | B v -> Y v    | XNOR2xp5_ASAP7_75t_SL    |  26.900 | 571.100 |  718.888 | 
     | g487                                      | A v -> Y v    | XNOR2xp5_ASAP7_75t_SL    |  21.100 | 592.200 |  739.988 | 
     | core_csa_tree_add_422_23_groupi_g67426    | B v -> Y ^    | NAND2xp5_ASAP7_75t_SL    |  13.000 | 605.200 |  752.988 | 
     | core_csa_tree_add_422_23_groupi_g5748_dup | B ^ -> Y v    | OAI21xp5_ASAP7_75t_SL    |  16.000 | 621.200 |  768.988 | 
     | core_csa_tree_add_422_23_groupi_g67448    | A1 v -> Y v   | AO21x1_ASAP7_75t_SL      |  23.900 | 645.100 |  792.888 | 
     | core_csa_tree_add_422_23_groupi_g5741_dup | A2 v -> Y v   | AO21x1_ASAP7_75t_SL      |  21.800 | 666.900 |  814.688 | 
     | g68244                                    | B v -> Y v    | AND2x2_ASAP7_75t_SL      |  15.500 | 682.400 |  830.188 | 
     | g68242                                    | A2 v -> Y ^   | AOI22xp5_ASAP7_75t_SL    |  10.100 | 692.500 |  840.288 | 
     | g96                                       | B ^ -> Y ^    | AND2x2_ASAP7_75t_SL      |  22.200 | 714.700 |  862.488 | 
     | core_csa_tree_add_422_23_groupi_g5726     | B ^ -> Y v    | NOR2xp33_ASAP7_75t_SL    |  27.400 | 742.100 |  889.888 | 
     | core_csa_tree_add_422_23_groupi_g67384    | A v -> Y ^    | NOR2xp33_ASAP7_75t_SL    |  44.500 | 786.600 |  934.388 | 
     | core_csa_tree_add_422_23_groupi_g5709     | A1 ^ -> Y v   | OAI21xp5_ASAP7_75t_SL    |  18.500 | 805.100 |  952.888 | 
     | core_csa_tree_add_422_23_groupi_g5686     | A v -> Y v    | XNOR2xp5_ASAP7_75t_SL    |  20.800 | 825.900 |  973.688 | 
     | core_g63496                               | A1 v -> Y ^   | AOI21xp5_ASAP7_75t_SL    |   9.700 | 835.600 |  983.388 | 
     | core_a_reg_reg[31]                        | D ^           | DFFASRHQNx1_ASAP7_75t_SL |   0.000 | 835.600 |  983.388 | 
     +---------------------------------------------------------------------------------------------------------------------+ 

