###############################################################
#  Generated by:      Cadence Innovus 21.13-s100_1
#  OS:                Linux x86_64(Host ID ic22)
#  Generated on:      Thu Mar  6 19:32:14 2025
#  Design:            sha256
#  Command:           report_timing > ../timing_0.8_600.rpt
###############################################################
Path 1: VIOLATED Late External Delay Assertion 
Endpoint:   read_data[6] (^) checked with  leading edge of 'clk'
Beginpoint: cs           (^) triggered by  leading edge of 'clk'
Path Groups: {clk}
Analysis View: view_tc
Other End Arrival Time          0.000
- External Delay              300.000
+ Phase Shift                 600.000
= Required Time               300.000
- Arrival Time                321.300
= Slack Time                  -21.300
     Clock Rise Edge                      0.000
     + Input Delay                        1.000
     = Beginpoint Arrival Time            1.000
     +---------------------------------------------------------------------------------------+ 
     |   Instance   |      Arc       |          Cell          |  Delay  | Arrival | Required | 
     |              |                |                        |         |  Time   |   Time   | 
     |--------------+----------------+------------------------+---------+---------+----------| 
     |              | cs ^           |                        |         |   1.000 |  -20.300 | 
     | g7669        | A ^ -> Y v     | INVx1_ASAP7_75t_SL     |   4.400 |   5.400 |  -15.900 | 
     | g18433__5019 | A v -> Y v     | OR3x1_ASAP7_75t_SL     |  22.200 |  27.600 |    6.300 | 
     | g18428__2703 | A v -> Y v     | OR3x1_ASAP7_75t_SL     |  28.200 |  55.800 |   34.500 | 
     | g18421__5703 | B v -> Y v     | OR2x2_ASAP7_75t_SL     |  21.200 |  77.000 |   55.700 | 
     | g18401__1857 | B v -> Y ^     | NOR2xp33_ASAP7_75t_SL  |  29.400 | 106.400 |   85.100 | 
     | g18382__6877 | B ^ -> Y ^     | AND2x2_ASAP7_75t_SL    |  39.000 | 145.400 |  124.100 | 
     | g18267__1309 | A2 ^ -> Y v    | AOI22xp5_ASAP7_75t_SL  | 106.600 | 252.000 |  230.700 | 
     | g17971__2250 | D v -> Y v     | AND4x1_ASAP7_75t_SL    |  22.300 | 274.300 |  253.000 | 
     | FE_RC_7_0    | C v -> Y v     | AND3x1_ASAP7_75t_SL    |  12.900 | 287.200 |  265.900 | 
     | FE_RC_6_0    | A v -> Y ^     | NAND3xp33_ASAP7_75t_SL |  26.200 | 313.400 |  292.100 | 
     |              | read_data[6] ^ |                        |   7.900 | 321.300 |  300.000 | 
     +---------------------------------------------------------------------------------------+ 

