###############################################################
#  Generated by:      Cadence Innovus 21.13-s100_1
#  OS:                Linux x86_64(Host ID ic21)
#  Generated on:      Sun Mar  9 18:39:15 2025
#  Design:            sha256
#  Command:           report_timing > ../timing_0.6_900.rpt
###############################################################
Path 1: MET Setup Check with Pin core_a_reg_reg[25]/CLK 
Endpoint:   core_a_reg_reg[25]/D     (^) checked with  leading edge of 'clk'
Beginpoint: core_t_ctr_reg_reg[4]/QN (^) triggered by  leading edge of 'clk'
Path Groups: {clk}
Analysis View: view_tc
Other End Arrival Time          0.000
- Setup                        17.029
+ Phase Shift                 900.000
= Required Time               882.971
- Arrival Time                842.900
= Slack Time                   40.071
     Clock Rise Edge                 0.000
     + Clock Network Latency (Ideal) 0.000
     = Beginpoint Arrival Time       0.000
     +--------------------------------------------------------------------------------------------------------------------------+ 
     |                    Instance                     |      Arc      |           Cell           |  Delay | Arrival | Required | 
     |                                                 |               |                          |        |  Time   |   Time   | 
     |-------------------------------------------------+---------------+--------------------------+--------+---------+----------| 
     | core_t_ctr_reg_reg[4]                           | CLK ^         |                          |        |   0.000 |   40.071 | 
     | core_t_ctr_reg_reg[4]                           | CLK ^ -> QN ^ | DFFASRHQNx1_ASAP7_75t_SL | 84.900 |  84.900 |  124.971 | 
     | g664                                            | A ^ -> Y v    | INVx1_ASAP7_75t_SL       | 54.400 | 139.300 |  179.371 | 
     | g68527                                          | A v -> Y v    | AND2x2_ASAP7_75t_SL      | 56.100 | 195.400 |  235.471 | 
     | core_g67396                                     | B v -> Y v    | AND2x2_ASAP7_75t_SL      | 36.300 | 231.700 |  271.771 | 
     | core_g49582                                     | B v -> Y v    | AND2x2_ASAP7_75t_SL      | 30.400 | 262.100 |  302.171 | 
     | FE_OFC141_core_n_48321                          | A v -> Y ^    | INVx1_ASAP7_75t_SL       | 53.400 | 315.500 |  355.571 | 
     | FE_OFC143_core_n_48321                          | A ^ -> Y v    | INVxp33_ASAP7_75t_SL     | 72.500 | 388.000 |  428.071 | 
     | g1292                                           | B2 v -> Y ^   | AOI22xp5_ASAP7_75t_SL    | 29.300 | 417.300 |  457.371 | 
     | g1283                                           | D ^ -> Y ^    | AND4x1_ASAP7_75t_SL      | 19.900 | 437.200 |  477.271 | 
     | g1281                                           | D ^ -> Y ^    | AND5x1_ASAP7_75t_SL      | 26.200 | 463.400 |  503.471 | 
     | g1280                                           | B ^ -> Y v    | OAI21xp5_ASAP7_75t_SL    | 10.300 | 473.700 |  513.771 | 
     | g68328                                          | B v -> Y ^    | AOI21xp5_ASAP7_75t_SL    | 29.700 | 503.400 |  543.471 | 
     | g1277                                           | B ^ -> Y ^    | XNOR2xp5_ASAP7_75t_SL    | 22.000 | 525.400 |  565.471 | 
     | core_csa_tree_add_337_39_g6472                  | A ^ -> Y ^    | XOR2xp5_ASAP7_75t_SL     | 34.400 | 559.800 |  599.871 | 
     | core_csa_tree_add_422_23_groupi_g5892           | A ^ -> Y v    | XOR2xp5_ASAP7_75t_SL     | 12.400 | 572.200 |  612.271 | 
     | core_csa_tree_add_422_23_groupi_g67865          | B v -> Y v    | OR2x2_ASAP7_75t_SL       | 19.300 | 591.500 |  631.571 | 
     | core_csa_tree_add_422_23_groupi_g67659_dup68826 | A2 v -> Y ^   | AOI21xp5_ASAP7_75t_SL    | 17.900 | 609.400 |  649.471 | 
     | core_csa_tree_add_422_23_groupi_g67869          | A ^ -> Y ^    | MAJx2_ASAP7_75t_SL       | 20.900 | 630.300 |  670.371 | 
     | core_csa_tree_add_422_23_groupi_g5748_dup       | A1 ^ -> Y v   | OAI21xp5_ASAP7_75t_SL    | 13.500 | 643.800 |  683.871 | 
     | core_csa_tree_add_422_23_groupi_g67448          | A1 v -> Y v   | AO21x1_ASAP7_75t_SL      | 20.700 | 664.500 |  704.571 | 
     | core_csa_tree_add_422_23_groupi_g5741_dup       | A2 v -> Y v   | AO21x1_ASAP7_75t_SL      | 20.800 | 685.300 |  725.371 | 
     | g68244                                          | B v -> Y v    | AND2x2_ASAP7_75t_SL      | 16.500 | 701.800 |  741.871 | 
     | g68242                                          | A2 v -> Y ^   | AOI22xp5_ASAP7_75t_SL    | 10.500 | 712.300 |  752.371 | 
     | g96                                             | B ^ -> Y ^    | AND2x2_ASAP7_75t_SL      | 21.900 | 734.200 |  774.271 | 
     | core_csa_tree_add_422_23_groupi_g5726           | B ^ -> Y v    | NOR2xp33_ASAP7_75t_SL    | 23.800 | 758.000 |  798.071 | 
     | core_csa_tree_add_422_23_groupi_g67384          | A v -> Y ^    | NOR2xp33_ASAP7_75t_SL    | 38.000 | 796.000 |  836.071 | 
     | core_csa_tree_add_422_23_groupi_g5699           | A1 ^ -> Y v   | OAI21xp5_ASAP7_75t_SL    | 16.100 | 812.100 |  852.171 | 
     | core_csa_tree_add_422_23_groupi_g5691           | A v -> Y v    | XNOR2xp5_ASAP7_75t_SL    | 20.000 | 832.100 |  872.171 | 
     | core_g63499                                     | A1 v -> Y ^   | AOI21xp5_ASAP7_75t_SL    | 10.700 | 842.800 |  882.871 | 
     | core_a_reg_reg[25]                              | D ^           | DFFASRHQNx1_ASAP7_75t_SL |  0.100 | 842.900 |  882.971 | 
     +--------------------------------------------------------------------------------------------------------------------------+ 

