###############################################################
#  Generated by:      Cadence Innovus 21.13-s100_1
#  OS:                Linux x86_64(Host ID ic21)
#  Generated on:      Tue Mar 11 16:00:04 2025
#  Design:            sha256
#  Command:           report_timing > ../timing_0.6_575.rpt
###############################################################
Path 1: MET Late External Delay Assertion 
Endpoint:   read_data[25] (v) checked with  leading edge of 'clk'
Beginpoint: cs            (v) triggered by  leading edge of 'clk'
Path Groups: {clk}
Analysis View: view_tc
Other End Arrival Time          0.000
- External Delay              300.000
+ Phase Shift                 575.000
= Required Time               275.000
- Arrival Time                273.200
= Slack Time                    1.800
     Clock Rise Edge                      0.000
     + Input Delay                        1.000
     = Beginpoint Arrival Time            1.000
     +--------------------------------------------------------------------------------------+ 
     |   Instance   |       Arc       |         Cell          |  Delay | Arrival | Required | 
     |              |                 |                       |        |  Time   |   Time   | 
     |--------------+-----------------+-----------------------+--------+---------+----------| 
     |              | cs v            |                       |        |   1.000 |    2.800 | 
     | g7669        | A v -> Y ^      | INVx2_ASAP7_75t_SL    |  3.800 |   4.800 |    6.600 | 
     | FE_RC_15_0   | A ^ -> Y ^      | OR3x2_ASAP7_75t_SL    | 13.800 |  18.600 |   20.400 | 
     | g18430__5795 | A ^ -> Y ^      | OR3x1_ASAP7_75t_SL    | 19.500 |  38.100 |   39.900 | 
     | g18429       | A ^ -> Y v      | INVx1_ASAP7_75t_SL    |  7.100 |  45.200 |   47.000 | 
     | g18425__2250 | A v -> Y v      | AND3x4_ASAP7_75t_SL   | 19.100 |  64.300 |   66.100 | 
     | g18416__7118 | B v -> Y v      | AND2x6_ASAP7_75t_SL   | 25.100 |  89.400 |   91.200 | 
     | g18309__2703 | B1 v -> Y ^     | AOI22xp5_ASAP7_75t_SL | 44.300 | 133.700 |  135.500 | 
     | g18067__1474 | B ^ -> Y v      | NAND2xp5_ASAP7_75t_SL | 24.700 | 158.400 |  160.200 | 
     | g18027__2250 | B v -> Y ^      | AOI21xp5_ASAP7_75t_SL | 20.800 | 179.200 |  181.000 | 
     | g17934__2391 | C ^ -> Y ^      | AND5x1_ASAP7_75t_SL   | 27.200 | 206.400 |  208.200 | 
     | g17915__2250 | A ^ -> Y v      | NAND5xp2_ASAP7_75t_SL | 57.600 | 264.000 |  265.800 | 
     |              | read_data[25] v |                       |  9.200 | 273.200 |  275.000 | 
     +--------------------------------------------------------------------------------------+ 

