###############################################################
#  Generated by:      Cadence Innovus 21.13-s100_1
#  OS:                Linux x86_64(Host ID ic21)
#  Generated on:      Tue Mar  4 21:19:23 2025
#  Design:            sha256
#  Command:           report_timing > ../timing_0.5_600.rpt
###############################################################
Path 1: VIOLATED Late External Delay Assertion 
Endpoint:   read_data[6] (v) checked with  leading edge of 'clk'
Beginpoint: cs           (v) triggered by  leading edge of 'clk'
Path Groups: {clk}
Analysis View: view_tc
Other End Arrival Time          0.000
- External Delay              300.000
+ Phase Shift                 600.000
= Required Time               300.000
- Arrival Time                347.400
= Slack Time                  -47.400
     Clock Rise Edge                      0.000
     + Input Delay                        1.000
     = Beginpoint Arrival Time            1.000
     +--------------------------------------------------------------------------------------+ 
     |   Instance   |      Arc       |         Cell          |  Delay  | Arrival | Required | 
     |              |                |                       |         |  Time   |   Time   | 
     |--------------+----------------+-----------------------+---------+---------+----------| 
     |              | cs v           |                       |         |   1.000 |  -46.400 | 
     | g7669        | A v -> Y ^     | INVx1_ASAP7_75t_SL    |   5.000 |   6.000 |  -41.400 | 
     | g18433__5019 | A ^ -> Y ^     | OR3x1_ASAP7_75t_SL    |  15.400 |  21.400 |  -26.000 | 
     | g18428__2703 | A ^ -> Y ^     | OR3x1_ASAP7_75t_SL    |  18.900 |  40.300 |   -7.100 | 
     | g18421__5703 | B ^ -> Y ^     | OR2x2_ASAP7_75t_SL    |  22.300 |  62.600 |   15.200 | 
     | g18410__2683 | B ^ -> Y v     | NOR2x1_ASAP7_75t_SL   |  16.600 |  79.200 |   31.800 | 
     | g18395__2703 | B v -> Y v     | AND2x2_ASAP7_75t_SL   |  30.600 | 109.800 |   62.400 | 
     | g18266__2683 | A1 v -> Y ^    | AOI22xp5_ASAP7_75t_SL | 137.300 | 247.100 |  199.700 | 
     | g17971__2250 | C ^ -> Y ^     | AND4x1_ASAP7_75t_SL   |  28.300 | 275.400 |  228.000 | 
     | g17930__2683 | A ^ -> Y v     | NAND5xp2_ASAP7_75t_SL |  61.800 | 337.200 |  289.800 | 
     |              | read_data[6] v |                       |  10.200 | 347.400 |  300.000 | 
     +--------------------------------------------------------------------------------------+ 

