###############################################################
#  Generated by:      Cadence Innovus 21.13-s100_1
#  OS:                Linux x86_64(Host ID ic21)
#  Generated on:      Mon Mar 10 14:10:24 2025
#  Design:            sha256
#  Command:           report_timing > ../timing_0.7_540.rpt
###############################################################
Path 1: VIOLATED Late External Delay Assertion 
Endpoint:   read_data[20] (v) checked with  leading edge of 'clk'
Beginpoint: cs            (v) triggered by  leading edge of 'clk'
Path Groups: {clk}
Analysis View: view_tc
Other End Arrival Time          0.000
- External Delay              300.000
+ Phase Shift                 540.000
= Required Time               240.000
- Arrival Time                242.000
= Slack Time                   -2.000
     Clock Rise Edge                      0.000
     + Input Delay                        1.000
     = Beginpoint Arrival Time            1.000
     +-------------------------------------------------------------------------------------------+ 
     |     Instance      |       Arc       |         Cell          |  Delay | Arrival | Required | 
     |                   |                 |                       |        |  Time   |   Time   | 
     |-------------------+-----------------+-----------------------+--------+---------+----------| 
     |                   | cs v            |                       |        |   1.000 |   -1.000 | 
     | g7669             | A v -> Y ^      | INVx3_ASAP7_75t_SL    |  5.000 |   6.000 |    4.000 | 
     | g18433__5019_dup1 | A ^ -> Y ^      | OR3x1_ASAP7_75t_SL    | 16.900 |  22.900 |   20.900 | 
     | g18428__2703      | A ^ -> Y ^      | OR3x1_ASAP7_75t_SL    | 16.300 |  39.200 |   37.200 | 
     | g18421__5703      | B ^ -> Y ^      | OR2x6_ASAP7_75t_SL    | 19.900 |  59.100 |   57.100 | 
     | g18402__9906      | B ^ -> Y v      | NOR2x2_ASAP7_75t_SL   | 10.600 |  69.700 |   67.700 | 
     | g18391__7114      | B v -> Y v      | AND2x6_ASAP7_75t_SL   | 26.300 |  96.000 |   94.000 | 
     | g18253__2703      | A2 v -> Y ^     | AOI22xp5_ASAP7_75t_SL | 66.600 | 162.600 |  160.600 | 
     | g17940__5703      | D ^ -> Y ^      | AND5x1_ASAP7_75t_SL   | 28.300 | 190.900 |  188.900 | 
     | g17913__7114      | A ^ -> Y v      | NAND5xp2_ASAP7_75t_SL | 47.400 | 238.300 |  236.300 | 
     |                   | read_data[20] v |                       |  3.700 | 242.000 |  240.000 | 
     +-------------------------------------------------------------------------------------------+ 

