###############################################################
#  Generated by:      Cadence Innovus 21.13-s100_1
#  OS:                Linux x86_64(Host ID ic21)
#  Generated on:      Mon Mar 10 15:55:11 2025
#  Design:            sha256
#  Command:           report_timing > ../timing_0.7_577.rpt
###############################################################
Path 1: VIOLATED Setup Check with Pin core_a_reg_reg[29]/CLK 
Endpoint:   core_a_reg_reg[29]/D     (^) checked with  leading edge of 'clk'
Beginpoint: core_t_ctr_reg_reg[1]/QN (v) triggered by  leading edge of 'clk'
Path Groups: {clk}
Analysis View: view_tc
Other End Arrival Time          0.000
- Setup                        17.144
+ Phase Shift                 577.000
= Required Time               559.856
- Arrival Time                561.300
= Slack Time                   -1.444
     Clock Rise Edge                 0.000
     + Clock Network Latency (Ideal) 0.000
     = Beginpoint Arrival Time       0.000
     +--------------------------------------------------------------------------------------------------------------------------+ 
     |                    Instance                     |      Arc      |           Cell           |  Delay | Arrival | Required | 
     |                                                 |               |                          |        |  Time   |   Time   | 
     |-------------------------------------------------+---------------+--------------------------+--------+---------+----------| 
     | core_t_ctr_reg_reg[1]                           | CLK ^         |                          |        |   0.000 |   -1.444 | 
     | core_t_ctr_reg_reg[1]                           | CLK ^ -> QN v | DFFASRHQNx1_ASAP7_75t_SL | 42.400 |  42.400 |   40.956 | 
     | FE_OCPC175_core_w_mem_inst_w_ctr_reg_1          | A v -> Y v    | BUFx6f_ASAP7_75t_SL      | 17.600 |  60.000 |   58.556 | 
     | FE_OFC108_core_w_mem_inst_w_ctr_reg_1           | A v -> Y ^    | INVx5_ASAP7_75t_SL       | 13.500 |  73.500 |   72.056 | 
     | core_g49833                                     | B ^ -> Y ^    | AND2x4_ASAP7_75t_SL      | 21.100 |  94.600 |   93.156 | 
     | core_g67389                                     | B ^ -> Y ^    | AND2x4_ASAP7_75t_SL      | 18.700 | 113.300 |  111.856 | 
     | core_g49584                                     | B ^ -> Y ^    | AND2x4_ASAP7_75t_SL      | 29.800 | 143.100 |  141.656 | 
     | core_g49210                                     | A2 ^ -> Y v   | AOI22xp5_ASAP7_75t_SL    | 82.800 | 225.900 |  224.456 | 
     | core_g48944                                     | D v -> Y ^    | NAND4xp25_ASAP7_75t_SL   | 20.600 | 246.500 |  245.056 | 
     | core_g48875                                     | C ^ -> Y ^    | AO211x2_ASAP7_75t_SL     | 23.800 | 270.300 |  268.856 | 
     | core_csa_tree_add_337_39_g6808                  | B ^ -> Y ^    | XOR2xp5_ASAP7_75t_SL     | 22.500 | 292.800 |  291.356 | 
     | core_csa_tree_add_337_39_g6535                  | A ^ -> Y ^    | XOR2xp5_ASAP7_75t_SL     | 36.700 | 329.500 |  328.056 | 
     | core_csa_tree_add_422_23_groupi_g5963           | A ^ -> Y ^    | MAJx2_ASAP7_75t_SL       | 24.600 | 354.100 |  352.656 | 
     | core_csa_tree_add_422_23_groupi_g67864          | C ^ -> Y ^    | MAJx2_ASAP7_75t_SL       | 18.500 | 372.600 |  371.156 | 
     | core_csa_tree_add_422_23_groupi_g67659_dup68826 | A1 ^ -> Y v   | AOI21x1_ASAP7_75t_SL     | 11.200 | 383.800 |  382.356 | 
     | core_csa_tree_add_422_23_groupi_g67869          | A v -> Y v    | MAJx2_ASAP7_75t_SL       | 22.400 | 406.200 |  404.756 | 
     | FE_RC_4_0                                       | A2 v -> Y ^   | OAI21xp5_ASAP7_75t_SL    | 10.800 | 417.000 |  415.556 | 
     | core_csa_tree_add_422_23_groupi_g67448          | A1 ^ -> Y ^   | AO21x2_ASAP7_75t_SL      | 15.400 | 432.400 |  430.956 | 
     | core_csa_tree_add_422_23_groupi_g67451          | A2 ^ -> Y ^   | AO21x1_ASAP7_75t_SL      | 20.000 | 452.400 |  450.956 | 
     | g68244                                          | B ^ -> Y ^    | AND2x2_ASAP7_75t_SL      | 17.300 | 469.700 |  468.256 | 
     | FE_RC_0_0                                       | A2 ^ -> Y v   | AOI22x1_ASAP7_75t_SL     |  8.200 | 477.900 |  476.456 | 
     | g96                                             | B v -> Y v    | AND2x4_ASAP7_75t_SL      | 16.800 | 494.700 |  493.256 | 
     | core_csa_tree_add_422_23_groupi_g5726           | B v -> Y ^    | NOR2x2_ASAP7_75t_SL      | 16.300 | 511.000 |  509.556 | 
     | core_csa_tree_add_422_23_groupi_g67478          | B ^ -> Y v    | NAND2x1p5_ASAP7_75t_SL   |  9.200 | 520.200 |  518.756 | 
     | core_csa_tree_add_422_23_groupi_g5703           | A2 v -> Y v   | OA21x2_ASAP7_75t_SL      | 18.200 | 538.400 |  536.956 | 
     | core_csa_tree_add_422_23_groupi_g5688           | A v -> Y v    | XNOR2x1_ASAP7_75t_SL     | 13.400 | 551.800 |  550.356 | 
     | core_g63497                                     | A1 v -> Y ^   | AOI21xp5_ASAP7_75t_SL    |  9.500 | 561.300 |  559.856 | 
     | core_a_reg_reg[29]                              | D ^           | DFFASRHQNx1_ASAP7_75t_SL |  0.000 | 561.300 |  559.856 | 
     +--------------------------------------------------------------------------------------------------------------------------+ 

