###############################################################
#  Generated by:      Cadence Innovus 21.13-s100_1
#  OS:                Linux x86_64(Host ID ic21)
#  Generated on:      Tue Mar 11 01:04:26 2025
#  Design:            sha256
#  Command:           report_timing > ../timing_0.6_486.rpt
###############################################################
Path 1: VIOLATED Late External Delay Assertion 
Endpoint:   read_data[22] (v) checked with  leading edge of 'clk'
Beginpoint: address[2]    (v) triggered by  leading edge of 'clk'
Path Groups: {clk}
Analysis View: view_tc
Other End Arrival Time          0.000
- External Delay              300.000
+ Phase Shift                 486.000
= Required Time               186.000
- Arrival Time                191.500
= Slack Time                   -5.500
     Clock Rise Edge                      0.000
     + Input Delay                        1.000
     = Beginpoint Arrival Time            1.000
     +-------------------------------------------------------------------------------------------+ 
     |     Instance     |       Arc       |          Cell          |  Delay | Arrival | Required | 
     |                  |                 |                        |        |  Time   |   Time   | 
     |------------------+-----------------+------------------------+--------+---------+----------| 
     |                  | address[2] v    |                        |        |   1.000 |   -4.500 | 
     | g18452           | A v -> Y ^      | INVx3_ASAP7_75t_SL     | 11.000 |  12.000 |    6.500 | 
     | FE_RC_690_0      | B ^ -> Y v      | NOR2x1p5_ASAP7_75t_SL  | 10.100 |  22.100 |   16.600 | 
     | FE_RC_689_0      | A v -> Y v      | AND4x2_ASAP7_75t_SL    | 21.200 |  43.300 |   37.800 | 
     | g18416__7118_dup | B v -> Y v      | AND2x4_ASAP7_75t_SL    | 19.100 |  62.400 |   56.900 | 
     | g18340__1840     | B1 v -> Y ^     | AOI22xp5_ASAP7_75t_SL  | 39.700 | 102.100 |   96.600 | 
     | g18070__2683     | B ^ -> Y v      | NAND2x1_ASAP7_75t_SL   | 14.900 | 117.000 |  111.500 | 
     | g18032__1840     | B v -> Y ^      | AOI21xp5_ASAP7_75t_SL  | 22.300 | 139.300 |  133.800 | 
     | FE_RC_311_0      | A ^ -> Y ^      | AND4x1_ASAP7_75t_SL    | 27.800 | 167.100 |  161.600 | 
     | FE_RC_333_0      | B ^ -> Y v      | NAND4xp75_ASAP7_75t_SL | 21.000 | 188.100 |  182.600 | 
     |                  | read_data[22] v |                        |  3.400 | 191.500 |  186.000 | 
     +-------------------------------------------------------------------------------------------+ 

