###############################################################
#  Generated by:      Cadence Innovus 21.13-s100_1
#  OS:                Linux x86_64(Host ID ic21)
#  Generated on:      Tue Mar  4 18:13:32 2025
#  Design:            sha256
#  Command:           report_timing > ../timing_0.2_1000.rpt
###############################################################
Path 1: MET Setup Check with Pin core_a_reg_reg[31]/CLK 
Endpoint:   core_a_reg_reg[31]/D           (^) checked with  leading edge of 
'clk'
Beginpoint: core_sha256_ctrl_reg_reg[0]/QN (^) triggered by  leading edge of 
'clk'
Path Groups: {clk}
Analysis View: view_tc
Other End Arrival Time          0.000
- Setup                        17.144
+ Phase Shift                 1000.000
= Required Time               982.856
- Arrival Time                778.500
= Slack Time                  204.356
     Clock Rise Edge                 0.000
     + Clock Network Latency (Ideal) 0.000
     = Beginpoint Arrival Time       0.000
     +-----------------------------------------------------------------------------------------------------------+ 
     |            Instance             |      Arc      |           Cell           |  Delay  | Arrival | Required | 
     |                                 |               |                          |         |  Time   |   Time   | 
     |---------------------------------+---------------+--------------------------+---------+---------+----------| 
     | core_sha256_ctrl_reg_reg[0]     | CLK ^         |                          |         |  -0.000 |  204.356 | 
     | core_sha256_ctrl_reg_reg[0]     | CLK ^ -> QN ^ | DFFASRHQNx1_ASAP7_75t_SL |  48.100 |  48.100 |  252.456 | 
     | core_g66613                     | A ^ -> Y v    | INVx1_ASAP7_75t_SL       |   8.700 |  56.800 |  261.156 | 
     | core_g65738                     | B v -> Y ^    | NOR2xp33_ASAP7_75t_SL    |  25.900 |  82.700 |  287.056 | 
     | FE_OFC77_core_n_63637           | A ^ -> Y ^    | BUFx2_ASAP7_75t_SL       |  47.200 | 129.900 |  334.256 | 
     | FE_OFC78_core_n_63637           | A ^ -> Y ^    | BUFx2_ASAP7_75t_SL       |  64.400 | 194.300 |  398.656 | 
     | FE_OFC80_core_n_63637           | A ^ -> Y ^    | BUFx2_ASAP7_75t_SL       |  85.300 | 279.600 |  483.956 | 
     | FE_OFC103_FE_OFN80_core_n_63637 | A ^ -> Y ^    | BUFx2_ASAP7_75t_SL       |  60.000 | 339.600 |  543.956 | 
     | core_g65524                     | A ^ -> Y v    | NOR2x1_ASAP7_75t_SL      |  80.300 | 419.900 |  624.256 | 
     | FE_OFC84_core_n_62195           | A v -> Y v    | BUFx2_ASAP7_75t_SL       |  58.200 | 478.100 |  682.456 | 
     | FE_OFC86_core_n_62195           | A v -> Y v    | BUFx2_ASAP7_75t_SL       |  68.800 | 546.900 |  751.256 | 
     | FE_OFC87_core_n_62195           | A v -> Y v    | HB1xp67_ASAP7_75t_L      | 170.500 | 717.400 |  921.756 | 
     | core_g64165                     | B1 v -> Y v   | AO221x1_ASAP7_75t_SL     |  49.300 | 766.700 |  971.056 | 
     | core_g63496                     | B v -> Y ^    | AOI21xp5_ASAP7_75t_SL    |  11.700 | 778.400 |  982.756 | 
     | core_a_reg_reg[31]              | D ^           | DFFASRHQNx1_ASAP7_75t_SL |   0.100 | 778.500 |  982.856 | 
     +-----------------------------------------------------------------------------------------------------------+ 

