###############################################################
#  Generated by:      Cadence Innovus 21.13-s100_1
#  OS:                Linux x86_64(Host ID ic21)
#  Generated on:      Mon Mar 10 18:00:50 2025
#  Design:            sha256
#  Command:           report_timing > ../timing_0.7_310.rpt
###############################################################
Path 1: VIOLATED Late External Delay Assertion 
Endpoint:   read_data[31] (^) checked with  leading edge of 'clk'
Beginpoint: address[6]    (v) triggered by  leading edge of 'clk'
Path Groups: {clk}
Analysis View: view_tc
Other End Arrival Time          0.000
- External Delay              300.000
+ Phase Shift                 310.000
= Required Time                10.000
- Arrival Time                169.100
= Slack Time                  -159.100
     Clock Rise Edge                      0.000
     + Input Delay                        1.000
     = Beginpoint Arrival Time            1.000
     +--------------------------------------------------------------------------------------------+ 
     |     Instance      |       Arc       |          Cell          |  Delay | Arrival | Required | 
     |                   |                 |                        |        |  Time   |   Time   | 
     |-------------------+-----------------+------------------------+--------+---------+----------| 
     |                   | address[6] v    |                        |        |   1.000 | -158.100 | 
     | FE_RC_2324_0      | A v -> Y ^      | NOR2x2_ASAP7_75t_SL    | 11.300 |  12.300 | -146.800 | 
     | FE_RC_640_0       | A ^ -> Y v      | NAND4xp75_ASAP7_75t_SL | 16.000 |  28.300 | -130.800 | 
     | g18421__5703_dup2 | B v -> Y v      | OR2x2_ASAP7_75t_SL     | 26.900 |  55.200 | -103.900 | 
     | FE_RC_2330_0      | A v -> Y ^      | NOR2x2_ASAP7_75t_SL    | 12.400 |  67.600 |  -91.500 | 
     | FE_RC_1208_0_dup  | A ^ -> Y ^      | AND2x6_ASAP7_75t_SL    | 24.400 |  92.000 |  -67.100 | 
     | g18014__2683      | A2 ^ -> Y v     | AOI221x1_ASAP7_75t_SL  | 30.000 | 122.000 |  -37.100 | 
     | FE_RC_2303_0      | A v -> Y v      | AND5x2_ASAP7_75t_SL    | 22.400 | 144.400 |  -14.700 | 
     | FE_RC_2528_0      | A v -> Y ^      | NAND3x2_ASAP7_75t_SL   | 23.200 | 167.600 |    8.500 | 
     |                   | read_data[31] ^ |                        |  1.500 | 169.100 |   10.000 | 
     +--------------------------------------------------------------------------------------------+ 

