###############################################################
#  Generated by:      Cadence Innovus 21.13-s100_1
#  OS:                Linux x86_64(Host ID ic21)
#  Generated on:      Sun Mar  9 17:34:31 2025
#  Design:            sha256
#  Command:           report_timing > ../timing_0.1_700.rpt
###############################################################
Path 1: MET Late External Delay Assertion 
Endpoint:   read_data[28] (v) checked with  leading edge of 'clk'
Beginpoint: cs            (v) triggered by  leading edge of 'clk'
Path Groups: {clk}
Analysis View: view_tc
Other End Arrival Time          0.000
- External Delay              300.000
+ Phase Shift                 700.000
= Required Time               400.000
- Arrival Time                382.200
= Slack Time                   17.800
     Clock Rise Edge                      0.000
     + Input Delay                        1.000
     = Beginpoint Arrival Time            1.000
     +------------------------------------------------------------------------------------------+ 
     |    Instance     |       Arc       |          Cell          |  Delay | Arrival | Required | 
     |                 |                 |                        |        |  Time   |   Time   | 
     |-----------------+-----------------+------------------------+--------+---------+----------| 
     |                 | cs v            |                        |        |   1.000 |   18.800 | 
     | g7669           | A v -> Y ^      | INVx1_ASAP7_75t_SL     |  4.900 |   5.900 |   23.700 | 
     | FE_RC_2_0       | A ^ -> Y ^      | OR3x2_ASAP7_75t_SL     | 14.000 |  19.900 |   37.700 | 
     | g18430__5795    | A ^ -> Y ^      | OR3x1_ASAP7_75t_SL     | 29.700 |  49.600 |   67.400 | 
     | g18429          | A ^ -> Y v      | INVx1_ASAP7_75t_SL     |  5.100 |  54.700 |   72.500 | 
     | FE_RC_4_0       | C v -> Y v      | AND3x1_ASAP7_75t_SL    | 19.000 |  73.700 |   91.500 | 
     | g18415__7675    | B v -> Y v      | AND2x2_ASAP7_75t_SL    | 23.600 |  97.300 |  115.100 | 
     | FE_OFC126_n_845 | A v -> Y ^      | INVx3_ASAP7_75t_SL     | 35.100 | 132.400 |  150.200 | 
     | FE_OFC138_n_845 | A ^ -> Y v      | INVx2_ASAP7_75t_SL     | 23.100 | 155.500 |  173.300 | 
     | FE_OFC140_n_845 | A v -> Y ^      | INVx1_ASAP7_75t_SL     | 14.300 | 169.800 |  187.600 | 
     | FE_OFC142_n_845 | A ^ -> Y v      | INVx1_ASAP7_75t_SL     | 13.500 | 183.300 |  201.100 | 
     | g18018__2391    | A2 v -> Y ^     | AOI221xp5_ASAP7_75t_SL | 43.900 | 227.200 |  245.000 | 
     | g17942__5266    | D ^ -> Y ^      | AND5x1_ASAP7_75t_SL    | 35.700 | 262.900 |  280.700 | 
     | g17900__4547    | A ^ -> Y v      | NAND5xp2_ASAP7_75t_SL  | 89.700 | 352.600 |  370.400 | 
     |                 | read_data[28] v |                        | 29.600 | 382.200 |  400.000 | 
     +------------------------------------------------------------------------------------------+ 

