###############################################################
#  Generated by:      Cadence Innovus 21.13-s100_1
#  OS:                Linux x86_64(Host ID ic21)
#  Generated on:      Tue Mar  4 22:09:06 2025
#  Design:            sha256
#  Command:           report_timing > ../timing_0.6_1000.rpt
###############################################################
Path 1: MET Setup Check with Pin core_a_reg_reg[25]/CLK 
Endpoint:   core_a_reg_reg[25]/D     (^) checked with  leading edge of 'clk'
Beginpoint: core_t_ctr_reg_reg[4]/QN (^) triggered by  leading edge of 'clk'
Path Groups: {clk}
Analysis View: view_tc
Other End Arrival Time          0.000
- Setup                        16.956
+ Phase Shift                 1000.000
= Required Time               983.044
- Arrival Time                835.100
= Slack Time                  147.945
     Clock Rise Edge                 0.000
     + Clock Network Latency (Ideal) 0.000
     = Beginpoint Arrival Time       0.000
     +---------------------------------------------------------------------------------------------------------------------------+ 
     |                    Instance                     |      Arc      |           Cell           |  Delay  | Arrival | Required | 
     |                                                 |               |                          |         |  Time   |   Time   | 
     |-------------------------------------------------+---------------+--------------------------+---------+---------+----------| 
     | core_t_ctr_reg_reg[4]                           | CLK ^         |                          |         |   0.000 |  147.945 | 
     | core_t_ctr_reg_reg[4]                           | CLK ^ -> QN ^ | DFFASRHQNx1_ASAP7_75t_SL |  85.200 |  85.200 |  233.145 | 
     | g664                                            | A ^ -> Y v    | INVx1_ASAP7_75t_SL       |  52.800 | 138.000 |  285.945 | 
     | g68527                                          | A v -> Y v    | AND2x2_ASAP7_75t_SL      |  54.300 | 192.300 |  340.245 | 
     | core_g49701                                     | A v -> Y v    | AND2x2_ASAP7_75t_SL      |  39.800 | 232.100 |  380.045 | 
     | core_g49507                                     | B v -> Y v    | AND2x2_ASAP7_75t_SL      |  34.000 | 266.100 |  414.045 | 
     | FE_OFC109_core_n_48261                          | A v -> Y v    | HB1xp67_ASAP7_75t_L      | 106.700 | 372.800 |  520.745 | 
     | core_g67667                                     | B2 v -> Y ^   | AOI22xp5_ASAP7_75t_SL    |  56.900 | 429.700 |  577.645 | 
     | g1281                                           | E ^ -> Y ^    | AND5x1_ASAP7_75t_SL      |  26.000 | 455.700 |  603.645 | 
     | g1280                                           | B ^ -> Y v    | OAI21xp5_ASAP7_75t_SL    |  10.300 | 466.000 |  613.945 | 
     | g68328                                          | B v -> Y ^    | AOI21xp5_ASAP7_75t_SL    |  29.700 | 495.700 |  643.645 | 
     | g1277                                           | B ^ -> Y ^    | XNOR2xp5_ASAP7_75t_SL    |  22.000 | 517.700 |  665.645 | 
     | core_csa_tree_add_337_39_g6472                  | A ^ -> Y ^    | XOR2xp5_ASAP7_75t_SL     |  34.400 | 552.100 |  700.045 | 
     | core_csa_tree_add_422_23_groupi_g5892           | A ^ -> Y v    | XOR2xp5_ASAP7_75t_SL     |  12.400 | 564.500 |  712.445 | 
     | core_csa_tree_add_422_23_groupi_g67865          | B v -> Y v    | OR2x2_ASAP7_75t_SL       |  19.300 | 583.800 |  731.745 | 
     | core_csa_tree_add_422_23_groupi_g67659_dup68826 | A2 v -> Y ^   | AOI21xp5_ASAP7_75t_SL    |  17.900 | 601.700 |  749.645 | 
     | core_csa_tree_add_422_23_groupi_g67869          | A ^ -> Y ^    | MAJx2_ASAP7_75t_SL       |  20.900 | 622.600 |  770.545 | 
     | core_csa_tree_add_422_23_groupi_g5748_dup       | A1 ^ -> Y v   | OAI21xp5_ASAP7_75t_SL    |  13.500 | 636.100 |  784.045 | 
     | core_csa_tree_add_422_23_groupi_g67448          | A1 v -> Y v   | AO21x1_ASAP7_75t_SL      |  20.700 | 656.800 |  804.745 | 
     | core_csa_tree_add_422_23_groupi_g5741_dup       | A2 v -> Y v   | AO21x1_ASAP7_75t_SL      |  20.800 | 677.600 |  825.545 | 
     | g68244                                          | B v -> Y v    | AND2x2_ASAP7_75t_SL      |  16.500 | 694.100 |  842.045 | 
     | g68242                                          | A2 v -> Y ^   | AOI22xp5_ASAP7_75t_SL    |  10.500 | 704.600 |  852.545 | 
     | g96                                             | B ^ -> Y ^    | AND2x2_ASAP7_75t_SL      |  21.700 | 726.300 |  874.245 | 
     | core_csa_tree_add_422_23_groupi_g5726           | B ^ -> Y v    | NOR2xp33_ASAP7_75t_SL    |  24.100 | 750.400 |  898.344 | 
     | core_csa_tree_add_422_23_groupi_g67384          | A v -> Y ^    | NOR2xp33_ASAP7_75t_SL    |  37.900 | 788.300 |  936.245 | 
     | core_csa_tree_add_422_23_groupi_g5699           | A1 ^ -> Y v   | OAI21xp5_ASAP7_75t_SL    |  16.100 | 804.400 |  952.344 | 
     | core_csa_tree_add_422_23_groupi_g5691           | A v -> Y v    | XNOR2xp5_ASAP7_75t_SL    |  20.000 | 824.400 |  972.344 | 
     | core_g63499                                     | A1 v -> Y ^   | AOI21xp5_ASAP7_75t_SL    |  10.600 | 835.000 |  982.944 | 
     | core_a_reg_reg[25]                              | D ^           | DFFASRHQNx1_ASAP7_75t_SL |   0.100 | 835.100 |  983.044 | 
     +---------------------------------------------------------------------------------------------------------------------------+ 

