###############################################################
#  Generated by:      Cadence Innovus 21.13-s100_1
#  OS:                Linux x86_64(Host ID ic21)
#  Generated on:      Tue Mar 11 13:53:03 2025
#  Design:            sha256
#  Command:           report_timing > ../timing_0.6_493.rpt
###############################################################
Path 1: VIOLATED Late External Delay Assertion 
Endpoint:   read_data[22] (^) checked with  leading edge of 'clk'
Beginpoint: cs            (^) triggered by  leading edge of 'clk'
Path Groups: {clk}
Analysis View: view_tc
Other End Arrival Time          0.000
- External Delay              300.000
+ Phase Shift                 493.000
= Required Time               193.000
- Arrival Time                200.000
= Slack Time                   -7.000
     Clock Rise Edge                      0.000
     + Input Delay                        1.000
     = Beginpoint Arrival Time            1.000
     +------------------------------------------------------------------------------------------+ 
     |     Instance     |       Arc       |         Cell          |  Delay | Arrival | Required | 
     |                  |                 |                       |        |  Time   |   Time   | 
     |------------------+-----------------+-----------------------+--------+---------+----------| 
     |                  | cs ^            |                       |        |   1.000 |   -6.000 | 
     | g7669_dup        | A ^ -> Y v      | INVx11_ASAP7_75t_SL   |  3.600 |   4.600 |   -2.400 | 
     | FE_RC_328_0      | A v -> Y v      | OR3x1_ASAP7_75t_SL    | 26.600 |  31.200 |   24.200 | 
     | FE_RC_937_0      | A v -> Y ^      | INVx1_ASAP7_75t_SL    |  7.500 |  38.700 |   31.700 | 
     | FE_RC_936_0      | A ^ -> Y ^      | AND4x1_ASAP7_75t_SL   | 24.500 |  63.200 |   56.200 | 
     | g18414__2391     | B ^ -> Y ^      | AND2x4_ASAP7_75t_SL   | 16.600 |  79.800 |   72.800 | 
     | FE_OCPC699_n_846 | A ^ -> Y ^      | BUFx12f_ASAP7_75t_SL  | 15.100 |  94.900 |   87.900 | 
     | g18340__1840     | A1 ^ -> Y v     | AOI22xp5_ASAP7_75t_SL | 19.500 | 114.400 |  107.400 | 
     | g18070__2683     | B v -> Y ^      | NAND2xp5_ASAP7_75t_SL | 25.200 | 139.600 |  132.600 | 
     | g18032__1840     | B ^ -> Y v      | AOI21xp5_ASAP7_75t_SL | 19.000 | 158.600 |  151.600 | 
     | FE_RC_280_0      | A v -> Y v      | AND4x1_ASAP7_75t_SL   | 15.300 | 173.900 |  166.900 | 
     | FE_RC_380_0      | B v -> Y ^      | NAND2x1_ASAP7_75t_SL  | 21.300 | 195.200 |  188.200 | 
     |                  | read_data[22] ^ |                       |  4.800 | 200.000 |  193.000 | 
     +------------------------------------------------------------------------------------------+ 

