###############################################################
#  Generated by:      Cadence Innovus 21.13-s100_1
#  OS:                Linux x86_64(Host ID ic21)
#  Generated on:      Mon Mar 10 01:43:57 2025
#  Design:            sha256
#  Command:           report_timing > ../timing_0.6_570.rpt
###############################################################
Path 1: VIOLATED Late External Delay Assertion 
Endpoint:   read_data[8] (^) checked with  leading edge of 'clk'
Beginpoint: cs           (^) triggered by  leading edge of 'clk'
Path Groups: {clk}
Analysis View: view_tc
Other End Arrival Time          0.000
- External Delay              300.000
+ Phase Shift                 570.000
= Required Time               270.000
- Arrival Time                270.200
= Slack Time                   -0.200
     Clock Rise Edge                      0.000
     + Input Delay                        1.000
     = Beginpoint Arrival Time            1.000
     +----------------------------------------------------------------------------------------------+ 
     |       Instance        |      Arc       |         Cell          |  Delay | Arrival | Required | 
     |                       |                |                       |        |  Time   |   Time   | 
     |-----------------------+----------------+-----------------------+--------+---------+----------| 
     |                       | cs ^           |                       |        |   1.000 |    0.800 | 
     | g7669                 | A ^ -> Y v     | INVx2_ASAP7_75t_SL    |  3.500 |   4.500 |    4.300 | 
     | FE_RC_51_0            | A v -> Y v     | OR3x2_ASAP7_75t_SL    | 24.100 |  28.600 |   28.400 | 
     | FE_RC_72_0            | A v -> Y v     | OR3x2_ASAP7_75t_SL    | 35.100 |  63.700 |   63.500 | 
     | g18421__5703          | B v -> Y v     | OR2x6_ASAP7_75t_SL    | 22.100 |  85.800 |   85.600 | 
     | g18401__1857          | B v -> Y ^     | NOR2x2_ASAP7_75t_SL   | 13.000 |  98.800 |   98.600 | 
     | g18381__1309_dup      | B ^ -> Y ^     | AND2x2_ASAP7_75t_SL   | 31.800 | 130.600 |  130.400 | 
     | FE_OFC179_n_878       | A ^ -> Y v     | INVx2_ASAP7_75t_SL    | 34.700 | 165.300 |  165.100 | 
     | FE_OFC182_n_878       | A v -> Y ^     | INVxp33_ASAP7_75t_SL  | 43.000 | 208.300 |  208.100 | 
     | g18244__7118          | A2 ^ -> Y v    | AOI22xp5_ASAP7_75t_SL | 16.300 | 224.600 |  224.400 | 
     | g17902__2683          | D v -> Y ^     | NAND5xp2_ASAP7_75t_SL | 16.000 | 240.600 |  240.400 | 
     | FE_OFC135_read_data_8 | A ^ -> Y ^     | BUFx2_ASAP7_75t_SL    | 20.200 | 260.800 |  260.600 | 
     |                       | read_data[8] ^ |                       |  9.400 | 270.200 |  270.000 | 
     +----------------------------------------------------------------------------------------------+ 

