###############################################################
#  Generated by:      Cadence Innovus 21.13-s100_1
#  OS:                Linux x86_64(Host ID ic21)
#  Generated on:      Tue Mar 11 14:19:28 2025
#  Design:            sha256
#  Command:           report_timing > ../timing_0.6_497.rpt
###############################################################
Path 1: VIOLATED Late External Delay Assertion 
Endpoint:   read_data[22] (^) checked with  leading edge of 'clk'
Beginpoint: address[7]    (v) triggered by  leading edge of 'clk'
Path Groups: {clk}
Analysis View: view_tc
Other End Arrival Time          0.000
- External Delay              300.000
+ Phase Shift                 497.000
= Required Time               197.000
- Arrival Time                204.800
= Slack Time                   -7.800
     Clock Rise Edge                      0.000
     + Input Delay                        1.000
     = Beginpoint Arrival Time            1.000
     +---------------------------------------------------------------------------------------------+ 
     |      Instance      |       Arc       |          Cell          |  Delay | Arrival | Required | 
     |                    |                 |                        |        |  Time   |   Time   | 
     |--------------------+-----------------+------------------------+--------+---------+----------| 
     |                    | address[7] v    |                        |        |   1.000 |   -6.800 | 
     | FE_RC_451_0        | A v -> Y ^      | NOR2x1p5_ASAP7_75t_SL  |  9.400 |  10.400 |    2.600 | 
     | FE_RC_450_0        | A ^ -> Y v      | NAND2x1_ASAP7_75t_SL   |  9.400 |  19.800 |   12.000 | 
     | FE_RC_804_0        | A v -> Y v      | OR3x2_ASAP7_75t_SL     | 25.800 |  45.600 |   37.800 | 
     | FE_RC_460_0        | B v -> Y ^      | NOR2x1p5_ASAP7_75t_SL  | 12.600 |  58.200 |   50.400 | 
     | g18415__7675       | B ^ -> Y ^      | AND2x6_ASAP7_75t_SL    | 27.800 |  86.000 |   78.200 | 
     | FE_OCPC48428_n_845 | A ^ -> Y ^      | BUFx6f_ASAP7_75t_SL    | 31.200 | 117.200 |  109.400 | 
     | g18339__7344       | A1 ^ -> Y v     | AOI22x1_ASAP7_75t_SL   | 10.000 | 127.200 |  119.400 | 
     | g18070__2683       | A v -> Y ^      | NAND2x1_ASAP7_75t_SL   | 21.800 | 149.000 |  141.200 | 
     | g18032__1840       | B ^ -> Y v      | AOI21xp5_ASAP7_75t_SL  | 17.000 | 166.000 |  158.200 | 
     | FE_RC_632_0        | D v -> Y v      | AND4x1_ASAP7_75t_SL    | 18.600 | 184.600 |  176.800 | 
     | FE_RC_631_0        | A v -> Y ^      | NAND2x1p5_ASAP7_75t_SL | 15.700 | 200.300 |  192.500 | 
     |                    | read_data[22] ^ |                        |  4.500 | 204.800 |  197.000 | 
     +---------------------------------------------------------------------------------------------+ 

