###############################################################
#  Generated by:      Cadence Innovus 21.13-s100_1
#  OS:                Linux x86_64(Host ID ic21)
#  Generated on:      Mon Mar 10 02:48:21 2025
#  Design:            sha256
#  Command:           report_timing > ../timing_0.6_572.rpt
###############################################################
Path 1: VIOLATED Late External Delay Assertion 
Endpoint:   read_data[13] (v) checked with  leading edge of 'clk'
Beginpoint: cs            (v) triggered by  leading edge of 'clk'
Path Groups: {clk}
Analysis View: view_tc
Other End Arrival Time          0.000
- External Delay              300.000
+ Phase Shift                 572.000
= Required Time               272.000
- Arrival Time                273.300
= Slack Time                   -1.300
     Clock Rise Edge                      0.000
     + Input Delay                        1.000
     = Beginpoint Arrival Time            1.000
     +---------------------------------------------------------------------------------------+ 
     |   Instance   |       Arc       |          Cell          |  Delay | Arrival | Required | 
     |              |                 |                        |        |  Time   |   Time   | 
     |--------------+-----------------+------------------------+--------+---------+----------| 
     |              | cs v            |                        |        |   1.000 |   -0.300 | 
     | g7669        | A v -> Y ^      | INVx2_ASAP7_75t_SL     |  3.800 |   4.800 |    3.500 | 
     | FE_RC_20_0   | A ^ -> Y ^      | OR3x4_ASAP7_75t_SL     | 14.200 |  19.000 |   17.700 | 
     | g18430__5795 | A ^ -> Y ^      | OR3x1_ASAP7_75t_SL     | 19.100 |  38.100 |   36.800 | 
     | g18429       | A ^ -> Y v      | INVx1_ASAP7_75t_SL     |  7.300 |  45.400 |   44.100 | 
     | g18425__2250 | A v -> Y v      | AND3x4_ASAP7_75t_SL    | 19.300 |  64.700 |   63.400 | 
     | g18416__7118 | B v -> Y v      | AND2x6_ASAP7_75t_SL    | 25.000 |  89.700 |   88.400 | 
     | g18335__2250 | B1 v -> Y ^     | AOI22xp5_ASAP7_75t_SL  | 66.500 | 156.200 |  154.900 | 
     | g18045__2900 | D ^ -> Y v      | NAND4xp25_ASAP7_75t_SL | 29.000 | 185.200 |  183.900 | 
     | g17979__9906 | C v -> Y ^      | AOI221xp5_ASAP7_75t_SL | 22.900 | 208.100 |  206.800 | 
     | g17919__7344 | A ^ -> Y v      | NAND5xp2_ASAP7_75t_SL  | 59.200 | 267.300 |  266.000 | 
     |              | read_data[13] v |                        |  6.000 | 273.300 |  272.000 | 
     +---------------------------------------------------------------------------------------+ 

