###############################################################
#  Generated by:      Cadence Innovus 21.13-s100_1
#  OS:                Linux x86_64(Host ID ic21)
#  Generated on:      Mon Mar 10 18:25:59 2025
#  Design:            sha256
#  Command:           report_timing > ../timing_0.7_330.rpt
###############################################################
Path 1: VIOLATED Late External Delay Assertion 
Endpoint:   read_data[26] (v) checked with  leading edge of 'clk'
Beginpoint: cs            (v) triggered by  leading edge of 'clk'
Path Groups: {clk}
Analysis View: view_tc
Other End Arrival Time          0.000
- External Delay              300.000
+ Phase Shift                 330.000
= Required Time                30.000
- Arrival Time                172.900
= Slack Time                  -142.900
     Clock Rise Edge                      0.000
     + Input Delay                        1.000
     = Beginpoint Arrival Time            1.000
     +--------------------------------------------------------------------------------------------------------+ 
     |           Instance            |       Arc       |          Cell          |  Delay | Arrival | Required | 
     |                               |                 |                        |        |  Time   |   Time   | 
     |-------------------------------+-----------------+------------------------+--------+---------+----------| 
     |                               | cs v            |                        |        |   1.000 | -141.900 | 
     | g7669                         | A v -> Y ^      | INVx5_ASAP7_75t_SL     |  6.300 |   7.300 | -135.600 | 
     | FE_RC_477_0_dup1              | A ^ -> Y ^      | OR5x1_ASAP7_75t_SL     | 15.500 |  22.800 | -120.100 | 
     | g18421__5703_dup              | B ^ -> Y ^      | OR2x6_ASAP7_75t_SL     | 19.500 |  42.300 | -100.600 | 
     | FE_RC_1433_0                  | A ^ -> Y v      | NOR2x2_ASAP7_75t_SL    | 12.600 |  54.900 |  -88.000 | 
     | g18381__1309                  | B v -> Y v      | AND2x4_ASAP7_75t_SL    | 18.500 |  73.400 |  -69.500 | 
     | FE_OFC329_n_878               | A v -> Y v      | BUFx12f_ASAP7_75t_SL   | 16.000 |  89.400 |  -53.500 | 
     | FE_OCPC1553_FE_OFN63700_n_878 | A v -> Y v      | BUFx12f_ASAP7_75t_SL   | 30.900 | 120.300 |  -22.600 | 
     | g18240__6877                  | A2 v -> Y ^     | AOI22x1_ASAP7_75t_SL   | 10.400 | 130.700 |  -12.200 | 
     | FE_RC_1285_0                  | A ^ -> Y ^      | AND4x1_ASAP7_75t_SL    | 24.400 | 155.100 |   12.200 | 
     | FE_RC_915_0                   | C ^ -> Y v      | NAND4xp75_ASAP7_75t_SL | 16.100 | 171.200 |   28.300 | 
     |                               | read_data[26] v |                        |  1.700 | 172.900 |   30.000 | 
     +--------------------------------------------------------------------------------------------------------+ 

