###############################################################
#  Generated by:      Cadence Innovus 21.13-s100_1
#  OS:                Linux x86_64(Host ID ic21)
#  Generated on:      Tue Mar  4 18:17:24 2025
#  Design:            sha256
#  Command:           report_timing > ../timing_0.2_800.rpt
###############################################################
Path 1: MET Setup Check with Pin core_a_reg_reg[26]/CLK 
Endpoint:   core_a_reg_reg[26]/D     (^) checked with  leading edge of 'clk'
Beginpoint: core_t_ctr_reg_reg[4]/QN (^) triggered by  leading edge of 'clk'
Path Groups: {clk}
Analysis View: view_tc
Other End Arrival Time          0.000
- Setup                        16.988
+ Phase Shift                 800.000
= Required Time               783.012
- Arrival Time                730.000
= Slack Time                   53.012
     Clock Rise Edge                 0.000
     + Clock Network Latency (Ideal) 0.000
     = Beginpoint Arrival Time       0.000
     +--------------------------------------------------------------------------------------------------------------------------+ 
     |                    Instance                     |      Arc      |           Cell           |  Delay | Arrival | Required | 
     |                                                 |               |                          |        |  Time   |   Time   | 
     |-------------------------------------------------+---------------+--------------------------+--------+---------+----------| 
     | core_t_ctr_reg_reg[4]                           | CLK ^         |                          |        |  -0.000 |   53.012 | 
     | core_t_ctr_reg_reg[4]                           | CLK ^ -> QN ^ | DFFASRHQNx1_ASAP7_75t_SL | 83.500 |  83.500 |  136.512 | 
     | g664                                            | A ^ -> Y v    | INVx1_ASAP7_75t_SL       | 58.900 | 142.400 |  195.412 | 
     | g68527                                          | A v -> Y v    | AND2x4_ASAP7_75t_SL      | 39.100 | 181.500 |  234.512 | 
     | FE_DBTC2_n_4115                                 | A v -> Y ^    | INVx1_ASAP7_75t_SL       | 72.600 | 254.100 |  307.112 | 
     | core_g49664                                     | B ^ -> Y ^    | OR2x2_ASAP7_75t_SL       | 32.800 | 286.900 |  339.912 | 
     | core_g49467                                     | B ^ -> Y ^    | OR2x2_ASAP7_75t_SL       | 16.000 | 302.900 |  355.912 | 
     | core_g49039                                     | C ^ -> Y v    | OAI221xp5_ASAP7_75t_SL   | 11.400 | 314.300 |  367.312 | 
     | core_g48877                                     | B v -> Y v    | OR5x1_ASAP7_75t_SL       | 39.000 | 353.300 |  406.312 | 
     | core_csa_tree_add_337_39_g6604                  | B v -> Y v    | XNOR2xp5_ASAP7_75t_SL    | 22.000 | 375.300 |  428.312 | 
     | g509                                            | A v -> Y v    | XOR2xp5_ASAP7_75t_SL     | 19.600 | 394.900 |  447.912 | 
     | FE_RC_2_0                                       | A v -> Y v    | XNOR2xp5_ASAP7_75t_SL    | 22.300 | 417.200 |  470.212 | 
     | FE_RC_1_0                                       | A v -> Y v    | XOR2x2_ASAP7_75t_SL      | 25.400 | 442.600 |  495.612 | 
     | core_csa_tree_add_422_23_groupi_g5892           | A v -> Y v    | XOR2xp5_ASAP7_75t_SL     | 16.000 | 458.600 |  511.612 | 
     | core_csa_tree_add_422_23_groupi_g67865          | B v -> Y v    | OR2x2_ASAP7_75t_SL       | 18.700 | 477.300 |  530.312 | 
     | core_csa_tree_add_422_23_groupi_g67659_dup68826 | A2 v -> Y ^   | AOI21xp5_ASAP7_75t_SL    | 18.300 | 495.600 |  548.612 | 
     | core_csa_tree_add_422_23_groupi_g67869          | A ^ -> Y ^    | MAJx2_ASAP7_75t_SL       | 20.900 | 516.500 |  569.512 | 
     | core_csa_tree_add_422_23_groupi_g5748_dup       | A1 ^ -> Y v   | OAI21xp5_ASAP7_75t_SL    | 13.500 | 530.000 |  583.012 | 
     | core_csa_tree_add_422_23_groupi_g67448          | A1 v -> Y v   | AO21x1_ASAP7_75t_SL      | 20.700 | 550.700 |  603.712 | 
     | core_csa_tree_add_422_23_groupi_g5741_dup       | A2 v -> Y v   | AO21x1_ASAP7_75t_SL      | 20.800 | 571.500 |  624.512 | 
     | g68244                                          | B v -> Y v    | AND2x2_ASAP7_75t_SL      | 16.300 | 587.800 |  640.812 | 
     | g68242                                          | A2 v -> Y ^   | AOI22xp5_ASAP7_75t_SL    | 11.200 | 599.000 |  652.012 | 
     | g96                                             | B ^ -> Y ^    | AND2x2_ASAP7_75t_SL      | 22.300 | 621.300 |  674.312 | 
     | core_csa_tree_add_422_23_groupi_g5726           | B ^ -> Y v    | NOR2xp33_ASAP7_75t_SL    | 22.800 | 644.100 |  697.112 | 
     | core_csa_tree_add_422_23_groupi_g67384          | A v -> Y ^    | NOR2xp33_ASAP7_75t_SL    | 37.500 | 681.600 |  734.612 | 
     | core_csa_tree_add_422_23_groupi_g5698           | A1 ^ -> Y v   | OAI21xp5_ASAP7_75t_SL    | 16.500 | 698.100 |  751.112 | 
     | core_csa_tree_add_422_23_groupi_g5690           | A v -> Y v    | XNOR2xp5_ASAP7_75t_SL    | 21.700 | 719.800 |  772.812 | 
     | core_g64207                                     | A1 v -> Y ^   | AOI21xp5_ASAP7_75t_SL    | 10.200 | 730.000 |  783.012 | 
     | core_a_reg_reg[26]                              | D ^           | DFFASRHQNx1_ASAP7_75t_SL |  0.000 | 730.000 |  783.012 | 
     +--------------------------------------------------------------------------------------------------------------------------+ 

