###############################################################
#  Generated by:      Cadence Innovus 21.13-s100_1
#  OS:                Linux x86_64(Host ID ic21)
#  Generated on:      Mon Mar 10 14:01:55 2025
#  Design:            sha256
#  Command:           report_timing > ../timing_0.7_520.rpt
###############################################################
Path 1: VIOLATED Late External Delay Assertion 
Endpoint:   read_data[19] (^) checked with  leading edge of 'clk'
Beginpoint: cs            (^) triggered by  leading edge of 'clk'
Path Groups: {clk}
Analysis View: view_tc
Other End Arrival Time          0.000
- External Delay              300.000
+ Phase Shift                 520.000
= Required Time               220.000
- Arrival Time                222.400
= Slack Time                   -2.400
     Clock Rise Edge                      0.000
     + Input Delay                        1.000
     = Beginpoint Arrival Time            1.000
     +------------------------------------------------------------------------------------------------+ 
     |        Instance        |       Arc       |         Cell          |  Delay | Arrival | Required | 
     |                        |                 |                       |        |  Time   |   Time   | 
     |------------------------+-----------------+-----------------------+--------+---------+----------| 
     |                        | cs ^            |                       |        |   1.000 |   -1.400 | 
     | g7669_dup              | A ^ -> Y v      | INVx2_ASAP7_75t_SL    |  3.600 |   4.600 |    2.200 | 
     | FE_RC_98_0             | A v -> Y v      | OR3x2_ASAP7_75t_SL    | 25.800 |  30.400 |   28.000 | 
     | FE_RC_120_0            | A v -> Y ^      | NOR4xp75_ASAP7_75t_SL | 34.600 |  65.000 |   62.600 | 
     | g18417__8757           | B ^ -> Y ^      | AND2x6_ASAP7_75t_SL   | 28.200 |  93.200 |   90.800 | 
     | FE_OFC159_n_843        | A ^ -> Y ^      | BUFx6f_ASAP7_75t_SL   | 29.700 | 122.900 |  120.500 | 
     | g18105__8757           | A2 ^ -> Y ^     | AO222x2_ASAP7_75t_SL  | 20.400 | 143.300 |  140.900 | 
     | FE_RC_118_0            | B ^ -> Y v      | NOR2x1_ASAP7_75t_SL   | 14.700 | 158.000 |  155.600 | 
     | g17944__6083           | D v -> Y v      | AND5x1_ASAP7_75t_SL   | 30.200 | 188.200 |  185.800 | 
     | g17901__9682           | A v -> Y ^      | NAND5xp2_ASAP7_75t_SL |  9.200 | 197.400 |  195.000 | 
     | FE_OFC182_read_data_19 | A ^ -> Y ^      | BUFx2_ASAP7_75t_SL    | 18.800 | 216.200 |  213.800 | 
     |                        | read_data[19] ^ |                       |  6.200 | 222.400 |  220.000 | 
     +------------------------------------------------------------------------------------------------+ 

