###############################################################
#  Generated by:      Cadence Innovus 21.13-s100_1
#  OS:                Linux x86_64(Host ID ic21)
#  Generated on:      Mon Mar 10 19:36:30 2025
#  Design:            sha256
#  Command:           report_timing > ../timing_0.7_390.rpt
###############################################################
Path 1: VIOLATED Late External Delay Assertion 
Endpoint:   read_data[28] (^) checked with  leading edge of 'clk'
Beginpoint: address[4]    (v) triggered by  leading edge of 'clk'
Path Groups: {clk}
Analysis View: view_tc
Other End Arrival Time          0.000
- External Delay              300.000
+ Phase Shift                 390.000
= Required Time                90.000
- Arrival Time                170.000
= Slack Time                  -80.000
     Clock Rise Edge                      0.000
     + Input Delay                        1.000
     = Beginpoint Arrival Time            1.000
     +-------------------------------------------------------------------------------------------+ 
     |     Instance     |       Arc       |          Cell          |  Delay | Arrival | Required | 
     |                  |                 |                        |        |  Time   |   Time   | 
     |------------------+-----------------+------------------------+--------+---------+----------| 
     |                  | address[4] v    |                        |        |   1.000 |  -79.000 | 
     | FE_RC_328_0      | E v -> Y ^      | NOR5xp2_ASAP7_75t_SL   | 26.200 |  27.200 |  -52.800 | 
     | g18425__2250     | B ^ -> Y ^      | AND3x2_ASAP7_75t_SL    | 28.800 |  56.000 |  -24.000 | 
     | g18415__7675     | B ^ -> Y ^      | AND2x4_ASAP7_75t_SL    | 18.500 |  74.500 |   -5.500 | 
     | FE_OCPC470_n_845 | A ^ -> Y ^      | BUFx12f_ASAP7_75t_SL   | 22.100 |  96.600 |   16.600 | 
     | FE_RC_182_0      | B ^ -> Y v      | NAND2x2_ASAP7_75t_SL   | 11.900 | 108.500 |   28.500 | 
     | FE_RC_180_0      | A v -> Y ^      | NAND2x1p5_ASAP7_75t_SL |  9.800 | 118.300 |   38.300 | 
     | FE_RC_179_0      | A ^ -> Y v      | NOR2x1p5_ASAP7_75t_SL  | 11.500 | 129.800 |   49.800 | 
     | FE_RC_1872_0     | A v -> Y v      | AND4x1_ASAP7_75t_SL    | 18.100 | 147.900 |   67.900 | 
     | FE_RC_1563_0     | A v -> Y ^      | NAND4xp75_ASAP7_75t_SL | 14.900 | 162.800 |   82.800 | 
     |                  | read_data[28] ^ |                        |  7.200 | 170.000 |   90.000 | 
     +-------------------------------------------------------------------------------------------+ 

