###############################################################
#  Generated by:      Cadence Innovus 21.13-s100_1
#  OS:                Linux x86_64(Host ID ic21)
#  Generated on:      Tue Mar  4 21:30:25 2025
#  Design:            sha256
#  Command:           report_timing > ../timing_0.5_400.rpt
###############################################################
Path 1: VIOLATED Late External Delay Assertion 
Endpoint:   read_data[18] (v) checked with  leading edge of 'clk'
Beginpoint: address[7]    (^) triggered by  leading edge of 'clk'
Path Groups: {clk}
Analysis View: view_tc
Other End Arrival Time          0.000
- External Delay              300.000
+ Phase Shift                 400.000
= Required Time               100.000
- Arrival Time                181.100
= Slack Time                  -81.100
     Clock Rise Edge                      0.000
     + Input Delay                        1.000
     = Beginpoint Arrival Time            1.000
     +------------------------------------------------------------------------------------------+ 
     |    Instance     |       Arc       |          Cell          |  Delay | Arrival | Required | 
     |                 |                 |                        |        |  Time   |   Time   | 
     |-----------------+-----------------+------------------------+--------+---------+----------| 
     |                 | address[7] ^    |                        |        |   1.000 |  -80.100 | 
     | FE_RC_599_0     | A ^ -> Y v      | INVx3_ASAP7_75t_SL     |  4.100 |   5.100 |  -76.000 | 
     | FE_RC_598_0     | E v -> Y v      | AND5x2_ASAP7_75t_SL    | 21.300 |  26.400 |  -54.700 | 
     | FE_RC_280_0_dup | B v -> Y v      | AND2x4_ASAP7_75t_SL    | 22.800 |  49.200 |  -31.900 | 
     | g18414__2391    | B v -> Y v      | AND2x6_ASAP7_75t_SL    | 25.800 |  75.000 |   -6.100 | 
     | g18305__7114    | A1 v -> Y ^     | AOI22x1_ASAP7_75t_SL   | 38.500 | 113.500 |   32.400 | 
     | FE_RC_840_0     | B ^ -> Y v      | NAND3x2_ASAP7_75t_SL   | 10.700 | 124.200 |   43.100 | 
     | FE_RC_370_0     | A v -> Y ^      | NOR3xp33_ASAP7_75t_SL  | 17.700 | 141.900 |   60.800 | 
     | FE_RC_1186_0    | B ^ -> Y ^      | AND2x2_ASAP7_75t_SL    | 17.100 | 159.000 |   77.900 | 
     | FE_RC_1950_0    | A ^ -> Y v      | NAND4xp75_ASAP7_75t_SL | 18.300 | 177.300 |   96.200 | 
     |                 | read_data[18] v |                        |  3.800 | 181.100 |  100.000 | 
     +------------------------------------------------------------------------------------------+ 

