###############################################################
#  Generated by:      Cadence Innovus 21.13-s100_1
#  OS:                Linux x86_64(Host ID ic21)
#  Generated on:      Mon Mar 10 15:58:55 2025
#  Design:            sha256
#  Command:           report_timing > ../timing_0.7_578.rpt
###############################################################
Path 1: VIOLATED Setup Check with Pin core_a_reg_reg[27]/CLK 
Endpoint:   core_a_reg_reg[27]/D     (^) checked with  leading edge of 'clk'
Beginpoint: core_t_ctr_reg_reg[3]/QN (^) triggered by  leading edge of 'clk'
Path Groups: {clk}
Analysis View: view_tc
Other End Arrival Time          0.000
- Setup                        17.226
+ Phase Shift                 578.000
= Required Time               560.774
- Arrival Time                566.900
= Slack Time                   -6.126
     Clock Rise Edge                 0.000
     + Clock Network Latency (Ideal) 0.000
     = Beginpoint Arrival Time       0.000
     +-----------------------------------------------------------------------------------------------------------------+ 
     |                Instance                |      Arc      |           Cell           |  Delay | Arrival | Required | 
     |                                        |               |                          |        |  Time   |   Time   | 
     |----------------------------------------+---------------+--------------------------+--------+---------+----------| 
     | core_t_ctr_reg_reg[3]                  | CLK ^         |                          |        |   0.000 |   -6.126 | 
     | core_t_ctr_reg_reg[3]                  | CLK ^ -> QN ^ | DFFASRHQNx1_ASAP7_75t_SL | 51.600 |  51.600 |   45.474 | 
     | FE_OFC122_core_w_mem_inst_w_ctr_reg_3  | A ^ -> Y v    | INVx2_ASAP7_75t_SL       | 24.700 |  76.300 |   70.174 | 
     | core_g49837                            | B v -> Y v    | AND2x4_ASAP7_75t_SL      | 29.500 | 105.800 |   99.674 | 
     | core_g49581                            | A v -> Y v    | AND2x4_ASAP7_75t_SL      | 33.000 | 138.800 |  132.674 | 
     | core_g49155                            | B2 v -> Y ^   | AOI22xp5_ASAP7_75t_SL    | 96.400 | 235.200 |  229.074 | 
     | core_g48947                            | D ^ -> Y ^    | AND4x1_ASAP7_75t_SL      | 20.400 | 255.600 |  249.474 | 
     | FE_RC_17_0                             | A ^ -> Y v    | NAND4xp25_ASAP7_75t_SL   | 19.100 | 274.700 |  268.574 | 
     | core_g48863                            | B v -> Y v    | AO21x2_ASAP7_75t_SL      | 25.600 | 300.300 |  294.174 | 
     | core_csa_tree_add_337_39_g6536         | A v -> Y v    | XNOR2x2_ASAP7_75t_SL     | 23.600 | 323.900 |  317.774 | 
     | core_csa_tree_add_337_39_g6470         | A v -> Y ^    | XOR2x2_ASAP7_75t_SL      | 28.000 | 351.900 |  345.774 | 
     | g506                                   | A ^ -> Y v    | XNOR2x2_ASAP7_75t_SL     | 28.500 | 380.400 |  374.274 | 
     | g487                                   | A v -> Y v    | XNOR2x1_ASAP7_75t_SL     | 15.400 | 395.800 |  389.674 | 
     | core_csa_tree_add_422_23_groupi_g67426 | B v -> Y ^    | NAND2x1_ASAP7_75t_SL     | 13.800 | 409.600 |  403.474 | 
     | FE_RC_9_0                              | B ^ -> Y v    | OAI21x1_ASAP7_75t_SL     |  8.400 | 418.000 |  411.874 | 
     | core_csa_tree_add_422_23_groupi_g67448 | A1 v -> Y v   | AO21x2_ASAP7_75t_SL      | 18.900 | 436.900 |  430.774 | 
     | core_csa_tree_add_422_23_groupi_g67451 | A2 v -> Y v   | AO21x1_ASAP7_75t_SL      | 20.400 | 457.300 |  451.174 | 
     | g68244                                 | B v -> Y v    | AND2x2_ASAP7_75t_SL      | 17.800 | 475.100 |  468.974 | 
     | FE_RC_2_0                              | A2 v -> Y ^   | AOI22x1_ASAP7_75t_SL     | 10.200 | 485.300 |  479.174 | 
     | g96                                    | B ^ -> Y ^    | AND2x4_ASAP7_75t_SL      | 17.200 | 502.500 |  496.374 | 
     | core_csa_tree_add_422_23_groupi_g5726  | B ^ -> Y v    | NOR2x2_ASAP7_75t_SL      | 15.400 | 517.900 |  511.774 | 
     | core_csa_tree_add_422_23_groupi_g67384 | A v -> Y ^    | NOR2x2_ASAP7_75t_SL      | 16.200 | 534.100 |  527.974 | 
     | core_csa_tree_add_422_23_groupi_g5697  | A1 ^ -> Y v   | OAI21x1_ASAP7_75t_SL     |  6.900 | 541.000 |  534.874 | 
     | core_csa_tree_add_422_23_groupi_g5689  | A v -> Y v    | XNOR2xp5_ASAP7_75t_SL    | 16.400 | 557.400 |  551.274 | 
     | core_g63498                            | A1 v -> Y ^   | AOI21xp5_ASAP7_75t_SL    |  9.500 | 566.900 |  560.774 | 
     | core_a_reg_reg[27]                     | D ^           | DFFASRHQNx1_ASAP7_75t_SL |  0.000 | 566.900 |  560.774 | 
     +-----------------------------------------------------------------------------------------------------------------+ 

