###############################################################
#  Generated by:      Cadence Innovus 21.13-s100_1
#  OS:                Linux x86_64(Host ID ic21)
#  Generated on:      Mon Mar 10 21:12:11 2025
#  Design:            sha256
#  Command:           report_timing > ../timing_0.6_450.rpt
###############################################################
Path 1: VIOLATED Setup Check with Pin block_reg_reg[8][10]/CLK 
Endpoint:   block_reg_reg[8][10]/D (^) checked with  leading edge of 'clk'
Beginpoint: address[6]             (v) triggered by  leading edge of 'clk'
Path Groups: {clk}
Analysis View: view_tc
Other End Arrival Time          0.000
- Setup                        18.004
+ Phase Shift                 450.000
= Required Time               431.996
- Arrival Time                466.100
= Slack Time                  -34.104
     Clock Rise Edge                      0.000
     + Input Delay                        1.000
     = Beginpoint Arrival Time            1.000
     +------------------------------------------------------------------------------------------------+ 
     |       Instance        |     Arc      |           Cell           |  Delay  | Arrival | Required | 
     |                       |              |                          |         |  Time   |   Time   | 
     |-----------------------+--------------+--------------------------+---------+---------+----------| 
     |                       | address[6] v |                          |         |   1.000 |  -33.104 | 
     | FE_OCPC1102_address_6 | A v -> Y v   | HB1xp67_ASAP7_75t_SL     |  14.500 |  15.500 |  -18.604 | 
     | FE_RC_239_0           | A v -> Y ^   | INVxp67_ASAP7_75t_SL     |   6.300 |  21.800 |  -12.304 | 
     | FE_RC_237_0           | A ^ -> Y v   | NAND2xp5_ASAP7_75t_SL    |   7.500 |  29.300 |   -4.804 | 
     | g18431__7344          | A v -> Y v   | OR3x1_ASAP7_75t_SL       |  20.500 |  49.800 |   15.696 | 
     | g7667                 | A v -> Y ^   | INVx1_ASAP7_75t_SL       |   6.100 |  55.900 |   21.796 | 
     | g9357                 | B ^ -> Y v   | NAND2xp5_ASAP7_75t_SL    |  14.600 |  70.500 |   36.396 | 
     | g9224                 | B v -> Y ^   | NOR2xp33_ASAP7_75t_L     |  39.400 | 109.900 |   75.796 | 
     | g9080                 | B ^ -> Y ^   | AND2x2_ASAP7_75t_SL      |  42.600 | 152.500 |  118.396 | 
     | g8943                 | A ^ -> Y v   | INVx1_ASAP7_75t_SL       | 166.600 | 319.100 |  284.996 | 
     | FE_OFC802_n_303       | A v -> Y v   | HB1xp67_ASAP7_75t_L      | 103.200 | 422.300 |  388.196 | 
     | g8322__9682           | B2 v -> Y ^  | AOI22xp5_ASAP7_75t_SL    |  43.700 | 466.000 |  431.896 | 
     | block_reg_reg[8][10]  | D ^          | DFFASRHQNx1_ASAP7_75t_SL |   0.100 | 466.100 |  431.996 | 
     +------------------------------------------------------------------------------------------------+ 

