###############################################################
#  Generated by:      Cadence Innovus 21.13-s100_1
#  OS:                Linux x86_64(Host ID ic21)
#  Generated on:      Sun Mar  9 21:35:59 2025
#  Design:            sha256
#  Command:           report_timing > ../timing_0.6_300.rpt
###############################################################
Path 1: VIOLATED Late External Delay Assertion 
Endpoint:   read_data[29] (^) checked with  leading edge of 'clk'
Beginpoint: address[2]    (v) triggered by  leading edge of 'clk'
Path Groups: {clk}
Analysis View: view_tc
Other End Arrival Time          0.000
- External Delay              300.000
+ Phase Shift                 300.000
= Required Time                 0.000
- Arrival Time                165.900
= Slack Time                  -165.900
     Clock Rise Edge                      0.000
     + Input Delay                        1.000
     = Beginpoint Arrival Time            1.000
     +-------------------------------------------------------------------------------------------------+ 
     |        Instance        |       Arc       |          Cell          |  Delay | Arrival | Required | 
     |                        |                 |                        |        |  Time   |   Time   | 
     |------------------------+-----------------+------------------------+--------+---------+----------| 
     |                        | address[2] v    |                        |        |   1.000 | -164.900 | 
     | g18445__3772           | A v -> Y v      | OR2x6_ASAP7_75t_SL     | 24.200 |  25.200 | -140.700 | 
     | FE_RC_1150_0           | A v -> Y ^      | NOR4xp75_ASAP7_75t_SL  | 15.500 |  40.700 | -125.200 | 
     | FE_OCPC1177_n_838      | A ^ -> Y ^      | BUFx3_ASAP7_75t_SL     | 15.900 |  56.600 | -109.300 | 
     | g18404__4296           | B ^ -> Y ^      | AND2x6_ASAP7_75t_SL    | 21.300 |  77.900 |  -88.000 | 
     | g18091__9906           | A2 ^ -> Y ^     | AO221x1_ASAP7_75t_SL   | 23.400 | 101.300 |  -64.600 | 
     | FE_RC_1290_0           | B ^ -> Y ^      | OR3x2_ASAP7_75t_SL     | 14.100 | 115.400 |  -50.500 | 
     | FE_RC_1204_0           | C ^ -> Y v      | AOI221x1_ASAP7_75t_SL  | 13.800 | 129.200 |  -36.700 | 
     | FE_RC_1860_0           | C v -> Y ^      | NAND3xp33_ASAP7_75t_SL | 14.900 | 144.100 |  -21.800 | 
     | FE_OFC270_read_data_29 | A ^ -> Y ^      | BUFx3_ASAP7_75t_SL     | 16.800 | 160.900 |   -5.000 | 
     |                        | read_data[29] ^ |                        |  5.000 | 165.900 |    0.000 | 
     +-------------------------------------------------------------------------------------------------+ 

