###############################################################
#  Generated by:      Cadence Innovus 21.13-s100_1
#  OS:                Linux x86_64(Host ID ic21)
#  Generated on:      Mon Mar 10 17:47:14 2025
#  Design:            sha256
#  Command:           report_timing > ../timing_0.7_490.rpt
###############################################################
Path 1: VIOLATED Setup Check with Pin core_a_reg_reg[26]/CLK 
Endpoint:   core_a_reg_reg[26]/D                 (^) checked with  leading edge 
of 'clk'
Beginpoint: core_w_mem_inst_w_mem_reg[14][31]/QN (v) triggered by  leading edge 
of 'clk'
Path Groups: {clk}
Analysis View: view_tc
Other End Arrival Time          0.000
- Setup                        14.210
+ Phase Shift                 490.000
= Required Time               475.790
- Arrival Time                481.700
= Slack Time                   -5.910
     Clock Rise Edge                 0.000
     + Clock Network Latency (Ideal) 0.000
     = Beginpoint Arrival Time       0.000
     +-----------------------------------------------------------------------------------------------------------------------------+ 
     |                      Instance                      |      Arc      |           Cell           |  Delay | Arrival | Required | 
     |                                                    |               |                          |        |  Time   |   Time   | 
     |----------------------------------------------------+---------------+--------------------------+--------+---------+----------| 
     | core_w_mem_inst_w_mem_reg[14][31]                  | CLK ^         |                          |        |   0.000 |   -5.910 | 
     | core_w_mem_inst_w_mem_reg[14][31]                  | CLK ^ -> QN v | DFFASRHQNx1_ASAP7_75t_SL | 55.900 |  55.900 |   49.990 | 
     | core_g32976                                        | B v -> Y v    | XOR2xp5_ASAP7_75t_SL     | 27.300 |  83.200 |   77.290 | 
     | core_g32795                                        | A v -> Y ^    | XOR2x2_ASAP7_75t_SL      | 29.100 | 112.300 |  106.390 | 
     | core_w_mem_inst_csa_tree_add_205_29_groupi_g67862_ | B ^ -> Y ^    | XOR2xp5_ASAP7_75t_SL     | 23.300 | 135.600 |  129.690 | 
     | dup                                                |               |                          |        |         |          | 
     | core_w_mem_inst_csa_tree_add_205_29_groupi_g67669_ | A ^ -> Y ^    | XNOR2xp5_ASAP7_75t_SL    | 14.500 | 150.100 |  144.190 | 
     | dup                                                |               |                          |        |         |          | 
     | core_w_mem_inst_csa_tree_add_205_29_groupi_g67870  | B ^ -> Y v    | NOR2x1_ASAP7_75t_SL      | 15.100 | 165.200 |  159.290 | 
     | core_w_mem_inst_csa_tree_add_205_29_groupi_g5651_d | A1 v -> Y v   | AO21x1_ASAP7_75t_SL      | 18.500 | 183.700 |  177.790 | 
     | up                                                 |               |                          |        |         |          | 
     | core_w_mem_inst_csa_tree_add_205_29_groupi_g67875  | A2 v -> Y ^   | AOI21x1_ASAP7_75t_SL     | 11.600 | 195.300 |  189.390 | 
     | core_w_mem_inst_csa_tree_add_205_29_groupi_g5611   | A1 ^ -> Y ^   | OA221x2_ASAP7_75t_SL     | 15.100 | 210.400 |  204.490 | 
     | FE_RC_75_0_dup                                     | A ^ -> Y ^    | AND2x4_ASAP7_75t_SL      | 14.200 | 224.600 |  218.690 | 
     | FE_OFC154_n_4439                                   | A ^ -> Y ^    | BUFx6f_ASAP7_75t_SL      | 15.000 | 239.600 |  233.690 | 
     | g68661                                             | A2 ^ -> Y v   | OAI21x1_ASAP7_75t_SL     |  8.100 | 247.700 |  241.790 | 
     | g68659                                             | B v -> Y v    | XNOR2x1_ASAP7_75t_SL     | 21.700 | 269.400 |  263.490 | 
     | g38                                                | A1 v -> Y v   | AO21x1_ASAP7_75t_SL      | 25.700 | 295.100 |  289.190 | 
     | g68965                                             | A v -> Y ^    | XOR2x2_ASAP7_75t_SL      | 26.700 | 321.800 |  315.890 | 
     | g68943_dup                                         | A ^ -> Y v    | MAJIxp5_ASAP7_75t_SL     | 13.500 | 335.300 |  329.390 | 
     | g68286                                             | B v -> Y ^    | XOR2x2_ASAP7_75t_SL      | 29.500 | 364.800 |  358.890 | 
     | FE_RC_620_0                                        | B1 ^ -> Y v   | AOI22xp5_ASAP7_75t_SL    | 10.300 | 375.100 |  369.190 | 
     | FE_RC_621_0                                        | A v -> Y ^    | INVx2_ASAP7_75t_SL       | 11.600 | 386.700 |  380.790 | 
     | FE_RC_519_0                                        | C ^ -> Y v    | NOR3x1_ASAP7_75t_SL      | 20.500 | 407.200 |  401.290 | 
     | core_csa_tree_add_422_23_groupi_g5771_dup          | B v -> Y ^    | NAND2x1p5_ASAP7_75t_SL   | 12.300 | 419.500 |  413.590 | 
     | core_csa_tree_add_422_23_groupi_g5726_dup          | A ^ -> Y v    | NOR2x1p5_ASAP7_75t_SL    | 11.400 | 430.900 |  424.990 | 
     | core_csa_tree_add_422_23_groupi_g67384_dup         | A v -> Y ^    | NOR2x1p5_ASAP7_75t_SL    | 13.900 | 444.800 |  438.890 | 
     | FE_RC_810_0                                        | A2 ^ -> Y v   | OAI21x1_ASAP7_75t_SL     |  8.600 | 453.400 |  447.490 | 
     | FE_RC_206_0                                        | A1 v -> Y v   | OA21x2_ASAP7_75t_SL      | 16.500 | 469.900 |  463.990 | 
     | FE_RC_193_0                                        | A2 v -> Y ^   | AOI21xp5_ASAP7_75t_SL    | 11.600 | 481.500 |  475.590 | 
     | core_a_reg_reg[26]                                 | D ^           | DFFASRHQNx1_ASAP7_75t_SL |  0.200 | 481.700 |  475.790 | 
     +-----------------------------------------------------------------------------------------------------------------------------+ 

