###############################################################
#  Generated by:      Cadence Innovus 21.13-s100_1
#  OS:                Linux x86_64(Host ID ic21)
#  Generated on:      Tue Mar 11 01:11:19 2025
#  Design:            sha256
#  Command:           report_timing > ../timing_0.6_487.rpt
###############################################################
Path 1: VIOLATED Setup Check with Pin core_e_reg_reg[28]/CLK 
Endpoint:   core_e_reg_reg[28]/D     (^) checked with  leading edge of 'clk'
Beginpoint: core_t_ctr_reg_reg[2]/QN (^) triggered by  leading edge of 'clk'
Path Groups: {clk}
Analysis View: view_tc
Other End Arrival Time          0.000
- Setup                        16.300
+ Phase Shift                 487.000
= Required Time               470.700
- Arrival Time                478.300
= Slack Time                   -7.601
     Clock Rise Edge                 0.000
     + Clock Network Latency (Ideal) 0.000
     = Beginpoint Arrival Time       0.000
     +----------------------------------------------------------------------------------------------------------------+ 
     |               Instance                |      Arc      |           Cell           |  Delay | Arrival | Required | 
     |                                       |               |                          |        |  Time   |   Time   | 
     |---------------------------------------+---------------+--------------------------+--------+---------+----------| 
     | core_t_ctr_reg_reg[2]                 | CLK ^         |                          |        |   0.000 |   -7.601 | 
     | core_t_ctr_reg_reg[2]                 | CLK ^ -> QN ^ | DFFASRHQNx1_ASAP7_75t_SL | 34.400 |  34.400 |   26.799 | 
     | FE_OFC157_core_w_mem_inst_w_ctr_reg_2 | A ^ -> Y ^    | BUFx3_ASAP7_75t_SL       | 24.900 |  59.300 |   51.699 | 
     | FE_OFC158_core_w_mem_inst_w_ctr_reg_2 | A ^ -> Y v    | INVx5_ASAP7_75t_SL       |  8.700 |  68.000 |   60.399 | 
     | core_g67403                           | B v -> Y v    | AND2x6_ASAP7_75t_SL      | 22.200 |  90.200 |   82.599 | 
     | core_g49588_dup68961                  | A v -> Y v    | AND2x6_ASAP7_75t_SL      | 41.300 | 131.500 |  123.899 | 
     | core_g67409                           | B2 v -> Y ^   | AOI22xp5_ASAP7_75t_SL    | 40.200 | 171.700 |  164.099 | 
     | FE_RC_42_0                            | B ^ -> Y ^    | AND2x2_ASAP7_75t_SL      | 15.800 | 187.500 |  179.899 | 
     | FE_RC_40_0                            | C ^ -> Y v    | NAND3xp33_ASAP7_75t_SL   |  9.200 | 196.700 |  189.099 | 
     | FE_RC_41_0                            | A v -> Y ^    | INVx1_ASAP7_75t_SL       |  7.300 | 204.000 |  196.399 | 
     | FE_RC_8_0                             | A ^ -> Y v    | NAND3xp33_ASAP7_75t_SL   | 10.600 | 214.600 |  206.999 | 
     | core_g48865                           | B v -> Y v    | AO21x2_ASAP7_75t_SL      | 21.400 | 236.000 |  228.400 | 
     | core_csa_tree_add_337_39_g6562        | B v -> Y ^    | XNOR2x2_ASAP7_75t_SL     | 27.400 | 263.400 |  255.799 | 
     | g507                                  | B ^ -> Y ^    | XNOR2x1_ASAP7_75t_SL     | 18.700 | 282.100 |  274.500 | 
     | core_csa_tree_add_426_26_groupi_g2737 | A ^ -> Y v    | XNOR2x2_ASAP7_75t_SL     | 26.100 | 308.200 |  300.599 | 
     | core_csa_tree_add_426_26_groupi_g2722 | A v -> Y ^    | INVx1_ASAP7_75t_SL       |  7.500 | 315.700 |  308.099 | 
     | core_csa_tree_add_426_26_groupi_g2686 | B ^ -> Y v    | NAND2x1_ASAP7_75t_SL     |  8.300 | 324.000 |  316.400 | 
     | core_csa_tree_add_426_26_groupi_g2580 | A v -> Y ^    | NAND2xp5_ASAP7_75t_SL    | 13.800 | 337.800 |  330.200 | 
     | FE_RC_1138_0                          | A2 ^ -> Y v   | OAI21xp5_ASAP7_75t_SL    |  9.300 | 347.100 |  339.500 | 
     | FE_RC_1137_0                          | A2 v -> Y v   | AO21x1_ASAP7_75t_SL      | 17.500 | 364.600 |  357.000 | 
     | g68576_dup                            | A1 v -> Y ^   | AOI21x1_ASAP7_75t_SL     | 13.200 | 377.800 |  370.200 | 
     | g81_dup                               | A1 ^ -> Y v   | OAI21x1_ASAP7_75t_SL     | 11.400 | 389.200 |  381.600 | 
     | g68694_dup                            | A2 v -> Y ^   | AOI21x1_ASAP7_75t_SL     | 15.300 | 404.500 |  396.900 | 
     | g68690_dup                            | A2 ^ -> Y ^   | AO211x2_ASAP7_75t_SL     | 25.300 | 429.800 |  422.200 | 
     | FE_RC_729_0                           | B ^ -> Y v    | NAND2x1p5_ASAP7_75t_SL   | 10.500 | 440.300 |  432.700 | 
     | FE_RC_730_0                           | A v -> Y ^    | INVx2_ASAP7_75t_SL       |  6.100 | 446.400 |  438.800 | 
     | FE_RC_930_0                           | A2 ^ -> Y v   | OAI21x1_ASAP7_75t_SL     |  8.200 | 454.600 |  447.000 | 
     | core_csa_tree_add_426_26_groupi_g2444 | A v -> Y v    | XNOR2x1_ASAP7_75t_SL     | 14.800 | 469.400 |  461.800 | 
     | core_g64066                           | A1 v -> Y ^   | AOI21xp5_ASAP7_75t_SL    |  8.900 | 478.300 |  470.700 | 
     | core_e_reg_reg[28]                    | D ^           | DFFASRHQNx1_ASAP7_75t_SL |  0.000 | 478.300 |  470.700 | 
     +----------------------------------------------------------------------------------------------------------------+ 

