###############################################################
#  Generated by:      Cadence Innovus 21.13-s100_1
#  OS:                Linux x86_64(Host ID ic21)
#  Generated on:      Tue Mar  4 19:37:23 2025
#  Design:            sha256
#  Command:           report_timing > ../timing_0.3_400.rpt
###############################################################
Path 1: VIOLATED Late External Delay Assertion 
Endpoint:   read_data[15] (v) checked with  leading edge of 'clk'
Beginpoint: cs            (v) triggered by  leading edge of 'clk'
Path Groups: {clk}
Analysis View: view_tc
Other End Arrival Time          0.000
- External Delay              300.000
+ Phase Shift                 400.000
= Required Time               100.000
- Arrival Time                180.100
= Slack Time                  -80.100
     Clock Rise Edge                      0.000
     + Input Delay                        1.000
     = Beginpoint Arrival Time            1.000
     +--------------------------------------------------------------------------------------------+ 
     |     Instance      |       Arc       |          Cell          |  Delay | Arrival | Required | 
     |                   |                 |                        |        |  Time   |   Time   | 
     |-------------------+-----------------+------------------------+--------+---------+----------| 
     |                   | cs v            |                        |        |   1.000 |  -79.100 | 
     | g7669_dup         | A v -> Y ^      | INVx13_ASAP7_75t_SL    |  4.700 |   5.700 |  -74.400 | 
     | FE_RC_261_0       | A ^ -> Y v      | NOR5xp2_ASAP7_75t_SL   | 10.900 |  16.600 |  -63.500 | 
     | FE_OCPC851_n_831  | A v -> Y v      | BUFx3_ASAP7_75t_SL     | 17.800 |  34.400 |  -45.700 | 
     | FE_OCPC1618_n_831 | A v -> Y v      | BUFx3_ASAP7_75t_SL     | 15.000 |  49.400 |  -30.700 | 
     | FE_RC_2221_0      | A v -> Y v      | AND2x4_ASAP7_75t_SL    | 15.900 |  65.300 |  -14.800 | 
     | FE_OCPC536_n_843  | A v -> Y v      | BUFx6f_ASAP7_75t_SL    | 21.200 |  86.500 |    6.400 | 
     | FE_RC_1619_0      | A1 v -> Y ^     | AOI21x1_ASAP7_75t_SL   | 16.100 | 102.600 |   22.500 | 
     | FE_RC_736_0       | A ^ -> Y v      | NAND3xp33_ASAP7_75t_SL | 18.700 | 121.300 |   41.200 | 
     | FE_RC_735_0       | A v -> Y ^      | NOR3xp33_ASAP7_75t_SL  | 25.200 | 146.500 |   66.400 | 
     | FE_RC_2475_0      | B ^ -> Y v      | NAND4xp75_ASAP7_75t_SL | 26.600 | 173.100 |   93.000 | 
     |                   | read_data[15] v |                        |  7.000 | 180.100 |  100.000 | 
     +--------------------------------------------------------------------------------------------+ 

