###############################################################
#  Generated by:      Cadence Innovus 21.13-s100_1
#  OS:                Linux x86_64(Host ID ic21)
#  Generated on:      Tue Mar  4 22:15:53 2025
#  Design:            sha256
#  Command:           report_timing > ../timing_0.6_600.rpt
###############################################################
Path 1: MET Late External Delay Assertion 
Endpoint:   read_data[8] (v) checked with  leading edge of 'clk'
Beginpoint: cs           (v) triggered by  leading edge of 'clk'
Path Groups: {clk}
Analysis View: view_tc
Other End Arrival Time          0.000
- External Delay              300.000
+ Phase Shift                 600.000
= Required Time               300.000
- Arrival Time                297.800
= Slack Time                    2.200
     Clock Rise Edge                      0.000
     + Input Delay                        1.000
     = Beginpoint Arrival Time            1.000
     +--------------------------------------------------------------------------------------+ 
     |   Instance   |      Arc       |          Cell          |  Delay | Arrival | Required | 
     |              |                |                        |        |  Time   |   Time   | 
     |--------------+----------------+------------------------+--------+---------+----------| 
     |              | cs v           |                        |        |   1.000 |    3.200 | 
     | g7669        | A v -> Y ^     | INVx1_ASAP7_75t_SL     |  5.000 |   6.000 |    8.200 | 
     | FE_RC_18_0   | A ^ -> Y ^     | OR3x4_ASAP7_75t_SL     | 14.900 |  20.900 |   23.100 | 
     | g18428__2703 | A ^ -> Y ^     | OR3x2_ASAP7_75t_SL     | 18.000 |  38.900 |   41.100 | 
     | g18424__5266 | B ^ -> Y v     | NOR2xp33_ASAP7_75t_SL  | 23.500 |  62.400 |   64.600 | 
     | g18411__1309 | B v -> Y v     | AND2x2_ASAP7_75t_SL    | 22.100 |  84.500 |   86.700 | 
     | g18407       | A v -> Y ^     | INVx1_ASAP7_75t_SL     |  9.700 |  94.200 |   96.400 | 
     | g18371__1857 | B ^ -> Y v     | NOR2xp33_ASAP7_75t_L   | 36.700 | 130.900 |  133.100 | 
     | g18299__7675 | B v -> Y v     | AO21x1_ASAP7_75t_SL    | 25.000 | 155.900 |  158.100 | 
     | g18082__5266 | C v -> Y v     | AO221x1_ASAP7_75t_SL   | 19.200 | 175.100 |  177.300 | 
     | g18022__1786 | B v -> Y v     | AO21x1_ASAP7_75t_SL    | 14.200 | 189.300 |  191.500 | 
     | g17964__7118 | C v -> Y ^     | AOI221xp5_ASAP7_75t_SL | 28.600 | 217.900 |  220.100 | 
     | g17902__2683 | B ^ -> Y v     | NAND5xp2_ASAP7_75t_SL  | 72.300 | 290.200 |  292.400 | 
     |              | read_data[8] v |                        |  7.600 | 297.800 |  300.000 | 
     +--------------------------------------------------------------------------------------+ 

