###############################################################
#  Generated by:      Cadence Innovus 21.13-s100_1
#  OS:                Linux x86_64(Host ID ic21)
#  Generated on:      Tue Mar  4 20:32:26 2025
#  Design:            sha256
#  Command:           report_timing > ../timing_0.4_400.rpt
###############################################################
Path 1: VIOLATED Late External Delay Assertion 
Endpoint:   read_data[28] (^) checked with  leading edge of 'clk'
Beginpoint: cs            (^) triggered by  leading edge of 'clk'
Path Groups: {clk}
Analysis View: view_tc
Other End Arrival Time          0.000
- External Delay              300.000
+ Phase Shift                 400.000
= Required Time               100.000
- Arrival Time                181.900
= Slack Time                  -81.900
     Clock Rise Edge                      0.000
     + Input Delay                        1.000
     = Beginpoint Arrival Time            1.000
     +--------------------------------------------------------------------------------------------+ 
     |     Instance      |       Arc       |          Cell          |  Delay | Arrival | Required | 
     |                   |                 |                        |        |  Time   |   Time   | 
     |-------------------+-----------------+------------------------+--------+---------+----------| 
     |                   | cs ^            |                        |        |   1.000 |  -80.900 | 
     | g7669_dup         | A ^ -> Y v      | INVx13_ASAP7_75t_SL    |  5.100 |   6.100 |  -75.800 | 
     | g18433__5019_dup5 | A v -> Y v      | OR3x1_ASAP7_75t_SL     | 21.900 |  28.000 |  -53.900 | 
     | FE_RC_777_0_dup   | A v -> Y v      | OR3x2_ASAP7_75t_SL     | 24.900 |  52.900 |  -29.000 | 
     | FE_RC_420_0       | A v -> Y ^      | NOR2x2_ASAP7_75t_SL    | 12.500 |  65.400 |  -16.500 | 
     | g18379__9682      | B ^ -> Y ^      | AND2x6_ASAP7_75t_SL    | 26.900 |  92.300 |   10.400 | 
     | FE_OCPC1511_n_880 | A ^ -> Y ^      | BUFx6f_ASAP7_75t_SL    | 38.900 | 131.200 |   49.300 | 
     | g18172__1840      | B2 ^ -> Y v     | AOI22xp5_ASAP7_75t_SL  |  8.800 | 140.000 |   58.100 | 
     | FE_RC_216_0       | A v -> Y v      | AND2x2_ASAP7_75t_SL    | 20.500 | 160.500 |   78.600 | 
     | FE_RC_997_0       | D v -> Y ^      | NAND4xp75_ASAP7_75t_SL | 16.800 | 177.300 |   95.400 | 
     |                   | read_data[28] ^ |                        |  4.600 | 181.900 |  100.000 | 
     +--------------------------------------------------------------------------------------------+ 

