###############################################################
#  Generated by:      Cadence Innovus 21.13-s100_1
#  OS:                Linux x86_64(Host ID ic21)
#  Generated on:      Tue Mar  4 20:05:28 2025
#  Design:            sha256
#  Command:           report_timing > ../timing_0.3_200.rpt
###############################################################
Path 1: VIOLATED Late External Delay Assertion 
Endpoint:   read_data[9] (v) checked with  leading edge of 'clk'
Beginpoint: cs           (v) triggered by  leading edge of 'clk'
Path Groups: {clk}
Analysis View: view_tc
Other End Arrival Time          0.000
- External Delay              300.000
+ Phase Shift                 200.000
= Required Time               -100.000
- Arrival Time                202.500
= Slack Time                  -302.500
     Clock Rise Edge                      0.000
     + Input Delay                        1.000
     = Beginpoint Arrival Time            1.000
     +------------------------------------------------------------------------------------------+ 
     |     Instance     |      Arc       |          Cell          |  Delay | Arrival | Required | 
     |                  |                |                        |        |  Time   |   Time   | 
     |------------------+----------------+------------------------+--------+---------+----------| 
     |                  | cs v           |                        |        |   1.000 | -301.500 | 
     | g7669            | A v -> Y ^     | INVx8_ASAP7_75t_SL     |  4.600 |   5.600 | -296.900 | 
     | FE_RC_1441_0     | A ^ -> Y v     | NOR3x2_ASAP7_75t_SL    |  8.400 |  14.000 | -288.500 | 
     | FE_RC_437_0      | A v -> Y ^     | INVx4_ASAP7_75t_SL     |  8.300 |  22.300 | -280.200 | 
     | FE_RC_2932_0     | A ^ -> Y ^     | OR3x2_ASAP7_75t_SL     | 18.600 |  40.900 | -261.600 | 
     | g18421__5703     | B ^ -> Y ^     | OR2x6_ASAP7_75t_SL     | 17.700 |  58.600 | -243.900 | 
     | g18401__1857_dup | B ^ -> Y v     | NOR2x2_ASAP7_75t_SL    | 11.900 |  70.500 | -232.000 | 
     | g18382__6877_dup | B v -> Y v     | AND2x6_ASAP7_75t_SL    | 28.000 |  98.500 | -204.000 | 
     | FE_RC_3828_0     | B1 v -> Y ^    | AOI22xp5_ASAP7_75t_SL  | 47.800 | 146.300 | -156.200 | 
     | FE_RC_2956_0     | A ^ -> Y v     | NAND3xp33_ASAP7_75t_SL | 17.800 | 164.100 | -138.400 | 
     | FE_RC_2957_0     | A v -> Y ^     | INVx2_ASAP7_75t_SL     | 12.100 | 176.200 | -126.300 | 
     | FE_RC_3150_0     | B ^ -> Y v     | NAND4xp75_ASAP7_75t_SL | 22.600 | 198.800 | -103.700 | 
     |                  | read_data[9] v |                        |  3.700 | 202.500 | -100.000 | 
     +------------------------------------------------------------------------------------------+ 

