###############################################################
#  Generated by:      Cadence Innovus 21.13-s100_1
#  OS:                Linux x86_64(Host ID ic21)
#  Generated on:      Sun Mar  9 18:23:29 2025
#  Design:            sha256
#  Command:           report_timing > ../timing_0.4_500.rpt
###############################################################
Path 1: VIOLATED Late External Delay Assertion 
Endpoint:   read_data[2] (^) checked with  leading edge of 'clk'
Beginpoint: address[7]   (v) triggered by  leading edge of 'clk'
Path Groups: {clk}
Analysis View: view_tc
Other End Arrival Time          0.000
- External Delay              300.000
+ Phase Shift                 500.000
= Required Time               200.000
- Arrival Time                248.700
= Slack Time                  -48.700
     Clock Rise Edge                      0.000
     + Input Delay                        1.000
     = Beginpoint Arrival Time            1.000
     +-----------------------------------------------------------------------------------------------+ 
     |       Instance        |      Arc       |          Cell          |  Delay | Arrival | Required | 
     |                       |                |                        |        |  Time   |   Time   | 
     |-----------------------+----------------+------------------------+--------+---------+----------| 
     |                       | address[7] v   |                        |        |   1.000 |  -47.700 | 
     | FE_RC_413_0           | A v -> Y v     | OR2x2_ASAP7_75t_SL     | 16.100 |  17.100 |  -31.600 | 
     | FE_RC_439_0           | B v -> Y v     | OR4x2_ASAP7_75t_SL     | 33.500 |  50.600 |    1.900 | 
     | g18402__9906          | B v -> Y ^     | NOR2x2_ASAP7_75t_SL    | 15.300 |  65.900 |   17.200 | 
     | g18391__7114          | B ^ -> Y ^     | AND2x6_ASAP7_75t_SL    | 27.700 |  93.600 |   44.900 | 
     | g18005__5019          | A1 ^ -> Y v    | AOI221xp5_ASAP7_75t_SL | 94.800 | 188.400 |  139.700 | 
     | g17945__2703          | B v -> Y v     | AND5x1_ASAP7_75t_SL    | 23.500 | 211.900 |  163.200 | 
     | FE_RC_474_0           | A v -> Y ^     | NAND3xp33_ASAP7_75t_SL |  8.400 | 220.300 |  171.600 | 
     | FE_OFC186_read_data_2 | A ^ -> Y ^     | BUFx2_ASAP7_75t_SL     | 19.200 | 239.500 |  190.800 | 
     |                       | read_data[2] ^ |                        |  9.200 | 248.700 |  200.000 | 
     +-----------------------------------------------------------------------------------------------+ 

