###############################################################
#  Generated by:      Cadence Innovus 21.13-s100_1
#  OS:                Linux x86_64(Host ID ic21)
#  Generated on:      Mon Mar 10 13:57:34 2025
#  Design:            sha256
#  Command:           report_timing > ../timing_0.7_510.rpt
###############################################################
Path 1: VIOLATED Late External Delay Assertion 
Endpoint:   read_data[31] (^) checked with  leading edge of 'clk'
Beginpoint: we            (v) triggered by  leading edge of 'clk'
Path Groups: {clk}
Analysis View: view_tc
Other End Arrival Time          0.000
- External Delay              300.000
+ Phase Shift                 510.000
= Required Time               210.000
- Arrival Time                213.900
= Slack Time                   -3.900
     Clock Rise Edge                      0.000
     + Input Delay                        1.000
     = Beginpoint Arrival Time            1.000
     +--------------------------------------------------------------------------------------+ 
     |   Instance   |       Arc       |         Cell          |  Delay | Arrival | Required | 
     |              |                 |                       |        |  Time   |   Time   | 
     |--------------+-----------------+-----------------------+--------+---------+----------| 
     |              | we v            |                       |        |   1.000 |   -2.900 | 
     | FE_RC_232_0  | E v -> Y v      | OR5x1_ASAP7_75t_SL    | 41.700 |  42.700 |   38.800 | 
     | g18421__5703 | B v -> Y v      | OR2x6_ASAP7_75t_SL    | 23.900 |  66.600 |   62.700 | 
     | g18402__9906 | B v -> Y ^      | NOR2x2_ASAP7_75t_SL   | 12.600 |  79.200 |   75.300 | 
     | g18375__4296 | B ^ -> Y ^      | AND2x6_ASAP7_75t_SL   | 26.200 | 105.400 |  101.500 | 
     | g18252__6083 | A2 ^ -> Y v     | AOI22xp5_ASAP7_75t_SL | 40.700 | 146.100 |  142.200 | 
     | FE_RC_155_0  | A v -> Y v      | AND2x2_ASAP7_75t_SL   | 18.300 | 164.400 |  160.500 | 
     | FE_RC_154_0  | A v -> Y v      | AND4x1_ASAP7_75t_SL   | 18.900 | 183.300 |  179.400 | 
     | FE_RC_150_0  | A v -> Y ^      | NAND3x2_ASAP7_75t_SL  | 24.100 | 207.400 |  203.500 | 
     |              | read_data[31] ^ |                       |  6.500 | 213.900 |  210.000 | 
     +--------------------------------------------------------------------------------------+ 

