###############################################################
#  Generated by:      Cadence Innovus 21.13-s100_1
#  OS:                Linux x86_64(Host ID ic21)
#  Generated on:      Mon Mar 10 18:49:21 2025
#  Design:            sha256
#  Command:           report_timing > ../timing_0.7_350.rpt
###############################################################
Path 1: VIOLATED Late External Delay Assertion 
Endpoint:   read_data[27] (v) checked with  leading edge of 'clk'
Beginpoint: cs            (v) triggered by  leading edge of 'clk'
Path Groups: {clk}
Analysis View: view_tc
Other End Arrival Time          0.000
- External Delay              300.000
+ Phase Shift                 350.000
= Required Time                50.000
- Arrival Time                169.300
= Slack Time                  -119.300
     Clock Rise Edge                      0.000
     + Input Delay                        1.000
     = Beginpoint Arrival Time            1.000
     +---------------------------------------------------------------------------------------+ 
     |   Instance   |       Arc       |          Cell          |  Delay | Arrival | Required | 
     |              |                 |                        |        |  Time   |   Time   | 
     |--------------+-----------------+------------------------+--------+---------+----------| 
     |              | cs v            |                        |        |   1.000 | -118.300 | 
     | g7669        | A v -> Y ^      | INVx6_ASAP7_75t_SL     |  5.100 |   6.100 | -113.200 | 
     | FE_RC_859_0  | A ^ -> Y v      | NOR3x2_ASAP7_75t_SL    |  8.500 |  14.600 | -104.700 | 
     | FE_RC_320_0  | A v -> Y ^      | INVx4_ASAP7_75t_SL     |  7.500 |  22.100 |  -97.200 | 
     | FE_RC_327_0  | B ^ -> Y ^      | OR2x6_ASAP7_75t_SL     | 20.200 |  42.300 |  -77.000 | 
     | g18409__9682 | B ^ -> Y v      | NOR2x2_ASAP7_75t_SL    | 12.000 |  54.300 |  -65.000 | 
     | g18396__5795 | B v -> Y v      | AND2x6_ASAP7_75t_SL    | 26.700 |  81.000 |  -38.300 | 
     | FE_RC_2426_0 | A v -> Y v      | BUFx6f_ASAP7_75t_SL    | 31.400 | 112.400 |   -6.900 | 
     | FE_RC_1485_0 | A2 v -> Y ^     | AOI22x1_ASAP7_75t_SL   | 25.300 | 137.700 |   18.400 | 
     | FE_RC_539_0  | A ^ -> Y v      | INVx2_ASAP7_75t_SL     |  5.900 | 143.600 |   24.300 | 
     | FE_RC_1436_0 | C v -> Y ^      | NOR3x1_ASAP7_75t_SL    | 13.200 | 156.800 |   37.500 | 
     | FE_RC_2429_0 | D ^ -> Y v      | NAND4xp75_ASAP7_75t_SL | 12.100 | 168.900 |   49.600 | 
     |              | read_data[27] v |                        |  0.400 | 169.300 |   50.000 | 
     +---------------------------------------------------------------------------------------+ 

