###############################################################
#  Generated by:      Cadence Innovus 21.13-s100_1
#  OS:                Linux x86_64(Host ID ic21)
#  Generated on:      Mon Mar 10 15:47:54 2025
#  Design:            sha256
#  Command:           report_timing > ../timing_0.7_575.rpt
###############################################################
Path 1: MET Late External Delay Assertion 
Endpoint:   read_data[5] (v) checked with  leading edge of 'clk'
Beginpoint: cs           (v) triggered by  leading edge of 'clk'
Path Groups: {clk}
Analysis View: view_tc
Other End Arrival Time          0.000
- External Delay              300.000
+ Phase Shift                 575.000
= Required Time               275.000
- Arrival Time                273.200
= Slack Time                    1.800
     Clock Rise Edge                      0.000
     + Input Delay                        1.000
     = Beginpoint Arrival Time            1.000
     +-----------------------------------------------------------------------------------------+ 
     |    Instance     |      Arc       |          Cell          |  Delay | Arrival | Required | 
     |                 |                |                        |        |  Time   |   Time   | 
     |-----------------+----------------+------------------------+--------+---------+----------| 
     |                 | cs v           |                        |        |   1.000 |    2.800 | 
     | g7669           | A v -> Y ^     | INVx2_ASAP7_75t_SL     |  3.700 |   4.700 |    6.500 | 
     | FE_RC_35_0      | A ^ -> Y ^     | OR3x2_ASAP7_75t_SL     | 13.600 |  18.300 |   20.100 | 
     | g18430__5795    | A ^ -> Y ^     | OR3x2_ASAP7_75t_SL     | 19.500 |  37.800 |   39.600 | 
     | g18429          | A ^ -> Y v     | INVx1_ASAP7_75t_SL     |  5.100 |  42.900 |   44.700 | 
     | g18425__2250    | A v -> Y v     | AND3x2_ASAP7_75t_SL    | 15.500 |  58.400 |   60.200 | 
     | g18416__7118    | B v -> Y v     | AND2x2_ASAP7_75t_SL    | 18.500 |  76.900 |   78.700 | 
     | FE_OFC136_n_844 | A v -> Y v     | BUFx3_ASAP7_75t_SL     | 17.500 |  94.400 |   96.200 | 
     | g18368__1840    | B1 v -> Y ^    | AOI22xp5_ASAP7_75t_SL  | 41.200 | 135.600 |  137.400 | 
     | g18047__7675    | D ^ -> Y v     | NAND4xp25_ASAP7_75t_SL | 27.900 | 163.500 |  165.300 | 
     | g17983__1474    | C v -> Y ^     | AOI221xp5_ASAP7_75t_SL | 22.800 | 186.300 |  188.100 | 
     | g17923__9906    | A ^ -> Y v     | NAND5xp2_ASAP7_75t_SL  | 75.200 | 261.500 |  263.300 | 
     |                 | read_data[5] v |                        | 11.700 | 273.200 |  275.000 | 
     +-----------------------------------------------------------------------------------------+ 

