###############################################################
#  Generated by:      Cadence Innovus 21.13-s100_1
#  OS:                Linux x86_64(Host ID ic21)
#  Generated on:      Sun Mar  9 19:15:42 2025
#  Design:            sha256
#  Command:           report_timing > ../timing_0.8_500.rpt
###############################################################
Path 1: VIOLATED Late External Delay Assertion 
Endpoint:   read_data[16] (v) checked with  leading edge of 'clk'
Beginpoint: cs            (v) triggered by  leading edge of 'clk'
Path Groups: {clk}
Analysis View: view_tc
Other End Arrival Time          0.000
- External Delay              300.000
+ Phase Shift                 500.000
= Required Time               200.000
- Arrival Time                208.000
= Slack Time                   -8.000
     Clock Rise Edge                      0.000
     + Input Delay                        1.000
     = Beginpoint Arrival Time            1.000
     +--------------------------------------------------------------------------------------------+ 
     |     Instance      |       Arc       |          Cell          |  Delay | Arrival | Required | 
     |                   |                 |                        |        |  Time   |   Time   | 
     |-------------------+-----------------+------------------------+--------+---------+----------| 
     |                   | cs v            |                        |        |   1.000 |   -7.000 | 
     | g7669_dup         | A v -> Y ^      | INVx3_ASAP7_75t_SL     |  5.600 |   6.600 |   -1.400 | 
     | g18433__5019_dup2 | A ^ -> Y ^      | OR3x1_ASAP7_75t_SL     | 15.700 |  22.300 |   14.300 | 
     | FE_RC_388_0       | A ^ -> Y ^      | OR3x1_ASAP7_75t_SL     | 14.700 |  37.000 |   29.000 | 
     | g18421__5703_dup  | B ^ -> Y ^      | OR2x6_ASAP7_75t_SL     | 19.400 |  56.400 |   48.400 | 
     | g18401__1857      | B ^ -> Y v      | NOR2x2_ASAP7_75t_SL    | 12.200 |  68.600 |   60.600 | 
     | g18380__2683      | B v -> Y v      | AND2x6_ASAP7_75t_SL    | 25.900 |  94.500 |   86.500 | 
     | FE_OCPC605_n_879  | A v -> Y v      | BUFx12f_ASAP7_75t_SL   | 26.700 | 121.200 |  113.200 | 
     | g18148__8780      | B2 v -> Y ^     | AOI22xp5_ASAP7_75t_SL  | 23.700 | 144.900 |  136.900 | 
     | FE_RC_381_0       | C ^ -> Y ^      | AND5x1_ASAP7_75t_SL    | 26.900 | 171.800 |  163.800 | 
     | FE_RC_212_0       | B ^ -> Y v      | NAND4xp25_ASAP7_75t_SL | 33.100 | 204.900 |  196.900 | 
     |                   | read_data[16] v |                        |  3.100 | 208.000 |  200.000 | 
     +--------------------------------------------------------------------------------------------+ 

