###############################################################
#  Generated by:      Cadence Innovus 21.13-s100_1
#  OS:                Linux x86_64(Host ID ic21)
#  Generated on:      Tue Mar  4 21:15:38 2025
#  Design:            sha256
#  Command:           report_timing > ../timing_0.5_800.rpt
###############################################################
Path 1: MET Setup Check with Pin core_H6_reg_reg[22]/CLK 
Endpoint:   core_H6_reg_reg[22]/D          (^) checked with  leading edge of 
'clk'
Beginpoint: core_sha256_ctrl_reg_reg[1]/QN (^) triggered by  leading edge of 
'clk'
Path Groups: {clk}
Analysis View: view_tc
Other End Arrival Time          0.000
- Setup                        18.176
+ Phase Shift                 800.000
= Required Time               781.824
- Arrival Time                746.000
= Slack Time                   35.824
     Clock Rise Edge                 0.000
     + Clock Network Latency (Ideal) 0.000
     = Beginpoint Arrival Time       0.000
     +-------------------------------------------------------------------------------------------------------+ 
     |          Instance           |      Arc      |           Cell           |  Delay  | Arrival | Required | 
     |                             |               |                          |         |  Time   |   Time   | 
     |-----------------------------+---------------+--------------------------+---------+---------+----------| 
     | core_sha256_ctrl_reg_reg[1] | CLK ^         |                          |         |   0.000 |   35.824 | 
     | core_sha256_ctrl_reg_reg[1] | CLK ^ -> QN ^ | DFFASRHQNx1_ASAP7_75t_SL |  43.600 |  43.600 |   79.424 | 
     | core_g66610                 | A ^ -> Y v    | INVx1_ASAP7_75t_SL       |  11.100 |  54.700 |   90.524 | 
     | core_g65739                 | B v -> Y ^    | NOR2x1_ASAP7_75t_SL      |  44.200 |  98.900 |  134.724 | 
     | FE_OFC78_core_n_63639       | A ^ -> Y ^    | BUFx2_ASAP7_75t_SL       |  60.800 | 159.700 |  195.524 | 
     | FE_OFC81_core_n_63639       | A ^ -> Y ^    | BUFx2_ASAP7_75t_SL       | 105.800 | 265.500 |  301.324 | 
     | core_g65736                 | A ^ -> Y v    | INVx1_ASAP7_75t_SL       | 149.900 | 415.400 |  451.224 | 
     | FE_OFC96_core_n_63655       | A v -> Y v    | BUFx2_ASAP7_75t_SL       |  67.300 | 482.700 |  518.524 | 
     | core_g65520                 | A v -> Y v    | AND2x2_ASAP7_75t_SL      | 128.000 | 610.700 |  646.524 | 
     | FE_OFC118_core_n_62150      | A v -> Y ^    | INVx1_ASAP7_75t_SL       |  82.400 | 693.100 |  728.924 | 
     | FE_OFC119_core_n_62150      | A ^ -> Y v    | INVx1_ASAP7_75t_SL       |  28.600 | 721.700 |  757.524 | 
     | core_g64281                 | B1 v -> Y ^   | AOI221xp5_ASAP7_75t_SL   |  24.200 | 745.900 |  781.724 | 
     | core_H6_reg_reg[22]         | D ^           | DFFASRHQNx1_ASAP7_75t_SL |   0.100 | 746.000 |  781.824 | 
     +-------------------------------------------------------------------------------------------------------+ 

