###############################################################
#  Generated by:      Cadence Innovus 21.13-s100_1
#  OS:                Linux x86_64(Host ID ic21)
#  Generated on:      Mon Mar 10 03:10:43 2025
#  Design:            sha256
#  Command:           report_timing > ../timing_0.6_578.rpt
###############################################################
Path 1: VIOLATED Late External Delay Assertion 
Endpoint:   read_data[28] (v) checked with  leading edge of 'clk'
Beginpoint: cs            (v) triggered by  leading edge of 'clk'
Path Groups: {clk}
Analysis View: view_tc
Other End Arrival Time          0.000
- External Delay              300.000
+ Phase Shift                 578.000
= Required Time               278.000
- Arrival Time                282.700
= Slack Time                   -4.700
     Clock Rise Edge                      0.000
     + Input Delay                        1.000
     = Beginpoint Arrival Time            1.000
     +---------------------------------------------------------------------------------------+ 
     |   Instance   |       Arc       |          Cell          |  Delay | Arrival | Required | 
     |              |                 |                        |        |  Time   |   Time   | 
     |--------------+-----------------+------------------------+--------+---------+----------| 
     |              | cs v            |                        |        |   1.000 |   -3.700 | 
     | g7669        | A v -> Y ^      | INVx2_ASAP7_75t_SL     |  3.700 |   4.700 |    0.000 | 
     | FE_RC_16_0   | A ^ -> Y ^      | OR3x2_ASAP7_75t_SL     | 13.800 |  18.500 |   13.800 | 
     | g18430__5795 | A ^ -> Y ^      | OR3x1_ASAP7_75t_SL     | 19.400 |  37.900 |   33.200 | 
     | g18423__7114 | B ^ -> Y v      | NOR2x1_ASAP7_75t_SL    | 12.800 |  50.700 |   46.000 | 
     | g18422       | A v -> Y ^      | INVx1_ASAP7_75t_SL     | 11.900 |  62.600 |   57.900 | 
     | g18403__8780 | B ^ -> Y v      | NOR2x1p5_ASAP7_75t_SL  | 24.500 |  87.100 |   82.400 | 
     | g18103__7675 | C2 v -> Y v     | AO222x2_ASAP7_75t_SL   | 42.300 | 129.400 |  124.700 | 
     | g18018__2391 | C v -> Y ^      | AOI221xp5_ASAP7_75t_SL | 42.500 | 171.900 |  167.200 | 
     | g17942__5266 | D ^ -> Y ^      | AND5x1_ASAP7_75t_SL    | 35.800 | 207.700 |  203.000 | 
     | g17900__4547 | A ^ -> Y v      | NAND5xp2_ASAP7_75t_SL  | 66.100 | 273.800 |  269.100 | 
     |              | read_data[28] v |                        |  8.900 | 282.700 |  278.000 | 
     +---------------------------------------------------------------------------------------+ 

