###############################################################
#  Generated by:      Cadence Innovus 21.13-s100_1
#  OS:                Linux x86_64(Host ID ic21)
#  Generated on:      Tue Mar  4 21:12:14 2025
#  Design:            sha256
#  Command:           report_timing > ../timing_0.5_1000.rpt
###############################################################
Path 1: MET Setup Check with Pin core_a_reg_reg[26]/CLK 
Endpoint:   core_a_reg_reg[26]/D     (^) checked with  leading edge of 'clk'
Beginpoint: core_t_ctr_reg_reg[4]/QN (^) triggered by  leading edge of 'clk'
Path Groups: {clk}
Analysis View: view_tc
Other End Arrival Time          0.000
- Setup                        16.702
+ Phase Shift                 1000.000
= Required Time               983.298
- Arrival Time                848.300
= Slack Time                  134.998
     Clock Rise Edge                 0.000
     + Clock Network Latency (Ideal) 0.000
     = Beginpoint Arrival Time       0.000
     +--------------------------------------------------------------------------------------------------------------------------+ 
     |                    Instance                     |      Arc      |           Cell           |  Delay | Arrival | Required | 
     |                                                 |               |                          |        |  Time   |   Time   | 
     |-------------------------------------------------+---------------+--------------------------+--------+---------+----------| 
     | core_t_ctr_reg_reg[4]                           | CLK ^         |                          |        |  -0.000 |  134.998 | 
     | core_t_ctr_reg_reg[4]                           | CLK ^ -> QN ^ | DFFASRHQNx1_ASAP7_75t_SL | 83.300 |  83.300 |  218.298 | 
     | g664                                            | A ^ -> Y v    | INVx1_ASAP7_75t_SL       | 54.100 | 137.400 |  272.398 | 
     | g68527                                          | A v -> Y v    | AND2x2_ASAP7_75t_SL      | 58.400 | 195.800 |  330.798 | 
     | core_g67389                                     | A v -> Y v    | AND2x2_ASAP7_75t_SL      | 34.000 | 229.800 |  364.798 | 
     | core_g49504                                     | B v -> Y v    | AND2x2_ASAP7_75t_SL      | 34.000 | 263.800 |  398.798 | 
     | FE_OFC107_core_n_48258                          | A v -> Y v    | HB1xp67_ASAP7_75t_L      | 97.800 | 361.600 |  496.598 | 
     | g1293                                           | A2 v -> Y ^   | AOI22xp33_ASAP7_75t_SL   | 54.600 | 416.200 |  551.198 | 
     | g1283                                           | B ^ -> Y ^    | AND4x1_ASAP7_75t_SL      | 25.000 | 441.200 |  576.198 | 
     | g1281                                           | D ^ -> Y ^    | AND5x1_ASAP7_75t_SL      | 22.800 | 464.000 |  598.998 | 
     | g1280                                           | B ^ -> Y v    | OAI21xp5_ASAP7_75t_SL    |  8.700 | 472.700 |  607.698 | 
     | g68328                                          | B v -> Y ^    | AOI21xp5_ASAP7_75t_SL    | 31.900 | 504.600 |  639.598 | 
     | g1277                                           | B ^ -> Y ^    | XNOR2xp5_ASAP7_75t_SL    | 22.800 | 527.400 |  662.398 | 
     | core_csa_tree_add_337_39_g6472                  | A ^ -> Y ^    | XOR2xp5_ASAP7_75t_SL     | 34.000 | 561.400 |  696.398 | 
     | core_csa_tree_add_422_23_groupi_g5892           | A ^ -> Y v    | XOR2xp5_ASAP7_75t_SL     | 12.300 | 573.700 |  708.698 | 
     | core_csa_tree_add_422_23_groupi_g67865          | B v -> Y v    | OR2x2_ASAP7_75t_SL       | 19.500 | 593.200 |  728.198 | 
     | core_csa_tree_add_422_23_groupi_g67659_dup68826 | A2 v -> Y ^   | AOI21xp5_ASAP7_75t_SL    | 18.300 | 611.500 |  746.498 | 
     | core_csa_tree_add_422_23_groupi_g67869          | A ^ -> Y ^    | MAJx2_ASAP7_75t_SL       | 21.200 | 632.700 |  767.698 | 
     | core_csa_tree_add_422_23_groupi_g67428          | A1 ^ -> Y v   | OAI21xp5_ASAP7_75t_SL    | 13.400 | 646.100 |  781.098 | 
     | core_csa_tree_add_422_23_groupi_g67448          | A1 v -> Y v   | AO21x1_ASAP7_75t_SL      | 20.500 | 666.600 |  801.598 | 
     | core_csa_tree_add_422_23_groupi_g5741_dup       | A2 v -> Y v   | AO21x1_ASAP7_75t_SL      | 20.900 | 687.500 |  822.498 | 
     | g68244                                          | B v -> Y v    | AND2x2_ASAP7_75t_SL      | 16.900 | 704.400 |  839.398 | 
     | g68242                                          | A2 v -> Y ^   | AOI22xp5_ASAP7_75t_SL    | 10.500 | 714.900 |  849.898 | 
     | g96                                             | B ^ -> Y ^    | AND2x2_ASAP7_75t_SL      | 22.000 | 736.900 |  871.898 | 
     | core_csa_tree_add_422_23_groupi_g5726           | B ^ -> Y v    | NOR2xp33_ASAP7_75t_SL    | 25.600 | 762.500 |  897.498 | 
     | core_csa_tree_add_422_23_groupi_g67384          | A v -> Y ^    | NOR2xp33_ASAP7_75t_SL    | 38.800 | 801.300 |  936.298 | 
     | core_csa_tree_add_422_23_groupi_g5698           | A1 ^ -> Y v   | OAI21xp5_ASAP7_75t_SL    | 16.600 | 817.900 |  952.898 | 
     | core_csa_tree_add_422_23_groupi_g5690           | A v -> Y v    | XNOR2xp5_ASAP7_75t_SL    | 20.600 | 838.500 |  973.498 | 
     | core_g64207                                     | A1 v -> Y ^   | AOI21xp5_ASAP7_75t_SL    |  9.800 | 848.300 |  983.298 | 
     | core_a_reg_reg[26]                              | D ^           | DFFASRHQNx1_ASAP7_75t_SL |  0.000 | 848.300 |  983.298 | 
     +--------------------------------------------------------------------------------------------------------------------------+ 

