###############################################################
#  Generated by:      Cadence Innovus 21.13-s100_1
#  OS:                Linux x86_64(Host ID ic21)
#  Generated on:      Mon Mar 10 21:39:57 2025
#  Design:            sha256
#  Command:           report_timing > ../timing_0.6_480.rpt
###############################################################
Path 1: VIOLATED Setup Check with Pin core_a_reg_reg[25]/CLK 
Endpoint:   core_a_reg_reg[25]/D     (^) checked with  leading edge of 'clk'
Beginpoint: core_t_ctr_reg_reg[1]/QN (^) triggered by  leading edge of 'clk'
Path Groups: {clk}
Analysis View: view_tc
Other End Arrival Time          0.000
- Setup                        14.188
+ Phase Shift                 480.000
= Required Time               465.812
- Arrival Time                471.000
= Slack Time                   -5.188
     Clock Rise Edge                 0.000
     + Clock Network Latency (Ideal) 0.000
     = Beginpoint Arrival Time       0.000
     +-----------------------------------------------------------------------------------------------------------------+ 
     |                Instance                |      Arc      |           Cell           |  Delay | Arrival | Required | 
     |                                        |               |                          |        |  Time   |   Time   | 
     |----------------------------------------+---------------+--------------------------+--------+---------+----------| 
     | core_t_ctr_reg_reg[1]                  | CLK ^         |                          |        |   0.000 |   -5.188 | 
     | core_t_ctr_reg_reg[1]                  | CLK ^ -> QN ^ | DFFASRHQNx1_ASAP7_75t_SL | 39.500 |  39.500 |   34.312 | 
     | FE_OFC201_core_w_mem_inst_w_ctr_reg_1  | A ^ -> Y ^    | BUFx6f_ASAP7_75t_SL      | 15.800 |  55.300 |   50.112 | 
     | FE_OFC202_core_w_mem_inst_w_ctr_reg_1  | A ^ -> Y v    | INVx4_ASAP7_75t_SL       |  8.200 |  63.500 |   58.312 | 
     | core_g49838                            | B v -> Y v    | AND2x4_ASAP7_75t_SL      | 16.400 |  79.900 |   74.712 | 
     | core_g49701                            | B v -> Y v    | AND2x4_ASAP7_75t_SL      | 16.800 |  96.700 |   91.512 | 
     | core_g49587                            | B v -> Y v    | AND2x4_ASAP7_75t_SL      | 21.000 | 117.700 |  112.512 | 
     | FE_OCPC315_core_n_48326                | A v -> Y v    | BUFx12f_ASAP7_75t_SL     | 27.000 | 144.700 |  139.512 | 
     | core_g49214                            | B2 v -> Y ^   | AOI22xp5_ASAP7_75t_SL    | 21.200 | 165.900 |  160.712 | 
     | FE_RC_35_0                             | A ^ -> Y v    | NAND4xp25_ASAP7_75t_SL   | 15.700 | 181.600 |  176.412 | 
     | core_g48875                            | B v -> Y v    | AO211x2_ASAP7_75t_SL     | 21.500 | 203.100 |  197.912 | 
     | core_csa_tree_add_337_39_g6560         | A v -> Y v    | MAJx2_ASAP7_75t_SL       | 29.400 | 232.500 |  227.312 | 
     | FE_RC_33_0                             | B v -> Y ^    | NAND2xp5_ASAP7_75t_SL    |  9.600 | 242.100 |  236.912 | 
     | FE_RC_31_0                             | B ^ -> Y v    | OAI21xp5_ASAP7_75t_SL    | 12.900 | 255.000 |  249.812 | 
     | core_csa_tree_add_422_23_groupi_g5957  | B v -> Y v    | XNOR2x1_ASAP7_75t_SL     | 20.000 | 275.000 |  269.812 | 
     | core_csa_tree_add_422_23_groupi_g67864 | A v -> Y v    | MAJx2_ASAP7_75t_SL       | 23.200 | 298.200 |  293.012 | 
     | FE_RC_885_0                            | A2 v -> Y ^   | AOI21x1_ASAP7_75t_SL     |  8.200 | 306.400 |  301.212 | 
     | core_csa_tree_add_422_23_groupi_g67869 | A ^ -> Y ^    | MAJx2_ASAP7_75t_SL       | 19.000 | 325.400 |  320.212 | 
     | core_csa_tree_add_422_23_groupi_g67428 | A1 ^ -> Y v   | OAI21xp5_ASAP7_75t_SL    | 10.100 | 335.500 |  330.312 | 
     | FE_RC_863_0                            | A2 v -> Y ^   | AOI21xp5_ASAP7_75t_SL    | 14.400 | 349.900 |  344.712 | 
     | FE_RC_861_0                            | A2 ^ -> Y v   | OAI21x1_ASAP7_75t_SL     |  9.700 | 359.600 |  354.412 | 
     | g68244                                 | B v -> Y v    | AND2x2_ASAP7_75t_SL      | 16.900 | 376.500 |  371.312 | 
     | FE_RC_104_0                            | B2 v -> Y ^   | AOI22x1_ASAP7_75t_SL     | 13.900 | 390.400 |  385.212 | 
     | g96_dup                                | B ^ -> Y ^    | AND2x4_ASAP7_75t_SL      | 17.300 | 407.700 |  402.512 | 
     | core_csa_tree_add_422_23_groupi_g5726  | B ^ -> Y v    | NOR2x2_ASAP7_75t_SL      | 13.700 | 421.400 |  416.212 | 
     | core_csa_tree_add_422_23_groupi_g67384 | A v -> Y ^    | NOR2x2_ASAP7_75t_SL      | 15.700 | 437.100 |  431.912 | 
     | core_csa_tree_add_422_23_groupi_g5699  | A1 ^ -> Y v   | OAI21x1_ASAP7_75t_SL     |  8.800 | 445.900 |  440.712 | 
     | FE_RC_102_0                            | A v -> Y ^    | INVx1_ASAP7_75t_SL       |  7.200 | 453.100 |  447.912 | 
     | FE_RC_100_0                            | A2 ^ -> Y v   | AOI21xp5_ASAP7_75t_SL    |  7.000 | 460.100 |  454.912 | 
     | FE_RC_1610_0                           | A1 v -> Y ^   | AOI21xp5_ASAP7_75t_SL    | 10.700 | 470.800 |  465.612 | 
     | core_a_reg_reg[25]                     | D ^           | DFFASRHQNx1_ASAP7_75t_SL |  0.200 | 471.000 |  465.812 | 
     +-----------------------------------------------------------------------------------------------------------------+ 

