###############################################################
#  Generated by:      Cadence Innovus 21.13-s100_1
#  OS:                Linux x86_64(Host ID ic21)
#  Generated on:      Mon Mar 10 01:20:27 2025
#  Design:            sha256
#  Command:           report_timing > ../timing_0.6_510.rpt
###############################################################
Path 1: VIOLATED Late External Delay Assertion 
Endpoint:   read_data[30] (v) checked with  leading edge of 'clk'
Beginpoint: address[2]    (v) triggered by  leading edge of 'clk'
Path Groups: {clk}
Analysis View: view_tc
Other End Arrival Time          0.000
- External Delay              300.000
+ Phase Shift                 510.000
= Required Time               210.000
- Arrival Time                215.900
= Slack Time                   -5.900
     Clock Rise Edge                      0.000
     + Input Delay                        1.000
     = Beginpoint Arrival Time            1.000
     +-------------------------------------------------------------------------------------------------+ 
     |        Instance        |       Arc       |          Cell          |  Delay | Arrival | Required | 
     |                        |                 |                        |        |  Time   |   Time   | 
     |------------------------+-----------------+------------------------+--------+---------+----------| 
     |                        | address[2] v    |                        |        |   1.000 |   -4.900 | 
     | g18452                 | A v -> Y ^      | INVx2_ASAP7_75t_SL     | 13.500 |  14.500 |    8.600 | 
     | g18439__9906           | B ^ -> Y v      | NOR2x1p5_ASAP7_75t_SL  | 12.400 |  26.900 |   21.000 | 
     | FE_RC_319_0            | A v -> Y v      | AND4x2_ASAP7_75t_SL    | 18.600 |  45.500 |   39.600 | 
     | g18416__7118           | B v -> Y v      | AND2x6_ASAP7_75t_SL    | 26.800 |  72.300 |   66.400 | 
     | g18329__8757           | B1 v -> Y ^     | AOI22x1_ASAP7_75t_SL   | 35.300 | 107.600 |  101.700 | 
     | g18068__4547           | B ^ -> Y v      | NAND2x1_ASAP7_75t_SL   | 15.400 | 123.000 |  117.100 | 
     | g18030__5795           | B v -> Y ^      | AOI21xp5_ASAP7_75t_SL  | 23.200 | 146.200 |  140.300 | 
     | g17935__7675           | C ^ -> Y ^      | AND5x1_ASAP7_75t_SL    | 27.900 | 174.100 |  168.200 | 
     | FE_RC_497_0            | A ^ -> Y v      | NAND4xp25_ASAP7_75t_SL | 14.500 | 188.600 |  182.700 | 
     | FE_OFC176_read_data_30 | A v -> Y v      | BUFx3_ASAP7_75t_SL     | 18.800 | 207.400 |  201.500 | 
     |                        | read_data[30] v |                        |  8.500 | 215.900 |  210.000 | 
     +-------------------------------------------------------------------------------------------------+ 

