###############################################################
#  Generated by:      Cadence Innovus 21.13-s100_1
#  OS:                Linux x86_64(Host ID ic21)
#  Generated on:      Mon Mar 10 20:27:37 2025
#  Design:            sha256
#  Command:           report_timing > ../timing_0.6_410.rpt
###############################################################
Path 1: VIOLATED Late External Delay Assertion 
Endpoint:   read_data[26] (v) checked with  leading edge of 'clk'
Beginpoint: address[6]    (^) triggered by  leading edge of 'clk'
Path Groups: {clk}
Analysis View: view_tc
Other End Arrival Time          0.000
- External Delay              300.000
+ Phase Shift                 410.000
= Required Time               110.000
- Arrival Time                167.100
= Slack Time                  -57.100
     Clock Rise Edge                      0.000
     + Input Delay                        1.000
     = Beginpoint Arrival Time            1.000
     +---------------------------------------------------------------------------------------+ 
     |   Instance   |       Arc       |          Cell          |  Delay | Arrival | Required | 
     |              |                 |                        |        |  Time   |   Time   | 
     |--------------+-----------------+------------------------+--------+---------+----------| 
     |              | address[6] ^    |                        |        |   1.000 |  -56.100 | 
     | FE_RC_315_0  | C ^ -> Y ^      | OR3x1_ASAP7_75t_SL     | 16.300 |  17.300 |  -39.800 | 
     | FE_RC_166_0  | A ^ -> Y v      | NOR2x1_ASAP7_75t_SL    |  9.900 |  27.200 |  -29.900 | 
     | g18425__2250 | A v -> Y v      | AND3x2_ASAP7_75t_SL    | 18.900 |  46.100 |  -11.000 | 
     | FE_RC_195_0  | A v -> Y v      | AND2x6_ASAP7_75t_SL    | 25.400 |  71.500 |   14.400 | 
     | FE_RC_1963_0 | A v -> Y v      | BUFx12f_ASAP7_75t_SL   | 19.700 |  91.200 |   34.100 | 
     | g18325__2900 | A1 v -> Y ^     | AOI22x1_ASAP7_75t_SL   | 18.700 | 109.900 |   52.800 | 
     | g18076__7118 | B ^ -> Y v      | NAND2x1p5_ASAP7_75t_SL | 11.500 | 121.400 |   64.300 | 
     | FE_RC_1300_0 | B v -> Y ^      | AOI21x1_ASAP7_75t_SL   | 17.000 | 138.400 |   81.300 | 
     | FE_RC_1263_0 | A ^ -> Y v      | NAND4xp75_ASAP7_75t_SL | 23.400 | 161.800 |  104.700 | 
     |              | read_data[26] v |                        |  5.300 | 167.100 |  110.000 | 
     +---------------------------------------------------------------------------------------+ 

