###############################################################
#  Generated by:      Cadence Innovus 21.13-s100_1
#  OS:                Linux x86_64(Host ID ic21)
#  Generated on:      Tue Mar 11 00:57:13 2025
#  Design:            sha256
#  Command:           report_timing > ../timing_0.6_485.rpt
###############################################################
Path 1: VIOLATED Late External Delay Assertion 
Endpoint:   read_data[2] (v) checked with  leading edge of 'clk'
Beginpoint: cs           (v) triggered by  leading edge of 'clk'
Path Groups: {clk}
Analysis View: view_tc
Other End Arrival Time          0.000
- External Delay              300.000
+ Phase Shift                 485.000
= Required Time               185.000
- Arrival Time                212.300
= Slack Time                  -27.300
     Clock Rise Edge                      0.000
     + Input Delay                        1.000
     = Beginpoint Arrival Time            1.000
     +------------------------------------------------------------------------------------------+ 
     |     Instance     |      Arc       |          Cell          |  Delay | Arrival | Required | 
     |                  |                |                        |        |  Time   |   Time   | 
     |------------------+----------------+------------------------+--------+---------+----------| 
     |                  | cs v           |                        |        |   1.000 |  -26.300 | 
     | g7669_dup        | A v -> Y ^     | INVx11_ASAP7_75t_SL    |  4.200 |   5.200 |  -22.100 | 
     | FE_RC_1565_0_dup | A ^ -> Y ^     | OR5x1_ASAP7_75t_SL     | 20.900 |  26.100 |   -1.200 | 
     | g18421__5703     | B ^ -> Y ^     | OR2x6_ASAP7_75t_SL     | 21.400 |  47.500 |   20.200 | 
     | FE_RC_1481_0     | A ^ -> Y v     | INVxp67_ASAP7_75t_SL   |  9.900 |  57.400 |   30.100 | 
     | FE_RC_1478_0     | A v -> Y v     | AND2x6_ASAP7_75t_SL    | 26.200 |  83.600 |   56.300 | 
     | FE_RC_599_0      | A2 v -> Y v    | AO222x2_ASAP7_75t_SL   | 63.300 | 146.900 |  119.600 | 
     | FE_RC_598_0      | B v -> Y ^     | AOI21x1_ASAP7_75t_SL   | 13.000 | 159.900 |  132.600 | 
     | FE_RC_707_0      | C ^ -> Y ^     | AND4x1_ASAP7_75t_SL    | 26.800 | 186.700 |  159.400 | 
     | FE_RC_583_0      | B ^ -> Y v     | NAND4xp75_ASAP7_75t_SL | 19.700 | 206.400 |  179.100 | 
     |                  | read_data[2] v |                        |  5.900 | 212.300 |  185.000 | 
     +------------------------------------------------------------------------------------------+ 

