###############################################################
#  Generated by:      Cadence Innovus 21.13-s100_1
#  OS:                Linux x86_64(Host ID ic21)
#  Generated on:      Mon Mar 10 14:18:23 2025
#  Design:            sha256
#  Command:           report_timing > ../timing_0.7_560.rpt
###############################################################
Path 1: VIOLATED Late External Delay Assertion 
Endpoint:   read_data[26] (^) checked with  leading edge of 'clk'
Beginpoint: cs            (^) triggered by  leading edge of 'clk'
Path Groups: {clk}
Analysis View: view_tc
Other End Arrival Time          0.000
- External Delay              300.000
+ Phase Shift                 560.000
= Required Time               260.000
- Arrival Time                262.700
= Slack Time                   -2.700
     Clock Rise Edge                      0.000
     + Input Delay                        1.000
     = Beginpoint Arrival Time            1.000
     +--------------------------------------------------------------------------------------------------+ 
     |        Instance        |       Arc       |          Cell           |  Delay | Arrival | Required | 
     |                        |                 |                         |        |  Time   |   Time   | 
     |------------------------+-----------------+-------------------------+--------+---------+----------| 
     |                        | cs ^            |                         |        |   1.000 |   -1.700 | 
     | g7669                  | A ^ -> Y v      | INVx2_ASAP7_75t_SL      |  3.400 |   4.400 |    1.700 | 
     | FE_RC_77_0             | A v -> Y v      | OR3x2_ASAP7_75t_SL      | 24.000 |  28.400 |   25.700 | 
     | FE_RC_82_0             | A v -> Y v      | OR3x2_ASAP7_75t_SL      | 35.100 |  63.500 |   60.800 | 
     | g18421__5703           | B v -> Y v      | OR2x6_ASAP7_75t_SL      | 22.700 |  86.200 |   83.500 | 
     | g18409__9682           | B v -> Y ^      | NOR2x1_ASAP7_75t_SL     | 15.700 | 101.900 |   99.200 | 
     | g18390__5703           | B ^ -> Y ^      | AND2x2_ASAP7_75t_SL     | 41.400 | 143.300 |  140.600 | 
     | g18062__1857           | C1 ^ -> Y v     | AOI222xp33_ASAP7_75t_SL | 45.200 | 188.500 |  185.800 | 
     | FE_RC_103_0            | B v -> Y v      | AND2x2_ASAP7_75t_SL     | 23.200 | 211.700 |  209.000 | 
     | FE_RC_102_0            | B v -> Y v      | AND4x1_ASAP7_75t_SL     | 12.100 | 223.800 |  221.100 | 
     | FE_RC_131_0            | A v -> Y ^      | NAND4xp25_ASAP7_75t_SL  |  9.900 | 233.700 |  231.000 | 
     | FE_OFC132_read_data_26 | A ^ -> Y ^      | BUFx2_ASAP7_75t_SL      | 20.700 | 254.400 |  251.700 | 
     |                        | read_data[26] ^ |                         |  8.300 | 262.700 |  260.000 | 
     +--------------------------------------------------------------------------------------------------+ 

