###############################################################
#  Generated by:      Cadence Innovus 21.13-s100_1
#  OS:                Linux x86_64(Host ID ic22)
#  Generated on:      Thu Mar  6 20:40:07 2025
#  Design:            sha256
#  Command:           report_timing > ../timing_0.9_600.rpt
###############################################################
Path 1: MET Setup Check with Pin core_a_reg_reg[29]/CLK 
Endpoint:   core_a_reg_reg[29]/D     (^) checked with  leading edge of 'clk'
Beginpoint: core_t_ctr_reg_reg[4]/QN (^) triggered by  leading edge of 'clk'
Path Groups: {clk}
Analysis View: view_tc
Other End Arrival Time          0.000
- Setup                        17.349
+ Phase Shift                 600.000
= Required Time               582.651
- Arrival Time                573.800
= Slack Time                    8.851
     Clock Rise Edge                 0.000
     + Clock Network Latency (Ideal) 0.000
     = Beginpoint Arrival Time       0.000
     +-----------------------------------------------------------------------------------------------------------------+ 
     |                Instance                |      Arc      |           Cell           |  Delay | Arrival | Required | 
     |                                        |               |                          |        |  Time   |   Time   | 
     |----------------------------------------+---------------+--------------------------+--------+---------+----------| 
     | core_t_ctr_reg_reg[4]                  | CLK ^         |                          |        |   0.000 |    8.851 | 
     | core_t_ctr_reg_reg[4]                  | CLK ^ -> QN ^ | DFFASRHQNx1_ASAP7_75t_SL | 36.500 |  36.500 |   45.351 | 
     | FE_OFC98_core_t_ctr_reg_4              | A ^ -> Y ^    | BUFx4f_ASAP7_75t_SL      | 23.700 |  60.200 |   69.051 | 
     | FE_OFC99_core_t_ctr_reg_4              | A ^ -> Y v    | INVx3_ASAP7_75t_SL       | 22.300 |  82.500 |   91.351 | 
     | g68527                                 | A v -> Y v    | AND2x4_ASAP7_75t_SL      | 25.800 | 108.300 |  117.151 | 
     | FE_OFC111_n_4115                       | A v -> Y v    | BUFx2_ASAP7_75t_SL       | 27.700 | 136.000 |  144.851 | 
     | FE_DBTC2_n_4115                        | A v -> Y ^    | INVx4_ASAP7_75t_SL       | 29.600 | 165.600 |  174.451 | 
     | core_g49664                            | B ^ -> Y ^    | OR2x2_ASAP7_75t_SL       | 28.800 | 194.400 |  203.251 | 
     | core_g49467                            | B ^ -> Y ^    | OR2x2_ASAP7_75t_SL       | 14.700 | 209.100 |  217.951 | 
     | core_g48990                            | C ^ -> Y v    | OAI221xp5_ASAP7_75t_SL   | 11.100 | 220.200 |  229.051 | 
     | g68341                                 | A v -> Y v    | OR3x1_ASAP7_75t_SL       | 21.600 | 241.800 |  250.651 | 
     | g68935                                 | C v -> Y ^    | NOR3xp33_ASAP7_75t_SL    | 23.600 | 265.400 |  274.251 | 
     | g68880                                 | B ^ -> Y ^    | XOR2xp5_ASAP7_75t_SL     | 21.200 | 286.600 |  295.451 | 
     | g68336                                 | B ^ -> Y ^    | XOR2xp5_ASAP7_75t_SL     | 26.600 | 313.200 |  322.051 | 
     | g34                                    | B ^ -> Y ^    | OR2x2_ASAP7_75t_SL       | 17.500 | 330.700 |  339.551 | 
     | g68221                                 | A1 ^ -> Y ^   | AO21x1_ASAP7_75t_SL      | 20.900 | 351.600 |  360.451 | 
     | core_csa_tree_add_422_23_groupi_g6194  | A ^ -> Y v    | INVx2_ASAP7_75t_SL       |  7.300 | 358.900 |  367.751 | 
     | g249                                   | A v -> Y v    | MAJx2_ASAP7_75t_SL       | 20.200 | 379.100 |  387.951 | 
     | core_csa_tree_add_422_23_groupi_g6050  | A v -> Y ^    | XNOR2xp5_ASAP7_75t_SL    | 12.800 | 391.900 |  400.751 | 
     | core_csa_tree_add_422_23_groupi_g5976  | B ^ -> Y ^    | XOR2xp5_ASAP7_75t_SL     | 19.400 | 411.300 |  420.151 | 
     | core_csa_tree_add_422_23_groupi_g6237  | B ^ -> Y ^    | OR2x2_ASAP7_75t_SL       | 17.300 | 428.600 |  437.451 | 
     | core_csa_tree_add_422_23_groupi_g5848  | B ^ -> Y v    | NAND2xp5_ASAP7_75t_SL    | 10.100 | 438.700 |  447.551 | 
     | core_csa_tree_add_422_23_groupi_g5784  | C v -> Y ^    | NOR3xp33_ASAP7_75t_SL    | 19.500 | 458.200 |  467.051 | 
     | g68243                                 | A ^ -> Y ^    | AND3x1_ASAP7_75t_SL      | 21.500 | 479.700 |  488.551 | 
     | g68242                                 | A1 ^ -> Y v   | AOI22x1_ASAP7_75t_SL     |  7.900 | 487.600 |  496.451 | 
     | g96                                    | B v -> Y v    | AND2x4_ASAP7_75t_SL      | 17.300 | 504.900 |  513.751 | 
     | core_csa_tree_add_422_23_groupi_g5726  | B v -> Y ^    | NOR2x1p5_ASAP7_75t_SL    | 15.100 | 520.000 |  528.851 | 
     | core_csa_tree_add_422_23_groupi_g67478 | B ^ -> Y v    | NAND2x1_ASAP7_75t_SL     | 10.900 | 530.900 |  539.751 | 
     | core_csa_tree_add_422_23_groupi_g5703  | A2 v -> Y v   | OA21x2_ASAP7_75t_SL      | 18.100 | 549.000 |  557.851 | 
     | core_csa_tree_add_422_23_groupi_g5688  | A v -> Y v    | XNOR2xp5_ASAP7_75t_SL    | 15.000 | 564.000 |  572.851 | 
     | core_g63497                            | A1 v -> Y ^   | AOI21xp5_ASAP7_75t_SL    |  9.700 | 573.700 |  582.551 | 
     | core_a_reg_reg[29]                     | D ^           | DFFASRHQNx1_ASAP7_75t_SL |  0.100 | 573.800 |  582.651 | 
     +-----------------------------------------------------------------------------------------------------------------+ 

