Wirelength 253798
NumHardBlocks 100
hb0 394 329 0
hb1 0 329 0
hb2 388 288 0
hb3 350 0 0
hb4 268 399 0
hb5 180 186 0
hb6 0 427 0
hb7 350 288 0
hb8 208 67 0
hb9 372 288 0
hb10 0 186 0
hb11 325 67 0
hb12 197 366 0
hb13 364 67 0
hb14 382 241 0
hb15 83 186 0
hb16 95 129 0
hb17 387 0 0
hb18 277 186 0
hb19 219 186 0
hb20 100 427 0
hb21 325 186 0
hb22 345 329 0
hb23 142 186 0
hb24 159 399 0
hb25 44 288 0
hb26 204 288 0
hb27 49 39 1
hb28 0 241 0
hb29 184 67 0
hb30 0 366 0
hb31 254 329 0
hb32 394 129 0
hb33 121 329 0
hb34 131 129 0
hb35 259 288 0
hb36 49 0 1
hb37 47 67 0
hb38 72 129 0
hb39 342 129 0
hb40 143 329 0
hb41 250 186 0
hb42 224 129 0
hb43 282 241 0
hb44 18 186 0
hb45 117 241 0
hb46 120 399 0
hb47 132 366 0
hb48 350 366 0
hb49 116 0 0
hb50 43 366 0
hb51 34 129 0
hb52 140 241 0
hb53 334 399 0
hb54 105 67 0
hb55 0 129 0
hb56 316 0 0
hb57 162 186 0
hb58 208 329 0
hb59 154 288 0
hb60 377 399 0
hb61 87 399 0
hb62 40 427 0
hb63 39 241 0
hb64 194 241 0
hb65 286 129 1
hb66 258 67 0
hb67 0 288 0
hb68 264 0 0
hb69 296 366 0
hb70 75 241 0
hb71 204 399 0
hb72 123 67 0
hb73 163 0 0
hb74 244 241 0
hb75 24 366 0
hb76 110 366 0
hb77 158 129 0
hb78 407 366 0
hb79 290 288 0
hb80 89 67 0
hb81 389 186 0
hb82 0 67 0
hb83 188 427 0
hb84 0 399 0
hb85 67 399 0
hb86 98 288 0
hb87 343 241 0
hb88 297 399 0
hb89 258 366 0
hb90 169 329 0
hb91 65 329 0
hb92 210 427 0
hb93 280 329 0
hb94 412 67 0
hb95 137 427 0
hb96 224 0 0
hb97 333 0 0
hb98 67 67 0
hb99 0 0 0
