Wirelength 1339479
NumHardBlocks 200
hb0 0 911 0
hb1 41 876 1
hb2 0 876 0
hb3 80 876 1
hb4 0 927 1
hb5 0 845 0
hb6 35 839 0
hb7 0 824 0
hb8 35 824 0
hb9 81 790 0
hb10 36 790 0
hb11 0 754 1
hb12 36 754 1
hb13 0 709 0
hb14 0 694 1
hb15 48 709 1
hb16 127 713 1
hb17 0 668 0
hb18 127 694 0
hb19 39 642 0
hb20 161 681 1
hb21 161 642 0
hb22 0 642 1
hb23 205 693 0
hb24 205 678 0
hb25 205 642 0
hb26 245 684 0
hb27 288 684 0
hb28 322 700 0
hb29 368 700 1
hb30 245 661 1
hb31 322 684 0
hb32 272 661 1
hb33 283 642 1
hb34 245 642 1
hb35 0 627 1
hb36 33 601 0
hb37 33 613 1
hb38 0 601 0
hb39 421 723 1
hb40 421 753 1
hb41 405 723 0
hb42 405 704 1
hb43 490 704 0
hb44 463 704 0
hb45 405 690 1
hb46 405 643 0
hb47 405 676 0
hb48 530 690 1
hb49 495 643 0
hb50 453 643 1
hb51 405 616 1
hb52 556 616 1
hb53 556 643 1
hb54 639 616 0
hb55 593 616 1
hb56 682 711 1
hb57 723 692 1
hb58 682 692 1
hb59 682 646 0
hb60 682 616 1
hb61 771 646 1
hb62 771 679 1
hb63 405 601 1
hb64 0 503 1
hb65 48 503 1
hb66 48 533 0
hb67 0 564 0
hb68 81 503 0
hb69 0 484 1
hb70 38 484 0
hb71 0 417 0
hb72 0 451 0
hb73 116 451 1
hb74 154 440 0
hb75 154 417 1
hb76 242 475 0
hb77 181 417 0
hb78 242 449 1
hb79 205 417 1
hb80 285 449 1
hb81 300 417 0
hb82 242 417 1
hb83 816 501 1
hb84 816 464 0
hb85 859 488 0
hb86 859 464 0
hb87 816 417 0
hb88 816 436 1
hb89 861 417 1
hb90 0 393 0
hb91 907 438 0
hb92 907 414 0
hb93 907 393 0
hb94 0 307 1
hb95 16 343 0
hb96 52 343 1
hb97 16 368 1
hb98 16 307 1
hb99 16 323 0
hb100 215 341 0
hb101 97 307 1
hb102 177 341 1
hb103 145 307 0
hb104 284 307 0
hb105 242 307 0
hb106 177 307 1
hb107 0 284 0
hb108 22 272 0
hb109 0 272 1
hb110 45 284 0
hb111 320 272 0
hb112 320 285 1
hb113 366 272 0
hb114 409 272 0
hb115 0 235 0
hb116 37 235 1
hb117 79 235 1
hb118 448 259 0
hb119 448 235 1
hb120 487 235 1
hb121 610 248 1
hb122 567 248 0
hb123 532 235 1
hb124 567 235 1
hb125 0 207 1
hb126 28 207 0
hb127 0 141 0
hb128 46 141 0
hb129 0 163 1
hb130 655 141 1
hb131 700 141 0
hb132 14 120 0
hb133 0 104 0
hb134 14 104 0
hb135 52 120 1
hb136 89 122 0
hb137 89 104 0
hb138 113 104 0
hb139 0 73 0
hb140 143 75 1
hb141 0 48 1
hb142 143 48 1
hb143 189 48 0
hb144 189 92 1
hb145 235 48 0
hb146 280 36 1
hb147 0 36 1
hb148 280 69 1
hb149 344 111 0
hb150 314 111 1
hb151 347 78 1
hb152 314 78 0
hb153 366 111 0
hb154 314 36 1
hb155 42 0 1
hb156 0 17 1
hb157 0 0 0
hb158 55 0 0
hb159 83 12 1
hb160 83 0 1
hb161 981 383 1
hb162 951 310 0
hb163 981 310 1
hb164 981 356 0
hb165 1064 310 0
hb166 1028 310 0
hb167 951 285 0
hb168 998 285 0
hb169 951 251 0
hb170 1032 251 1
hb171 997 251 0
hb172 1105 251 0
hb173 951 229 0
hb174 1170 270 0
hb175 1136 229 0
hb176 1195 270 0
hb177 1195 286 1
hb178 1226 229 0
hb179 1170 229 0
hb180 951 210 1
hb181 951 195 1
hb182 993 176 0
hb183 1246 210 0
hb184 951 176 0
hb185 999 163 1
hb186 951 141 1
hb187 999 141 1
hb188 1283 155 1
hb189 951 121 0
hb190 1283 121 0
hb191 987 84 0
hb192 1323 121 1
hb193 987 42 1
hb194 987 0 1
hb195 951 0 1
hb196 1445 168 0
hb197 1351 168 0
hb198 1351 0 1
hb199 1351 66 1
