Wirelength 611274
NumHardBlocks 300
hb0 246 461 1
hb1 169 491 1
hb2 319 519 1
hb3 133 141 0
hb4 0 230 1
hb5 513 491 0
hb6 423 273 1
hb7 181 230 1
hb8 257 391 0
hb9 509 48 1
hb10 208 427 0
hb11 343 273 1
hb12 302 519 0
hb13 364 354 1
hb14 68 141 1
hb15 204 519 0
hb16 480 0 1
hb17 135 48 1
hb18 210 230 1
hb19 345 315 1
hb20 405 491 0
hb21 225 186 0
hb22 0 48 1
hb23 329 95 1
hb24 228 461 0
hb25 23 186 0
hb26 151 491 1
hb27 0 315 1
hb28 284 491 1
hb29 385 461 0
hb30 296 491 0
hb31 225 391 0
hb32 41 427 0
hb33 327 141 1
hb34 60 427 1
hb35 16 491 0
hb36 185 491 1
hb37 172 461 0
hb38 356 491 1
hb39 483 519 0
hb40 428 48 0
hb41 333 354 1
hb42 447 48 1
hb43 130 186 1
hb44 311 461 1
hb45 238 519 1
hb46 134 519 1
hb47 174 0 1
hb48 282 427 0
hb49 0 0 0
hb50 371 461 1
hb51 288 519 0
hb52 77 354 1
hb53 351 391 1
hb54 335 427 0
hb55 467 461 1
hb56 436 186 0
hb57 29 48 1
hb58 247 491 0
hb59 389 0 1
hb60 213 273 1
hb61 283 95 0
hb62 358 48 1
hb63 31 354 1
hb64 254 427 1
hb65 298 461 0
hb66 202 141 0
hb67 157 427 0
hb68 0 273 1
hb69 87 461 0
hb70 85 95 0
hb71 125 427 1
hb72 417 391 1
hb73 123 48 0
hb74 431 95 1
hb75 218 354 0
hb76 24 0 1
hb77 155 273 1
hb78 432 230 1
hb79 478 95 1
hb80 458 354 1
hb81 411 427 0
hb82 95 315 1
hb83 74 186 0
hb84 473 354 1
hb85 111 230 0
hb86 126 95 0
hb87 214 0 0
hb88 298 141 0
hb89 91 230 0
hb90 150 0 1
hb91 507 186 1
hb92 38 95 1
hb93 50 519 0
hb94 235 427 1
hb95 472 48 1
hb96 386 230 0
hb97 254 230 1
hb98 141 354 0
hb99 114 273 1
hb100 89 141 0
hb101 511 354 0
hb102 395 95 1
hb103 208 48 0
hb104 151 186 1
hb105 510 391 1
hb106 223 427 0
hb107 338 186 1
hb108 443 315 0
hb109 248 273 1
hb110 82 0 0
hb111 529 491 0
hb112 426 427 1
hb113 412 354 1
hb114 217 95 0
hb115 436 354 1
hb116 503 427 1
hb117 173 273 1
hb118 0 95 1
hb119 189 95 0
hb120 432 391 0
hb121 311 315 0
hb122 493 230 1
hb123 363 391 0
hb124 320 391 0
hb125 45 230 0
hb126 396 519 1
hb127 482 186 0
hb128 353 186 1
hb129 90 427 1
hb130 278 391 1
hb131 401 141 0
hb132 96 273 0
hb133 165 186 0
hb134 394 48 0
hb135 314 95 1
hb136 352 354 1
hb137 492 491 0
hb138 294 273 1
hb139 241 315 0
hb140 213 186 0
hb141 244 141 0
hb142 40 315 0
hb143 0 391 0
hb144 528 186 0
hb145 367 95 0
hb146 286 0 1
hb147 513 230 0
hb148 116 519 0
hb149 60 0 1
hb150 147 519 1
hb151 418 186 0
hb152 0 491 0
hb153 463 230 1
hb154 450 461 1
hb155 329 491 1
hb156 123 461 1
hb157 171 427 0
hb158 316 491 1
hb159 251 95 1
hb160 28 491 1
hb161 312 48 0
hb162 498 461 0
hb163 17 519 0
hb164 184 391 1
hb165 0 519 1
hb166 487 273 0
hb167 189 315 0
hb168 45 273 0
hb169 450 273 0
hb170 449 141 0
hb171 521 273 0
hb172 343 491 1
hb173 310 427 0
hb174 308 230 1
hb175 335 461 0
hb176 52 391 1
hb177 381 186 1
hb178 345 519 0
hb179 503 95 1
hb180 194 273 0
hb181 238 354 1
hb182 165 95 1
hb183 279 48 0
hb184 101 95 1
hb185 133 391 0
hb186 386 391 0
hb187 145 230 0
hb188 266 354 1
hb189 263 141 1
hb190 306 354 1
hb191 304 391 0
hb192 121 0 0
hb193 451 427 1
hb194 90 491 1
hb195 112 427 1
hb196 345 230 0
hb197 368 315 1
hb198 427 0 1
hb199 0 354 0
hb200 242 48 1
hb201 202 461 0
hb202 89 48 0
hb203 365 427 0
hb204 367 273 1
hb205 136 491 1
hb206 468 391 0
hb207 0 427 1
hb208 430 461 1
hb209 172 48 1
hb210 103 491 0
hb211 139 461 1
hb212 324 230 0
hb213 24 391 1
hb214 0 461 0
hb215 350 461 1
hb216 229 273 1
hb217 495 519 1
hb218 448 230 1
hb219 17 461 1
hb220 95 354 0
hb221 465 95 0
hb222 56 491 0
hb223 377 519 1
hb224 346 95 1
hb225 0 141 0
hb226 225 315 1
hb227 28 427 0
hb228 116 491 1
hb229 365 0 0
hb230 35 461 1
hb231 125 354 0
hb232 400 273 1
hb233 191 519 1
hb234 72 427 1
hb235 70 519 1
hb236 418 491 1
hb237 322 273 0
hb238 69 273 0
hb239 443 519 0
hb240 215 491 1
hb241 490 427 0
hb242 52 186 0
hb243 277 315 1
hb244 154 354 1
hb245 160 391 1
hb246 0 186 0
hb247 119 315 0
hb248 283 186 1
hb249 480 315 1
hb250 380 427 0
hb251 90 391 0
hb252 68 461 0
hb253 234 491 1
hb254 392 491 1
hb255 396 315 0
hb256 457 491 1
hb257 191 427 0
hb258 446 0 1
hb259 44 491 1
hb260 272 491 1
hb261 478 141 0
hb262 259 0 0
hb263 319 0 1
hb264 275 141 1
hb265 380 95 1
hb266 154 141 1
hb267 155 315 0
hb268 263 519 1
hb269 167 354 1
hb270 362 519 1
hb271 314 186 1
hb272 408 519 1
hb273 261 461 0
hb274 522 427 1
hb275 470 491 0
hb276 38 391 1
hb277 77 48 0
hb278 474 273 0
hb279 269 230 0
hb280 468 427 1
hb281 184 461 1
hb282 253 186 1
hb283 178 519 0
hb284 151 461 1
hb285 269 427 0
hb286 503 141 0
hb287 47 141 1
hb288 67 315 0
hb289 185 354 0
hb290 282 461 0
hb291 373 141 0
hb292 131 273 0
hb293 111 186 1
hb294 375 491 0
hb295 490 141 1
hb296 414 461 0
hb297 507 315 1
hb298 180 186 0
hb299 529 461 0
