###############################################################
#  Generated by:      Cadence Innovus 21.13-s100_1
#  OS:                Linux x86_64(Host ID ic21)
#  Generated on:      Tue Mar  4 19:16:58 2025
#  Design:            sha256
#  Command:           report_timing > ../timing_0.3_1100.rpt
###############################################################
Path 1: MET Setup Check with Pin core_a_reg_reg[31]/CLK 
Endpoint:   core_a_reg_reg[31]/D     (^) checked with  leading edge of 'clk'
Beginpoint: core_t_ctr_reg_reg[4]/QN (^) triggered by  leading edge of 'clk'
Path Groups: {clk}
Analysis View: view_tc
Other End Arrival Time          0.000
- Setup                        16.554
+ Phase Shift                 1100.000
= Required Time               1083.446
- Arrival Time                838.600
= Slack Time                  244.846
     Clock Rise Edge                 0.000
     + Clock Network Latency (Ideal) 0.000
     = Beginpoint Arrival Time       0.000
     +---------------------------------------------------------------------------------------------------------------------+ 
     |                 Instance                  |      Arc      |           Cell           |  Delay  | Arrival | Required | 
     |                                           |               |                          |         |  Time   |   Time   | 
     |-------------------------------------------+---------------+--------------------------+---------+---------+----------| 
     | core_t_ctr_reg_reg[4]                     | CLK ^         |                          |         |  -0.000 |  244.846 | 
     | core_t_ctr_reg_reg[4]                     | CLK ^ -> QN ^ | DFFASRHQNx1_ASAP7_75t_SL |  85.200 |  85.200 |  330.046 | 
     | g664                                      | A ^ -> Y v    | INVx1_ASAP7_75t_SL       |  50.800 | 136.000 |  380.846 | 
     | g68527                                    | A v -> Y v    | AND2x2_ASAP7_75t_SL      |  50.600 | 186.600 |  431.446 | 
     | core_g49701                               | A v -> Y v    | AND2x2_ASAP7_75t_SL      |  38.700 | 225.300 |  470.146 | 
     | core_g49507                               | B v -> Y v    | AND2x2_ASAP7_75t_SL      |  30.100 | 255.400 |  500.246 | 
     | FE_OFC109_core_n_48261                    | A v -> Y v    | HB1xp67_ASAP7_75t_L      | 112.700 | 368.100 |  612.946 | 
     | core_g49164                               | B2 v -> Y ^   | AOI22xp5_ASAP7_75t_SL    |  57.400 | 425.500 |  670.346 | 
     | core_g48949                               | A ^ -> Y ^    | AND4x1_ASAP7_75t_SL      |  25.900 | 451.400 |  696.246 | 
     | core_g48891                               | A ^ -> Y v    | NAND5xp2_ASAP7_75t_SL    |  14.900 | 466.300 |  711.146 | 
     | core_g48865                               | B v -> Y v    | AO21x1_ASAP7_75t_SL      |  26.300 | 492.600 |  737.446 | 
     | g68392                                    | A v -> Y v    | MAJx2_ASAP7_75t_SL       |  31.100 | 523.700 |  768.546 | 
     | core_csa_tree_add_422_23_groupi_g6090     | B v -> Y v    | XNOR2xp5_ASAP7_75t_SL    |  24.000 | 547.700 |  792.546 | 
     | g506                                      | B v -> Y v    | XNOR2xp5_ASAP7_75t_SL    |  26.900 | 574.600 |  819.446 | 
     | g487                                      | A v -> Y v    | XNOR2xp5_ASAP7_75t_SL    |  21.100 | 595.700 |  840.546 | 
     | core_csa_tree_add_422_23_groupi_g67426    | B v -> Y ^    | NAND2xp5_ASAP7_75t_SL    |  13.000 | 608.700 |  853.546 | 
     | core_csa_tree_add_422_23_groupi_g5748_dup | B ^ -> Y v    | OAI21xp5_ASAP7_75t_SL    |  16.000 | 624.700 |  869.546 | 
     | core_csa_tree_add_422_23_groupi_g67448    | A1 v -> Y v   | AO21x1_ASAP7_75t_SL      |  23.800 | 648.500 |  893.346 | 
     | core_csa_tree_add_422_23_groupi_g5741_dup | A2 v -> Y v   | AO21x1_ASAP7_75t_SL      |  21.800 | 670.300 |  915.146 | 
     | g68244                                    | B v -> Y v    | AND2x2_ASAP7_75t_SL      |  15.500 | 685.800 |  930.646 | 
     | g68242                                    | A2 v -> Y ^   | AOI22xp5_ASAP7_75t_SL    |  10.000 | 695.800 |  940.646 | 
     | g96                                       | B ^ -> Y ^    | AND2x2_ASAP7_75t_SL      |  22.200 | 718.000 |  962.846 | 
     | core_csa_tree_add_422_23_groupi_g5726     | B ^ -> Y v    | NOR2xp33_ASAP7_75t_SL    |  27.200 | 745.200 |  990.046 | 
     | core_csa_tree_add_422_23_groupi_g67384    | A v -> Y ^    | NOR2xp33_ASAP7_75t_SL    |  44.500 | 789.700 | 1034.546 | 
     | core_csa_tree_add_422_23_groupi_g5709     | A1 ^ -> Y v   | OAI21xp5_ASAP7_75t_SL    |  18.500 | 808.200 | 1053.046 | 
     | core_csa_tree_add_422_23_groupi_g5686     | A v -> Y v    | XNOR2xp5_ASAP7_75t_SL    |  20.700 | 828.900 | 1073.746 | 
     | core_g63496                               | A1 v -> Y ^   | AOI21xp5_ASAP7_75t_SL    |   9.700 | 838.600 | 1083.446 | 
     | core_a_reg_reg[31]                        | D ^           | DFFASRHQNx1_ASAP7_75t_SL |   0.000 | 838.600 | 1083.446 | 
     +---------------------------------------------------------------------------------------------------------------------+ 

