###############################################################
#  Generated by:      Cadence Innovus 21.13-s100_1
#  OS:                Linux x86_64(Host ID ic21)
#  Generated on:      Tue Mar  4 18:09:45 2025
#  Design:            sha256
#  Command:           report_timing > ../timing_0.2_1100.rpt
###############################################################
Path 1: MET Setup Check with Pin core_a_reg_reg[30]/CLK 
Endpoint:   core_a_reg_reg[30]/D           (v) checked with  leading edge of 
'clk'
Beginpoint: core_sha256_ctrl_reg_reg[0]/QN (v) triggered by  leading edge of 
'clk'
Path Groups: {clk}
Analysis View: view_tc
Other End Arrival Time          0.000
- Setup                         9.727
+ Phase Shift                 1100.000
= Required Time               1090.273
- Arrival Time                779.000
= Slack Time                  311.273
     Clock Rise Edge                 0.000
     + Clock Network Latency (Ideal) 0.000
     = Beginpoint Arrival Time       0.000
     +-----------------------------------------------------------------------------------------------------------+ 
     |            Instance             |      Arc      |           Cell           |  Delay  | Arrival | Required | 
     |                                 |               |                          |         |  Time   |   Time   | 
     |---------------------------------+---------------+--------------------------+---------+---------+----------| 
     | core_sha256_ctrl_reg_reg[0]     | CLK ^         |                          |         |  -0.000 |  311.273 | 
     | core_sha256_ctrl_reg_reg[0]     | CLK ^ -> QN v | DFFASRHQNx1_ASAP7_75t_SL |  46.500 |  46.500 |  357.773 | 
     | core_g66613                     | A v -> Y ^    | INVx1_ASAP7_75t_SL       |  11.900 |  58.400 |  369.673 | 
     | core_g65738                     | B ^ -> Y v    | NOR2xp33_ASAP7_75t_SL    |  25.100 |  83.500 |  394.773 | 
     | FE_OFC77_core_n_63637           | A v -> Y v    | BUFx2_ASAP7_75t_SL       |  41.100 | 124.600 |  435.873 | 
     | FE_OFC78_core_n_63637           | A v -> Y v    | BUFx2_ASAP7_75t_SL       |  59.100 | 183.700 |  494.973 | 
     | FE_OFC80_core_n_63637           | A v -> Y v    | BUFx2_ASAP7_75t_SL       |  91.600 | 275.300 |  586.573 | 
     | FE_OFC101_FE_OFN80_core_n_63637 | A v -> Y v    | HB1xp67_ASAP7_75t_SL     |  75.100 | 350.400 |  661.673 | 
     | core_g65524                     | A v -> Y ^    | NOR2x1_ASAP7_75t_SL      |  67.000 | 417.400 |  728.673 | 
     | FE_OFC84_core_n_62195           | A ^ -> Y ^    | BUFx2_ASAP7_75t_SL       |  51.400 | 468.800 |  780.073 | 
     | FE_OFC86_core_n_62195           | A ^ -> Y ^    | BUFx2_ASAP7_75t_SL       |  82.200 | 551.000 |  862.273 | 
     | FE_OFC87_core_n_62195           | A ^ -> Y ^    | HB1xp67_ASAP7_75t_L      | 164.400 | 715.400 | 1026.673 | 
     | core_g65265                     | A1 ^ -> Y ^   | AO221x1_ASAP7_75t_SL     |  54.700 | 770.100 | 1081.373 | 
     | core_g64100                     | B ^ -> Y v    | AOI21xp5_ASAP7_75t_SL    |   8.800 | 778.900 | 1090.173 | 
     | core_a_reg_reg[30]              | D v           | DFFASRHQNx1_ASAP7_75t_SL |   0.100 | 779.000 | 1090.273 | 
     +-----------------------------------------------------------------------------------------------------------+ 

