###############################################################
#  Generated by:      Cadence Innovus 21.13-s100_1
#  OS:                Linux x86_64(Host ID ic21)
#  Generated on:      Tue Mar  4 21:09:04 2025
#  Design:            sha256
#  Command:           report_timing > ../timing_0.5_1100.rpt
###############################################################
Path 1: MET Setup Check with Pin core_a_reg_reg[26]/CLK 
Endpoint:   core_a_reg_reg[26]/D     (^) checked with  leading edge of 'clk'
Beginpoint: core_t_ctr_reg_reg[4]/QN (^) triggered by  leading edge of 'clk'
Path Groups: {clk}
Analysis View: view_tc
Other End Arrival Time          0.000
- Setup                        16.857
+ Phase Shift                 1100.000
= Required Time               1083.143
- Arrival Time                853.000
= Slack Time                  230.143
     Clock Rise Edge                 0.000
     + Clock Network Latency (Ideal) 0.000
     = Beginpoint Arrival Time       0.000
     +---------------------------------------------------------------------------------------------------------------------------+ 
     |                    Instance                     |      Arc      |           Cell           |  Delay  | Arrival | Required | 
     |                                                 |               |                          |         |  Time   |   Time   | 
     |-------------------------------------------------+---------------+--------------------------+---------+---------+----------| 
     | core_t_ctr_reg_reg[4]                           | CLK ^         |                          |         |  -0.000 |  230.143 | 
     | core_t_ctr_reg_reg[4]                           | CLK ^ -> QN ^ | DFFASRHQNx1_ASAP7_75t_SL |  84.400 |  84.400 |  314.543 | 
     | g664                                            | A ^ -> Y v    | INVx1_ASAP7_75t_SL       |  53.000 | 137.400 |  367.543 | 
     | g68527                                          | A v -> Y v    | AND2x2_ASAP7_75t_SL      |  57.800 | 195.200 |  425.343 | 
     | core_g67389                                     | A v -> Y v    | AND2x2_ASAP7_75t_SL      |  33.700 | 228.900 |  459.043 | 
     | core_g49504                                     | B v -> Y v    | AND2x2_ASAP7_75t_SL      |  33.100 | 262.000 |  492.143 | 
     | FE_OFC107_core_n_48258                          | A v -> Y v    | HB1xp67_ASAP7_75t_L      | 103.300 | 365.300 |  595.443 | 
     | g1293                                           | A2 v -> Y ^   | AOI22xp33_ASAP7_75t_SL   |  55.500 | 420.800 |  650.943 | 
     | g1283                                           | B ^ -> Y ^    | AND4x1_ASAP7_75t_SL      |  25.100 | 445.900 |  676.043 | 
     | g1281                                           | D ^ -> Y ^    | AND5x1_ASAP7_75t_SL      |  22.800 | 468.700 |  698.843 | 
     | g1280                                           | B ^ -> Y v    | OAI21xp5_ASAP7_75t_SL    |   8.700 | 477.400 |  707.543 | 
     | g68328                                          | B v -> Y ^    | AOI21xp5_ASAP7_75t_SL    |  31.900 | 509.300 |  739.443 | 
     | g1277                                           | B ^ -> Y ^    | XNOR2xp5_ASAP7_75t_SL    |  22.700 | 532.000 |  762.143 | 
     | core_csa_tree_add_337_39_g6472                  | A ^ -> Y ^    | XOR2xp5_ASAP7_75t_SL     |  33.900 | 565.900 |  796.043 | 
     | core_csa_tree_add_422_23_groupi_g5892           | A ^ -> Y v    | XOR2xp5_ASAP7_75t_SL     |  12.300 | 578.200 |  808.343 | 
     | core_csa_tree_add_422_23_groupi_g67865          | B v -> Y v    | OR2x2_ASAP7_75t_SL       |  19.500 | 597.700 |  827.843 | 
     | core_csa_tree_add_422_23_groupi_g67659_dup68826 | A2 v -> Y ^   | AOI21xp5_ASAP7_75t_SL    |  18.300 | 616.000 |  846.143 | 
     | core_csa_tree_add_422_23_groupi_g67869          | A ^ -> Y ^    | MAJx2_ASAP7_75t_SL       |  21.300 | 637.300 |  867.443 | 
     | core_csa_tree_add_422_23_groupi_g67428          | A1 ^ -> Y v   | OAI21xp5_ASAP7_75t_SL    |  13.400 | 650.700 |  880.843 | 
     | core_csa_tree_add_422_23_groupi_g67448          | A1 v -> Y v   | AO21x1_ASAP7_75t_SL      |  20.500 | 671.200 |  901.343 | 
     | core_csa_tree_add_422_23_groupi_g5741_dup       | A2 v -> Y v   | AO21x1_ASAP7_75t_SL      |  21.000 | 692.200 |  922.343 | 
     | g68244                                          | B v -> Y v    | AND2x2_ASAP7_75t_SL      |  17.000 | 709.200 |  939.343 | 
     | g68242                                          | A2 v -> Y ^   | AOI22xp5_ASAP7_75t_SL    |  10.500 | 719.700 |  949.843 | 
     | g96                                             | B ^ -> Y ^    | AND2x2_ASAP7_75t_SL      |  22.000 | 741.700 |  971.843 | 
     | core_csa_tree_add_422_23_groupi_g5726           | B ^ -> Y v    | NOR2xp33_ASAP7_75t_SL    |  25.500 | 767.200 |  997.343 | 
     | core_csa_tree_add_422_23_groupi_g67384          | A v -> Y ^    | NOR2xp33_ASAP7_75t_SL    |  38.800 | 806.000 | 1036.143 | 
     | core_csa_tree_add_422_23_groupi_g5698           | A1 ^ -> Y v   | OAI21xp5_ASAP7_75t_SL    |  16.600 | 822.600 | 1052.743 | 
     | core_csa_tree_add_422_23_groupi_g5690           | A v -> Y v    | XNOR2xp5_ASAP7_75t_SL    |  20.600 | 843.200 | 1073.343 | 
     | core_g64207                                     | A1 v -> Y ^   | AOI21xp5_ASAP7_75t_SL    |   9.800 | 853.000 | 1083.143 | 
     | core_a_reg_reg[26]                              | D ^           | DFFASRHQNx1_ASAP7_75t_SL |   0.000 | 853.000 | 1083.143 | 
     +---------------------------------------------------------------------------------------------------------------------------+ 

