###############################################################
#  Generated by:      Cadence Innovus 21.13-s100_1
#  OS:                Linux x86_64(Host ID ic21)
#  Generated on:      Sun Mar  9 17:30:28 2025
#  Design:            sha256
#  Command:           report_timing > ../timing_0.1_900.rpt
###############################################################
Path 1: MET Setup Check with Pin core_H1_reg_reg[31]/CLK 
Endpoint:   core_H1_reg_reg[31]/D          (^) checked with  leading edge of 
'clk'
Beginpoint: core_sha256_ctrl_reg_reg[1]/QN (^) triggered by  leading edge of 
'clk'
Path Groups: {clk}
Analysis View: view_tc
Other End Arrival Time          0.000
- Setup                        18.102
+ Phase Shift                 900.000
= Required Time               881.898
- Arrival Time                786.700
= Slack Time                   95.198
     Clock Rise Edge                 0.000
     + Clock Network Latency (Ideal) 0.000
     = Beginpoint Arrival Time       0.000
     +-------------------------------------------------------------------------------------------------------+ 
     |          Instance           |      Arc      |           Cell           |  Delay  | Arrival | Required | 
     |                             |               |                          |         |  Time   |   Time   | 
     |-----------------------------+---------------+--------------------------+---------+---------+----------| 
     | core_sha256_ctrl_reg_reg[1] | CLK ^         |                          |         |  -0.000 |   95.198 | 
     | core_sha256_ctrl_reg_reg[1] | CLK ^ -> QN ^ | DFFASRHQNx1_ASAP7_75t_SL |  44.500 |  44.500 |  139.698 | 
     | core_g66610                 | A ^ -> Y v    | INVx1_ASAP7_75t_SL       |   8.100 |  52.600 |  147.798 | 
     | core_g65739                 | B v -> Y ^    | NOR2xp33_ASAP7_75t_SL    |  22.600 |  75.200 |  170.398 | 
     | FE_OFC79_core_n_63639       | A ^ -> Y ^    | BUFx3_ASAP7_75t_SL       |  41.700 | 116.900 |  212.098 | 
     | FE_OFC80_core_n_63639       | A ^ -> Y ^    | BUFx2_ASAP7_75t_SL       |  71.000 | 187.900 |  283.098 | 
     | FE_OFC81_core_n_63639       | A ^ -> Y ^    | BUFx2_ASAP7_75t_SL       |  71.800 | 259.700 |  354.898 | 
     | FE_OFC82_core_n_63639       | A ^ -> Y ^    | BUFx2_ASAP7_75t_SL       |  88.200 | 347.900 |  443.098 | 
     | core_g65736                 | A ^ -> Y v    | INVx2_ASAP7_75t_SL       |  97.300 | 445.200 |  540.398 | 
     | FE_OFC89_core_n_63655       | A v -> Y v    | HB1xp67_ASAP7_75t_L      | 110.500 | 555.700 |  650.898 | 
     | core_g50013                 | A v -> Y v    | AND2x2_ASAP7_75t_SL      |  77.800 | 633.500 |  728.698 | 
     | FE_OFC99_core_n_66322       | A v -> Y v    | BUFx2_ASAP7_75t_SL       |  44.200 | 677.700 |  772.898 | 
     | core_g65194                 | B1 v -> Y ^   | AOI221xp5_ASAP7_75t_SL   | 108.900 | 786.600 |  881.798 | 
     | core_H1_reg_reg[31]         | D ^           | DFFASRHQNx1_ASAP7_75t_SL |   0.100 | 786.700 |  881.898 | 
     +-------------------------------------------------------------------------------------------------------+ 

