###############################################################
#  Generated by:      Cadence Innovus 21.13-s100_1
#  OS:                Linux x86_64(Host ID ic21)
#  Generated on:      Sun Mar  9 17:42:58 2025
#  Design:            sha256
#  Command:           report_timing > ../timing_0.1_500.rpt
###############################################################
Path 1: VIOLATED Setup Check with Pin core_a_reg_reg[19]/CLK 
Endpoint:   core_a_reg_reg[19]/D     (^) checked with  leading edge of 'clk'
Beginpoint: core_t_ctr_reg_reg[4]/QN (^) triggered by  leading edge of 'clk'
Path Groups: {clk}
Analysis View: view_tc
Other End Arrival Time          0.000
- Setup                        14.180
+ Phase Shift                 500.000
= Required Time               485.820
- Arrival Time                495.300
= Slack Time                   -9.480
     Clock Rise Edge                 0.000
     + Clock Network Latency (Ideal) 0.000
     = Beginpoint Arrival Time       0.000
     +--------------------------------------------------------------------------------------------------------------------+ 
     |                 Instance                  |      Arc      |           Cell           |  Delay | Arrival | Required | 
     |                                           |               |                          |        |  Time   |   Time   | 
     |-------------------------------------------+---------------+--------------------------+--------+---------+----------| 
     | core_t_ctr_reg_reg[4]                     | CLK ^         |                          |        |   0.000 |   -9.480 | 
     | core_t_ctr_reg_reg[4]                     | CLK ^ -> QN ^ | DFFASRHQNx1_ASAP7_75t_SL | 34.200 |  34.200 |   24.720 | 
     | FE_OFC194_core_t_ctr_reg_4                | A ^ -> Y v    | INVx1_ASAP7_75t_SL       | 12.600 |  46.800 |   37.320 | 
     | FE_OCPC362_n_5070                         | A v -> Y v    | BUFx6f_ASAP7_75t_SL      | 14.500 |  61.300 |   51.820 | 
     | g68527                                    | A v -> Y v    | AND2x4_ASAP7_75t_SL      | 20.000 |  81.300 |   71.820 | 
     | core_g49701_dup                           | A v -> Y v    | AND2x4_ASAP7_75t_SL      | 22.900 | 104.200 |   94.720 | 
     | core_g49507                               | B v -> Y v    | AND2x6_ASAP7_75t_SL      | 23.600 | 127.800 |  118.320 | 
     | core_g49164                               | B2 v -> Y ^   | AOI22xp5_ASAP7_75t_SL    | 67.200 | 195.000 |  185.520 | 
     | core_g48949                               | A ^ -> Y ^    | AND4x1_ASAP7_75t_SL      | 26.700 | 221.700 |  212.220 | 
     | FE_RC_50_0                                | A ^ -> Y v    | NAND3x1_ASAP7_75t_SL     |  6.000 | 227.700 |  218.220 | 
     | core_g48865                               | B v -> Y v    | AO21x2_ASAP7_75t_SL      | 20.800 | 248.500 |  239.020 | 
     | FE_RC_823_0                               | A v -> Y ^    | XOR2xp5_ASAP7_75t_SL     | 18.300 | 266.800 |  257.320 | 
     | FE_RC_824_0                               | A ^ -> Y v    | INVx2_ASAP7_75t_SL       |  8.500 | 275.300 |  265.820 | 
     | g507                                      | B v -> Y v    | XNOR2x1_ASAP7_75t_SL     | 20.500 | 295.800 |  286.320 | 
     | FE_RC_1245_0                              | A2 v -> Y ^   | OAI21x1_ASAP7_75t_SL     |  9.500 | 305.300 |  295.820 | 
     | FE_RC_1246_0                              | A ^ -> Y v    | INVx1_ASAP7_75t_SL       | 11.100 | 316.400 |  306.920 | 
     | g487                                      | B v -> Y v    | XNOR2x1_ASAP7_75t_SL     | 17.000 | 333.400 |  323.920 | 
     | core_csa_tree_add_422_23_groupi_g67426    | B v -> Y ^    | NAND2x1p5_ASAP7_75t_SL   | 11.700 | 345.100 |  335.620 | 
     | FE_RC_24_0                                | B ^ -> Y v    | OAI21x1_ASAP7_75t_SL     |  9.500 | 354.600 |  345.120 | 
     | FE_RC_1322_0                              | A2 v -> Y v   | AO21x1_ASAP7_75t_SL      | 14.900 | 369.500 |  360.020 | 
     | core_csa_tree_add_422_23_groupi_g5741_dup | A2 v -> Y v   | AO21x2_ASAP7_75t_SL      | 17.300 | 386.800 |  377.320 | 
     | g68244                                    | B v -> Y v    | AND2x4_ASAP7_75t_SL      | 14.000 | 400.800 |  391.320 | 
     | FE_RC_26_0                                | A2 v -> Y ^   | AOI22x1_ASAP7_75t_SL     | 10.700 | 411.500 |  402.020 | 
     | g96                                       | B ^ -> Y ^    | AND2x4_ASAP7_75t_SL      | 16.300 | 427.800 |  418.320 | 
     | FE_OCPC295_n_4867                         | A ^ -> Y ^    | BUFx3_ASAP7_75t_SL       | 18.700 | 446.500 |  437.020 | 
     | g68669                                    | A2 ^ -> Y ^   | OA21x2_ASAP7_75t_SL      | 17.700 | 464.200 |  454.720 | 
     | g68668                                    | A1 ^ -> Y v   | OAI21x1_ASAP7_75t_SL     |  6.900 | 471.100 |  461.620 | 
     | FE_RC_827_0                               | A1 v -> Y v   | OA21x2_ASAP7_75t_SL      | 16.600 | 487.700 |  478.220 | 
     | FE_RC_840_0                               | A1 v -> Y ^   | AOI21x1_ASAP7_75t_SL     |  7.500 | 495.200 |  485.720 | 
     | core_a_reg_reg[19]                        | D ^           | DFFASRHQNx1_ASAP7_75t_SL |  0.100 | 495.300 |  485.820 | 
     +--------------------------------------------------------------------------------------------------------------------+ 

