###############################################################
#  Generated by:      Cadence Innovus 21.13-s100_1
#  OS:                Linux x86_64(Host ID ic21)
#  Generated on:      Mon Mar 10 17:38:56 2025
#  Design:            sha256
#  Command:           report_timing > ../timing_0.7_480.rpt
###############################################################
Path 1: VIOLATED Late External Delay Assertion 
Endpoint:   read_data[31] (v) checked with  leading edge of 'clk'
Beginpoint: cs            (v) triggered by  leading edge of 'clk'
Path Groups: {clk}
Analysis View: view_tc
Other End Arrival Time          0.000
- External Delay              300.000
+ Phase Shift                 480.000
= Required Time               180.000
- Arrival Time                184.500
= Slack Time                   -4.500
     Clock Rise Edge                      0.000
     + Input Delay                        1.000
     = Beginpoint Arrival Time            1.000
     +-------------------------------------------------------------------------------------------+ 
     |     Instance     |       Arc       |          Cell          |  Delay | Arrival | Required | 
     |                  |                 |                        |        |  Time   |   Time   | 
     |------------------+-----------------+------------------------+--------+---------+----------| 
     |                  | cs v            |                        |        |   1.000 |   -3.500 | 
     | g7669            | A v -> Y ^      | INVx8_ASAP7_75t_SL     |  3.900 |   4.900 |    0.400 | 
     | FE_RC_89_0_dup2  | A ^ -> Y ^      | OR3x1_ASAP7_75t_SL     | 19.900 |  24.800 |   20.300 | 
     | FE_RC_1117_0_dup | A ^ -> Y ^      | OR3x1_ASAP7_75t_SL     | 18.800 |  43.600 |   39.100 | 
     | FE_RC_531_0      | A ^ -> Y v      | INVx1_ASAP7_75t_SL     | 12.500 |  56.100 |   51.600 | 
     | FE_RC_528_0      | A v -> Y v      | AND2x4_ASAP7_75t_SL    | 17.600 |  73.700 |   69.200 | 
     | FE_OCPC427_n_881 | A v -> Y v      | BUFx6f_ASAP7_75t_SL    | 23.900 |  97.600 |   93.100 | 
     | FE_RC_1102_0     | B2 v -> Y v     | AO22x2_ASAP7_75t_SL    | 23.000 | 120.600 |  116.100 | 
     | FE_RC_1101_0     | A v -> Y ^      | NOR2x1_ASAP7_75t_SL    | 10.600 | 131.200 |  126.700 | 
     | FE_RC_491_0      | A ^ -> Y ^      | AND4x2_ASAP7_75t_SL    | 27.900 | 159.100 |  154.600 | 
     | FE_RC_383_0      | A ^ -> Y v      | NAND4xp75_ASAP7_75t_SL | 21.200 | 180.300 |  175.800 | 
     |                  | read_data[31] v |                        |  4.200 | 184.500 |  180.000 | 
     +-------------------------------------------------------------------------------------------+ 

