###############################################################
#  Generated by:      Cadence Innovus 21.13-s100_1
#  OS:                Linux x86_64(Host ID ic53)
#  Generated on:      Fri Mar  7 16:35:50 2025
#  Design:            sha256
#  Command:           report_timing > ../timing_0.7_800.rpt
###############################################################
Path 1: MET Setup Check with Pin core_a_reg_reg[26]/CLK 
Endpoint:   core_a_reg_reg[26]/D     (^) checked with  leading edge of 'clk'
Beginpoint: core_t_ctr_reg_reg[4]/QN (^) triggered by  leading edge of 'clk'
Path Groups: {clk}
Analysis View: view_tc
Other End Arrival Time          0.000
- Setup                        17.021
+ Phase Shift                 800.000
= Required Time               782.979
- Arrival Time                748.200
= Slack Time                   34.779
     Clock Rise Edge                 0.000
     + Clock Network Latency (Ideal) 0.000
     = Beginpoint Arrival Time       0.000
     +--------------------------------------------------------------------------------------------------------------------------+ 
     |                    Instance                     |      Arc      |           Cell           |  Delay | Arrival | Required | 
     |                                                 |               |                          |        |  Time   |   Time   | 
     |-------------------------------------------------+---------------+--------------------------+--------+---------+----------| 
     | core_t_ctr_reg_reg[4]                           | CLK ^         |                          |        |   0.000 |   34.779 | 
     | core_t_ctr_reg_reg[4]                           | CLK ^ -> QN ^ | DFFASRHQNx1_ASAP7_75t_SL | 82.400 |  82.400 |  117.179 | 
     | g664                                            | A ^ -> Y v    | INVx1_ASAP7_75t_SL       | 55.900 | 138.300 |  173.079 | 
     | g68527                                          | A v -> Y v    | AND2x4_ASAP7_75t_SL      | 39.900 | 178.200 |  212.979 | 
     | core_g49701                                     | A v -> Y v    | AND2x2_ASAP7_75t_SL      | 32.200 | 210.400 |  245.179 | 
     | core_g49587                                     | B v -> Y v    | AND2x2_ASAP7_75t_SL      | 30.100 | 240.500 |  275.279 | 
     | FE_OFC116_core_n_48326                          | A v -> Y v    | BUFx2_ASAP7_75t_SL       | 58.900 | 299.400 |  334.179 | 
     | FE_OFC124_core_n_48326                          | A v -> Y ^    | INVx1_ASAP7_75t_SL       | 27.800 | 327.200 |  361.979 | 
     | FE_OFC129_core_n_48326                          | A ^ -> Y v    | INVxp33_ASAP7_75t_SL     | 21.200 | 348.400 |  383.179 | 
     | core_g49202                                     | B2 v -> Y ^   | AOI22xp5_ASAP7_75t_SL    | 14.600 | 363.000 |  397.779 | 
     | core_g48954                                     | B ^ -> Y v    | NAND4xp25_ASAP7_75t_SL   | 16.300 | 379.300 |  414.079 | 
     | core_g48874                                     | B v -> Y v    | AO211x2_ASAP7_75t_SL     | 20.600 | 399.900 |  434.679 | 
     | g68207                                          | B v -> Y v    | XNOR2xp5_ASAP7_75t_SL    | 21.400 | 421.300 |  456.079 | 
     | g68205                                          | B v -> Y v    | XNOR2xp5_ASAP7_75t_SL    | 27.000 | 448.300 |  483.079 | 
     | core_csa_tree_add_422_23_groupi_g5957           | A v -> Y v    | XNOR2xp5_ASAP7_75t_SL    | 26.000 | 474.300 |  509.079 | 
     | core_csa_tree_add_422_23_groupi_g67864          | A v -> Y v    | MAJx2_ASAP7_75t_SL       | 23.300 | 497.600 |  532.379 | 
     | core_csa_tree_add_422_23_groupi_g67659_dup68826 | A1 v -> Y ^   | AOI21xp5_ASAP7_75t_SL    | 18.400 | 516.000 |  550.779 | 
     | core_csa_tree_add_422_23_groupi_g67869          | A ^ -> Y ^    | MAJx2_ASAP7_75t_SL       | 21.400 | 537.400 |  572.179 | 
     | core_csa_tree_add_422_23_groupi_g5748_dup       | A1 ^ -> Y v   | OAI21xp5_ASAP7_75t_SL    | 13.600 | 551.000 |  585.779 | 
     | core_csa_tree_add_422_23_groupi_g67448          | A1 v -> Y v   | AO21x1_ASAP7_75t_SL      | 20.900 | 571.900 |  606.679 | 
     | core_csa_tree_add_422_23_groupi_g67451          | A2 v -> Y v   | AO21x1_ASAP7_75t_SL      | 21.400 | 593.300 |  628.079 | 
     | g68244                                          | B v -> Y v    | AND2x2_ASAP7_75t_SL      | 16.800 | 610.100 |  644.879 | 
     | g68242                                          | A2 v -> Y ^   | AOI22xp5_ASAP7_75t_SL    | 10.000 | 620.100 |  654.879 | 
     | g96                                             | B ^ -> Y ^    | AND2x2_ASAP7_75t_SL      | 21.400 | 641.500 |  676.279 | 
     | core_csa_tree_add_422_23_groupi_g5726           | B ^ -> Y v    | NOR2xp33_ASAP7_75t_SL    | 21.700 | 663.200 |  697.979 | 
     | core_csa_tree_add_422_23_groupi_g67384          | A v -> Y ^    | NOR2xp33_ASAP7_75t_SL    | 37.500 | 700.700 |  735.479 | 
     | core_csa_tree_add_422_23_groupi_g5698           | A1 ^ -> Y v   | OAI21xp5_ASAP7_75t_SL    | 16.400 | 717.100 |  751.879 | 
     | core_csa_tree_add_422_23_groupi_g5690           | A v -> Y v    | XNOR2xp5_ASAP7_75t_SL    | 21.200 | 738.300 |  773.079 | 
     | core_g64207                                     | A1 v -> Y ^   | AOI21xp5_ASAP7_75t_SL    |  9.900 | 748.200 |  782.979 | 
     | core_a_reg_reg[26]                              | D ^           | DFFASRHQNx1_ASAP7_75t_SL |  0.000 | 748.200 |  782.979 | 
     +--------------------------------------------------------------------------------------------------------------------------+ 

