###############################################################
#  Generated by:      Cadence Innovus 21.13-s100_1
#  OS:                Linux x86_64(Host ID ic21)
#  Generated on:      Mon Mar 10 16:17:36 2025
#  Design:            sha256
#  Command:           report_timing > ../timing_0.7_410.rpt
###############################################################
Path 1: VIOLATED Late External Delay Assertion 
Endpoint:   read_data[25] (v) checked with  leading edge of 'clk'
Beginpoint: address[5]    (^) triggered by  leading edge of 'clk'
Path Groups: {clk}
Analysis View: view_tc
Other End Arrival Time          0.000
- External Delay              300.000
+ Phase Shift                 410.000
= Required Time               110.000
- Arrival Time                179.700
= Slack Time                  -69.700
     Clock Rise Edge                      0.000
     + Input Delay                        1.000
     = Beginpoint Arrival Time            1.000
     +-------------------------------------------------------------------------------------------+ 
     |     Instance     |       Arc       |          Cell          |  Delay | Arrival | Required | 
     |                  |                 |                        |        |  Time   |   Time   | 
     |------------------+-----------------+------------------------+--------+---------+----------| 
     |                  | address[5] ^    |                        |        |   1.000 |  -68.700 | 
     | FE_RC_2434_0     | A ^ -> Y v      | NOR2x1p5_ASAP7_75t_SL  | 10.800 |  11.800 |  -57.900 | 
     | FE_RC_2435_0     | A v -> Y ^      | INVx3_ASAP7_75t_SL     |  7.700 |  19.500 |  -50.200 | 
     | FE_RC_1032_0_dup | B ^ -> Y v      | NOR4xp75_ASAP7_75t_SL  |  7.400 |  26.900 |  -42.800 | 
     | FE_RC_579_0      | A v -> Y v      | AND2x4_ASAP7_75t_SL    | 16.800 |  43.700 |  -26.000 | 
     | g18382__6877     | B v -> Y v      | AND2x6_ASAP7_75t_SL    | 25.500 |  69.200 |   -0.500 | 
     | FE_OCPC466_n_877 | A v -> Y v      | BUFx6f_ASAP7_75t_SL    | 52.600 | 121.800 |   52.100 | 
     | g18106__1786     | A2 v -> Y ^     | AOI22x1_ASAP7_75t_SL   | 21.600 | 143.400 |   73.700 | 
     | FE_RC_2119_0     | B ^ -> Y v      | NAND4xp75_ASAP7_75t_SL | 12.200 | 155.600 |   85.900 | 
     | FE_RC_2120_0     | A v -> Y ^      | INVx2_ASAP7_75t_SL     |  8.400 | 164.000 |   94.300 | 
     | FE_RC_2746_0     | B ^ -> Y v      | NAND4xp75_ASAP7_75t_SL | 14.300 | 178.300 |  108.600 | 
     |                  | read_data[25] v |                        |  1.400 | 179.700 |  110.000 | 
     +-------------------------------------------------------------------------------------------+ 

