###############################################################
#  Generated by:      Cadence Innovus 21.13-s100_1
#  OS:                Linux x86_64(Host ID ic21)
#  Generated on:      Sun Mar  9 18:48:32 2025
#  Design:            sha256
#  Command:           report_timing > ../timing_0.6_500.rpt
###############################################################
Path 1: VIOLATED Late External Delay Assertion 
Endpoint:   read_data[10] (^) checked with  leading edge of 'clk'
Beginpoint: address[3]    (v) triggered by  leading edge of 'clk'
Path Groups: {clk}
Analysis View: view_tc
Other End Arrival Time          0.000
- External Delay              300.000
+ Phase Shift                 500.000
= Required Time               200.000
- Arrival Time                206.900
= Slack Time                   -6.900
     Clock Rise Edge                      0.000
     + Input Delay                        1.000
     = Beginpoint Arrival Time            1.000
     +-------------------------------------------------------------------------------------------------+ 
     |        Instance        |       Arc       |          Cell          |  Delay | Arrival | Required | 
     |                        |                 |                        |        |  Time   |   Time   | 
     |------------------------+-----------------+------------------------+--------+---------+----------| 
     |                        | address[3] v    |                        |        |   1.000 |   -5.900 | 
     | FE_RC_152_0            | D v -> Y ^      | NOR4xp75_ASAP7_75t_SL  | 23.400 |  24.400 |   17.500 | 
     | FE_RC_150_0            | B ^ -> Y ^      | AND4x2_ASAP7_75t_SL    | 30.700 |  55.100 |   48.200 | 
     | g18416__7118           | B ^ -> Y ^      | AND2x6_ASAP7_75t_SL    | 29.300 |  84.400 |   77.500 | 
     | g18345__4296           | B1 ^ -> Y v     | AOI22xp5_ASAP7_75t_SL  | 36.200 | 120.600 |  113.700 | 
     | g18072__6877           | B v -> Y ^      | NAND2x1_ASAP7_75t_SL   | 21.500 | 142.100 |  135.200 | 
     | g18035__9906           | B ^ -> Y v      | AOI21xp33_ASAP7_75t_SL | 16.800 | 158.900 |  152.000 | 
     | FE_RC_215_0            | C v -> Y v      | AND3x1_ASAP7_75t_SL    | 16.900 | 175.800 |  168.900 | 
     | FE_RC_278_0            | B v -> Y ^      | NAND3xp33_ASAP7_75t_SL |  9.700 | 185.500 |  178.600 | 
     | FE_OFC166_read_data_10 | A ^ -> Y ^      | BUFx3_ASAP7_75t_SL     | 16.600 | 202.100 |  195.200 | 
     |                        | read_data[10] ^ |                        |  4.800 | 206.900 |  200.000 | 
     +-------------------------------------------------------------------------------------------------+ 

