###############################################################
#  Generated by:      Cadence Innovus 21.13-s100_1
#  OS:                Linux x86_64(Host ID ic21)
#  Generated on:      Tue Mar  4 18:21:32 2025
#  Design:            sha256
#  Command:           report_timing > ../timing_0.2_600.rpt
###############################################################
Path 1: VIOLATED Late External Delay Assertion 
Endpoint:   read_data[16] (v) checked with  leading edge of 'clk'
Beginpoint: cs            (v) triggered by  leading edge of 'clk'
Path Groups: {clk}
Analysis View: view_tc
Other End Arrival Time          0.000
- External Delay              300.000
+ Phase Shift                 600.000
= Required Time               300.000
- Arrival Time                303.300
= Slack Time                   -3.300
     Clock Rise Edge                      0.000
     + Input Delay                        1.000
     = Beginpoint Arrival Time            1.000
     +---------------------------------------------------------------------------------------+ 
     |   Instance   |       Arc       |          Cell          |  Delay | Arrival | Required | 
     |              |                 |                        |        |  Time   |   Time   | 
     |--------------+-----------------+------------------------+--------+---------+----------| 
     |              | cs v            |                        |        |   1.000 |   -2.300 | 
     | g7669        | A v -> Y ^      | INVx2_ASAP7_75t_SL     |  3.600 |   4.600 |    1.300 | 
     | g18433__5019 | A ^ -> Y ^      | OR3x2_ASAP7_75t_SL     | 14.800 |  19.400 |   16.100 | 
     | FE_RC_36_0   | A ^ -> Y ^      | OR3x2_ASAP7_75t_SL     | 22.900 |  42.300 |   39.000 | 
     | g18421__5703 | B ^ -> Y ^      | OR2x6_ASAP7_75t_SL     | 18.400 |  60.700 |   57.400 | 
     | g18409__9682 | B ^ -> Y v      | NOR2x1_ASAP7_75t_SL    | 13.300 |  74.000 |   70.700 | 
     | g18387__8757 | B v -> Y v      | AND2x2_ASAP7_75t_SL    | 35.900 | 109.900 |  106.600 | 
     | g18290__3772 | B v -> Y ^      | NAND2xp5_ASAP7_75t_SL  | 32.900 | 142.800 |  139.500 | 
     | g18029__2703 | A ^ -> Y v      | NAND3xp33_ASAP7_75t_SL | 29.400 | 172.200 |  168.900 | 
     | g17973__2703 | C v -> Y ^      | AOI221xp5_ASAP7_75t_SL | 37.400 | 209.600 |  206.300 | 
     | g17929__9682 | C ^ -> Y v      | NAND5xp2_ASAP7_75t_SL  | 78.400 | 288.000 |  284.700 | 
     |              | read_data[16] v |                        | 15.300 | 303.300 |  300.000 | 
     +---------------------------------------------------------------------------------------+ 

