###############################################################
#  Generated by:      Cadence Innovus 21.13-s100_1
#  OS:                Linux x86_64(Host ID ic21)
#  Generated on:      Mon Mar 10 15:36:49 2025
#  Design:            sha256
#  Command:           report_timing > ../timing_0.7_572.rpt
###############################################################
Path 1: MET Late External Delay Assertion 
Endpoint:   read_data[19] (^) checked with  leading edge of 'clk'
Beginpoint: cs            (^) triggered by  leading edge of 'clk'
Path Groups: {clk}
Analysis View: view_tc
Other End Arrival Time          0.000
- External Delay              300.000
+ Phase Shift                 572.000
= Required Time               272.000
- Arrival Time                269.100
= Slack Time                    2.900
     Clock Rise Edge                      0.000
     + Input Delay                        1.000
     = Beginpoint Arrival Time            1.000
     +------------------------------------------------------------------------------------------------+ 
     |        Instance        |       Arc       |         Cell          |  Delay | Arrival | Required | 
     |                        |                 |                       |        |  Time   |   Time   | 
     |------------------------+-----------------+-----------------------+--------+---------+----------| 
     |                        | cs ^            |                       |        |   1.000 |    3.900 | 
     | g7669                  | A ^ -> Y v      | INVx1_ASAP7_75t_SL    |  4.400 |   5.400 |    8.300 | 
     | FE_RC_27_0             | A v -> Y v      | OR3x2_ASAP7_75t_SL    | 24.000 |  29.400 |   32.300 | 
     | g18430__5795           | A v -> Y v      | OR3x1_ASAP7_75t_SL    | 30.300 |  59.700 |   62.600 | 
     | g18429                 | A v -> Y ^      | INVx1_ASAP7_75t_SL    |  7.200 |  66.900 |   69.800 | 
     | g18425__2250           | A ^ -> Y ^      | AND3x2_ASAP7_75t_SL   | 24.100 |  91.000 |   93.900 | 
     | g18417__8757           | B ^ -> Y ^      | AND2x6_ASAP7_75t_SL   | 25.000 | 116.000 |  118.900 | 
     | FE_OFC146_n_843        | A ^ -> Y ^      | BUFx4f_ASAP7_75t_SL   | 38.200 | 154.200 |  157.100 | 
     | g18105__8757           | A2 ^ -> Y ^     | AO222x2_ASAP7_75t_SL  | 20.600 | 174.800 |  177.700 | 
     | g18020__7118           | C ^ -> Y v      | AOI221x1_ASAP7_75t_SL | 23.000 | 197.800 |  200.700 | 
     | g17944__6083           | D v -> Y v      | AND5x1_ASAP7_75t_SL   | 35.600 | 233.400 |  236.300 | 
     | g17901__9682           | A v -> Y ^      | NAND5xp2_ASAP7_75t_SL |  9.800 | 243.200 |  246.100 | 
     | FE_OFC149_read_data_19 | A ^ -> Y ^      | BUFx2_ASAP7_75t_SL    | 19.400 | 262.600 |  265.500 | 
     |                        | read_data[19] ^ |                       |  6.500 | 269.100 |  272.000 | 
     +------------------------------------------------------------------------------------------------+ 

