###############################################################
#  Generated by:      Cadence Innovus 21.13-s100_1
#  OS:                Linux x86_64(Host ID ic21)
#  Generated on:      Sun Mar  9 18:04:48 2025
#  Design:            sha256
#  Command:           report_timing > ../timing_0.3_700.rpt
###############################################################
Path 1: MET Setup Check with Pin core_a_reg_reg[30]/CLK 
Endpoint:   core_a_reg_reg[30]/D     (^) checked with  leading edge of 'clk'
Beginpoint: core_t_ctr_reg_reg[3]/QN (^) triggered by  leading edge of 'clk'
Path Groups: {clk}
Analysis View: view_tc
Other End Arrival Time          0.000
- Setup                        16.530
+ Phase Shift                 700.000
= Required Time               683.470
- Arrival Time                662.000
= Slack Time                   21.470
     Clock Rise Edge                 0.000
     + Clock Network Latency (Ideal) 0.000
     = Beginpoint Arrival Time       0.000
     +--------------------------------------------------------------------------------------------------------------------------+ 
     |                    Instance                     |      Arc      |           Cell           |  Delay | Arrival | Required | 
     |                                                 |               |                          |        |  Time   |   Time   | 
     |-------------------------------------------------+---------------+--------------------------+--------+---------+----------| 
     | core_t_ctr_reg_reg[3]                           | CLK ^         |                          |        |  -0.000 |   21.470 | 
     | core_t_ctr_reg_reg[3]                           | CLK ^ -> QN ^ | DFFASRHQNx1_ASAP7_75t_SL | 75.100 |  75.100 |   96.570 | 
     | FE_DBTC6_core_w_mem_inst_w_ctr_reg_3            | A ^ -> Y v    | INVx1_ASAP7_75t_SL       | 51.600 | 126.700 |  148.170 | 
     | core_g49837                                     | B v -> Y v    | AND2x2_ASAP7_75t_SL      | 42.600 | 169.300 |  190.770 | 
     | core_g49584                                     | A v -> Y v    | AND2x2_ASAP7_75t_SL      | 49.900 | 219.200 |  240.670 | 
     | g1291                                           | B2 v -> Y ^   | AOI22xp5_ASAP7_75t_SL    | 58.700 | 277.900 |  299.370 | 
     | g1283                                           | C ^ -> Y ^    | AND4x1_ASAP7_75t_SL      | 21.400 | 299.300 |  320.770 | 
     | g1281                                           | D ^ -> Y ^    | AND5x1_ASAP7_75t_SL      | 21.900 | 321.200 |  342.670 | 
     | g1280                                           | B ^ -> Y v    | OAI21xp5_ASAP7_75t_SL    |  8.400 | 329.600 |  351.070 | 
     | g68328                                          | B v -> Y ^    | AOI21xp5_ASAP7_75t_SL    | 30.000 | 359.600 |  381.070 | 
     | g1277                                           | B ^ -> Y ^    | XNOR2xp5_ASAP7_75t_SL    | 22.000 | 381.600 |  403.070 | 
     | core_csa_tree_add_337_39_g6472                  | A ^ -> Y ^    | XOR2xp5_ASAP7_75t_SL     | 34.400 | 416.000 |  437.470 | 
     | core_csa_tree_add_422_23_groupi_g5892           | A ^ -> Y ^    | XOR2xp5_ASAP7_75t_SL     | 23.000 | 439.000 |  460.470 | 
     | core_csa_tree_add_422_23_groupi_g67866          | B ^ -> Y ^    | AND2x2_ASAP7_75t_SL      | 17.700 | 456.700 |  478.170 | 
     | core_csa_tree_add_422_23_groupi_g67659_dup68826 | B ^ -> Y v    | AOI21x1_ASAP7_75t_SL     | 10.600 | 467.300 |  488.770 | 
     | core_csa_tree_add_422_23_groupi_g67869          | A v -> Y v    | MAJx2_ASAP7_75t_SL       | 22.700 | 490.000 |  511.470 | 
     | core_csa_tree_add_422_23_groupi_g5748_dup       | A1 v -> Y ^   | OAI21xp5_ASAP7_75t_SL    | 18.800 | 508.800 |  530.270 | 
     | core_csa_tree_add_422_23_groupi_g67448          | A1 ^ -> Y ^   | AO21x1_ASAP7_75t_SL      | 18.300 | 527.100 |  548.570 | 
     | core_csa_tree_add_422_23_groupi_g5741_dup       | A2 ^ -> Y ^   | AO21x2_ASAP7_75t_SL      | 19.800 | 546.900 |  568.370 | 
     | g68244                                          | B ^ -> Y ^    | AND2x2_ASAP7_75t_SL      | 13.900 | 560.800 |  582.270 | 
     | g68242                                          | A2 ^ -> Y v   | AOI22xp5_ASAP7_75t_SL    | 10.400 | 571.200 |  592.670 | 
     | g96                                             | B v -> Y v    | AND2x4_ASAP7_75t_SL      | 17.600 | 588.800 |  610.270 | 
     | core_csa_tree_add_422_23_groupi_g5726           | B v -> Y ^    | NOR2x1p5_ASAP7_75t_SL    | 16.900 | 605.700 |  627.170 | 
     | core_csa_tree_add_422_23_groupi_g67478          | B ^ -> Y v    | NAND2x1_ASAP7_75t_SL     | 11.400 | 617.100 |  638.570 | 
     | core_csa_tree_add_422_23_groupi_g5710           | A2 v -> Y v   | OA21x2_ASAP7_75t_SL      | 18.100 | 635.200 |  656.670 | 
     | core_csa_tree_add_422_23_groupi_g5687           | A v -> Y v    | XNOR2xp5_ASAP7_75t_SL    | 16.600 | 651.800 |  673.270 | 
     | core_g64100                                     | A1 v -> Y ^   | AOI21xp5_ASAP7_75t_SL    | 10.100 | 661.900 |  683.370 | 
     | core_a_reg_reg[30]                              | D ^           | DFFASRHQNx1_ASAP7_75t_SL |  0.100 | 662.000 |  683.470 | 
     +--------------------------------------------------------------------------------------------------------------------------+ 

