###############################################################
#  Generated by:      Cadence Innovus 21.13-s100_1
#  OS:                Linux x86_64(Host ID ic21)
#  Generated on:      Tue Mar  4 19:26:44 2025
#  Design:            sha256
#  Command:           report_timing > ../timing_0.3_600.rpt
###############################################################
Path 1: VIOLATED Setup Check with Pin core_a_reg_reg[28]/CLK 
Endpoint:   core_a_reg_reg[28]/D     (^) checked with  leading edge of 'clk'
Beginpoint: core_t_ctr_reg_reg[5]/QN (v) triggered by  leading edge of 'clk'
Path Groups: {clk}
Analysis View: view_tc
Other End Arrival Time          0.000
- Setup                        16.685
+ Phase Shift                 600.000
= Required Time               583.315
- Arrival Time                583.800
= Slack Time                   -0.485
     Clock Rise Edge                 0.000
     + Clock Network Latency (Ideal) 0.000
     = Beginpoint Arrival Time       0.000
     +--------------------------------------------------------------------------------------------------------------------------+ 
     |                    Instance                     |      Arc      |           Cell           |  Delay | Arrival | Required | 
     |                                                 |               |                          |        |  Time   |   Time   | 
     |-------------------------------------------------+---------------+--------------------------+--------+---------+----------| 
     | core_t_ctr_reg_reg[5]                           | CLK ^         |                          |        |   0.000 |   -0.485 | 
     | core_t_ctr_reg_reg[5]                           | CLK ^ -> QN v | DFFASRHQNx1_ASAP7_75t_SL | 40.100 |  40.100 |   39.615 | 
     | FE_OFC158_core_t_ctr_reg_5                      | A v -> Y ^    | INVx4_ASAP7_75t_SL       | 18.800 |  58.900 |   58.415 | 
     | g68527                                          | B ^ -> Y ^    | AND2x6_ASAP7_75t_SL      | 33.100 |  92.000 |   91.515 | 
     | core_g67418                                     | B ^ -> Y ^    | AND2x4_ASAP7_75t_SL      | 21.000 | 113.000 |  112.515 | 
     | core_g49505                                     | B ^ -> Y ^    | AND2x2_ASAP7_75t_SL      | 39.400 | 152.400 |  151.915 | 
     | core_g49206                                     | A2 ^ -> Y v   | AOI22xp5_ASAP7_75t_SL    | 89.200 | 241.600 |  241.115 | 
     | core_g48954                                     | D v -> Y ^    | NAND4xp25_ASAP7_75t_SL   | 24.400 | 266.000 |  265.515 | 
     | core_g48874                                     | B ^ -> Y ^    | AO211x2_ASAP7_75t_SL     | 27.000 | 293.000 |  292.515 | 
     | g68207                                          | B ^ -> Y v    | XNOR2xp5_ASAP7_75t_SL    | 15.300 | 308.300 |  307.815 | 
     | g68205                                          | B v -> Y v    | XNOR2xp5_ASAP7_75t_SL    | 27.200 | 335.500 |  335.015 | 
     | core_csa_tree_add_422_23_groupi_g5957           | A v -> Y v    | XNOR2xp5_ASAP7_75t_SL    | 26.200 | 361.700 |  361.215 | 
     | core_csa_tree_add_422_23_groupi_g67864          | A v -> Y v    | MAJx2_ASAP7_75t_SL       | 25.100 | 386.800 |  386.315 | 
     | core_csa_tree_add_422_23_groupi_g67659_dup68826 | A1 v -> Y ^   | AOI21x1_ASAP7_75t_SL     | 14.000 | 400.800 |  400.315 | 
     | core_csa_tree_add_422_23_groupi_g67869          | A ^ -> Y ^    | MAJx2_ASAP7_75t_SL       | 22.500 | 423.300 |  422.815 | 
     | core_csa_tree_add_422_23_groupi_g67428          | A1 ^ -> Y v   | OAI21xp5_ASAP7_75t_SL    | 10.400 | 433.700 |  433.215 | 
     | core_csa_tree_add_422_23_groupi_g67448          | A1 v -> Y v   | AO21x2_ASAP7_75t_SL      | 21.000 | 454.700 |  454.215 | 
     | FE_RC_11_0                                      | A1 v -> Y ^   | AOI21x1_ASAP7_75t_SL     | 11.000 | 465.700 |  465.215 | 
     | FE_RC_12_0                                      | A ^ -> Y v    | INVx2_ASAP7_75t_SL       |  7.600 | 473.300 |  472.815 | 
     | g68244                                          | B v -> Y v    | AND2x2_ASAP7_75t_SL      | 14.700 | 488.000 |  487.515 | 
     | g68242                                          | A2 v -> Y ^   | AOI22x1_ASAP7_75t_SL     | 10.100 | 498.100 |  497.615 | 
     | g96                                             | B ^ -> Y ^    | AND2x4_ASAP7_75t_SL      | 17.200 | 515.300 |  514.815 | 
     | core_csa_tree_add_422_23_groupi_g5726           | B ^ -> Y v    | NOR2x1p5_ASAP7_75t_SL    | 16.100 | 531.400 |  530.915 | 
     | core_csa_tree_add_422_23_groupi_g67478          | B v -> Y ^    | NAND2x1_ASAP7_75t_SL     | 16.200 | 547.600 |  547.115 | 
     | core_csa_tree_add_422_23_groupi_g5711           | A ^ -> Y ^    | AND3x1_ASAP7_75t_SL      | 19.000 | 566.600 |  566.115 | 
     | core_csa_tree_add_422_23_groupi_g5695           | A ^ -> Y v    | XNOR2xp5_ASAP7_75t_SL    |  7.700 | 574.300 |  573.815 | 
     | core_g64208                                     | A1 v -> Y ^   | AOI21xp5_ASAP7_75t_SL    |  9.400 | 583.700 |  583.215 | 
     | core_a_reg_reg[28]                              | D ^           | DFFASRHQNx1_ASAP7_75t_SL |  0.100 | 583.800 |  583.315 | 
     +--------------------------------------------------------------------------------------------------------------------------+ 

