###############################################################
#  Generated by:      Cadence Innovus 21.13-s100_1
#  OS:                Linux x86_64(Host ID ic21)
#  Generated on:      Mon Mar 10 02:51:57 2025
#  Design:            sha256
#  Command:           report_timing > ../timing_0.6_573.rpt
###############################################################
Path 1: VIOLATED Late External Delay Assertion 
Endpoint:   read_data[19] (v) checked with  leading edge of 'clk'
Beginpoint: cs            (v) triggered by  leading edge of 'clk'
Path Groups: {clk}
Analysis View: view_tc
Other End Arrival Time          0.000
- External Delay              300.000
+ Phase Shift                 573.000
= Required Time               273.000
- Arrival Time                273.700
= Slack Time                   -0.700
     Clock Rise Edge                      0.000
     + Input Delay                        1.000
     = Beginpoint Arrival Time            1.000
     +---------------------------------------------------------------------------------------+ 
     |   Instance   |       Arc       |          Cell          |  Delay | Arrival | Required | 
     |              |                 |                        |        |  Time   |   Time   | 
     |--------------+-----------------+------------------------+--------+---------+----------| 
     |              | cs v            |                        |        |   1.000 |    0.300 | 
     | g7669        | A v -> Y ^      | INVx2_ASAP7_75t_SL     |  3.700 |   4.700 |    4.000 | 
     | FE_RC_20_0   | A ^ -> Y ^      | OR3x4_ASAP7_75t_SL     | 13.900 |  18.600 |   17.900 | 
     | g18430__5795 | A ^ -> Y ^      | OR3x1_ASAP7_75t_SL     | 19.100 |  37.700 |   37.000 | 
     | g18423__7114 | B ^ -> Y v      | NOR2x1_ASAP7_75t_SL    | 12.800 |  50.500 |   49.800 | 
     | g18422       | A v -> Y ^      | INVx1_ASAP7_75t_SL     | 11.700 |  62.200 |   61.500 | 
     | g18403__8780 | B ^ -> Y v      | NOR2x1p5_ASAP7_75t_SL  | 23.600 |  85.800 |   85.100 | 
     | g18105__8757 | C2 v -> Y v     | AO222x2_ASAP7_75t_SL   | 43.100 | 128.900 |  128.200 | 
     | g18020__7118 | C v -> Y ^      | AOI221xp5_ASAP7_75t_SL | 45.700 | 174.600 |  173.900 | 
     | g17944__6083 | D ^ -> Y ^      | AND5x1_ASAP7_75t_SL    | 37.300 | 211.900 |  211.200 | 
     | g17901__9682 | A ^ -> Y v      | NAND5xp2_ASAP7_75t_SL  | 54.600 | 266.500 |  265.800 | 
     |              | read_data[19] v |                        |  7.200 | 273.700 |  273.000 | 
     +---------------------------------------------------------------------------------------+ 

