###############################################################
#  Generated by:      Cadence Innovus 21.13-s100_1
#  OS:                Linux x86_64(Host ID ic21)
#  Generated on:      Sun Mar  9 19:05:28 2025
#  Design:            sha256
#  Command:           report_timing > ../timing_0.8_900.rpt
###############################################################
Path 1: MET Setup Check with Pin core_a_reg_reg[25]/CLK 
Endpoint:   core_a_reg_reg[25]/D     (^) checked with  leading edge of 'clk'
Beginpoint: core_t_ctr_reg_reg[5]/QN (^) triggered by  leading edge of 'clk'
Path Groups: {clk}
Analysis View: view_tc
Other End Arrival Time          0.000
- Setup                        17.193
+ Phase Shift                 900.000
= Required Time               882.807
- Arrival Time                826.300
= Slack Time                   56.507
     Clock Rise Edge                 0.000
     + Clock Network Latency (Ideal) 0.000
     = Beginpoint Arrival Time       0.000
     +---------------------------------------------------------------------------------------------------------------------------+ 
     |                    Instance                     |      Arc      |           Cell           |  Delay  | Arrival | Required | 
     |                                                 |               |                          |         |  Time   |   Time   | 
     |-------------------------------------------------+---------------+--------------------------+---------+---------+----------| 
     | core_t_ctr_reg_reg[5]                           | CLK ^         |                          |         |   0.000 |   56.507 | 
     | core_t_ctr_reg_reg[5]                           | CLK ^ -> QN ^ | DFFASRHQNx1_ASAP7_75t_SL |  76.400 |  76.400 |  132.907 | 
     | g657                                            | A ^ -> Y v    | INVx1_ASAP7_75t_SL       |  59.000 | 135.400 |  191.907 | 
     | g68527                                          | B v -> Y v    | AND2x2_ASAP7_75t_SL      |  57.800 | 193.200 |  249.707 | 
     | core_g67418                                     | B v -> Y v    | AND2x2_ASAP7_75t_SL      |  33.500 | 226.700 |  283.207 | 
     | core_g49588_dup68961                            | B v -> Y v    | AND2x2_ASAP7_75t_SL      |  30.400 | 257.100 |  313.607 | 
     | FE_OFC102_n_5211                                | A v -> Y v    | HB1xp67_ASAP7_75t_L      | 112.300 | 369.400 |  425.907 | 
     | core_g67410                                     | B2 v -> Y ^   | AOI22xp5_ASAP7_75t_SL    |  58.000 | 427.400 |  483.907 | 
     | g1281                                           | A ^ -> Y ^    | AND5x1_ASAP7_75t_SL      |  24.800 | 452.200 |  508.707 | 
     | g1280                                           | B ^ -> Y v    | OAI21xp5_ASAP7_75t_SL    |   8.000 | 460.200 |  516.707 | 
     | g68328                                          | B v -> Y ^    | AOI21xp5_ASAP7_75t_SL    |  30.600 | 490.800 |  547.307 | 
     | g1277                                           | B ^ -> Y ^    | XNOR2xp5_ASAP7_75t_SL    |  22.100 | 512.900 |  569.407 | 
     | core_csa_tree_add_337_39_g6472                  | A ^ -> Y ^    | XOR2xp5_ASAP7_75t_SL     |  33.900 | 546.800 |  603.307 | 
     | core_csa_tree_add_422_23_groupi_g5892           | A ^ -> Y v    | XOR2xp5_ASAP7_75t_SL     |  12.200 | 559.000 |  615.507 | 
     | core_csa_tree_add_422_23_groupi_g67865          | B v -> Y v    | OR2x2_ASAP7_75t_SL       |  19.400 | 578.400 |  634.907 | 
     | core_csa_tree_add_422_23_groupi_g67659_dup68826 | A2 v -> Y ^   | AOI21xp5_ASAP7_75t_SL    |  18.100 | 596.500 |  653.007 | 
     | core_csa_tree_add_422_23_groupi_g67869          | A ^ -> Y ^    | MAJx2_ASAP7_75t_SL       |  21.200 | 617.700 |  674.207 | 
     | core_csa_tree_add_422_23_groupi_g67428          | A1 ^ -> Y v   | OAI21xp5_ASAP7_75t_SL    |  13.400 | 631.100 |  687.607 | 
     | core_csa_tree_add_422_23_groupi_g67448          | A1 v -> Y v   | AO21x1_ASAP7_75t_SL      |  20.400 | 651.500 |  708.007 | 
     | core_csa_tree_add_422_23_groupi_g67451          | A2 v -> Y v   | AO21x1_ASAP7_75t_SL      |  20.800 | 672.300 |  728.807 | 
     | g68244                                          | B v -> Y v    | AND2x2_ASAP7_75t_SL      |  16.600 | 688.900 |  745.407 | 
     | g68242                                          | A2 v -> Y ^   | AOI22xp5_ASAP7_75t_SL    |  10.600 | 699.500 |  756.007 | 
     | g96                                             | B ^ -> Y ^    | AND2x2_ASAP7_75t_SL      |  21.800 | 721.300 |  777.807 | 
     | core_csa_tree_add_422_23_groupi_g5726           | B ^ -> Y v    | NOR2xp33_ASAP7_75t_SL    |  21.200 | 742.500 |  799.007 | 
     | core_csa_tree_add_422_23_groupi_g67384          | A v -> Y ^    | NOR2xp33_ASAP7_75t_SL    |  37.200 | 779.700 |  836.207 | 
     | core_csa_tree_add_422_23_groupi_g5699           | A1 ^ -> Y v   | OAI21xp5_ASAP7_75t_SL    |  16.300 | 796.000 |  852.507 | 
     | core_csa_tree_add_422_23_groupi_g5691           | A v -> Y v    | XNOR2xp5_ASAP7_75t_SL    |  20.000 | 816.000 |  872.507 | 
     | core_g63499                                     | A1 v -> Y ^   | AOI21xp5_ASAP7_75t_SL    |  10.200 | 826.200 |  882.707 | 
     | core_a_reg_reg[25]                              | D ^           | DFFASRHQNx1_ASAP7_75t_SL |   0.100 | 826.300 |  882.807 | 
     +---------------------------------------------------------------------------------------------------------------------------+ 

