###############################################################
#  Generated by:      Cadence Innovus 21.13-s100_1
#  OS:                Linux x86_64(Host ID ic22)
#  Generated on:      Fri Mar  7 00:25:55 2025
#  Design:            sha256
#  Command:           report_timing > ../timing_0.7_600.rpt
###############################################################
Path 1: MET Late External Delay Assertion 
Endpoint:   read_data[8] (v) checked with  leading edge of 'clk'
Beginpoint: cs           (v) triggered by  leading edge of 'clk'
Path Groups: {clk}
Analysis View: view_tc
Other End Arrival Time          0.000
- External Delay              300.000
+ Phase Shift                 600.000
= Required Time               300.000
- Arrival Time                291.300
= Slack Time                    8.700
     Clock Rise Edge                      0.000
     + Input Delay                        1.000
     = Beginpoint Arrival Time            1.000
     +--------------------------------------------------------------------------------------+ 
     |   Instance   |      Arc       |          Cell          |  Delay | Arrival | Required | 
     |              |                |                        |        |  Time   |   Time   | 
     |--------------+----------------+------------------------+--------+---------+----------| 
     |              | cs v           |                        |        |   1.000 |    9.700 | 
     | g7669        | A v -> Y ^     | INVx1_ASAP7_75t_SL     |  5.100 |   6.100 |   14.800 | 
     | FE_RC_50_0   | A ^ -> Y ^     | OR3x2_ASAP7_75t_SL     | 14.400 |  20.500 |   29.200 | 
     | g18430__5795 | A ^ -> Y ^     | OR3x1_ASAP7_75t_SL     | 20.000 |  40.500 |   49.200 | 
     | g18429       | A ^ -> Y v     | INVx1_ASAP7_75t_SL     |  7.000 |  47.500 |   56.200 | 
     | FE_RC_46_0   | B v -> Y v     | AND2x4_ASAP7_75t_SL    | 15.400 |  62.900 |   71.600 | 
     | g18417__8757 | B v -> Y v     | AND2x4_ASAP7_75t_SL    | 21.600 |  84.500 |   93.200 | 
     | g18104__7118 | A2 v -> Y v    | AO222x2_ASAP7_75t_SL   | 48.200 | 132.700 |  141.400 | 
     | g18019__7675 | C v -> Y ^     | AOI221xp5_ASAP7_75t_SL | 48.700 | 181.400 |  190.100 | 
     | g17943__2250 | D ^ -> Y ^     | AND5x1_ASAP7_75t_SL    | 38.100 | 219.500 |  228.200 | 
     | g17902__2683 | A ^ -> Y v     | NAND5xp2_ASAP7_75t_SL  | 61.900 | 281.400 |  290.100 | 
     |              | read_data[8] v |                        |  9.900 | 291.300 |  300.000 | 
     +--------------------------------------------------------------------------------------+ 

