###############################################################
#  Generated by:      Cadence Innovus 21.13-s100_1
#  OS:                Linux x86_64(Host ID ic21)
#  Generated on:      Sun Mar  9 17:46:59 2025
#  Design:            sha256
#  Command:           report_timing > ../timing_0.2_900.rpt
###############################################################
Path 1: MET Setup Check with Pin core_a_reg_reg[26]/CLK 
Endpoint:   core_a_reg_reg[26]/D     (^) checked with  leading edge of 'clk'
Beginpoint: core_t_ctr_reg_reg[4]/QN (^) triggered by  leading edge of 'clk'
Path Groups: {clk}
Analysis View: view_tc
Other End Arrival Time          0.000
- Setup                        16.947
+ Phase Shift                 900.000
= Required Time               883.053
- Arrival Time                760.700
= Slack Time                  122.353
     Clock Rise Edge                 0.000
     + Clock Network Latency (Ideal) 0.000
     = Beginpoint Arrival Time       0.000
     +--------------------------------------------------------------------------------------------------------------------------+ 
     |                    Instance                     |      Arc      |           Cell           |  Delay | Arrival | Required | 
     |                                                 |               |                          |        |  Time   |   Time   | 
     |-------------------------------------------------+---------------+--------------------------+--------+---------+----------| 
     | core_t_ctr_reg_reg[4]                           | CLK ^         |                          |        |   0.000 |  122.353 | 
     | core_t_ctr_reg_reg[4]                           | CLK ^ -> QN ^ | DFFASRHQNx1_ASAP7_75t_SL | 84.500 |  84.500 |  206.853 | 
     | g664                                            | A ^ -> Y v    | INVx1_ASAP7_75t_SL       | 55.900 | 140.400 |  262.753 | 
     | g68527                                          | A v -> Y v    | AND2x2_ASAP7_75t_SL      | 49.700 | 190.100 |  312.453 | 
     | core_g67418                                     | B v -> Y v    | AND2x2_ASAP7_75t_SL      | 41.000 | 231.100 |  353.453 | 
     | core_g49588_dup68961                            | B v -> Y v    | AND2x2_ASAP7_75t_SL      | 33.000 | 264.100 |  386.453 | 
     | core_g67410                                     | B2 v -> Y ^   | AOI22xp5_ASAP7_75t_SL    | 86.700 | 350.800 |  473.153 | 
     | g1281                                           | A ^ -> Y ^    | AND5x1_ASAP7_75t_SL      | 25.800 | 376.600 |  498.953 | 
     | g1280                                           | B ^ -> Y v    | OAI21xp5_ASAP7_75t_SL    |  8.700 | 385.300 |  507.653 | 
     | g68328                                          | B v -> Y ^    | AOI21xp5_ASAP7_75t_SL    | 31.800 | 417.100 |  539.453 | 
     | g1277                                           | B ^ -> Y ^    | XNOR2xp5_ASAP7_75t_SL    | 23.300 | 440.400 |  562.753 | 
     | core_csa_tree_add_337_39_g6472                  | A ^ -> Y ^    | XOR2xp5_ASAP7_75t_SL     | 34.000 | 474.400 |  596.753 | 
     | core_csa_tree_add_422_23_groupi_g5892           | A ^ -> Y v    | XOR2xp5_ASAP7_75t_SL     | 12.800 | 487.200 |  609.553 | 
     | core_csa_tree_add_422_23_groupi_g67865          | B v -> Y v    | OR2x2_ASAP7_75t_SL       | 19.700 | 506.900 |  629.253 | 
     | core_csa_tree_add_422_23_groupi_g67659_dup68826 | A2 v -> Y ^   | AOI21xp5_ASAP7_75t_SL    | 17.900 | 524.800 |  647.153 | 
     | core_csa_tree_add_422_23_groupi_g67869          | A ^ -> Y ^    | MAJx2_ASAP7_75t_SL       | 20.900 | 545.700 |  668.053 | 
     | core_csa_tree_add_422_23_groupi_g5748_dup       | A1 ^ -> Y v   | OAI21xp5_ASAP7_75t_SL    | 14.000 | 559.700 |  682.053 | 
     | core_csa_tree_add_422_23_groupi_g67448          | A1 v -> Y v   | AO21x1_ASAP7_75t_SL      | 21.300 | 581.000 |  703.353 | 
     | core_csa_tree_add_422_23_groupi_g5741_dup       | A2 v -> Y v   | AO21x1_ASAP7_75t_SL      | 20.700 | 601.700 |  724.053 | 
     | g68244                                          | B v -> Y v    | AND2x2_ASAP7_75t_SL      | 16.200 | 617.900 |  740.253 | 
     | g68242                                          | A2 v -> Y ^   | AOI22xp5_ASAP7_75t_SL    | 11.000 | 628.900 |  751.253 | 
     | g96                                             | B ^ -> Y ^    | AND2x2_ASAP7_75t_SL      | 22.100 | 651.000 |  773.353 | 
     | core_csa_tree_add_422_23_groupi_g5726           | B ^ -> Y v    | NOR2xp33_ASAP7_75t_SL    | 23.600 | 674.600 |  796.953 | 
     | core_csa_tree_add_422_23_groupi_g67384          | A v -> Y ^    | NOR2xp33_ASAP7_75t_SL    | 37.700 | 712.300 |  834.653 | 
     | core_csa_tree_add_422_23_groupi_g5698           | A1 ^ -> Y v   | OAI21xp5_ASAP7_75t_SL    | 16.800 | 729.100 |  851.453 | 
     | core_csa_tree_add_422_23_groupi_g5690           | A v -> Y v    | XNOR2xp5_ASAP7_75t_SL    | 21.600 | 750.700 |  873.053 | 
     | core_g64207                                     | A1 v -> Y ^   | AOI21xp5_ASAP7_75t_SL    | 10.000 | 760.700 |  883.053 | 
     | core_a_reg_reg[26]                              | D ^           | DFFASRHQNx1_ASAP7_75t_SL |  0.000 | 760.700 |  883.053 | 
     +--------------------------------------------------------------------------------------------------------------------------+ 

