###############################################################
#  Generated by:      Cadence Innovus 21.13-s100_1
#  OS:                Linux x86_64(Host ID ic21)
#  Generated on:      Mon Mar 10 03:03:09 2025
#  Design:            sha256
#  Command:           report_timing > ../timing_0.6_576.rpt
###############################################################
Path 1: VIOLATED Late External Delay Assertion 
Endpoint:   read_data[20] (v) checked with  leading edge of 'clk'
Beginpoint: cs            (v) triggered by  leading edge of 'clk'
Path Groups: {clk}
Analysis View: view_tc
Other End Arrival Time          0.000
- External Delay              300.000
+ Phase Shift                 576.000
= Required Time               276.000
- Arrival Time                293.400
= Slack Time                  -17.400
     Clock Rise Edge                      0.000
     + Input Delay                        1.000
     = Beginpoint Arrival Time            1.000
     +--------------------------------------------------------------------------------------+ 
     |   Instance   |       Arc       |         Cell          |  Delay | Arrival | Required | 
     |              |                 |                       |        |  Time   |   Time   | 
     |--------------+-----------------+-----------------------+--------+---------+----------| 
     |              | cs v            |                       |        |   1.000 |  -16.400 | 
     | g7669        | A v -> Y ^      | INVx1_ASAP7_75t_SL    |  4.900 |   5.900 |  -11.500 | 
     | FE_RC_23_0   | A ^ -> Y ^      | OR3x2_ASAP7_75t_SL    | 14.400 |  20.300 |    2.900 | 
     | g18430__5795 | A ^ -> Y ^      | OR3x1_ASAP7_75t_SL    | 19.600 |  39.900 |   22.500 | 
     | g18429       | A ^ -> Y v      | INVx1_ASAP7_75t_SL    |  5.600 |  45.500 |   28.100 | 
     | g18425__2250 | A v -> Y v      | AND3x2_ASAP7_75t_SL   | 16.800 |  62.300 |   44.900 | 
     | g18415__7675 | B v -> Y v      | AND2x4_ASAP7_75t_SL   | 20.800 |  83.100 |   65.700 | 
     | g18355__7675 | A1 v -> Y ^     | AOI22xp5_ASAP7_75t_SL | 73.800 | 156.900 |  139.500 | 
     | g18074__2391 | A ^ -> Y v      | NAND2xp5_ASAP7_75t_SL | 22.200 | 179.100 |  161.700 | 
     | g18038__3772 | B v -> Y ^      | AOI21xp5_ASAP7_75t_SL | 20.700 | 199.800 |  182.400 | 
     | g17940__5703 | C ^ -> Y ^      | AND5x1_ASAP7_75t_SL   | 27.600 | 227.400 |  210.000 | 
     | g17913__7114 | A ^ -> Y v      | NAND5xp2_ASAP7_75t_SL | 57.600 | 285.000 |  267.600 | 
     |              | read_data[20] v |                       |  8.400 | 293.400 |  276.000 | 
     +--------------------------------------------------------------------------------------+ 

