###############################################################
#  Generated by:      Cadence Innovus 21.13-s100_1
#  OS:                Linux x86_64(Host ID ic21)
#  Generated on:      Mon Mar 10 16:02:41 2025
#  Design:            sha256
#  Command:           report_timing > ../timing_0.7_579.rpt
###############################################################
Path 1: VIOLATED Late External Delay Assertion 
Endpoint:   read_data[25] (v) checked with  leading edge of 'clk'
Beginpoint: cs            (v) triggered by  leading edge of 'clk'
Path Groups: {clk}
Analysis View: view_tc
Other End Arrival Time          0.000
- External Delay              300.000
+ Phase Shift                 579.000
= Required Time               279.000
- Arrival Time                283.700
= Slack Time                   -4.700
     Clock Rise Edge                      0.000
     + Input Delay                        1.000
     = Beginpoint Arrival Time            1.000
     +---------------------------------------------------------------------------------------+ 
     |   Instance   |       Arc       |          Cell          |  Delay | Arrival | Required | 
     |              |                 |                        |        |  Time   |   Time   | 
     |--------------+-----------------+------------------------+--------+---------+----------| 
     |              | cs v            |                        |        |   1.000 |   -3.700 | 
     | g7669        | A v -> Y ^      | INVx1_ASAP7_75t_SL     |  5.000 |   6.000 |    1.300 | 
     | FE_RC_40_0   | A ^ -> Y ^      | OR3x2_ASAP7_75t_SL     | 14.200 |  20.200 |   15.500 | 
     | FE_RC_43_0   | A ^ -> Y ^      | OR3x2_ASAP7_75t_SL     | 22.700 |  42.900 |   38.200 | 
     | g18421__5703 | B ^ -> Y ^      | OR2x6_ASAP7_75t_SL     | 19.800 |  62.700 |   58.000 | 
     | g18402__9906 | B ^ -> Y v      | NOR2x1_ASAP7_75t_SL    | 16.000 |  78.700 |   74.000 | 
     | g18379__9682 | B v -> Y v      | AND2x4_ASAP7_75t_SL    | 19.900 |  98.600 |   93.900 | 
     | g18125__9682 | B2 v -> Y ^     | AOI22xp5_ASAP7_75t_SL  | 97.200 | 195.800 |  191.100 | 
     | g17934__2391 | D ^ -> Y ^      | AND5x1_ASAP7_75t_SL    | 28.900 | 224.700 |  220.000 | 
     | FE_RC_55_0   | A ^ -> Y v      | NAND4xp25_ASAP7_75t_SL | 48.900 | 273.600 |  268.900 | 
     |              | read_data[25] v |                        | 10.100 | 283.700 |  279.000 | 
     +---------------------------------------------------------------------------------------+ 

