###############################################################
#  Generated by:      Cadence Innovus 21.13-s100_1
#  OS:                Linux x86_64(Host ID ic21)
#  Generated on:      Tue Mar  4 22:02:39 2025
#  Design:            sha256
#  Command:           report_timing > ../timing_0.5_200.rpt
###############################################################
Path 1: VIOLATED Late External Delay Assertion 
Endpoint:   read_data[22] (^) checked with  leading edge of 'clk'
Beginpoint: we            (v) triggered by  leading edge of 'clk'
Path Groups: {clk}
Analysis View: view_tc
Other End Arrival Time          0.000
- External Delay              300.000
+ Phase Shift                 200.000
= Required Time               -100.000
- Arrival Time                183.200
= Slack Time                  -283.200
     Clock Rise Edge                      0.000
     + Input Delay                        1.000
     = Beginpoint Arrival Time            1.000
     +--------------------------------------------------------------------------------------------+ 
     |     Instance      |       Arc       |          Cell          |  Delay | Arrival | Required | 
     |                   |                 |                        |        |  Time   |   Time   | 
     |-------------------+-----------------+------------------------+--------+---------+----------| 
     |                   | we v            |                        |        |   1.000 | -282.200 | 
     | FE_RC_549_0       | A v -> Y ^      | NOR2x1p5_ASAP7_75t_SL  |  8.400 |   9.400 | -273.800 | 
     | FE_RC_548_0       | A ^ -> Y v      | NAND4xp75_ASAP7_75t_SL | 15.800 |  25.200 | -258.000 | 
     | FE_OCPC1227_n_830 | A v -> Y ^      | INVx6_ASAP7_75t_SL     |  8.500 |  33.700 | -249.500 | 
     | g18425__2250_dup4 | A ^ -> Y ^      | AND3x2_ASAP7_75t_SL    | 35.700 |  69.400 | -213.800 | 
     | FE_RC_1067_0      | A ^ -> Y ^      | AND2x6_ASAP7_75t_SL    | 23.500 |  92.900 | -190.300 | 
     | FE_RC_2016_0      | B1 ^ -> Y v     | AOI22x1_ASAP7_75t_SL   | 16.600 | 109.500 | -173.700 | 
     | FE_RC_2015_0      | A v -> Y ^      | NAND2x2_ASAP7_75t_SL   | 18.600 | 128.100 | -155.100 | 
     | g18032__1840      | B ^ -> Y v      | AOI21x1_ASAP7_75t_SL   | 14.000 | 142.100 | -141.100 | 
     | FE_RC_2334_0      | A v -> Y v      | AND5x1_ASAP7_75t_SL    | 19.600 | 161.700 | -121.500 | 
     | FE_RC_695_0       | B v -> Y ^      | NAND4xp75_ASAP7_75t_SL | 15.400 | 177.100 | -106.100 | 
     |                   | read_data[22] ^ |                        |  6.100 | 183.200 | -100.000 | 
     +--------------------------------------------------------------------------------------------+ 

