###############################################################
#  Generated by:      Cadence Innovus 21.13-s100_1
#  OS:                Linux x86_64(Host ID ic21)
#  Generated on:      Tue Mar  4 22:05:55 2025
#  Design:            sha256
#  Command:           report_timing > ../timing_0.6_1100.rpt
###############################################################
Path 1: MET Setup Check with Pin core_a_reg_reg[25]/CLK 
Endpoint:   core_a_reg_reg[25]/D     (^) checked with  leading edge of 'clk'
Beginpoint: core_t_ctr_reg_reg[4]/QN (^) triggered by  leading edge of 'clk'
Path Groups: {clk}
Analysis View: view_tc
Other End Arrival Time          0.000
- Setup                        16.923
+ Phase Shift                 1100.000
= Required Time               1083.077
- Arrival Time                850.700
= Slack Time                  232.377
     Clock Rise Edge                 0.000
     + Clock Network Latency (Ideal) 0.000
     = Beginpoint Arrival Time       0.000
     +---------------------------------------------------------------------------------------------------------------------------+ 
     |                    Instance                     |      Arc      |           Cell           |  Delay  | Arrival | Required | 
     |                                                 |               |                          |         |  Time   |   Time   | 
     |-------------------------------------------------+---------------+--------------------------+---------+---------+----------| 
     | core_t_ctr_reg_reg[4]                           | CLK ^         |                          |         |   0.000 |  232.377 | 
     | core_t_ctr_reg_reg[4]                           | CLK ^ -> QN ^ | DFFASRHQNx1_ASAP7_75t_SL |  85.500 |  85.500 |  317.877 | 
     | g664                                            | A ^ -> Y v    | INVx1_ASAP7_75t_SL       |  54.100 | 139.600 |  371.977 | 
     | g68527                                          | A v -> Y v    | AND2x2_ASAP7_75t_SL      |  51.800 | 191.400 |  423.777 | 
     | core_g67396                                     | B v -> Y v    | AND2x2_ASAP7_75t_SL      |  40.900 | 232.300 |  464.677 | 
     | core_g49583                                     | B v -> Y v    | AND2x2_ASAP7_75t_SL      |  27.600 | 259.900 |  492.277 | 
     | FE_OFC108_core_n_48322                          | A v -> Y v    | HB1xp67_ASAP7_75t_L      | 117.600 | 377.500 |  609.877 | 
     | g1294                                           | A2 v -> Y ^   | AOI22xp5_ASAP7_75t_SL    |  42.300 | 419.800 |  652.177 | 
     | g1283                                           | A ^ -> Y ^    | AND4x1_ASAP7_75t_SL      |  25.200 | 445.000 |  677.377 | 
     | g1281                                           | D ^ -> Y ^    | AND5x1_ASAP7_75t_SL      |  26.200 | 471.200 |  703.577 | 
     | g1280                                           | B ^ -> Y v    | OAI21xp5_ASAP7_75t_SL    |  10.200 | 481.400 |  713.777 | 
     | g68328                                          | B v -> Y ^    | AOI21xp5_ASAP7_75t_SL    |  29.700 | 511.100 |  743.477 | 
     | g1277                                           | B ^ -> Y ^    | XNOR2xp5_ASAP7_75t_SL    |  22.000 | 533.100 |  765.477 | 
     | core_csa_tree_add_337_39_g6472                  | A ^ -> Y ^    | XOR2xp5_ASAP7_75t_SL     |  34.500 | 567.600 |  799.977 | 
     | core_csa_tree_add_422_23_groupi_g5892           | A ^ -> Y v    | XOR2xp5_ASAP7_75t_SL     |  12.400 | 580.000 |  812.377 | 
     | core_csa_tree_add_422_23_groupi_g67865          | B v -> Y v    | OR2x2_ASAP7_75t_SL       |  19.400 | 599.400 |  831.777 | 
     | core_csa_tree_add_422_23_groupi_g67659_dup68826 | A2 v -> Y ^   | AOI21xp5_ASAP7_75t_SL    |  17.900 | 617.300 |  849.677 | 
     | core_csa_tree_add_422_23_groupi_g67869          | A ^ -> Y ^    | MAJx2_ASAP7_75t_SL       |  20.900 | 638.200 |  870.577 | 
     | core_csa_tree_add_422_23_groupi_g5748_dup       | A1 ^ -> Y v   | OAI21xp5_ASAP7_75t_SL    |  13.500 | 651.700 |  884.077 | 
     | core_csa_tree_add_422_23_groupi_g67448          | A1 v -> Y v   | AO21x1_ASAP7_75t_SL      |  20.700 | 672.400 |  904.777 | 
     | core_csa_tree_add_422_23_groupi_g5741_dup       | A2 v -> Y v   | AO21x1_ASAP7_75t_SL      |  20.700 | 693.100 |  925.477 | 
     | g68244                                          | B v -> Y v    | AND2x2_ASAP7_75t_SL      |  16.500 | 709.600 |  941.977 | 
     | g68242                                          | A2 v -> Y ^   | AOI22xp5_ASAP7_75t_SL    |  10.500 | 720.100 |  952.477 | 
     | g96                                             | B ^ -> Y ^    | AND2x2_ASAP7_75t_SL      |  21.700 | 741.800 |  974.177 | 
     | core_csa_tree_add_422_23_groupi_g5726           | B ^ -> Y v    | NOR2xp33_ASAP7_75t_SL    |  23.900 | 765.700 |  998.077 | 
     | core_csa_tree_add_422_23_groupi_g67384          | A v -> Y ^    | NOR2xp33_ASAP7_75t_SL    |  38.100 | 803.800 | 1036.177 | 
     | core_csa_tree_add_422_23_groupi_g5699           | A1 ^ -> Y v   | OAI21xp5_ASAP7_75t_SL    |  16.100 | 819.900 | 1052.277 | 
     | core_csa_tree_add_422_23_groupi_g5691           | A v -> Y v    | XNOR2xp5_ASAP7_75t_SL    |  20.000 | 839.900 | 1072.277 | 
     | core_g63499                                     | A1 v -> Y ^   | AOI21xp5_ASAP7_75t_SL    |  10.700 | 850.600 | 1082.977 | 
     | core_a_reg_reg[25]                              | D ^           | DFFASRHQNx1_ASAP7_75t_SL |   0.100 | 850.700 | 1083.077 | 
     +---------------------------------------------------------------------------------------------------------------------------+ 

