###############################################################
#  Generated by:      Cadence Innovus 21.13-s100_1
#  OS:                Linux x86_64(Host ID ic21)
#  Generated on:      Mon Mar 10 15:29:24 2025
#  Design:            sha256
#  Command:           report_timing > ../timing_0.7_570.rpt
###############################################################
Path 1: MET Late External Delay Assertion 
Endpoint:   read_data[19] (v) checked with  leading edge of 'clk'
Beginpoint: cs            (v) triggered by  leading edge of 'clk'
Path Groups: {clk}
Analysis View: view_tc
Other End Arrival Time          0.000
- External Delay              300.000
+ Phase Shift                 570.000
= Required Time               270.000
- Arrival Time                269.200
= Slack Time                    0.800
     Clock Rise Edge                      0.000
     + Input Delay                        1.000
     = Beginpoint Arrival Time            1.000
     +-----------------------------------------------------------------------------------------+ 
     |    Instance     |       Arc       |         Cell          |  Delay | Arrival | Required | 
     |                 |                 |                       |        |  Time   |   Time   | 
     |-----------------+-----------------+-----------------------+--------+---------+----------| 
     |                 | cs v            |                       |        |   1.000 |    1.800 | 
     | g7669           | A v -> Y ^      | INVx2_ASAP7_75t_SL    |  3.800 |   4.800 |    5.600 | 
     | FE_RC_23_0      | A ^ -> Y ^      | OR3x2_ASAP7_75t_SL    | 13.800 |  18.600 |   19.400 | 
     | g18430__5795    | A ^ -> Y ^      | OR3x1_ASAP7_75t_SL    | 20.700 |  39.300 |   40.100 | 
     | g18429          | A ^ -> Y v      | INVx1_ASAP7_75t_SL    |  5.600 |  44.900 |   45.700 | 
     | g18425__2250    | A v -> Y v      | AND3x2_ASAP7_75t_SL   | 16.000 |  60.900 |   61.700 | 
     | g18417__8757    | B v -> Y v      | AND2x6_ASAP7_75t_SL   | 23.800 |  84.700 |   85.500 | 
     | FE_OFC146_n_843 | A v -> Y v      | BUFx4f_ASAP7_75t_SL   | 35.300 | 120.000 |  120.800 | 
     | g18105__8757    | A2 v -> Y v     | AO222x2_ASAP7_75t_SL  | 29.100 | 149.100 |  149.900 | 
     | g18020__7118    | C v -> Y ^      | AOI221x1_ASAP7_75t_SL | 25.600 | 174.700 |  175.500 | 
     | g17944__6083    | D ^ -> Y ^      | AND5x1_ASAP7_75t_SL   | 35.600 | 210.300 |  211.100 | 
     | g17901__9682    | A ^ -> Y v      | NAND5xp2_ASAP7_75t_SL | 52.200 | 262.500 |  263.300 | 
     |                 | read_data[19] v |                       |  6.700 | 269.200 |  270.000 | 
     +-----------------------------------------------------------------------------------------+ 

