###############################################################
#  Generated by:      Cadence Innovus 21.13-s100_1
#  OS:                Linux x86_64(Host ID ic21)
#  Generated on:      Mon Mar 10 02:55:45 2025
#  Design:            sha256
#  Command:           report_timing > ../timing_0.6_574.rpt
###############################################################
Path 1: VIOLATED Late External Delay Assertion 
Endpoint:   read_data[26] (v) checked with  leading edge of 'clk'
Beginpoint: cs            (v) triggered by  leading edge of 'clk'
Path Groups: {clk}
Analysis View: view_tc
Other End Arrival Time          0.000
- External Delay              300.000
+ Phase Shift                 574.000
= Required Time               274.000
- Arrival Time                279.100
= Slack Time                   -5.100
     Clock Rise Edge                      0.000
     + Input Delay                        1.000
     = Beginpoint Arrival Time            1.000
     +-----------------------------------------------------------------------------------------+ 
     |    Instance     |       Arc       |         Cell          |  Delay | Arrival | Required | 
     |                 |                 |                       |        |  Time   |   Time   | 
     |-----------------+-----------------+-----------------------+--------+---------+----------| 
     |                 | cs v            |                       |        |   1.000 |   -4.100 | 
     | g7669           | A v -> Y ^      | INVx2_ASAP7_75t_SL    |  3.700 |   4.700 |   -0.400 | 
     | FE_RC_18_0      | A ^ -> Y ^      | OR3x4_ASAP7_75t_SL    | 14.200 |  18.900 |   13.800 | 
     | g18430__5795    | A ^ -> Y ^      | OR3x1_ASAP7_75t_SL    | 18.800 |  37.700 |   32.600 | 
     | g18429          | A ^ -> Y v      | INVx1_ASAP7_75t_SL    |  7.000 |  44.700 |   39.600 | 
     | g18425__2250    | A v -> Y v      | AND3x4_ASAP7_75t_SL   | 19.100 |  63.800 |   58.700 | 
     | g18417__8757    | B v -> Y v      | AND2x4_ASAP7_75t_SL   | 22.000 |  85.800 |   80.700 | 
     | FE_OFC138_n_843 | A v -> Y v      | BUFx6f_ASAP7_75t_SL   | 28.600 | 114.400 |  109.300 | 
     | g18336__6083    | B1 v -> Y ^     | AOI22xp5_ASAP7_75t_SL | 20.800 | 135.200 |  130.100 | 
     | g18076__7118    | A ^ -> Y v      | NAND2xp5_ASAP7_75t_SL | 22.200 | 157.400 |  152.300 | 
     | g18039__1474    | B v -> Y ^      | AOI21xp5_ASAP7_75t_SL | 21.200 | 178.600 |  173.500 | 
     | g17941__7114    | C ^ -> Y ^      | AND5x1_ASAP7_75t_SL   | 27.000 | 205.600 |  200.500 | 
     | g17914__5266    | A ^ -> Y v      | NAND5xp2_ASAP7_75t_SL | 64.800 | 270.400 |  265.300 | 
     |                 | read_data[26] v |                       |  8.700 | 279.100 |  274.000 | 
     +-----------------------------------------------------------------------------------------+ 

