###############################################################
#  Generated by:      Cadence Innovus 21.13-s100_1
#  OS:                Linux x86_64(Host ID ic21)
#  Generated on:      Tue Mar 11 14:06:29 2025
#  Design:            sha256
#  Command:           report_timing > ../timing_0.6_495.rpt
###############################################################
Path 1: VIOLATED Late External Delay Assertion 
Endpoint:   read_data[18] (v) checked with  leading edge of 'clk'
Beginpoint: cs            (v) triggered by  leading edge of 'clk'
Path Groups: {clk}
Analysis View: view_tc
Other End Arrival Time          0.000
- External Delay              300.000
+ Phase Shift                 495.000
= Required Time               195.000
- Arrival Time                248.700
= Slack Time                  -53.700
     Clock Rise Edge                      0.000
     + Input Delay                        1.000
     = Beginpoint Arrival Time            1.000
     +------------------------------------------------------------------------------------------+ 
     |     Instance     |       Arc       |         Cell          |  Delay | Arrival | Required | 
     |                  |                 |                       |        |  Time   |   Time   | 
     |------------------+-----------------+-----------------------+--------+---------+----------| 
     |                  | cs v            |                       |        |   1.000 |  -52.700 | 
     | g7669            | A v -> Y ^      | INVx11_ASAP7_75t_SL   |  4.100 |   5.100 |  -48.600 | 
     | FE_RC_1146_0     | A ^ -> Y ^      | OR5x1_ASAP7_75t_SL    | 21.900 |  27.000 |  -26.700 | 
     | FE_RC_423_0      | B ^ -> Y ^      | OR2x6_ASAP7_75t_SL    | 21.000 |  48.000 |   -5.700 | 
     | g18401__1857     | B ^ -> Y v      | NOR2x2_ASAP7_75t_SL   | 13.100 |  61.100 |    7.400 | 
     | g18378__4547     | B v -> Y v      | AND2x6_ASAP7_75t_SL   | 27.600 |  88.700 |   35.000 | 
     | FE_OCPC364_n_881 | A v -> Y v      | BUFx6f_ASAP7_75t_SL   | 78.100 | 166.800 |  113.100 | 
     | g18285__5019     | B2 v -> Y ^     | AOI22xp5_ASAP7_75t_SL | 21.500 | 188.300 |  134.600 | 
     | FE_RC_495_0      | B ^ -> Y ^      | AND5x1_ASAP7_75t_SL   | 27.600 | 215.900 |  162.200 | 
     | FE_RC_792_0      | B ^ -> Y ^      | AND3x1_ASAP7_75t_SL   | 19.000 | 234.900 |  181.200 | 
     | FE_RC_492_0      | A ^ -> Y v      | INVx2_ASAP7_75t_SL    |  9.000 | 243.900 |  190.200 | 
     |                  | read_data[18] v |                       |  4.800 | 248.700 |  195.000 | 
     +------------------------------------------------------------------------------------------+ 

