###############################################################
#  Generated by:      Cadence Innovus 21.13-s100_1
#  OS:                Linux x86_64(Host ID ic21)
#  Generated on:      Mon Mar 10 19:24:44 2025
#  Design:            sha256
#  Command:           report_timing > ../timing_0.7_380.rpt
###############################################################
Path 1: VIOLATED Late External Delay Assertion 
Endpoint:   read_data[8] (v) checked with  leading edge of 'clk'
Beginpoint: we           (^) triggered by  leading edge of 'clk'
Path Groups: {clk}
Analysis View: view_tc
Other End Arrival Time          0.000
- External Delay              300.000
+ Phase Shift                 380.000
= Required Time                80.000
- Arrival Time                170.200
= Slack Time                  -90.200
     Clock Rise Edge                      0.000
     + Input Delay                        1.000
     = Beginpoint Arrival Time            1.000
     +--------------------------------------------------------------------------------------------+ 
     |      Instance       |      Arc       |         Cell          |  Delay | Arrival | Required | 
     |                     |                |                       |        |  Time   |   Time   | 
     |---------------------+----------------+-----------------------+--------+---------+----------| 
     |                     | we ^           |                       |        |   1.000 |  -89.200 | 
     | FE_RC_1933_0        | A ^ -> Y v     | NOR2x1p5_ASAP7_75t_SL |  9.900 |  10.900 |  -79.300 | 
     | FE_RC_1934_0        | A v -> Y ^     | INVx2_ASAP7_75t_SL    |  6.200 |  17.100 |  -73.100 | 
     | FE_RC_806_0         | A ^ -> Y v     | NOR4xp75_ASAP7_75t_SL |  6.100 |  23.200 |  -67.000 | 
     | FE_RC_126_0         | B v -> Y v     | AND2x4_ASAP7_75t_SL   | 17.900 |  41.100 |  -49.100 | 
     | g18415__7675_dup    | B v -> Y v     | AND2x6_ASAP7_75t_SL   | 26.400 |  67.500 |  -22.700 | 
     | FE_OFC212_n_845_dup | A v -> Y v     | BUFx12f_ASAP7_75t_SL  | 30.500 |  98.000 |    7.800 | 
     | FE_RC_1971_0        | B1 v -> Y ^    | AOI22x1_ASAP7_75t_SL  | 13.400 | 111.400 |   21.200 | 
     | FE_RC_1972_0        | A ^ -> Y v     | INVx2_ASAP7_75t_SL    |  7.000 | 118.400 |   28.200 | 
     | FE_RC_869_0         | B v -> Y ^     | NOR2x1p5_ASAP7_75t_SL | 13.000 | 131.400 |   41.200 | 
     | FE_RC_381_0         | B ^ -> Y ^     | AND4x1_ASAP7_75t_SL   | 26.500 | 157.900 |   67.700 | 
     | FE_RC_832_0         | A ^ -> Y v     | NAND3x1_ASAP7_75t_SL  | 10.800 | 168.700 |   78.500 | 
     |                     | read_data[8] v |                       |  1.500 | 170.200 |   80.000 | 
     +--------------------------------------------------------------------------------------------+ 

