###############################################################
#  Generated by:      Cadence Innovus 21.13-s100_1
#  OS:                Linux x86_64(Host ID ic21)
#  Generated on:      Mon Mar  3 23:19:12 2025
#  Design:            sha256
#  Command:           report_timing > ../timing_0.1_1000.rpt
###############################################################
Path 1: MET Setup Check with Pin core_a_reg_reg[31]/CLK 
Endpoint:   core_a_reg_reg[31]/D     (^) checked with  leading edge of 'clk'
Beginpoint: core_t_ctr_reg_reg[4]/QN (^) triggered by  leading edge of 'clk'
Path Groups: {clk}
Analysis View: view_tc
Other End Arrival Time          0.000
- Setup                        17.013
+ Phase Shift                 1000.000
= Required Time               982.987
- Arrival Time                773.600
= Slack Time                  209.387
     Clock Rise Edge                 0.000
     + Clock Network Latency (Ideal) 0.000
     = Beginpoint Arrival Time       0.000
     +---------------------------------------------------------------------------------------------------------------------+ 
     |                 Instance                  |      Arc      |           Cell           |  Delay  | Arrival | Required | 
     |                                           |               |                          |         |  Time   |   Time   | 
     |-------------------------------------------+---------------+--------------------------+---------+---------+----------| 
     | core_t_ctr_reg_reg[4]                     | CLK ^         |                          |         |  -0.000 |  209.387 | 
     | core_t_ctr_reg_reg[4]                     | CLK ^ -> QN ^ | DFFASRHQNx1_ASAP7_75t_SL |  85.000 |  85.000 |  294.387 | 
     | g664                                      | A ^ -> Y v    | INVx1_ASAP7_75t_SL       |  55.700 | 140.700 |  350.087 | 
     | g68527                                    | A v -> Y v    | AND2x2_ASAP7_75t_SL      |  55.300 | 196.000 |  405.387 | 
     | core_g49701                               | A v -> Y v    | AND2x2_ASAP7_75t_SL      |  37.800 | 233.800 |  443.187 | 
     | core_g49587                               | B v -> Y v    | AND2x2_ASAP7_75t_SL      |  36.500 | 270.300 |  479.687 | 
     | core_g49003                               | B1 v -> Y v   | AO222x2_ASAP7_75t_SL     | 128.600 | 398.900 |  608.287 | 
     | core_g48923                               | C v -> Y ^    | AOI221xp5_ASAP7_75t_SL   |  16.300 | 415.200 |  624.587 | 
     | core_g48845                               | A ^ -> Y v    | NAND5xp2_ASAP7_75t_SL    |  26.800 | 442.000 |  651.387 | 
     | g77                                       | B v -> Y v    | AO21x1_ASAP7_75t_SL      |  29.900 | 471.900 |  681.287 | 
     | core_csa_tree_add_337_39_g6540            | A v -> Y v    | XNOR2xp5_ASAP7_75t_SL    |  28.800 | 500.700 |  710.087 | 
     | core_csa_tree_add_337_39_g2               | A v -> Y v    | XNOR2xp5_ASAP7_75t_SL    |  30.300 | 531.000 |  740.387 | 
     | core_csa_tree_add_422_23_groupi_g6052     | A v -> Y v    | XNOR2xp5_ASAP7_75t_SL    |  23.800 | 554.800 |  764.187 | 
     | core_csa_tree_add_422_23_groupi_g6242     | B v -> Y v    | XNOR2xp5_ASAP7_75t_SL    |  19.700 | 574.500 |  783.887 | 
     | core_csa_tree_add_422_23_groupi_g67447    | B v -> Y v    | OR2x2_ASAP7_75t_SL       |  18.700 | 593.200 |  802.587 | 
     | core_csa_tree_add_422_23_groupi_g5741_dup | A1 v -> Y v   | AO21x1_ASAP7_75t_SL      |  20.600 | 613.800 |  823.187 | 
     | g68244                                    | B v -> Y v    | AND2x2_ASAP7_75t_SL      |  16.400 | 630.200 |  839.587 | 
     | g68242                                    | A2 v -> Y ^   | AOI22xp5_ASAP7_75t_SL    |  11.700 | 641.900 |  851.287 | 
     | g96                                       | B ^ -> Y ^    | AND2x2_ASAP7_75t_SL      |  22.300 | 664.200 |  873.587 | 
     | core_csa_tree_add_422_23_groupi_g5726     | B ^ -> Y v    | NOR2xp33_ASAP7_75t_SL    |  23.100 | 687.300 |  896.687 | 
     | core_csa_tree_add_422_23_groupi_g67384    | A v -> Y ^    | NOR2xp33_ASAP7_75t_SL    |  38.800 | 726.100 |  935.487 | 
     | core_csa_tree_add_422_23_groupi_g5709     | A1 ^ -> Y v   | OAI21xp5_ASAP7_75t_SL    |  16.900 | 743.000 |  952.387 | 
     | core_csa_tree_add_422_23_groupi_g5686     | A v -> Y v    | XNOR2xp5_ASAP7_75t_SL    |  20.100 | 763.100 |  972.487 | 
     | core_g63496                               | A1 v -> Y ^   | AOI21xp5_ASAP7_75t_SL    |  10.400 | 773.500 |  982.887 | 
     | core_a_reg_reg[31]                        | D ^           | DFFASRHQNx1_ASAP7_75t_SL |   0.100 | 773.600 |  982.987 | 
     +---------------------------------------------------------------------------------------------------------------------+ 

