###############################################################
#  Generated by:      Cadence Innovus 21.13-s100_1
#  OS:                Linux x86_64(Host ID ic21)
#  Generated on:      Mon Mar 10 22:37:49 2025
#  Design:            sha256
#  Command:           report_timing > ../timing_0.6_481.rpt
###############################################################
Path 1: VIOLATED Setup Check with Pin core_a_reg_reg[28]/CLK 
Endpoint:   core_a_reg_reg[28]/D                 (^) checked with  leading edge 
of 'clk'
Beginpoint: core_w_mem_inst_w_mem_reg[14][22]/QN (^) triggered by  leading edge 
of 'clk'
Path Groups: {clk}
Analysis View: view_tc
Other End Arrival Time          0.000
- Setup                        14.288
+ Phase Shift                 481.000
= Required Time               466.712
- Arrival Time                471.900
= Slack Time                   -5.188
     Clock Rise Edge                 0.000
     + Clock Network Latency (Ideal) -19.300
     = Beginpoint Arrival Time       -19.300
     +----------------------------------------------------------------------------------------------------------------------------+ 
     |                     Instance                      |      Arc      |           Cell           |  Delay | Arrival | Required | 
     |                                                   |               |                          |        |  Time   |   Time   | 
     |---------------------------------------------------+---------------+--------------------------+--------+---------+----------| 
     | core_w_mem_inst_w_mem_reg[14][22]                 | CLK ^         |                          |        | -19.300 |  -24.488 | 
     | core_w_mem_inst_w_mem_reg[14][22]                 | CLK ^ -> QN ^ | DFFASRHQNx1_ASAP7_75t_SL | 45.600 |  26.300 |   21.112 | 
     | FE_OCPC627_core_w_mem_inst_w_mem_14__22           | A ^ -> Y ^    | BUFx6f_ASAP7_75t_SL      | 15.500 |  41.800 |   36.612 | 
     | core_g2                                           | B ^ -> Y ^    | XNOR2x1_ASAP7_75t_SL     | 20.700 |  62.500 |   57.312 | 
     | core_g32813                                       | A ^ -> Y ^    | XOR2x1_ASAP7_75t_SL      | 22.700 |  85.200 |   80.012 | 
     | g67956                                            | A ^ -> Y ^    | XNOR2x1_ASAP7_75t_SL     | 19.800 | 105.000 |   99.812 | 
     | core_w_mem_inst_csa_tree_add_205_29_groupi_g68819 | B ^ -> Y ^    | XOR2xp5_ASAP7_75t_SL     | 19.000 | 124.000 |  118.812 | 
     | core_w_mem_inst_csa_tree_add_205_29_groupi_g67957 | A ^ -> Y ^    | OR2x2_ASAP7_75t_SL       | 22.200 | 146.200 |  141.012 | 
     | FE_RC_472_0_dup                                   | B ^ -> Y v    | OAI21x1_ASAP7_75t_SL     | 10.200 | 156.400 |  151.212 | 
     | FE_RC_85_0                                        | B v -> Y ^    | OAI21x1_ASAP7_75t_SL     |  7.900 | 164.300 |  159.112 | 
     | g68799                                            | B ^ -> Y ^    | AND3x1_ASAP7_75t_SL      | 18.500 | 182.800 |  177.612 | 
     | core_w_mem_inst_csa_tree_add_205_29_groupi_g5623  | A ^ -> Y ^    | OR2x6_ASAP7_75t_SL       | 16.800 | 199.600 |  194.412 | 
     | core_w_mem_inst_csa_tree_add_205_29_groupi_g67350 | A ^ -> Y v    | INVx5_ASAP7_75t_SL       |  7.600 | 207.200 |  202.012 | 
     | g68817_dup2                                       | A2 v -> Y ^   | OAI21x1_ASAP7_75t_SL     |  8.400 | 215.600 |  210.412 | 
     | FE_RC_1268_0                                      | A2 ^ -> Y ^   | AO21x2_ASAP7_75t_SL      | 18.500 | 234.100 |  228.912 | 
     | g68546                                            | B ^ -> Y ^    | XNOR2x1_ASAP7_75t_SL     | 15.300 | 249.400 |  244.212 | 
     | g68545                                            | A2 ^ -> Y ^   | AO21x2_ASAP7_75t_SL      | 19.600 | 269.000 |  263.812 | 
     | g157_dup                                          | A2 ^ -> Y ^   | AO21x2_ASAP7_75t_SL      | 23.200 | 292.200 |  287.012 | 
     | g155                                              | A ^ -> Y v    | MAJIxp5_ASAP7_75t_SL     | 14.100 | 306.300 |  301.112 | 
     | FE_RC_947_0                                       | A v -> Y v    | XNOR2xp5_ASAP7_75t_SL    | 21.700 | 328.000 |  322.812 | 
     | FE_RC_946_0                                       | A v -> Y v    | XOR2xp5_ASAP7_75t_SL     | 18.000 | 346.000 |  340.812 | 
     | core_csa_tree_add_422_23_groupi_g6235             | B v -> Y v    | OR2x2_ASAP7_75t_SL       | 21.200 | 367.200 |  362.012 | 
     | g68671                                            | A v -> Y v    | MAJx2_ASAP7_75t_SL       | 21.000 | 388.200 |  383.012 | 
     | FE_RC_20_0_dup                                    | A1 v -> Y ^   | OAI21xp5_ASAP7_75t_SL    | 17.400 | 405.600 |  400.412 | 
     | FE_RC_592_0                                       | A1 ^ -> Y v   | AOI21x1_ASAP7_75t_SL     | 14.300 | 419.900 |  414.712 | 
     | FE_RC_1216_0                                      | A v -> Y ^    | INVxp67_ASAP7_75t_SL     | 10.800 | 430.700 |  425.512 | 
     | FE_RC_1215_0                                      | A2 ^ -> Y v   | AOI21xp5_ASAP7_75t_SL    | 10.900 | 441.600 |  436.412 | 
     | FE_RC_103_0                                       | B v -> Y ^    | NAND2xp5_ASAP7_75t_SL    | 10.400 | 452.000 |  446.812 | 
     | FE_RC_101_0                                       | A ^ -> Y v    | NAND2xp5_ASAP7_75t_SL    |  7.100 | 459.100 |  453.912 | 
     | FE_RC_1387_0                                      | A2 v -> Y ^   | AOI21xp5_ASAP7_75t_SL    | 12.400 | 471.500 |  466.312 | 
     | core_a_reg_reg[28]                                | D ^           | DFFASRHQNx1_ASAP7_75t_SL |  0.400 | 471.900 |  466.712 | 
     +----------------------------------------------------------------------------------------------------------------------------+ 

