###############################################################
#  Generated by:      Cadence Innovus 21.13-s100_1
#  OS:                Linux x86_64(Host ID ic21)
#  Generated on:      Mon Mar 10 01:40:04 2025
#  Design:            sha256
#  Command:           report_timing > ../timing_0.6_560.rpt
###############################################################
Path 1: VIOLATED Late External Delay Assertion 
Endpoint:   read_data[27] (v) checked with  leading edge of 'clk'
Beginpoint: cs            (v) triggered by  leading edge of 'clk'
Path Groups: {clk}
Analysis View: view_tc
Other End Arrival Time          0.000
- External Delay              300.000
+ Phase Shift                 560.000
= Required Time               260.000
- Arrival Time                264.200
= Slack Time                   -4.200
     Clock Rise Edge                      0.000
     + Input Delay                        1.000
     = Beginpoint Arrival Time            1.000
     +-----------------------------------------------------------------------------------------+ 
     |    Instance     |       Arc       |         Cell          |  Delay | Arrival | Required | 
     |                 |                 |                       |        |  Time   |   Time   | 
     |-----------------+-----------------+-----------------------+--------+---------+----------| 
     |                 | cs v            |                       |        |   1.000 |   -3.200 | 
     | g7669           | A v -> Y ^      | INVx2_ASAP7_75t_SL    |  3.800 |   4.800 |    0.600 | 
     | FE_RC_36_0      | A ^ -> Y ^      | OR3x2_ASAP7_75t_SL    | 13.700 |  18.500 |   14.300 | 
     | g18430__5795    | A ^ -> Y ^      | OR3x2_ASAP7_75t_SL    | 19.900 |  38.400 |   34.200 | 
     | g18429          | A ^ -> Y v      | INVx2_ASAP7_75t_SL    |  4.600 |  43.000 |   38.800 | 
     | FE_RC_57_0      | A v -> Y v      | AND3x4_ASAP7_75t_SL   | 18.200 |  61.200 |   57.000 | 
     | g18417__8757    | B v -> Y v      | AND2x4_ASAP7_75t_SL   | 21.700 |  82.900 |   78.700 | 
     | FE_OFC140_n_843 | A v -> Y v      | BUFx6f_ASAP7_75t_SL   | 34.500 | 117.400 |  113.200 | 
     | g18342__1857    | B1 v -> Y ^     | AOI22xp5_ASAP7_75t_SL | 19.100 | 136.500 |  132.300 | 
     | g18071__1309    | A ^ -> Y v      | NAND2xp5_ASAP7_75t_SL | 19.700 | 156.200 |  152.000 | 
     | g18034__1857    | B v -> Y ^      | AOI21xp5_ASAP7_75t_SL | 18.400 | 174.600 |  170.400 | 
     | g17937__8757    | C ^ -> Y ^      | AND5x1_ASAP7_75t_SL   | 26.900 | 201.500 |  197.300 | 
     | g17907__7675    | A ^ -> Y v      | NAND5xp2_ASAP7_75t_SL | 56.800 | 258.300 |  254.100 | 
     |                 | read_data[27] v |                       |  5.900 | 264.200 |  260.000 | 
     +-----------------------------------------------------------------------------------------+ 

