###############################################################
#  Generated by:      Cadence Innovus 21.13-s100_1
#  OS:                Linux x86_64(Host ID ic21)
#  Generated on:      Mon Mar 10 03:14:17 2025
#  Design:            sha256
#  Command:           report_timing > ../timing_0.6_579.rpt
###############################################################
Path 1: VIOLATED Late External Delay Assertion 
Endpoint:   read_data[28] (v) checked with  leading edge of 'clk'
Beginpoint: cs            (v) triggered by  leading edge of 'clk'
Path Groups: {clk}
Analysis View: view_tc
Other End Arrival Time          0.000
- External Delay              300.000
+ Phase Shift                 579.000
= Required Time               279.000
- Arrival Time                281.900
= Slack Time                   -2.900
     Clock Rise Edge                      0.000
     + Input Delay                        1.000
     = Beginpoint Arrival Time            1.000
     +---------------------------------------------------------------------------------------+ 
     |   Instance   |       Arc       |          Cell          |  Delay | Arrival | Required | 
     |              |                 |                        |        |  Time   |   Time   | 
     |--------------+-----------------+------------------------+--------+---------+----------| 
     |              | cs v            |                        |        |   1.000 |   -1.900 | 
     | g7669        | A v -> Y ^      | INVx2_ASAP7_75t_SL     |  3.800 |   4.800 |    1.900 | 
     | FE_RC_10_0   | A ^ -> Y ^      | OR3x2_ASAP7_75t_SL     | 13.800 |  18.600 |   15.700 | 
     | g18430__5795 | A ^ -> Y ^      | OR3x1_ASAP7_75t_SL     | 19.700 |  38.300 |   35.400 | 
     | g18423__7114 | B ^ -> Y v      | NOR2x1_ASAP7_75t_SL    | 12.800 |  51.100 |   48.200 | 
     | g18422       | A v -> Y ^      | INVx1_ASAP7_75t_SL     | 11.900 |  63.000 |   60.100 | 
     | g18403__8780 | B ^ -> Y v      | NOR2x1p5_ASAP7_75t_SL  | 24.200 |  87.200 |   84.300 | 
     | g18103__7675 | C2 v -> Y v     | AO222x2_ASAP7_75t_SL   | 41.900 | 129.100 |  126.200 | 
     | g18018__2391 | C v -> Y ^      | AOI221xp5_ASAP7_75t_SL | 42.800 | 171.900 |  169.000 | 
     | g17942__5266 | D ^ -> Y ^      | AND5x1_ASAP7_75t_SL    | 36.100 | 208.000 |  205.100 | 
     | g17900__4547 | A ^ -> Y v      | NAND5xp2_ASAP7_75t_SL  | 65.300 | 273.300 |  270.400 | 
     |              | read_data[28] v |                        |  8.600 | 281.900 |  279.000 | 
     +---------------------------------------------------------------------------------------+ 

