###############################################################
#  Generated by:      Cadence Innovus 21.13-s100_1
#  OS:                Linux x86_64(Host ID ic22)
#  Generated on:      Thu Mar  6 20:30:07 2025
#  Design:            sha256
#  Command:           report_timing > ../timing_0.9_1000.rpt
###############################################################
Path 1: MET Setup Check with Pin core_a_reg_reg[31]/CLK 
Endpoint:   core_a_reg_reg[31]/D     (^) checked with  leading edge of 'clk'
Beginpoint: core_t_ctr_reg_reg[4]/QN (^) triggered by  leading edge of 'clk'
Path Groups: {clk}
Analysis View: view_tc
Other End Arrival Time          0.000
- Setup                        17.332
+ Phase Shift                 1000.000
= Required Time               982.668
- Arrival Time                768.900
= Slack Time                  213.768
     Clock Rise Edge                 0.000
     + Clock Network Latency (Ideal) 0.000
     = Beginpoint Arrival Time       0.000
     +--------------------------------------------------------------------------------------------------------------------------+ 
     |                    Instance                     |      Arc      |           Cell           |  Delay | Arrival | Required | 
     |                                                 |               |                          |        |  Time   |   Time   | 
     |-------------------------------------------------+---------------+--------------------------+--------+---------+----------| 
     | core_t_ctr_reg_reg[4]                           | CLK ^         |                          |        |   0.000 |  213.768 | 
     | core_t_ctr_reg_reg[4]                           | CLK ^ -> QN ^ | DFFASRHQNx1_ASAP7_75t_SL | 83.200 |  83.200 |  296.968 | 
     | g664                                            | A ^ -> Y v    | INVx1_ASAP7_75t_SL       | 57.700 | 140.900 |  354.668 | 
     | g68527                                          | A v -> Y v    | AND2x2_ASAP7_75t_SL      | 53.800 | 194.700 |  408.468 | 
     | core_g67396                                     | B v -> Y v    | AND2x2_ASAP7_75t_SL      | 34.200 | 228.900 |  442.668 | 
     | core_g49583                                     | B v -> Y v    | AND2x2_ASAP7_75t_SL      | 41.600 | 270.500 |  484.268 | 
     | g1294                                           | A2 v -> Y ^   | AOI22xp5_ASAP7_75t_SL    | 73.500 | 344.000 |  557.768 | 
     | g1283                                           | A ^ -> Y ^    | AND4x1_ASAP7_75t_SL      | 24.400 | 368.400 |  582.168 | 
     | g1281                                           | D ^ -> Y ^    | AND5x1_ASAP7_75t_SL      | 22.100 | 390.500 |  604.268 | 
     | g1280                                           | B ^ -> Y v    | OAI21xp5_ASAP7_75t_SL    |  8.400 | 398.900 |  612.668 | 
     | g68328                                          | B v -> Y ^    | AOI21xp5_ASAP7_75t_SL    | 29.200 | 428.100 |  641.868 | 
     | g1277                                           | B ^ -> Y ^    | XNOR2xp5_ASAP7_75t_SL    | 21.300 | 449.400 |  663.168 | 
     | core_csa_tree_add_337_39_g6472                  | A ^ -> Y ^    | XOR2xp5_ASAP7_75t_SL     | 34.000 | 483.400 |  697.168 | 
     | core_csa_tree_add_422_23_groupi_g5892           | A ^ -> Y v    | XOR2xp5_ASAP7_75t_SL     | 12.500 | 495.900 |  709.668 | 
     | core_csa_tree_add_422_23_groupi_g67865          | B v -> Y v    | OR2x2_ASAP7_75t_SL       | 19.500 | 515.400 |  729.168 | 
     | core_csa_tree_add_422_23_groupi_g67659_dup68826 | A2 v -> Y ^   | AOI21xp5_ASAP7_75t_SL    | 17.900 | 533.300 |  747.068 | 
     | core_csa_tree_add_422_23_groupi_g67869          | A ^ -> Y ^    | MAJx2_ASAP7_75t_SL       | 21.000 | 554.300 |  768.068 | 
     | core_csa_tree_add_422_23_groupi_g5748_dup       | A1 ^ -> Y v   | OAI21xp5_ASAP7_75t_SL    | 13.300 | 567.600 |  781.368 | 
     | core_csa_tree_add_422_23_groupi_g67448          | A1 v -> Y v   | AO21x1_ASAP7_75t_SL      | 20.800 | 588.400 |  802.168 | 
     | core_csa_tree_add_422_23_groupi_g67451          | A2 v -> Y v   | AO21x1_ASAP7_75t_SL      | 21.500 | 609.900 |  823.668 | 
     | g68244                                          | B v -> Y v    | AND2x2_ASAP7_75t_SL      | 17.000 | 626.900 |  840.668 | 
     | g68242                                          | A2 v -> Y ^   | AOI22xp5_ASAP7_75t_SL    | 10.600 | 637.500 |  851.268 | 
     | g96                                             | B ^ -> Y ^    | AND2x2_ASAP7_75t_SL      | 21.700 | 659.200 |  872.968 | 
     | core_csa_tree_add_422_23_groupi_g5726           | B ^ -> Y v    | NOR2xp33_ASAP7_75t_SL    | 22.200 | 681.400 |  895.168 | 
     | core_csa_tree_add_422_23_groupi_g67384          | A v -> Y ^    | NOR2xp33_ASAP7_75t_SL    | 38.700 | 720.100 |  933.868 | 
     | core_csa_tree_add_422_23_groupi_g5709           | A1 ^ -> Y v   | OAI21xp5_ASAP7_75t_SL    | 17.300 | 737.400 |  951.168 | 
     | core_csa_tree_add_422_23_groupi_g5686           | A v -> Y v    | XNOR2xp5_ASAP7_75t_SL    | 20.900 | 758.300 |  972.068 | 
     | core_g63496                                     | A1 v -> Y ^   | AOI21xp5_ASAP7_75t_SL    | 10.500 | 768.800 |  982.568 | 
     | core_a_reg_reg[31]                              | D ^           | DFFASRHQNx1_ASAP7_75t_SL |  0.100 | 768.900 |  982.668 | 
     +--------------------------------------------------------------------------------------------------------------------------+ 

