###############################################################
#  Generated by:      Cadence Innovus 21.13-s100_1
#  OS:                Linux x86_64(Host ID ic22)
#  Generated on:      Thu Mar  6 20:02:07 2025
#  Design:            sha256
#  Command:           report_timing > ../timing_0.8_300.rpt
###############################################################
Path 1: VIOLATED Late External Delay Assertion 
Endpoint:   read_data[16] (v) checked with  leading edge of 'clk'
Beginpoint: cs            (v) triggered by  leading edge of 'clk'
Path Groups: {clk}
Analysis View: view_tc
Other End Arrival Time          0.000
- External Delay              300.000
+ Phase Shift                 300.000
= Required Time                 0.000
- Arrival Time                181.700
= Slack Time                  -181.700
     Clock Rise Edge                      0.000
     + Input Delay                        1.000
     = Beginpoint Arrival Time            1.000
     +-------------------------------------------------------------------------------------------+ 
     |     Instance     |       Arc       |          Cell          |  Delay | Arrival | Required | 
     |                  |                 |                        |        |  Time   |   Time   | 
     |------------------+-----------------+------------------------+--------+---------+----------| 
     |                  | cs v            |                        |        |   1.000 | -180.700 | 
     | FE_RC_417_0      | A v -> Y ^      | INVx3_ASAP7_75t_SL     |  5.900 |   6.900 | -174.800 | 
     | FE_RC_786_0      | A ^ -> Y ^      | OR5x1_ASAP7_75t_SL     | 15.900 |  22.800 | -158.900 | 
     | FE_RC_785_0      | B ^ -> Y ^      | OR2x6_ASAP7_75t_SL     | 21.700 |  44.500 | -137.200 | 
     | g18402__9906     | B ^ -> Y v      | NOR2x2_ASAP7_75t_SL    | 15.800 |  60.300 | -121.400 | 
     | g18379__9682     | B v -> Y v      | AND2x6_ASAP7_75t_SL    | 28.900 |  89.200 |  -92.500 | 
     | FE_OCPC951_n_880 | A v -> Y v      | BUFx6f_ASAP7_75t_SL    | 29.300 | 118.500 |  -63.200 | 
     | g18143__7344     | B2 v -> Y ^     | AOI22xp5_ASAP7_75t_SL  | 14.600 | 133.100 |  -48.600 | 
     | FE_RC_734_0      | B ^ -> Y ^      | AND4x1_ASAP7_75t_SL    | 25.800 | 158.900 |  -22.800 | 
     | FE_RC_791_0      | C ^ -> Y v      | NAND4xp75_ASAP7_75t_SL | 19.300 | 178.200 |   -3.500 | 
     |                  | read_data[16] v |                        |  3.500 | 181.700 |    0.000 | 
     +-------------------------------------------------------------------------------------------+ 

