###############################################################
#  Generated by:      Cadence Innovus 21.13-s100_1
#  OS:                Linux x86_64(Host ID ic21)
#  Generated on:      Tue Mar  4 17:29:20 2025
#  Design:            sha256
#  Command:           report_timing > ../timing_0.1_300.rpt
###############################################################
Path 1: VIOLATED Late External Delay Assertion 
Endpoint:   read_data[26] (v) checked with  leading edge of 'clk'
Beginpoint: cs            (v) triggered by  leading edge of 'clk'
Path Groups: {clk}
Analysis View: view_tc
Other End Arrival Time          0.000
- External Delay              300.000
+ Phase Shift                 300.000
= Required Time                 0.000
- Arrival Time                193.500
= Slack Time                  -193.500
     Clock Rise Edge                      0.000
     + Input Delay                        1.000
     = Beginpoint Arrival Time            1.000
     +--------------------------------------------------------------------------------------------------------+ 
     |           Instance            |       Arc       |          Cell          |  Delay | Arrival | Required | 
     |                               |                 |                        |        |  Time   |   Time   | 
     |-------------------------------+-----------------+------------------------+--------+---------+----------| 
     |                               | cs v            |                        |        |   1.000 | -192.500 | 
     | g7669_dup1                    | A v -> Y ^      | INVx13_ASAP7_75t_SL    |  5.300 |   6.300 | -187.200 | 
     | FE_RC_2354_0                  | A ^ -> Y ^      | OR3x2_ASAP7_75t_SL     | 17.100 |  23.400 | -170.100 | 
     | FE_RC_2327_0_dup              | A ^ -> Y v      | NOR3x1_ASAP7_75t_SL    |  9.400 |  32.800 | -160.700 | 
     | FE_RC_649_0_dup               | B v -> Y v      | AND2x4_ASAP7_75t_SL    | 18.100 |  50.900 | -142.600 | 
     | FE_RC_1234_0                  | A v -> Y v      | AND2x6_ASAP7_75t_SL    | 24.500 |  75.400 | -118.100 | 
     | FE_OCPC1064_FE_OFN66342_n_843 | A v -> Y v      | BUFx6f_ASAP7_75t_SL    | 33.800 | 109.200 |  -84.300 | 
     | FE_RC_1041_0                  | A2 v -> Y ^     | AOI22x1_ASAP7_75t_SL   | 13.000 | 122.200 |  -71.300 | 
     | g18076__7118                  | A ^ -> Y v      | NAND2x2_ASAP7_75t_SL   |  8.600 | 130.800 |  -62.700 | 
     | FE_RC_1344_0                  | B v -> Y ^      | AOI21x1_ASAP7_75t_SL   | 17.100 | 147.900 |  -45.600 | 
     | FE_RC_2305_0                  | A ^ -> Y v      | NAND4xp75_ASAP7_75t_SL | 28.700 | 176.600 |  -16.900 | 
     |                               | read_data[26] v |                        | 16.900 | 193.500 |    0.000 | 
     +--------------------------------------------------------------------------------------------------------+ 

