###############################################################
#  Generated by:      Cadence Innovus 21.13-s100_1
#  OS:                Linux x86_64(Host ID ic21)
#  Generated on:      Mon Mar 10 21:22:30 2025
#  Design:            sha256
#  Command:           report_timing > ../timing_0.6_460.rpt
###############################################################
Path 1: VIOLATED Late External Delay Assertion 
Endpoint:   read_data[24] (^) checked with  leading edge of 'clk'
Beginpoint: cs            (^) triggered by  leading edge of 'clk'
Path Groups: {clk}
Analysis View: view_tc
Other End Arrival Time          0.000
- External Delay              300.000
+ Phase Shift                 460.000
= Required Time               160.000
- Arrival Time                173.700
= Slack Time                  -13.700
     Clock Rise Edge                      0.000
     + Input Delay                        1.000
     = Beginpoint Arrival Time            1.000
     +-------------------------------------------------------------------------------------------------+ 
     |        Instance        |       Arc       |          Cell          |  Delay | Arrival | Required | 
     |                        |                 |                        |        |  Time   |   Time   | 
     |------------------------+-----------------+------------------------+--------+---------+----------| 
     |                        | cs ^            |                        |        |   1.000 |  -12.700 | 
     | g7669                  | A ^ -> Y v      | INVx8_ASAP7_75t_SL     |  6.500 |   7.500 |   -6.200 | 
     | FE_RC_373_0_dup1       | B v -> Y ^      | NOR2x1p5_ASAP7_75t_SL  |  7.600 |  15.100 |    1.400 | 
     | FE_RC_1359_0           | A ^ -> Y v      | NAND4xp75_ASAP7_75t_SL | 10.900 |  26.000 |   12.300 | 
     | g18429                 | A v -> Y ^      | INVx2_ASAP7_75t_SL     |  9.400 |  35.400 |   21.700 | 
     | FE_RC_961_0            | C ^ -> Y ^      | AND3x2_ASAP7_75t_SL    | 25.600 |  61.000 |   47.300 | 
     | FE_RC_1032_0           | A ^ -> Y ^      | AND2x6_ASAP7_75t_SL    | 22.200 |  83.200 |   69.500 | 
     | FE_RC_1024_0           | A1 ^ -> Y v     | AOI22x1_ASAP7_75t_SL   | 25.400 | 108.600 |   94.900 | 
     | FE_RC_1030_0           | B v -> Y ^      | NAND3x1_ASAP7_75t_SL   | 25.500 | 134.100 |  120.400 | 
     | FE_RC_1362_0           | A ^ -> Y v      | NOR3xp33_ASAP7_75t_SL  |  8.900 | 143.000 |  129.300 | 
     | FE_RC_354_0            | C v -> Y ^      | NAND5xp2_ASAP7_75t_SL  | 11.500 | 154.500 |  140.800 | 
     | FE_OFC189_read_data_24 | A ^ -> Y ^      | BUFx3_ASAP7_75t_SL     | 16.400 | 170.900 |  157.200 | 
     |                        | read_data[24] ^ |                        |  2.800 | 173.700 |  160.000 | 
     +-------------------------------------------------------------------------------------------------+ 

