###############################################################
#  Generated by:      Cadence Innovus 21.13-s100_1
#  OS:                Linux x86_64(Host ID ic21)
#  Generated on:      Sun Mar  9 19:36:00 2025
#  Design:            sha256
#  Command:           report_timing > ../timing_0.9_500.rpt
###############################################################
Path 1: VIOLATED Late External Delay Assertion 
Endpoint:   read_data[27] (v) checked with  leading edge of 'clk'
Beginpoint: cs            (v) triggered by  leading edge of 'clk'
Path Groups: {clk}
Analysis View: view_tc
Other End Arrival Time          0.000
- External Delay              300.000
+ Phase Shift                 500.000
= Required Time               200.000
- Arrival Time                234.300
= Slack Time                  -34.300
     Clock Rise Edge                      0.000
     + Input Delay                        1.000
     = Beginpoint Arrival Time            1.000
     +----------------------------------------------------------------------------------------------------+ 
     |         Instance          |       Arc       |          Cell          |  Delay | Arrival | Required | 
     |                           |                 |                        |        |  Time   |   Time   | 
     |---------------------------+-----------------+------------------------+--------+---------+----------| 
     |                           | cs v            |                        |        |   1.000 |  -33.300 | 
     | g7669                     | A v -> Y ^      | INVx4_ASAP7_75t_SL     |  4.000 |   5.000 |  -29.300 | 
     | g18433__5019              | A ^ -> Y ^      | OR3x2_ASAP7_75t_SL     | 12.700 |  17.700 |  -16.600 | 
     | g18430__5795              | A ^ -> Y ^      | OR3x2_ASAP7_75t_SL     | 16.600 |  34.300 |    0.000 | 
     | FE_RC_39_0                | B ^ -> Y v      | NOR2x1p5_ASAP7_75t_SL  | 14.200 |  48.500 |   14.200 | 
     | g18414__2391              | B v -> Y v      | AND2x6_ASAP7_75t_SL    | 29.100 |  77.600 |   43.300 | 
     | g18343__9906              | A1 v -> Y ^     | AOI22x1_ASAP7_75t_SL   | 54.900 | 132.500 |   98.200 | 
     | g18071__1309              | B ^ -> Y v      | NAND2x1p5_ASAP7_75t_SL | 11.400 | 143.900 |  109.600 | 
     | g18034__1857              | B v -> Y ^      | AOI21x1_ASAP7_75t_SL   | 12.200 | 156.100 |  121.800 | 
     | g17937__8757              | C ^ -> Y ^      | AND5x1_ASAP7_75t_SL    | 26.700 | 182.800 |  148.500 | 
     | g17907__7675              | A ^ -> Y v      | NAND5xp2_ASAP7_75t_SL  | 25.800 | 208.600 |  174.300 | 
     | FE_OCPC63713_read_data_27 | A v -> Y v      | BUFx3_ASAP7_75t_SL     | 23.700 | 232.300 |  198.000 | 
     |                           | read_data[27] v |                        |  2.000 | 234.300 |  200.000 | 
     +----------------------------------------------------------------------------------------------------+ 

