###############################################################
#  Generated by:      Cadence Innovus 21.13-s100_1
#  OS:                Linux x86_64(Host ID ic21)
#  Generated on:      Sun Mar  9 18:10:34 2025
#  Design:            sha256
#  Command:           report_timing > ../timing_0.3_500.rpt
###############################################################
Path 1: VIOLATED Setup Check with Pin core_a_reg_reg[29]/CLK 
Endpoint:   core_a_reg_reg[29]/D                 (^) checked with  leading edge 
of 'clk'
Beginpoint: core_w_mem_inst_w_mem_reg[14][20]/QN (^) triggered by  leading edge 
of 'clk'
Path Groups: {clk}
Analysis View: view_tc
Other End Arrival Time          0.000
- Setup                        14.180
+ Phase Shift                 500.000
= Required Time               485.820
- Arrival Time                489.600
= Slack Time                   -3.780
     Clock Rise Edge                 0.000
     + Clock Network Latency (Ideal) 0.000
     = Beginpoint Arrival Time       0.000
     +----------------------------------------------------------------------------------------------------------------------------+ 
     |                     Instance                      |      Arc      |           Cell           |  Delay | Arrival | Required | 
     |                                                   |               |                          |        |  Time   |   Time   | 
     |---------------------------------------------------+---------------+--------------------------+--------+---------+----------| 
     | core_w_mem_inst_w_mem_reg[14][20]                 | CLK ^         |                          |        |   0.000 |   -3.780 | 
     | core_w_mem_inst_w_mem_reg[14][20]                 | CLK ^ -> QN ^ | DFFASRHQNx1_ASAP7_75t_SL | 34.200 |  34.200 |   30.420 | 
     | FE_OCPC392_core_w_mem_inst_w_mem_14__20           | A ^ -> Y ^    | BUFx3_ASAP7_75t_SL       | 18.500 |  52.700 |   48.920 | 
     | core_g2                                           | A ^ -> Y ^    | XNOR2x1_ASAP7_75t_SL     | 24.500 |  77.200 |   73.420 | 
     | FE_RC_559_0                                       | A ^ -> Y ^    | XOR2x1_ASAP7_75t_SL      | 20.600 |  97.800 |   94.020 | 
     | g67956                                            | A ^ -> Y ^    | XNOR2x1_ASAP7_75t_SL     | 20.000 | 117.800 |  114.020 | 
     | FE_RC_527_0_dup                                   | A ^ -> Y ^    | XOR2xp5_ASAP7_75t_SL     | 20.800 | 138.600 |  134.820 | 
     | FE_RC_468_0                                       | A ^ -> Y ^    | OR2x2_ASAP7_75t_SL       | 18.600 | 157.200 |  153.420 | 
     | core_w_mem_inst_csa_tree_add_205_29_groupi_g67289 | B ^ -> Y v    | NAND2x1p5_ASAP7_75t_SL   |  6.700 | 163.900 |  160.120 | 
     | FE_RC_55_0                                        | A2 v -> Y ^   | OAI21x1_ASAP7_75t_SL     | 12.000 | 175.900 |  172.120 | 
     | g68799_dup                                        | B ^ -> Y ^    | AND3x1_ASAP7_75t_SL      | 20.100 | 196.000 |  192.220 | 
     | core_w_mem_inst_csa_tree_add_205_29_groupi_g5623  | A ^ -> Y ^    | OR2x6_ASAP7_75t_SL       | 17.000 | 213.000 |  209.220 | 
     | FE_RC_226_0                                       | A1 ^ -> Y v   | AOI21x1_ASAP7_75t_SL     | 10.400 | 223.400 |  219.620 | 
     | FE_RC_227_0                                       | A v -> Y ^    | INVx2_ASAP7_75t_SL       |  8.400 | 231.800 |  228.020 | 
     | core_w_mem_inst_csa_tree_add_205_29_groupi_g5594  | B ^ -> Y ^    | XNOR2x1_ASAP7_75t_SL     | 16.900 | 248.700 |  244.920 | 
     | core_g67441                                       | A2 ^ -> Y ^   | AO21x2_ASAP7_75t_SL      | 22.600 | 271.300 |  267.520 | 
     | g68825                                            | A ^ -> Y ^    | MAJx2_ASAP7_75t_SL       | 25.200 | 296.500 |  292.720 | 
     | g68043                                            | A ^ -> Y v    | MAJIxp5_ASAP7_75t_SL     | 19.700 | 316.200 |  312.420 | 
     | FE_RC_178_0                                       | B v -> Y v    | OR2x2_ASAP7_75t_SL       | 24.300 | 340.500 |  336.720 | 
     | FE_RC_177_0_dup                                   | A2 v -> Y v   | AO21x1_ASAP7_75t_SL      | 14.200 | 354.700 |  350.920 | 
     | FE_RC_193_0                                       | B v -> Y ^    | OAI21xp5_ASAP7_75t_SL    | 10.600 | 365.300 |  361.520 | 
     | g600                                              | B ^ -> Y ^    | AND2x4_ASAP7_75t_SL      | 17.100 | 382.400 |  378.620 | 
     | g594                                              | A ^ -> Y v    | NAND2x1p5_ASAP7_75t_SL   |  7.500 | 389.900 |  386.120 | 
     | FE_RC_141_0                                       | A v -> Y ^    | NAND2x1p5_ASAP7_75t_SL   |  9.100 | 399.000 |  395.220 | 
     | FE_RC_140_0                                       | A2 ^ -> Y v   | AOI21x1_ASAP7_75t_SL     |  6.800 | 405.800 |  402.020 | 
     | g96                                               | A v -> Y v    | AND2x4_ASAP7_75t_SL      | 16.600 | 422.400 |  418.620 | 
     | core_csa_tree_add_422_23_groupi_g5726             | B v -> Y ^    | NOR2x2_ASAP7_75t_SL      | 14.000 | 436.400 |  432.620 | 
     | core_csa_tree_add_422_23_groupi_g67478            | B ^ -> Y v    | NAND2x2_ASAP7_75t_SL     | 10.400 | 446.800 |  443.020 | 
     | FE_RC_628_0                                       | A1 v -> Y v   | OA21x2_ASAP7_75t_SL      | 18.400 | 465.200 |  461.420 | 
     | FE_RC_636_0                                       | A1 v -> Y v   | OA21x2_ASAP7_75t_SL      | 16.500 | 481.700 |  477.920 | 
     | FE_RC_696_0                                       | A1 v -> Y ^   | AOI21x1_ASAP7_75t_SL     |  7.800 | 489.500 |  485.720 | 
     | core_a_reg_reg[29]                                | D ^           | DFFASRHQNx1_ASAP7_75t_SL |  0.100 | 489.600 |  485.820 | 
     +----------------------------------------------------------------------------------------------------------------------------+ 

