###############################################################
#  Generated by:      Cadence Innovus 21.13-s100_1
#  OS:                Linux x86_64(Host ID ic21)
#  Generated on:      Sun Mar  9 19:20:48 2025
#  Design:            sha256
#  Command:           report_timing > ../timing_0.9_900.rpt
###############################################################
Path 1: MET Setup Check with Pin core_a_reg_reg[31]/CLK 
Endpoint:   core_a_reg_reg[31]/D     (^) checked with  leading edge of 'clk'
Beginpoint: core_t_ctr_reg_reg[4]/QN (^) triggered by  leading edge of 'clk'
Path Groups: {clk}
Analysis View: view_tc
Other End Arrival Time          0.000
- Setup                        17.144
+ Phase Shift                 900.000
= Required Time               882.856
- Arrival Time                781.200
= Slack Time                  101.656
     Clock Rise Edge                 0.000
     + Clock Network Latency (Ideal) 0.000
     = Beginpoint Arrival Time       0.000
     +---------------------------------------------------------------------------------------------------------------------------+ 
     |                    Instance                     |      Arc      |           Cell           |  Delay  | Arrival | Required | 
     |                                                 |               |                          |         |  Time   |   Time   | 
     |-------------------------------------------------+---------------+--------------------------+---------+---------+----------| 
     | core_t_ctr_reg_reg[4]                           | CLK ^         |                          |         |  -0.000 |  101.656 | 
     | core_t_ctr_reg_reg[4]                           | CLK ^ -> QN ^ | DFFASRHQNx1_ASAP7_75t_SL |  82.900 |  82.900 |  184.556 | 
     | g664                                            | A ^ -> Y v    | INVx1_ASAP7_75t_SL       |  56.900 | 139.800 |  241.456 | 
     | g68527                                          | A v -> Y v    | AND2x2_ASAP7_75t_SL      |  54.000 | 193.800 |  295.456 | 
     | core_g67418                                     | B v -> Y v    | AND2x2_ASAP7_75t_SL      |  35.700 | 229.500 |  331.156 | 
     | core_g49588_dup68961                            | B v -> Y v    | AND2x2_ASAP7_75t_SL      |  34.600 | 264.100 |  365.756 | 
     | core_g67410                                     | B2 v -> Y ^   | AOI22xp5_ASAP7_75t_SL    | 112.200 | 376.300 |  477.956 | 
     | g1281                                           | A ^ -> Y ^    | AND5x1_ASAP7_75t_SL      |  26.800 | 403.100 |  504.756 | 
     | g1280                                           | B ^ -> Y v    | OAI21xp5_ASAP7_75t_SL    |   8.500 | 411.600 |  513.256 | 
     | g68328                                          | B v -> Y ^    | AOI21xp5_ASAP7_75t_SL    |  29.700 | 441.300 |  542.956 | 
     | g1277                                           | B ^ -> Y ^    | XNOR2xp5_ASAP7_75t_SL    |  21.600 | 462.900 |  564.556 | 
     | core_csa_tree_add_337_39_g6472                  | A ^ -> Y ^    | XOR2xp5_ASAP7_75t_SL     |  34.000 | 496.900 |  598.556 | 
     | core_csa_tree_add_422_23_groupi_g5892           | A ^ -> Y v    | XOR2xp5_ASAP7_75t_SL     |  12.500 | 509.400 |  611.056 | 
     | core_csa_tree_add_422_23_groupi_g67865          | B v -> Y v    | OR2x2_ASAP7_75t_SL       |  19.500 | 528.900 |  630.556 | 
     | core_csa_tree_add_422_23_groupi_g67659_dup68826 | A2 v -> Y ^   | AOI21xp5_ASAP7_75t_SL    |  17.900 | 546.800 |  648.456 | 
     | core_csa_tree_add_422_23_groupi_g67869          | A ^ -> Y ^    | MAJx2_ASAP7_75t_SL       |  21.000 | 567.800 |  669.456 | 
     | core_csa_tree_add_422_23_groupi_g5748_dup       | A1 ^ -> Y v   | OAI21xp5_ASAP7_75t_SL    |  13.200 | 581.000 |  682.656 | 
     | core_csa_tree_add_422_23_groupi_g67448          | A1 v -> Y v   | AO21x1_ASAP7_75t_SL      |  20.800 | 601.800 |  703.456 | 
     | core_csa_tree_add_422_23_groupi_g67451          | A2 v -> Y v   | AO21x1_ASAP7_75t_SL      |  21.400 | 623.200 |  724.856 | 
     | g68244                                          | B v -> Y v    | AND2x2_ASAP7_75t_SL      |  16.900 | 640.100 |  741.756 | 
     | g68242                                          | A2 v -> Y ^   | AOI22xp5_ASAP7_75t_SL    |  10.600 | 650.700 |  752.356 | 
     | g96                                             | B ^ -> Y ^    | AND2x2_ASAP7_75t_SL      |  21.700 | 672.400 |  774.056 | 
     | core_csa_tree_add_422_23_groupi_g5726           | B ^ -> Y v    | NOR2xp33_ASAP7_75t_SL    |  22.300 | 694.700 |  796.356 | 
     | core_csa_tree_add_422_23_groupi_g67384          | A v -> Y ^    | NOR2xp33_ASAP7_75t_SL    |  38.300 | 733.000 |  834.656 | 
     | core_csa_tree_add_422_23_groupi_g5709           | A1 ^ -> Y v   | OAI21xp5_ASAP7_75t_SL    |  17.300 | 750.300 |  851.956 | 
     | core_csa_tree_add_422_23_groupi_g5686           | A v -> Y v    | XNOR2xp5_ASAP7_75t_SL    |  20.400 | 770.700 |  872.356 | 
     | core_g63496                                     | A1 v -> Y ^   | AOI21xp5_ASAP7_75t_SL    |  10.400 | 781.100 |  882.756 | 
     | core_a_reg_reg[31]                              | D ^           | DFFASRHQNx1_ASAP7_75t_SL |   0.100 | 781.200 |  882.856 | 
     +---------------------------------------------------------------------------------------------------------------------------+ 

