###############################################################
#  Generated by:      Cadence Innovus 21.13-s100_1
#  OS:                Linux x86_64(Host ID ic21)
#  Generated on:      Mon Mar 10 16:32:24 2025
#  Design:            sha256
#  Command:           report_timing > ../timing_0.7_420.rpt
###############################################################
Path 1: VIOLATED Late External Delay Assertion 
Endpoint:   read_data[12] (v) checked with  leading edge of 'clk'
Beginpoint: cs            (v) triggered by  leading edge of 'clk'
Path Groups: {clk}
Analysis View: view_tc
Other End Arrival Time          0.000
- External Delay              300.000
+ Phase Shift                 420.000
= Required Time               120.000
- Arrival Time                180.300
= Slack Time                  -60.300
     Clock Rise Edge                      0.000
     + Input Delay                        1.000
     = Beginpoint Arrival Time            1.000
     +------------------------------------------------------------------------------------------+ 
     |    Instance     |       Arc       |          Cell          |  Delay | Arrival | Required | 
     |                 |                 |                        |        |  Time   |   Time   | 
     |-----------------+-----------------+------------------------+--------+---------+----------| 
     |                 | cs v            |                        |        |   1.000 |  -59.300 | 
     | g7669           | A v -> Y ^      | INVx13_ASAP7_75t_SL    |  4.900 |   5.900 |  -54.400 | 
     | FE_RC_569_0_dup | B ^ -> Y v      | NOR2x2_ASAP7_75t_SL    |  7.600 |  13.500 |  -46.800 | 
     | FE_RC_568_0     | A v -> Y ^      | NAND4xp75_ASAP7_75t_SL | 12.200 |  25.700 |  -34.600 | 
     | g18421__5703    | B ^ -> Y ^      | OR2x6_ASAP7_75t_SL     | 25.800 |  51.500 |   -8.800 | 
     | g18409__9682    | B ^ -> Y v      | NOR2x2_ASAP7_75t_SL    | 10.500 |  62.000 |    1.700 | 
     | FE_RC_1698_0    | A v -> Y v      | AND2x6_ASAP7_75t_SL    | 25.300 |  87.300 |   27.000 | 
     | g18201__5019    | A2 v -> Y ^     | AOI22x1_ASAP7_75t_SL   | 30.600 | 117.900 |   57.600 | 
     | FE_RC_1216_0    | A ^ -> Y v      | NAND4xp75_ASAP7_75t_SL | 15.400 | 133.300 |   73.000 | 
     | g17953__4296    | C v -> Y ^      | AOI221x1_ASAP7_75t_SL  | 19.900 | 153.200 |   92.900 | 
     | FE_RC_1200_0    | B ^ -> Y v      | NAND4xp75_ASAP7_75t_SL | 23.000 | 176.200 |  115.900 | 
     |                 | read_data[12] v |                        |  4.100 | 180.300 |  120.000 | 
     +------------------------------------------------------------------------------------------+ 

