###############################################################
#  Generated by:      Cadence Innovus 21.13-s100_1
#  OS:                Linux x86_64(Host ID ic21)
#  Generated on:      Sun Mar  9 18:55:05 2025
#  Design:            sha256
#  Command:           report_timing > ../timing_0.7_700.rpt
###############################################################
Path 1: MET Setup Check with Pin core_a_reg_reg[27]/CLK 
Endpoint:   core_a_reg_reg[27]/D     (^) checked with  leading edge of 'clk'
Beginpoint: core_t_ctr_reg_reg[2]/QN (^) triggered by  leading edge of 'clk'
Path Groups: {clk}
Analysis View: view_tc
Other End Arrival Time          0.000
- Setup                        17.193
+ Phase Shift                 700.000
= Required Time               682.807
- Arrival Time                675.800
= Slack Time                    7.007
     Clock Rise Edge                 0.000
     + Clock Network Latency (Ideal) 0.000
     = Beginpoint Arrival Time       0.000
     +------------------------------------------------------------------------------------------------------------------+ 
     |                Instance                |      Arc      |           Cell           |  Delay  | Arrival | Required | 
     |                                        |               |                          |         |  Time   |   Time   | 
     |----------------------------------------+---------------+--------------------------+---------+---------+----------| 
     | core_t_ctr_reg_reg[2]                  | CLK ^         |                          |         |   0.000 |    7.007 | 
     | core_t_ctr_reg_reg[2]                  | CLK ^ -> QN ^ | DFFASRHQNx1_ASAP7_75t_SL |  84.100 |  84.100 |   91.107 | 
     | fopt67104                              | A ^ -> Y v    | INVx1_ASAP7_75t_SL       |  48.800 | 132.900 |  139.907 | 
     | core_g67403                            | B v -> Y v    | AND2x2_ASAP7_75t_SL      |  40.800 | 173.700 |  180.707 | 
     | core_g49588_dup68961                   | A v -> Y v    | AND2x4_ASAP7_75t_SL      |  32.900 | 206.600 |  213.607 | 
     | core_g67407                            | B2 v -> Y ^   | AOI22xp5_ASAP7_75t_SL    | 105.500 | 312.100 |  319.107 | 
     | core_g48947                            | B ^ -> Y ^    | AND4x1_ASAP7_75t_SL      |  24.800 | 336.900 |  343.907 | 
     | core_g48888                            | A ^ -> Y v    | NAND5xp2_ASAP7_75t_SL    |  20.200 | 357.100 |  364.107 | 
     | core_g48863                            | B v -> Y v    | AO21x1_ASAP7_75t_SL      |  28.400 | 385.500 |  392.507 | 
     | core_csa_tree_add_337_39_g6536         | A v -> Y v    | XNOR2xp5_ASAP7_75t_SL    |  25.900 | 411.400 |  418.407 | 
     | core_csa_tree_add_337_39_g6470         | A v -> Y v    | XOR2xp5_ASAP7_75t_SL     |  24.200 | 435.600 |  442.607 | 
     | g506                                   | A v -> Y v    | XNOR2xp5_ASAP7_75t_SL    |  31.600 | 467.200 |  474.207 | 
     | g487                                   | A v -> Y v    | XNOR2xp5_ASAP7_75t_SL    |  21.100 | 488.300 |  495.307 | 
     | core_csa_tree_add_422_23_groupi_g67426 | B v -> Y ^    | NAND2xp5_ASAP7_75t_SL    |  12.800 | 501.100 |  508.107 | 
     | FE_RC_12_0                             | B ^ -> Y v    | OAI21xp5_ASAP7_75t_SL    |  13.300 | 514.400 |  521.407 | 
     | core_csa_tree_add_422_23_groupi_g67448 | A1 v -> Y v   | AO21x1_ASAP7_75t_SL      |  20.700 | 535.100 |  542.107 | 
     | FE_RC_10_0                             | A1 v -> Y ^   | AOI21xp5_ASAP7_75t_SL    |   9.500 | 544.600 |  551.607 | 
     | FE_RC_11_0                             | A ^ -> Y v    | INVx1_ASAP7_75t_SL       |  12.500 | 557.100 |  564.107 | 
     | g68244                                 | B v -> Y v    | AND2x2_ASAP7_75t_SL      |  17.300 | 574.400 |  581.407 | 
     | g68242                                 | A2 v -> Y ^   | AOI22xp5_ASAP7_75t_SL    |  10.100 | 584.500 |  591.507 | 
     | g96                                    | B ^ -> Y ^    | AND2x2_ASAP7_75t_SL      |  22.400 | 606.900 |  613.907 | 
     | core_csa_tree_add_422_23_groupi_g5726  | B ^ -> Y v    | NOR2x1p5_ASAP7_75t_SL    |  15.700 | 622.600 |  629.607 | 
     | core_csa_tree_add_422_23_groupi_g67384 | A v -> Y ^    | NOR2x1p5_ASAP7_75t_SL    |  18.400 | 641.000 |  648.007 | 
     | core_csa_tree_add_422_23_groupi_g5697  | A1 ^ -> Y v   | OAI21x1_ASAP7_75t_SL     |   7.100 | 648.100 |  655.107 | 
     | core_csa_tree_add_422_23_groupi_g5689  | A v -> Y v    | XNOR2xp5_ASAP7_75t_SL    |  17.400 | 665.500 |  672.507 | 
     | core_g63498                            | A1 v -> Y ^   | AOI21xp5_ASAP7_75t_SL    |  10.200 | 675.700 |  682.707 | 
     | core_a_reg_reg[27]                     | D ^           | DFFASRHQNx1_ASAP7_75t_SL |   0.100 | 675.800 |  682.807 | 
     +------------------------------------------------------------------------------------------------------------------+ 

