###############################################################
#  Generated by:      Cadence Innovus 21.13-s100_1
#  OS:                Linux x86_64(Host ID ic21)
#  Generated on:      Tue Mar  4 16:56:36 2025
#  Design:            sha256
#  Command:           report_timing > ../timing_0.1_600.rpt
###############################################################
Path 1: VIOLATED Late External Delay Assertion 
Endpoint:   read_data[12] (v) checked with  leading edge of 'clk'
Beginpoint: address[2]    (v) triggered by  leading edge of 'clk'
Path Groups: {clk}
Analysis View: view_tc
Other End Arrival Time          0.000
- External Delay              300.000
+ Phase Shift                 600.000
= Required Time               300.000
- Arrival Time                301.300
= Slack Time                   -1.300
     Clock Rise Edge                      0.000
     + Input Delay                        1.000
     = Beginpoint Arrival Time            1.000
     +---------------------------------------------------------------------------------------+ 
     |   Instance   |       Arc       |          Cell          |  Delay | Arrival | Required | 
     |              |                 |                        |        |  Time   |   Time   | 
     |--------------+-----------------+------------------------+--------+---------+----------| 
     |              | address[2] v    |                        |        |   1.000 |   -0.300 | 
     | g18452       | A v -> Y ^      | INVx1_ASAP7_75t_SL     | 26.500 |  27.500 |   26.200 | 
     | g18439__9906 | B ^ -> Y v      | NOR2x1_ASAP7_75t_SL    | 17.700 |  45.200 |   43.900 | 
     | g18425__2250 | B v -> Y v      | AND3x2_ASAP7_75t_SL    | 21.500 |  66.700 |   65.400 | 
     | g18416__7118 | B v -> Y v      | AND2x6_ASAP7_75t_SL    | 25.200 |  91.900 |   90.600 | 
     | g18338__5795 | B1 v -> Y ^     | AOI22xp5_ASAP7_75t_SL  | 76.800 | 168.700 |  167.400 | 
     | g17980__8780 | D ^ -> Y v      | NAND4xp25_ASAP7_75t_SL | 19.800 | 188.500 |  187.200 | 
     | g17953__4296 | C v -> Y ^      | AOI221xp5_ASAP7_75t_SL | 20.300 | 208.800 |  207.500 | 
     | g17920__1840 | A ^ -> Y v      | NAND5xp2_ASAP7_75t_SL  | 77.800 | 286.600 |  285.300 | 
     |              | read_data[12] v |                        | 14.700 | 301.300 |  300.000 | 
     +---------------------------------------------------------------------------------------+ 

