###############################################################
#  Generated by:      Cadence Innovus 21.13-s100_1
#  OS:                Linux x86_64(Host ID ic21)
#  Generated on:      Mon Mar 10 18:36:41 2025
#  Design:            sha256
#  Command:           report_timing > ../timing_0.7_340.rpt
###############################################################
Path 1: VIOLATED Late External Delay Assertion 
Endpoint:   read_data[26] (v) checked with  leading edge of 'clk'
Beginpoint: address[2]    (^) triggered by  leading edge of 'clk'
Path Groups: {clk}
Analysis View: view_tc
Other End Arrival Time          0.000
- External Delay              300.000
+ Phase Shift                 340.000
= Required Time                40.000
- Arrival Time                165.800
= Slack Time                  -125.800
     Clock Rise Edge                      0.000
     + Input Delay                        1.000
     = Beginpoint Arrival Time            1.000
     +-------------------------------------------------------------------------------------------+ 
     |    Instance     |       Arc       |          Cell           |  Delay | Arrival | Required | 
     |                 |                 |                         |        |  Time   |   Time   | 
     |-----------------+-----------------+-------------------------+--------+---------+----------| 
     |                 | address[2] ^    |                         |        |   1.000 | -124.800 | 
     | FE_RC_375_0_dup | A ^ -> Y ^      | OR2x2_ASAP7_75t_SL      | 17.500 |  18.500 | -107.300 | 
     | FE_RC_840_0     | C ^ -> Y v      | NOR4xp75_ASAP7_75t_SL   |  8.600 |  27.100 |  -98.700 | 
     | g18400__5019    | B v -> Y v      | AND2x4_ASAP7_75t_SL     | 17.300 |  44.400 |  -81.400 | 
     | FE_RC_295_0     | A v -> Y v      | AND2x6_ASAP7_75t_SL     | 25.400 |  69.800 |  -56.000 | 
     | g18062__1857    | B1 v -> Y ^     | AOI222xp33_ASAP7_75t_SL | 48.000 | 117.800 |   -8.000 | 
     | FE_RC_741_0     | E ^ -> Y v      | NAND5xp2_ASAP7_75t_SL   | 17.400 | 135.200 |    9.400 | 
     | FE_RC_1292_0    | C v -> Y v      | OR3x2_ASAP7_75t_SL      | 28.700 | 163.900 |   38.100 | 
     |                 | read_data[26] v |                         |  1.900 | 165.800 |   40.000 | 
     +-------------------------------------------------------------------------------------------+ 

