###############################################################
#  Generated by:      Cadence Innovus 21.13-s100_1
#  OS:                Linux x86_64(Host ID ic21)
#  Generated on:      Tue Mar  4 20:47:09 2025
#  Design:            sha256
#  Command:           report_timing > ../timing_0.4_300.rpt
###############################################################
Path 1: VIOLATED Late External Delay Assertion 
Endpoint:   read_data[18] (v) checked with  leading edge of 'clk'
Beginpoint: cs            (v) triggered by  leading edge of 'clk'
Path Groups: {clk}
Analysis View: view_tc
Other End Arrival Time          0.000
- External Delay              300.000
+ Phase Shift                 300.000
= Required Time                 0.000
- Arrival Time                179.500
= Slack Time                  -179.500
     Clock Rise Edge                      0.000
     + Input Delay                        1.000
     = Beginpoint Arrival Time            1.000
     +-------------------------------------------------------------------------------------------+ 
     |     Instance     |       Arc       |          Cell          |  Delay | Arrival | Required | 
     |                  |                 |                        |        |  Time   |   Time   | 
     |------------------+-----------------+------------------------+--------+---------+----------| 
     |                  | cs v            |                        |        |   1.000 | -178.500 | 
     | FE_RC_437_0      | A v -> Y ^      | INVx13_ASAP7_75t_SL    |  5.800 |   6.800 | -172.700 | 
     | FE_RC_486_0_dup  | A ^ -> Y ^      | OR5x1_ASAP7_75t_SL     | 19.200 |  26.000 | -153.500 | 
     | g18421__5703     | B ^ -> Y ^      | OR2x6_ASAP7_75t_SL     | 20.500 |  46.500 | -133.000 | 
     | g18409__9682_dup | B ^ -> Y v      | NOR2x2_ASAP7_75t_SL    | 11.300 |  57.800 | -121.700 | 
     | g18388__1786     | B v -> Y v      | AND2x6_ASAP7_75t_SL    | 26.300 |  84.100 |  -95.400 | 
     | FE_RC_510_0      | B1 v -> Y ^     | AOI22xp5_ASAP7_75t_SL  | 43.600 | 127.700 |  -51.800 | 
     | FE_RC_654_0      | B ^ -> Y ^      | AND3x2_ASAP7_75t_SL    | 24.800 | 152.500 |  -27.000 | 
     | FE_RC_2694_0     | A ^ -> Y v      | NAND4xp75_ASAP7_75t_SL | 22.000 | 174.500 |   -5.000 | 
     |                  | read_data[18] v |                        |  5.000 | 179.500 |    0.000 | 
     +-------------------------------------------------------------------------------------------+ 

