###############################################################
#  Generated by:      Cadence Innovus 21.13-s100_1
#  OS:                Linux x86_64(Host ID ic21)
#  Generated on:      Tue Mar 11 00:49:51 2025
#  Design:            sha256
#  Command:           report_timing > ../timing_0.6_484.rpt
###############################################################
Path 1: VIOLATED Setup Check with Pin core_e_reg_reg[29]/CLK 
Endpoint:   core_e_reg_reg[29]/D     (^) checked with  leading edge of 'clk'
Beginpoint: core_t_ctr_reg_reg[2]/QN (^) triggered by  leading edge of 'clk'
Path Groups: {clk}
Analysis View: view_tc
Other End Arrival Time          0.000
- Setup                        14.619
+ Phase Shift                 484.000
= Required Time               469.381
- Arrival Time                473.800
= Slack Time                   -4.419
     Clock Rise Edge                 0.000
     + Clock Network Latency (Ideal) 0.000
     = Beginpoint Arrival Time       0.000
     +----------------------------------------------------------------------------------------------------------------+ 
     |               Instance                |      Arc      |           Cell           |  Delay | Arrival | Required | 
     |                                       |               |                          |        |  Time   |   Time   | 
     |---------------------------------------+---------------+--------------------------+--------+---------+----------| 
     | core_t_ctr_reg_reg[2]                 | CLK ^         |                          |        |   0.000 |   -4.419 | 
     | core_t_ctr_reg_reg[2]                 | CLK ^ -> QN ^ | DFFASRHQNx1_ASAP7_75t_SL | 45.400 |  45.400 |   40.981 | 
     | FE_OCPC334_n_2603                     | A ^ -> Y ^    | BUFx6f_ASAP7_75t_SL      | 19.700 |  65.100 |   60.681 | 
     | FE_OFC163_core_w_mem_inst_w_ctr_reg_2 | A ^ -> Y v    | INVx4_ASAP7_75t_SL       |  6.200 |  71.300 |   66.881 | 
     | core_g67403                           | B v -> Y v    | AND2x6_ASAP7_75t_SL      | 21.100 |  92.400 |   87.981 | 
     | FE_OCPC328_n_2943                     | A v -> Y v    | BUFx2_ASAP7_75t_SL       | 20.700 | 113.100 |  108.681 | 
     | core_g49674                           | B v -> Y v    | AND2x2_ASAP7_75t_SL      | 18.500 | 131.600 |  127.181 | 
     | core_g49578                           | B v -> Y v    | AND2x2_ASAP7_75t_SL      | 16.100 | 147.700 |  143.281 | 
     | core_g49028                           | C v -> Y ^    | AOI221x1_ASAP7_75t_SL    | 10.500 | 158.200 |  153.781 | 
     | core_g48981                           | B ^ -> Y v    | OAI211xp5_ASAP7_75t_SL   | 12.200 | 170.400 |  165.981 | 
     | core_g48918                           | B v -> Y v    | OR5x1_ASAP7_75t_SL       | 37.000 | 207.400 |  202.981 | 
     | core_csa_tree_add_337_39_g6600        | B v -> Y ^    | XNOR2xp5_ASAP7_75t_SL    | 20.900 | 228.300 |  223.881 | 
     | core_csa_tree_add_337_39_g6563        | B ^ -> Y v    | XNOR2x2_ASAP7_75t_SL     | 26.300 | 254.600 |  250.181 | 
     | g99                                   | B v -> Y v    | XNOR2xp5_ASAP7_75t_SL    | 19.300 | 273.900 |  269.481 | 
     | FE_RC_225_0                           | A v -> Y ^    | INVxp67_ASAP7_75t_SL     | 24.700 | 298.600 |  294.181 | 
     | FE_RC_754_0                           | A ^ -> Y ^    | OR2x2_ASAP7_75t_SL       | 23.700 | 322.300 |  317.881 | 
     | FE_RC_756_0                           | A ^ -> Y v    | NAND2x1p5_ASAP7_75t_SL   | 10.600 | 332.900 |  328.481 | 
     | FE_RC_1381_0                          | B v -> Y v    | XNOR2x1_ASAP7_75t_SL     | 23.300 | 356.200 |  351.781 | 
     | core_csa_tree_add_426_26_groupi_g2629 | B v -> Y ^    | NAND2x1p5_ASAP7_75t_SL   | 12.100 | 368.300 |  363.881 | 
     | FE_RC_1121_0                          | A ^ -> Y v    | INVx1_ASAP7_75t_SL       |  8.100 | 376.400 |  371.981 | 
     | FE_RC_1120_0                          | B v -> Y ^    | AOI211x1_ASAP7_75t_SL    | 12.400 | 388.800 |  384.381 | 
     | core_csa_tree_add_426_26_groupi_g2537 | A ^ -> Y v    | NAND2xp5_ASAP7_75t_SL    | 14.300 | 403.100 |  398.681 | 
     | core_csa_tree_add_426_26_groupi_g2536 | A v -> Y ^    | INVx1_ASAP7_75t_SL       | 10.800 | 413.900 |  409.481 | 
     | core_csa_tree_add_426_26_groupi_g2524 | A ^ -> Y v    | NAND2x1_ASAP7_75t_SL     |  6.600 | 420.500 |  416.081 | 
     | FE_RC_1209_0                          | A1 v -> Y ^   | OAI221xp5_ASAP7_75t_SL   | 18.100 | 438.600 |  434.181 | 
     | FE_RC_1210_0                          | A ^ -> Y v    | INVx1_ASAP7_75t_SL       |  8.700 | 447.300 |  442.881 | 
     | core_csa_tree_add_426_26_groupi_g2450 | A v -> Y v    | XNOR2xp5_ASAP7_75t_SL    | 17.100 | 464.400 |  459.981 | 
     | core_g63514                           | A1 v -> Y ^   | AOI21xp5_ASAP7_75t_SL    |  9.400 | 473.800 |  469.381 | 
     | core_e_reg_reg[29]                    | D ^           | DFFASRHQNx1_ASAP7_75t_SL |  0.000 | 473.800 |  469.381 | 
     +----------------------------------------------------------------------------------------------------------------+ 

