###############################################################
#  Generated by:      Cadence Innovus 21.13-s100_1
#  OS:                Linux x86_64(Host ID ic22)
#  Generated on:      Thu Mar  6 21:07:21 2025
#  Design:            sha256
#  Command:           report_timing > ../timing_0.9_300.rpt
###############################################################
Path 1: VIOLATED Late External Delay Assertion 
Endpoint:   read_data[9] (v) checked with  leading edge of 'clk'
Beginpoint: cs           (v) triggered by  leading edge of 'clk'
Path Groups: {clk}
Analysis View: view_tc
Other End Arrival Time          0.000
- External Delay              300.000
+ Phase Shift                 300.000
= Required Time                 0.000
- Arrival Time                228.700
= Slack Time                  -228.700
     Clock Rise Edge                      0.000
     + Input Delay                        1.000
     = Beginpoint Arrival Time            1.000
     +--------------------------------------------------------------------------------------+ 
     |   Instance   |      Arc       |          Cell          |  Delay | Arrival | Required | 
     |              |                |                        |        |  Time   |   Time   | 
     |--------------+----------------+------------------------+--------+---------+----------| 
     |              | cs v           |                        |        |   1.000 | -227.700 | 
     | g7669        | A v -> Y ^     | INVx2_ASAP7_75t_SL     |  3.700 |   4.700 | -224.000 | 
     | g18433__5019 | A ^ -> Y ^     | OR3x2_ASAP7_75t_SL     | 12.900 |  17.600 | -211.100 | 
     | g18428__2703 | A ^ -> Y ^     | OR3x2_ASAP7_75t_SL     | 18.300 |  35.900 | -192.800 | 
     | g18421__5703 | B ^ -> Y ^     | OR2x6_ASAP7_75t_SL     | 21.000 |  56.900 | -171.800 | 
     | g18410__2683 | B ^ -> Y v     | NOR2x2_ASAP7_75t_SL    | 12.200 |  69.100 | -159.600 | 
     | g18393__2250 | B v -> Y v     | AND2x4_ASAP7_75t_SL    | 21.200 |  90.300 | -138.400 | 
     | g18227__7344 | B1 v -> Y v    | AO22x1_ASAP7_75t_SL    | 34.600 | 124.900 | -103.800 | 
     | g18013__9682 | C v -> Y ^     | AOI221xp5_ASAP7_75t_SL | 16.100 | 141.000 |  -87.700 | 
     | g17955__1474 | A ^ -> Y ^     | AND5x1_ASAP7_75t_SL    | 25.300 | 166.300 |  -62.400 | 
     | g17928__4547 | A ^ -> Y v     | NAND5xp2_ASAP7_75t_SL  | 55.400 | 221.700 |   -7.000 | 
     |              | read_data[9] v |                        |  7.000 | 228.700 |    0.000 | 
     +--------------------------------------------------------------------------------------+ 

