###############################################################
#  Generated by:      Cadence Innovus 21.13-s100_1
#  OS:                Linux x86_64(Host ID ic21)
#  Generated on:      Sun Mar  9 21:25:04 2025
#  Design:            sha256
#  Command:           report_timing > ../timing_0.6_200.rpt
###############################################################
Path 1: VIOLATED Late External Delay Assertion 
Endpoint:   read_data[20] (v) checked with  leading edge of 'clk'
Beginpoint: address[6]    (^) triggered by  leading edge of 'clk'
Path Groups: {clk}
Analysis View: view_tc
Other End Arrival Time          0.000
- External Delay              300.000
+ Phase Shift                 200.000
= Required Time               -100.000
- Arrival Time                170.400
= Slack Time                  -270.400
     Clock Rise Edge                      0.000
     + Input Delay                        1.000
     = Beginpoint Arrival Time            1.000
     +-----------------------------------------------------------------------------------------------+ 
     |       Instance       |       Arc       |          Cell          |  Delay | Arrival | Required | 
     |                      |                 |                        |        |  Time   |   Time   | 
     |----------------------+-----------------+------------------------+--------+---------+----------| 
     |                      | address[6] ^    |                        |        |   1.000 | -269.400 | 
     | FE_RC_2397_0         | A ^ -> Y v      | NOR2x1p5_ASAP7_75t_SL  |  8.900 |   9.900 | -260.500 | 
     | FE_RC_2396_0         | A v -> Y ^      | NAND4xp75_ASAP7_75t_SL |  9.100 |  19.000 | -251.400 | 
     | FE_RC_500_0          | B ^ -> Y ^      | OR2x6_ASAP7_75t_SL     | 20.500 |  39.500 | -230.900 | 
     | FE_RC_726_0_dup      | A ^ -> Y v      | NOR2x1p5_ASAP7_75t_SL  | 13.500 |  53.000 | -217.400 | 
     | FE_OCPC2150_FE_RN_38 | A v -> Y v      | BUFx3_ASAP7_75t_SL     | 13.800 |  66.800 | -203.600 | 
     | g18396__5795_dup     | B v -> Y v      | AND2x6_ASAP7_75t_SL    | 20.900 |  87.700 | -182.700 | 
     | FE_RC_1481_0         | B2 v -> Y ^     | AOI22xp5_ASAP7_75t_SL  | 33.300 | 121.000 | -149.400 | 
     | FE_RC_1523_0         | C ^ -> Y ^      | AND4x1_ASAP7_75t_SL    | 24.700 | 145.700 | -124.700 | 
     | FE_RC_3032_0         | B ^ -> Y v      | NAND4xp75_ASAP7_75t_SL | 20.800 | 166.500 | -103.900 | 
     |                      | read_data[20] v |                        |  3.900 | 170.400 | -100.000 | 
     +-----------------------------------------------------------------------------------------------+ 

