###############################################################
#  Generated by:      Cadence Innovus 21.13-s100_1
#  OS:                Linux x86_64(Host ID ic21)
#  Generated on:      Mon Mar 10 19:14:03 2025
#  Design:            sha256
#  Command:           report_timing > ../timing_0.7_370.rpt
###############################################################
Path 1: VIOLATED Late External Delay Assertion 
Endpoint:   read_data[23] (^) checked with  leading edge of 'clk'
Beginpoint: address[4]    (v) triggered by  leading edge of 'clk'
Path Groups: {clk}
Analysis View: view_tc
Other End Arrival Time          0.000
- External Delay              300.000
+ Phase Shift                 370.000
= Required Time                70.000
- Arrival Time                168.600
= Slack Time                  -98.600
     Clock Rise Edge                      0.000
     + Input Delay                        1.000
     = Beginpoint Arrival Time            1.000
     +--------------------------------------------------------------------------------------------+ 
     |     Instance     |       Arc       |          Cell           |  Delay | Arrival | Required | 
     |                  |                 |                         |        |  Time   |   Time   | 
     |------------------+-----------------+-------------------------+--------+---------+----------| 
     |                  | address[4] v    |                         |        |   1.000 |  -97.600 | 
     | FE_RC_1636_0     | B v -> Y ^      | NOR2x1p5_ASAP7_75t_SL   |  9.400 |  10.400 |  -88.200 | 
     | FE_RC_1983_0     | A ^ -> Y v      | NAND4xp75_ASAP7_75t_SL  | 18.100 |  28.500 |  -70.100 | 
     | g18423__7114_dup | B v -> Y ^      | NOR2x1p5_ASAP7_75t_SL   | 15.100 |  43.600 |  -55.000 | 
     | g18400__5019_dup | B ^ -> Y ^      | AND2x4_ASAP7_75t_SL     | 17.500 |  61.100 |  -37.500 | 
     | g18389__5953     | B ^ -> Y ^      | AND2x6_ASAP7_75t_SL     | 24.600 |  85.700 |  -12.900 | 
     | g18055__2250     | B1 ^ -> Y v     | AOI222xp33_ASAP7_75t_SL | 41.500 | 127.200 |   28.600 | 
     | FE_RC_918_0      | B v -> Y ^      | NAND3xp33_ASAP7_75t_SL  | 14.100 | 141.300 |   42.700 | 
     | FE_RC_916_0      | B ^ -> Y v      | NOR3xp33_ASAP7_75t_SL   | 11.000 | 152.300 |   53.700 | 
     | FE_RC_1939_0     | A v -> Y ^      | NAND3xp33_ASAP7_75t_SL  | 15.600 | 167.900 |   69.300 | 
     |                  | read_data[23] ^ |                         |  0.700 | 168.600 |   70.000 | 
     +--------------------------------------------------------------------------------------------+ 

