###############################################################
#  Generated by:      Cadence Innovus 21.13-s100_1
#  OS:                Linux x86_64(Host ID ic21)
#  Generated on:      Tue Mar  4 17:46:57 2025
#  Design:            sha256
#  Command:           report_timing > ../timing_0.1_200.rpt
###############################################################
Path 1: VIOLATED Late External Delay Assertion 
Endpoint:   read_data[10] (^) checked with  leading edge of 'clk'
Beginpoint: address[7]    (v) triggered by  leading edge of 'clk'
Path Groups: {clk}
Analysis View: view_tc
Other End Arrival Time          0.000
- External Delay              300.000
+ Phase Shift                 200.000
= Required Time               -100.000
- Arrival Time                190.000
= Slack Time                  -290.000
     Clock Rise Edge                      0.000
     + Input Delay                        1.000
     = Beginpoint Arrival Time            1.000
     +------------------------------------------------------------------------------------------------+ 
     |       Instance        |       Arc       |          Cell          |  Delay | Arrival | Required | 
     |                       |                 |                        |        |  Time   |   Time   | 
     |-----------------------+-----------------+------------------------+--------+---------+----------| 
     |                       | address[7] v    |                        |        |   1.000 | -289.000 | 
     | FE_OCPC1568_address_7 | A v -> Y v      | BUFx6f_ASAP7_75t_SL    | 20.300 |  21.300 | -268.700 | 
     | FE_RC_2774_0          | B v -> Y ^      | NOR4xp75_ASAP7_75t_SL  | 17.600 |  38.900 | -251.100 | 
     | FE_RC_539_0_dup       | B ^ -> Y ^      | AND4x2_ASAP7_75t_SL    | 32.000 |  70.900 | -219.100 | 
     | FE_RC_3295_0          | A ^ -> Y ^      | AND2x6_ASAP7_75t_SL    | 22.200 |  93.100 | -196.900 | 
     | g18345__4296          | A1 ^ -> Y v     | AOI22x1_ASAP7_75t_SL   | 22.200 | 115.300 | -174.700 | 
     | g18072__6877          | B v -> Y ^      | NAND2x1p5_ASAP7_75t_SL | 14.900 | 130.200 | -159.800 | 
     | g18035__9906          | B ^ -> Y v      | AOI21x1_ASAP7_75t_SL   | 11.600 | 141.800 | -148.200 | 
     | FE_RC_806_0           | B v -> Y ^      | NAND2xp5_ASAP7_75t_SL  | 11.300 | 153.100 | -136.900 | 
     | FE_RC_805_0           | B ^ -> Y v      | NOR2x1_ASAP7_75t_SL    | 10.700 | 163.800 | -126.200 | 
     | FE_RC_1246_0          | A v -> Y ^      | NAND4xp75_ASAP7_75t_SL | 16.000 | 179.800 | -110.200 | 
     |                       | read_data[10] ^ |                        | 10.200 | 190.000 | -100.000 | 
     +------------------------------------------------------------------------------------------------+ 

