###############################################################
#  Generated by:      Cadence Innovus 21.13-s100_1
#  OS:                Linux x86_64(Host ID ic22)
#  Generated on:      Thu Mar  6 19:17:34 2025
#  Design:            sha256
#  Command:           report_timing > ../timing_0.7_200.rpt
###############################################################
Path 1: VIOLATED Late External Delay Assertion 
Endpoint:   read_data[18] (^) checked with  leading edge of 'clk'
Beginpoint: cs            (^) triggered by  leading edge of 'clk'
Path Groups: {clk}
Analysis View: view_tc
Other End Arrival Time          0.000
- External Delay              300.000
+ Phase Shift                 200.000
= Required Time               -100.000
- Arrival Time                167.100
= Slack Time                  -267.100
     Clock Rise Edge                      0.000
     + Input Delay                        1.000
     = Beginpoint Arrival Time            1.000
     +-------------------------------------------------------------------------------------------+ 
     |     Instance     |       Arc       |          Cell          |  Delay | Arrival | Required | 
     |                  |                 |                        |        |  Time   |   Time   | 
     |------------------+-----------------+------------------------+--------+---------+----------| 
     |                  | cs ^            |                        |        |   1.000 | -266.100 | 
     | g7669_dup        | A ^ -> Y v      | INVx5_ASAP7_75t_SL     |  8.000 |   9.000 | -258.100 | 
     | FE_RC_523_0_dup1 | A v -> Y v      | OR3x1_ASAP7_75t_SL     | 19.400 |  28.400 | -238.700 | 
     | FE_RC_459_0      | A v -> Y v      | OR2x6_ASAP7_75t_SL     | 20.100 |  48.500 | -218.600 | 
     | g18402__9906_dup | B v -> Y ^      | NOR2x2_ASAP7_75t_SL    | 13.000 |  61.500 | -205.600 | 
     | g18377__1474_dup | B ^ -> Y ^      | AND2x6_ASAP7_75t_SL    | 26.500 |  88.000 | -179.100 | 
     | g17985__9682     | A1 ^ -> Y v     | AOI221x1_ASAP7_75t_SL  | 39.600 | 127.600 | -139.500 | 
     | FE_RC_2473_0     | D v -> Y ^      | NAND4xp75_ASAP7_75t_SL | 17.800 | 145.400 | -121.700 | 
     | FE_RC_2465_0     | A ^ -> Y ^      | OR4x2_ASAP7_75t_SL     | 17.700 | 163.100 | -104.000 | 
     |                  | read_data[18] ^ |                        |  4.000 | 167.100 | -100.000 | 
     +-------------------------------------------------------------------------------------------+ 

