###############################################################
#  Generated by:      Cadence Innovus 21.13-s100_1
#  OS:                Linux x86_64(Host ID ic21)
#  Generated on:      Mon Mar 10 18:14:36 2025
#  Design:            sha256
#  Command:           report_timing > ../timing_0.7_320.rpt
###############################################################
Path 1: VIOLATED Late External Delay Assertion 
Endpoint:   read_data[19] (v) checked with  leading edge of 'clk'
Beginpoint: cs            (v) triggered by  leading edge of 'clk'
Path Groups: {clk}
Analysis View: view_tc
Other End Arrival Time          0.000
- External Delay              300.000
+ Phase Shift                 320.000
= Required Time                20.000
- Arrival Time                164.600
= Slack Time                  -144.600
     Clock Rise Edge                      0.000
     + Input Delay                        1.000
     = Beginpoint Arrival Time            1.000
     +-------------------------------------------------------------------------------------------+ 
     |     Instance     |       Arc       |          Cell          |  Delay | Arrival | Required | 
     |                  |                 |                        |        |  Time   |   Time   | 
     |------------------+-----------------+------------------------+--------+---------+----------| 
     |                  | cs v            |                        |        |   1.000 | -143.600 | 
     | g7669_dup        | A v -> Y ^      | INVx8_ASAP7_75t_SL     |  4.500 |   5.500 | -139.100 | 
     | FE_RC_512_0      | A ^ -> Y v      | NOR3x2_ASAP7_75t_SL    | 10.300 |  15.800 | -128.800 | 
     | FE_RC_1870_0     | A v -> Y ^      | INVx2_ASAP7_75t_SL     |  7.400 |  23.200 | -121.400 | 
     | FE_RC_348_0_dup  | A ^ -> Y ^      | OR3x2_ASAP7_75t_SL     | 15.600 |  38.800 | -105.800 | 
     | g18401__1857_dup | B ^ -> Y v      | NOR2x1p5_ASAP7_75t_SL  | 12.500 |  51.300 |  -93.300 | 
     | g18380__2683     | B v -> Y v      | AND2x6_ASAP7_75t_SL    | 25.500 |  76.800 |  -67.800 | 
     | FE_RC_1639_0     | A v -> Y v      | BUFx12f_ASAP7_75t_SL   | 27.300 | 104.100 |  -40.500 | 
     | FE_RC_862_0      | B1 v -> Y v     | AO22x2_ASAP7_75t_SL    | 22.000 | 126.100 |  -18.500 | 
     | FE_RC_1166_0     | C v -> Y ^      | NOR3xp33_ASAP7_75t_SL  | 21.300 | 147.400 |    2.800 | 
     | FE_RC_1162_0     | D ^ -> Y v      | NAND4xp75_ASAP7_75t_SL | 15.000 | 162.400 |   17.800 | 
     |                  | read_data[19] v |                        |  2.200 | 164.600 |   20.000 | 
     +-------------------------------------------------------------------------------------------+ 

