###############################################################
#  Generated by:      Cadence Innovus 21.13-s100_1
#  OS:                Linux x86_64(Host ID ic21)
#  Generated on:      Mon Mar 10 15:40:40 2025
#  Design:            sha256
#  Command:           report_timing > ../timing_0.7_573.rpt
###############################################################
Path 1: MET Late External Delay Assertion 
Endpoint:   read_data[19] (v) checked with  leading edge of 'clk'
Beginpoint: cs            (v) triggered by  leading edge of 'clk'
Path Groups: {clk}
Analysis View: view_tc
Other End Arrival Time          0.000
- External Delay              300.000
+ Phase Shift                 573.000
= Required Time               273.000
- Arrival Time                268.400
= Slack Time                    4.600
     Clock Rise Edge                      0.000
     + Input Delay                        1.000
     = Beginpoint Arrival Time            1.000
     +-------------------------------------------------------------------------------------------------+ 
     |        Instance        |       Arc       |          Cell          |  Delay | Arrival | Required | 
     |                        |                 |                        |        |  Time   |   Time   | 
     |------------------------+-----------------+------------------------+--------+---------+----------| 
     |                        | cs v            |                        |        |   1.000 |    5.600 | 
     | g7669                  | A v -> Y ^      | INVx2_ASAP7_75t_SL     |  3.800 |   4.800 |    9.400 | 
     | FE_RC_31_0             | A ^ -> Y ^      | OR3x2_ASAP7_75t_SL     | 13.800 |  18.600 |   23.200 | 
     | g18430__5795           | A ^ -> Y ^      | OR3x2_ASAP7_75t_SL     | 19.300 |  37.900 |   42.500 | 
     | g18429                 | A ^ -> Y v      | INVx1_ASAP7_75t_SL     |  5.000 |  42.900 |   47.500 | 
     | g18425__2250           | A v -> Y v      | AND3x2_ASAP7_75t_SL    | 15.700 |  58.600 |   63.200 | 
     | g18417__8757           | B v -> Y v      | AND2x4_ASAP7_75t_SL    | 23.000 |  81.600 |   86.200 | 
     | FE_OFC146_n_843        | A v -> Y v      | BUFx4f_ASAP7_75t_SL    | 34.200 | 115.800 |  120.400 | 
     | g18105__8757           | A2 v -> Y v     | AO222x2_ASAP7_75t_SL   | 27.900 | 143.700 |  148.300 | 
     | g18020__7118           | C v -> Y ^      | AOI221xp5_ASAP7_75t_SL | 44.800 | 188.500 |  193.100 | 
     | g17944__6083           | D ^ -> Y ^      | AND5x1_ASAP7_75t_SL    | 36.300 | 224.800 |  229.400 | 
     | g17901__9682           | A ^ -> Y v      | NAND5xp2_ASAP7_75t_SL  | 14.800 | 239.600 |  244.200 | 
     | FE_OFC149_read_data_19 | A v -> Y v      | BUFx2_ASAP7_75t_SL     | 24.000 | 263.600 |  268.200 | 
     |                        | read_data[19] v |                        |  4.800 | 268.400 |  273.000 | 
     +-------------------------------------------------------------------------------------------------+ 

