###############################################################
#  Generated by:      Cadence Innovus 21.13-s100_1
#  OS:                Linux x86_64(Host ID ic21)
#  Generated on:      Sun Mar  9 18:36:08 2025
#  Design:            sha256
#  Command:           report_timing > ../timing_0.5_500.rpt
###############################################################
Path 1: VIOLATED Setup Check with Pin block_reg_reg[6][25]/CLK 
Endpoint:   block_reg_reg[6][25]/D (^) checked with  leading edge of 'clk'
Beginpoint: cs                     (^) triggered by  leading edge of 'clk'
Path Groups: {clk}
Analysis View: view_tc
Other End Arrival Time          0.000
- Setup                        17.562
+ Phase Shift                 500.000
= Required Time               482.438
- Arrival Time                493.700
= Slack Time                  -11.262
     Clock Rise Edge                      0.000
     + Input Delay                        1.000
     = Beginpoint Arrival Time            1.000
     +----------------------------------------------------------------------------------------------+ 
     |       Instance       |     Arc     |           Cell           |  Delay  | Arrival | Required | 
     |                      |             |                          |         |  Time   |   Time   | 
     |----------------------+-------------+--------------------------+---------+---------+----------| 
     |                      | cs ^        |                          |         |   1.000 |  -10.262 | 
     | g7669                | A ^ -> Y v  | INVx2_ASAP7_75t_SL       |   6.100 |   7.100 |   -4.162 | 
     | FE_RC_132_0_dup      | A v -> Y v  | OR3x1_ASAP7_75t_SL       |  20.100 |  27.200 |   15.938 | 
     | g18431__7344         | A v -> Y v  | OR3x1_ASAP7_75t_SL       |  20.800 |  48.000 |   36.738 | 
     | g7667                | A v -> Y ^  | INVx1_ASAP7_75t_SL       |   6.900 |  54.900 |   43.638 | 
     | g9357                | B ^ -> Y v  | NAND2xp5_ASAP7_75t_SL    |  13.500 |  68.400 |   57.138 | 
     | g9223                | B v -> Y ^  | NOR2xp33_ASAP7_75t_L     |  40.600 | 109.000 |   97.738 | 
     | g9094                | B ^ -> Y ^  | AND2x2_ASAP7_75t_SL      |  40.900 | 149.900 |  138.638 | 
     | g8957                | A ^ -> Y v  | INVx1_ASAP7_75t_SL       | 163.700 | 313.600 |  302.338 | 
     | FE_OFC294_n_275      | A v -> Y v  | HB1xp67_ASAP7_75t_L      | 112.200 | 425.800 |  414.538 | 
     | g8783                | B2 v -> Y ^ | AOI22xp5_ASAP7_75t_SL    |  67.800 | 493.600 |  482.338 | 
     | block_reg_reg[6][25] | D ^         | DFFASRHQNx1_ASAP7_75t_SL |   0.100 | 493.700 |  482.438 | 
     +----------------------------------------------------------------------------------------------+ 

