###############################################################
#  Generated by:      Cadence Innovus 21.13-s100_1
#  OS:                Linux x86_64(Host ID ic21)
#  Generated on:      Tue Mar  4 22:12:21 2025
#  Design:            sha256
#  Command:           report_timing > ../timing_0.6_800.rpt
###############################################################
Path 1: MET Setup Check with Pin core_a_reg_reg[25]/CLK 
Endpoint:   core_a_reg_reg[25]/D     (^) checked with  leading edge of 'clk'
Beginpoint: core_t_ctr_reg_reg[1]/QN (^) triggered by  leading edge of 'clk'
Path Groups: {clk}
Analysis View: view_tc
Other End Arrival Time          0.000
- Setup                        16.947
+ Phase Shift                 800.000
= Required Time               783.053
- Arrival Time                740.100
= Slack Time                   42.953
     Clock Rise Edge                 0.000
     + Clock Network Latency (Ideal) 0.000
     = Beginpoint Arrival Time       0.000
     +--------------------------------------------------------------------------------------------------------------------+ 
     |                 Instance                  |      Arc      |           Cell           |  Delay | Arrival | Required | 
     |                                           |               |                          |        |  Time   |   Time   | 
     |-------------------------------------------+---------------+--------------------------+--------+---------+----------| 
     | core_t_ctr_reg_reg[1]                     | CLK ^         |                          |        |  -0.000 |   42.953 | 
     | core_t_ctr_reg_reg[1]                     | CLK ^ -> QN ^ | DFFASRHQNx1_ASAP7_75t_SL | 91.300 |  91.300 |  134.253 | 
     | FE_DBTC5_core_w_mem_inst_w_ctr_reg_1      | A ^ -> Y v    | INVx1_ASAP7_75t_SL       | 57.800 | 149.100 |  192.053 | 
     | core_g49838                               | B v -> Y v    | AND2x2_ASAP7_75t_SL      | 41.500 | 190.600 |  233.553 | 
     | core_g49701                               | B v -> Y v    | AND2x2_ASAP7_75t_SL      | 28.300 | 218.900 |  261.853 | 
     | core_g49507                               | B v -> Y v    | AND2x2_ASAP7_75t_SL      | 45.000 | 263.900 |  306.853 | 
     | FE_OFC119_core_n_48261                    | A v -> Y ^    | INVx1_ASAP7_75t_SL       | 51.200 | 315.100 |  358.053 | 
     | FE_OFC120_core_n_48261                    | A ^ -> Y v    | INVxp33_ASAP7_75t_SL     | 21.200 | 336.300 |  379.253 | 
     | core_g49164                               | B2 v -> Y ^   | AOI22xp5_ASAP7_75t_SL    | 15.200 | 351.500 |  394.453 | 
     | core_g48949                               | A ^ -> Y ^    | AND4x1_ASAP7_75t_SL      | 20.600 | 372.100 |  415.053 | 
     | core_g48891                               | A ^ -> Y v    | NAND5xp2_ASAP7_75t_SL    | 16.000 | 388.100 |  431.053 | 
     | core_g48865                               | B v -> Y v    | AO21x1_ASAP7_75t_SL      | 25.900 | 414.000 |  456.953 | 
     | g68392                                    | A v -> Y v    | MAJx2_ASAP7_75t_SL       | 29.700 | 443.700 |  486.653 | 
     | core_csa_tree_add_422_23_groupi_g6090     | B v -> Y v    | XNOR2xp5_ASAP7_75t_SL    | 23.100 | 466.800 |  509.753 | 
     | g506                                      | B v -> Y v    | XNOR2xp5_ASAP7_75t_SL    | 26.900 | 493.700 |  536.653 | 
     | g487                                      | A v -> Y v    | XNOR2xp5_ASAP7_75t_SL    | 21.200 | 514.900 |  557.853 | 
     | core_csa_tree_add_422_23_groupi_g67426    | B v -> Y ^    | NAND2xp5_ASAP7_75t_SL    | 12.800 | 527.700 |  570.653 | 
     | core_csa_tree_add_422_23_groupi_g5748_dup | B ^ -> Y v    | OAI21xp5_ASAP7_75t_SL    | 13.400 | 541.100 |  584.053 | 
     | core_csa_tree_add_422_23_groupi_g67448    | A1 v -> Y v   | AO21x1_ASAP7_75t_SL      | 20.700 | 561.800 |  604.753 | 
     | core_csa_tree_add_422_23_groupi_g5741_dup | A2 v -> Y v   | AO21x1_ASAP7_75t_SL      | 20.800 | 582.600 |  625.553 | 
     | g68244                                    | B v -> Y v    | AND2x2_ASAP7_75t_SL      | 16.500 | 599.100 |  642.053 | 
     | g68242                                    | A2 v -> Y ^   | AOI22xp5_ASAP7_75t_SL    | 10.700 | 609.800 |  652.753 | 
     | g96                                       | B ^ -> Y ^    | AND2x2_ASAP7_75t_SL      | 21.900 | 631.700 |  674.653 | 
     | core_csa_tree_add_422_23_groupi_g5726     | B ^ -> Y v    | NOR2xp33_ASAP7_75t_SL    | 23.700 | 655.400 |  698.353 | 
     | core_csa_tree_add_422_23_groupi_g67384    | A v -> Y ^    | NOR2xp33_ASAP7_75t_SL    | 37.900 | 693.300 |  736.253 | 
     | core_csa_tree_add_422_23_groupi_g5699     | A1 ^ -> Y v   | OAI21xp5_ASAP7_75t_SL    | 16.100 | 709.400 |  752.353 | 
     | core_csa_tree_add_422_23_groupi_g5691     | A v -> Y v    | XNOR2xp5_ASAP7_75t_SL    | 20.000 | 729.400 |  772.353 | 
     | core_g63499                               | A1 v -> Y ^   | AOI21xp5_ASAP7_75t_SL    | 10.600 | 740.000 |  782.953 | 
     | core_a_reg_reg[25]                        | D ^           | DFFASRHQNx1_ASAP7_75t_SL |  0.100 | 740.100 |  783.053 | 
     +--------------------------------------------------------------------------------------------------------------------+ 

