###############################################################
#  Generated by:      Cadence Innovus 21.13-s100_1
#  OS:                Linux x86_64(Host ID ic21)
#  Generated on:      Sun Mar  9 17:05:43 2025
#  Design:            sha256
#  Command:           report_timing > ../timing_0.6_400.rpt
###############################################################
Path 1: VIOLATED Late External Delay Assertion 
Endpoint:   read_data[11] (v) checked with  leading edge of 'clk'
Beginpoint: cs            (v) triggered by  leading edge of 'clk'
Path Groups: {clk}
Analysis View: view_tc
Other End Arrival Time          0.000
- External Delay              300.000
+ Phase Shift                 400.000
= Required Time               100.000
- Arrival Time                175.500
= Slack Time                  -75.500
     Clock Rise Edge                      0.000
     + Input Delay                        1.000
     = Beginpoint Arrival Time            1.000
     +------------------------------------------------------------------------------------------+ 
     |    Instance     |       Arc       |          Cell          |  Delay | Arrival | Required | 
     |                 |                 |                        |        |  Time   |   Time   | 
     |-----------------+-----------------+------------------------+--------+---------+----------| 
     |                 | cs v            |                        |        |   1.000 |  -74.500 | 
     | g7669_dup       | A v -> Y ^      | INVx8_ASAP7_75t_SL     |  5.200 |   6.200 |  -69.300 | 
     | FE_RC_479_0     | A ^ -> Y v      | NOR3x2_ASAP7_75t_SL    |  7.500 |  13.700 |  -61.800 | 
     | FE_RC_480_0_dup | A v -> Y ^      | INVx3_ASAP7_75t_SL     |  8.800 |  22.500 |  -53.000 | 
     | FE_RC_744_0_dup | A ^ -> Y ^      | OR3x2_ASAP7_75t_SL     | 21.000 |  43.500 |  -32.000 | 
     | g18409__9682    | B ^ -> Y v      | NOR2x2_ASAP7_75t_SL    | 16.100 |  59.600 |  -15.900 | 
     | g18396__5795    | B v -> Y v      | AND2x6_ASAP7_75t_SL    | 24.800 |  84.400 |    8.900 | 
     | FE_OFC409_n_863 | A v -> Y v      | BUFx6f_ASAP7_75t_SL    | 34.200 | 118.600 |   43.100 | 
     | FE_RC_2181_0    | B v -> Y ^      | NAND2x1p5_ASAP7_75t_SL |  9.900 | 128.500 |   53.000 | 
     | FE_RC_2180_0    | A ^ -> Y v      | NAND3xp33_ASAP7_75t_SL | 12.800 | 141.300 |   65.800 | 
     | FE_RC_1296_0    | C v -> Y ^      | NOR3xp33_ASAP7_75t_SL  | 14.100 | 155.400 |   79.900 | 
     | FE_RC_1235_0    | B ^ -> Y v      | NAND3xp33_ASAP7_75t_SL | 19.300 | 174.700 |   99.200 | 
     |                 | read_data[11] v |                        |  0.800 | 175.500 |  100.000 | 
     +------------------------------------------------------------------------------------------+ 

