###############################################################
#  Generated by:      Cadence Innovus 21.13-s100_1
#  OS:                Linux x86_64(Host ID ic21)
#  Generated on:      Mon Mar 10 17:19:55 2025
#  Design:            sha256
#  Command:           report_timing > ../timing_0.7_460.rpt
###############################################################
Path 1: VIOLATED Late External Delay Assertion 
Endpoint:   read_data[5] (v) checked with  leading edge of 'clk'
Beginpoint: address[6]   (^) triggered by  leading edge of 'clk'
Path Groups: {clk}
Analysis View: view_tc
Other End Arrival Time          0.000
- External Delay              300.000
+ Phase Shift                 460.000
= Required Time               160.000
- Arrival Time                166.000
= Slack Time                   -6.000
     Clock Rise Edge                      0.000
     + Input Delay                        1.000
     = Beginpoint Arrival Time            1.000
     +--------------------------------------------------------------------------------------+ 
     |   Instance   |      Arc       |          Cell          |  Delay | Arrival | Required | 
     |              |                |                        |        |  Time   |   Time   | 
     |--------------+----------------+------------------------+--------+---------+----------| 
     |              | address[6] ^   |                        |        |   1.000 |   -5.000 | 
     | FE_RC_382_0  | A ^ -> Y v     | NOR2x2_ASAP7_75t_SL    | 12.000 |  13.000 |    7.000 | 
     | FE_RC_383_0  | A v -> Y ^     | INVx2_ASAP7_75t_SL     |  6.200 |  19.200 |   13.200 | 
     | FE_RC_264_0  | A ^ -> Y v     | NOR4xp75_ASAP7_75t_SL  |  8.900 |  28.100 |   22.100 | 
     | FE_RC_186_0  | B v -> Y v     | AND2x2_ASAP7_75t_SL    | 18.500 |  46.600 |   40.600 | 
     | g18415__7675 | B v -> Y v     | AND2x6_ASAP7_75t_SL    | 22.000 |  68.600 |   62.600 | 
     | g18368__1840 | A1 v -> Y ^    | AOI22x1_ASAP7_75t_SL   | 37.300 | 105.900 |   99.900 | 
     | FE_RC_1981_0 | C ^ -> Y v     | NAND4xp75_ASAP7_75t_SL | 17.500 | 123.400 |  117.400 | 
     | FE_RC_1958_0 | B v -> Y ^     | AOI211x1_ASAP7_75t_SL  | 18.700 | 142.100 |  136.100 | 
     | FE_RC_766_0  | B ^ -> Y v     | NAND4xp75_ASAP7_75t_SL | 21.100 | 163.200 |  157.200 | 
     |              | read_data[5] v |                        |  2.800 | 166.000 |  160.000 | 
     +--------------------------------------------------------------------------------------+ 

