###############################################################
#  Generated by:      Cadence Innovus 21.13-s100_1
#  OS:                Linux x86_64(Host ID ic21)
#  Generated on:      Mon Mar 10 01:32:44 2025
#  Design:            sha256
#  Command:           report_timing > ../timing_0.6_540.rpt
###############################################################
Path 1: VIOLATED Setup Check with Pin core_e_reg_reg[30]/CLK 
Endpoint:   core_e_reg_reg[30]/D     (^) checked with  leading edge of 'clk'
Beginpoint: core_t_ctr_reg_reg[0]/QN (^) triggered by  leading edge of 'clk'
Path Groups: {clk}
Analysis View: view_tc
Other End Arrival Time          0.000
- Setup                        14.567
+ Phase Shift                 540.000
= Required Time               525.433
- Arrival Time                544.300
= Slack Time                  -18.867
     Clock Rise Edge                 0.000
     + Clock Network Latency (Ideal) 0.000
     = Beginpoint Arrival Time       0.000
     +----------------------------------------------------------------------------------------------------------------+ 
     |               Instance                |      Arc      |           Cell           |  Delay | Arrival | Required | 
     |                                       |               |                          |        |  Time   |   Time   | 
     |---------------------------------------+---------------+--------------------------+--------+---------+----------| 
     | core_t_ctr_reg_reg[0]                 | CLK ^         |                          |        |   0.000 |  -18.867 | 
     | core_t_ctr_reg_reg[0]                 | CLK ^ -> QN ^ | DFFASRHQNx1_ASAP7_75t_SL | 50.100 |  50.100 |   31.233 | 
     | FE_OFC160_core_n_1912                 | A ^ -> Y v    | INVx2_ASAP7_75t_SL       | 15.300 |  65.400 |   46.533 | 
     | core_g49836                           | B v -> Y v    | AND2x4_ASAP7_75t_SL      | 22.800 |  88.200 |   69.333 | 
     | core_g67418                           | A v -> Y v    | AND2x4_ASAP7_75t_SL      | 18.000 | 106.200 |   87.333 | 
     | FE_OCPC229_n_2960                     | A v -> Y v    | BUFx6f_ASAP7_75t_SL      | 14.100 | 120.300 |  101.433 | 
     | core_g49586                           | B v -> Y v    | AND2x4_ASAP7_75t_SL      | 23.400 | 143.700 |  124.833 | 
     | FE_OCPC251_core_n_48325               | A v -> Y v    | HB1xp67_ASAP7_75t_L      | 67.500 | 211.200 |  192.333 | 
     | core_g67409                           | A2 v -> Y ^   | AOI22xp5_ASAP7_75t_SL    | 14.100 | 225.300 |  206.433 | 
     | core_g48949                           | B ^ -> Y ^    | AND4x1_ASAP7_75t_SL      | 20.300 | 245.600 |  226.733 | 
     | FE_RC_8_0                             | A ^ -> Y v    | NAND3xp33_ASAP7_75t_SL   | 10.500 | 256.100 |  237.233 | 
     | core_g48865                           | B v -> Y v    | AO21x2_ASAP7_75t_SL      | 21.200 | 277.300 |  258.433 | 
     | FE_RC_3_0                             | B v -> Y ^    | NOR2xp67_ASAP7_75t_SL    | 13.200 | 290.500 |  271.633 | 
     | FE_RC_2_0                             | B ^ -> Y ^    | AO21x1_ASAP7_75t_SL      | 16.300 | 306.800 |  287.933 | 
     | g507                                  | B ^ -> Y v    | XNOR2x2_ASAP7_75t_SL     | 27.700 | 334.500 |  315.633 | 
     | core_csa_tree_add_426_26_groupi_g2737 | A v -> Y v    | XNOR2x2_ASAP7_75t_SL     | 19.100 | 353.600 |  334.733 | 
     | core_csa_tree_add_426_26_groupi_g2722 | A v -> Y ^    | INVx1_ASAP7_75t_SL       |  7.400 | 361.000 |  342.133 | 
     | core_csa_tree_add_426_26_groupi_g2686 | B ^ -> Y v    | NAND2x1_ASAP7_75t_SL     |  8.200 | 369.200 |  350.333 | 
     | core_csa_tree_add_426_26_groupi_g2580 | A v -> Y ^    | NAND2xp5_ASAP7_75t_SL    | 10.100 | 379.300 |  360.433 | 
     | FE_RC_7_0                             | A1 ^ -> Y v   | OAI21xp5_ASAP7_75t_SL    | 13.400 | 392.700 |  373.833 | 
     | g68577                                | A2 v -> Y v   | AO21x1_ASAP7_75t_SL      | 21.000 | 413.700 |  394.833 | 
     | g68576                                | A1 v -> Y ^   | AOI21x1_ASAP7_75t_SL     | 16.900 | 430.600 |  411.733 | 
     | g81                                   | A1 ^ -> Y v   | OAI21x1_ASAP7_75t_SL     | 14.800 | 445.400 |  426.533 | 
     | g68694                                | A2 v -> Y ^   | AOI21x1_ASAP7_75t_SL     | 16.100 | 461.500 |  442.633 | 
     | g68690                                | A2 ^ -> Y ^   | AO211x2_ASAP7_75t_SL     | 27.100 | 488.600 |  469.733 | 
     | core_csa_tree_add_426_26_groupi_g2470 | B ^ -> Y ^    | AND2x4_ASAP7_75t_SL      | 21.300 | 509.900 |  491.033 | 
     | g68319                                | A2 ^ -> Y v   | OAI21x1_ASAP7_75t_SL     |  7.200 | 517.100 |  498.233 | 
     | g68318                                | A v -> Y v    | XNOR2xp5_ASAP7_75t_SL    | 16.900 | 534.000 |  515.133 | 
     | core_g64067                           | A1 v -> Y ^   | AOI21xp5_ASAP7_75t_SL    | 10.200 | 544.200 |  525.333 | 
     | core_e_reg_reg[30]                    | D ^           | DFFASRHQNx1_ASAP7_75t_SL |  0.100 | 544.300 |  525.433 | 
     +----------------------------------------------------------------------------------------------------------------+ 

