###############################################################
#  Generated by:      Cadence Innovus 21.13-s100_1
#  OS:                Linux x86_64(Host ID ic21)
#  Generated on:      Sun Mar  9 18:42:43 2025
#  Design:            sha256
#  Command:           report_timing > ../timing_0.6_700.rpt
###############################################################
Path 1: MET Setup Check with Pin core_a_reg_reg[25]/CLK 
Endpoint:   core_a_reg_reg[25]/D     (^) checked with  leading edge of 'clk'
Beginpoint: core_t_ctr_reg_reg[5]/QN (^) triggered by  leading edge of 'clk'
Path Groups: {clk}
Analysis View: view_tc
Other End Arrival Time          0.000
- Setup                        17.177
+ Phase Shift                 700.000
= Required Time               682.823
- Arrival Time                660.300
= Slack Time                   22.523
     Clock Rise Edge                 0.000
     + Clock Network Latency (Ideal) 0.000
     = Beginpoint Arrival Time       0.000
     +--------------------------------------------------------------------------------------------------------------------------+ 
     |                    Instance                     |      Arc      |           Cell           |  Delay | Arrival | Required | 
     |                                                 |               |                          |        |  Time   |   Time   | 
     |-------------------------------------------------+---------------+--------------------------+--------+---------+----------| 
     | core_t_ctr_reg_reg[5]                           | CLK ^         |                          |        |   0.000 |   22.523 | 
     | core_t_ctr_reg_reg[5]                           | CLK ^ -> QN ^ | DFFASRHQNx1_ASAP7_75t_SL | 82.700 |  82.700 |  105.223 | 
     | g657                                            | A ^ -> Y v    | INVx5_ASAP7_75t_SL       | 21.200 | 103.900 |  126.423 | 
     | g68527                                          | B v -> Y v    | AND2x4_ASAP7_75t_SL      | 35.100 | 139.000 |  161.523 | 
     | core_g67396                                     | B v -> Y v    | AND2x2_ASAP7_75t_SL      | 30.100 | 169.100 |  191.623 | 
     | core_g49582                                     | B v -> Y v    | AND2x2_ASAP7_75t_SL      | 27.800 | 196.900 |  219.423 | 
     | FE_OFC172_core_n_48321                          | A v -> Y v    | BUFx2_ASAP7_75t_SL       | 44.000 | 240.900 |  263.423 | 
     | FE_OFC185_core_n_48321                          | A v -> Y ^    | INVxp33_ASAP7_75t_SL     | 44.500 | 285.400 |  307.923 | 
     | FE_OFC189_core_n_48321                          | A ^ -> Y v    | INVxp33_ASAP7_75t_SL     | 17.300 | 302.700 |  325.223 | 
     | core_g67400                                     | B2 v -> Y ^   | AOI22xp5_ASAP7_75t_SL    | 14.400 | 317.100 |  339.623 | 
     | core_g48953                                     | A ^ -> Y v    | NAND4xp25_ASAP7_75t_SL   | 18.100 | 335.200 |  357.723 | 
     | core_g48874                                     | C v -> Y v    | AO211x2_ASAP7_75t_SL     | 21.900 | 357.100 |  379.623 | 
     | g68207                                          | B v -> Y v    | XNOR2xp5_ASAP7_75t_SL    | 22.200 | 379.300 |  401.823 | 
     | g68205                                          | B v -> Y v    | XNOR2xp5_ASAP7_75t_SL    | 27.200 | 406.500 |  429.023 | 
     | core_csa_tree_add_422_23_groupi_g5957           | A v -> Y v    | XNOR2xp5_ASAP7_75t_SL    | 25.700 | 432.200 |  454.723 | 
     | core_csa_tree_add_422_23_groupi_g67864          | A v -> Y v    | MAJx2_ASAP7_75t_SL       | 23.200 | 455.400 |  477.923 | 
     | core_csa_tree_add_422_23_groupi_g67659_dup68826 | A1 v -> Y ^   | AOI21xp5_ASAP7_75t_SL    | 17.800 | 473.200 |  495.723 | 
     | core_csa_tree_add_422_23_groupi_g67869          | A ^ -> Y ^    | MAJx2_ASAP7_75t_SL       | 20.900 | 494.100 |  516.623 | 
     | core_csa_tree_add_422_23_groupi_g5748_dup       | A1 ^ -> Y v   | OAI21xp5_ASAP7_75t_SL    | 13.500 | 507.600 |  530.123 | 
     | core_csa_tree_add_422_23_groupi_g67448          | A1 v -> Y v   | AO21x1_ASAP7_75t_SL      | 22.300 | 529.900 |  552.423 | 
     | FE_RC_3_0                                       | A1 v -> Y ^   | AOI21x1_ASAP7_75t_SL     |  9.600 | 539.500 |  562.023 | 
     | FE_RC_4_0                                       | A ^ -> Y v    | INVx2_ASAP7_75t_SL       |  7.700 | 547.200 |  569.723 | 
     | g68244                                          | B v -> Y v    | AND2x2_ASAP7_75t_SL      | 14.600 | 561.800 |  584.323 | 
     | g68242                                          | A2 v -> Y ^   | AOI22xp5_ASAP7_75t_SL    | 12.800 | 574.600 |  597.123 | 
     | g96                                             | B ^ -> Y ^    | AND2x4_ASAP7_75t_SL      | 17.800 | 592.400 |  614.923 | 
     | core_csa_tree_add_422_23_groupi_g5726           | B ^ -> Y v    | NOR2x1p5_ASAP7_75t_SL    | 15.500 | 607.900 |  630.423 | 
     | core_csa_tree_add_422_23_groupi_g67384          | A v -> Y ^    | NOR2x1p5_ASAP7_75t_SL    | 18.500 | 626.400 |  648.923 | 
     | core_csa_tree_add_422_23_groupi_g5699           | A1 ^ -> Y v   | OAI21x1_ASAP7_75t_SL     |  6.900 | 633.300 |  655.823 | 
     | core_csa_tree_add_422_23_groupi_g5691           | A v -> Y v    | XNOR2xp5_ASAP7_75t_SL    | 16.700 | 650.000 |  672.523 | 
     | core_g63499                                     | A1 v -> Y ^   | AOI21xp5_ASAP7_75t_SL    | 10.200 | 660.200 |  682.723 | 
     | core_a_reg_reg[25]                              | D ^           | DFFASRHQNx1_ASAP7_75t_SL |  0.100 | 660.300 |  682.823 | 
     +--------------------------------------------------------------------------------------------------------------------------+ 

