###############################################################
#  Generated by:      Cadence Innovus 21.13-s100_1
#  OS:                Linux x86_64(Host ID ic21)
#  Generated on:      Mon Mar 10 01:28:46 2025
#  Design:            sha256
#  Command:           report_timing > ../timing_0.6_530.rpt
###############################################################
Path 1: VIOLATED Late External Delay Assertion 
Endpoint:   read_data[5] (^) checked with  leading edge of 'clk'
Beginpoint: cs           (^) triggered by  leading edge of 'clk'
Path Groups: {clk}
Analysis View: view_tc
Other End Arrival Time          0.000
- External Delay              300.000
+ Phase Shift                 530.000
= Required Time               230.000
- Arrival Time                234.600
= Slack Time                   -4.600
     Clock Rise Edge                      0.000
     + Input Delay                        1.000
     = Beginpoint Arrival Time            1.000
     +-----------------------------------------------------------------------------------------------+ 
     |       Instance        |      Arc       |          Cell          |  Delay | Arrival | Required | 
     |                       |                |                        |        |  Time   |   Time   | 
     |-----------------------+----------------+------------------------+--------+---------+----------| 
     |                       | cs ^           |                        |        |   1.000 |   -3.600 | 
     | g7669                 | A ^ -> Y v     | INVx2_ASAP7_75t_SL     |  3.600 |   4.600 |    0.000 | 
     | FE_RC_54_0_dup        | A v -> Y v     | OR3x2_ASAP7_75t_SL     | 23.800 |  28.400 |   23.800 | 
     | g18430__5795          | A v -> Y v     | OR3x2_ASAP7_75t_SL     | 30.900 |  59.300 |   54.700 | 
     | g18429                | A v -> Y ^     | INVx2_ASAP7_75t_SL     |  8.400 |  67.700 |   63.100 | 
     | FE_RC_85_0            | B ^ -> Y ^     | AND2x4_ASAP7_75t_SL    | 14.400 |  82.100 |   77.500 | 
     | g18416__7118          | B ^ -> Y ^     | AND2x6_ASAP7_75t_SL    | 26.800 | 108.900 |  104.300 | 
     | g18368__1840          | B1 ^ -> Y v    | AOI22x1_ASAP7_75t_SL   | 37.800 | 146.700 |  142.100 | 
     | g18047__7675          | D v -> Y ^     | NAND4xp25_ASAP7_75t_SL | 24.700 | 171.400 |  166.800 | 
     | g17983__1474          | C ^ -> Y v     | AOI221xp5_ASAP7_75t_SL | 12.800 | 184.200 |  179.600 | 
     | FE_RC_84_0            | C v -> Y v     | AND3x1_ASAP7_75t_SL    | 15.400 | 199.600 |  195.000 | 
     | FE_RC_83_0            | A v -> Y ^     | NAND3xp33_ASAP7_75t_SL |  7.900 | 207.500 |  202.900 | 
     | FE_OFC145_read_data_5 | A ^ -> Y ^     | BUFx2_ASAP7_75t_SL     | 19.900 | 227.400 |  222.800 | 
     |                       | read_data[5] ^ |                        |  7.200 | 234.600 |  230.000 | 
     +-----------------------------------------------------------------------------------------------+ 

