###############################################################
#  Generated by:      Cadence Innovus 21.13-s100_1
#  OS:                Linux x86_64(Host ID ic21)
#  Generated on:      Sun Mar  9 18:26:53 2025
#  Design:            sha256
#  Command:           report_timing > ../timing_0.5_900.rpt
###############################################################
Path 1: MET Setup Check with Pin core_a_reg_reg[26]/CLK 
Endpoint:   core_a_reg_reg[26]/D     (^) checked with  leading edge of 'clk'
Beginpoint: core_t_ctr_reg_reg[4]/QN (^) triggered by  leading edge of 'clk'
Path Groups: {clk}
Analysis View: view_tc
Other End Arrival Time          0.000
- Setup                        16.800
+ Phase Shift                 900.000
= Required Time               883.200
- Arrival Time                835.000
= Slack Time                   48.200
     Clock Rise Edge                 0.000
     + Clock Network Latency (Ideal) 0.000
     = Beginpoint Arrival Time       0.000
     +---------------------------------------------------------------------------------------------------------------------------+ 
     |                    Instance                     |      Arc      |           Cell           |  Delay  | Arrival | Required | 
     |                                                 |               |                          |         |  Time   |   Time   | 
     |-------------------------------------------------+---------------+--------------------------+---------+---------+----------| 
     | core_t_ctr_reg_reg[4]                           | CLK ^         |                          |         |  -0.000 |   48.200 | 
     | core_t_ctr_reg_reg[4]                           | CLK ^ -> QN ^ | DFFASRHQNx1_ASAP7_75t_SL |  83.800 |  83.800 |  132.000 | 
     | g664                                            | A ^ -> Y v    | INVx1_ASAP7_75t_SL       |  53.100 | 136.900 |  185.100 | 
     | g68527                                          | A v -> Y v    | AND2x2_ASAP7_75t_SL      |  56.000 | 192.900 |  241.100 | 
     | core_g49701                                     | A v -> Y v    | AND2x2_ASAP7_75t_SL      |  37.900 | 230.800 |  279.000 | 
     | core_g49507                                     | B v -> Y v    | AND2x2_ASAP7_75t_SL      |  31.200 | 262.000 |  310.200 | 
     | FE_OFC102_core_n_48261                          | A v -> Y v    | HB1xp67_ASAP7_75t_L      | 113.800 | 375.800 |  424.000 | 
     | core_g67667                                     | B2 v -> Y ^   | AOI22xp5_ASAP7_75t_SL    |  52.600 | 428.400 |  476.600 | 
     | g1281                                           | E ^ -> Y ^    | AND5x1_ASAP7_75t_SL      |  22.700 | 451.100 |  499.300 | 
     | g1280                                           | B ^ -> Y v    | OAI21xp5_ASAP7_75t_SL    |   8.700 | 459.800 |  508.000 | 
     | g68328                                          | B v -> Y ^    | AOI21xp5_ASAP7_75t_SL    |  31.800 | 491.600 |  539.800 | 
     | g1277                                           | B ^ -> Y ^    | XNOR2xp5_ASAP7_75t_SL    |  22.800 | 514.400 |  562.600 | 
     | core_csa_tree_add_337_39_g6472                  | A ^ -> Y ^    | XOR2xp5_ASAP7_75t_SL     |  34.000 | 548.400 |  596.600 | 
     | core_csa_tree_add_422_23_groupi_g5892           | A ^ -> Y v    | XOR2xp5_ASAP7_75t_SL     |  12.300 | 560.700 |  608.900 | 
     | core_csa_tree_add_422_23_groupi_g67865          | B v -> Y v    | OR2x2_ASAP7_75t_SL       |  19.500 | 580.200 |  628.400 | 
     | core_csa_tree_add_422_23_groupi_g67659_dup68826 | A2 v -> Y ^   | AOI21xp5_ASAP7_75t_SL    |  18.300 | 598.500 |  646.700 | 
     | core_csa_tree_add_422_23_groupi_g67869          | A ^ -> Y ^    | MAJx2_ASAP7_75t_SL       |  21.200 | 619.700 |  667.900 | 
     | core_csa_tree_add_422_23_groupi_g67428          | A1 ^ -> Y v   | OAI21xp5_ASAP7_75t_SL    |  13.400 | 633.100 |  681.300 | 
     | core_csa_tree_add_422_23_groupi_g67448          | A1 v -> Y v   | AO21x1_ASAP7_75t_SL      |  20.500 | 653.600 |  701.800 | 
     | core_csa_tree_add_422_23_groupi_g5741_dup       | A2 v -> Y v   | AO21x1_ASAP7_75t_SL      |  20.900 | 674.500 |  722.700 | 
     | g68244                                          | B v -> Y v    | AND2x2_ASAP7_75t_SL      |  16.900 | 691.400 |  739.600 | 
     | g68242                                          | A2 v -> Y ^   | AOI22xp5_ASAP7_75t_SL    |  10.500 | 701.900 |  750.100 | 
     | g96                                             | B ^ -> Y ^    | AND2x2_ASAP7_75t_SL      |  22.000 | 723.900 |  772.100 | 
     | core_csa_tree_add_422_23_groupi_g5726           | B ^ -> Y v    | NOR2xp33_ASAP7_75t_SL    |  25.300 | 749.200 |  797.400 | 
     | core_csa_tree_add_422_23_groupi_g67384          | A v -> Y ^    | NOR2xp33_ASAP7_75t_SL    |  38.800 | 788.000 |  836.200 | 
     | core_csa_tree_add_422_23_groupi_g5698           | A1 ^ -> Y v   | OAI21xp5_ASAP7_75t_SL    |  16.600 | 804.600 |  852.800 | 
     | core_csa_tree_add_422_23_groupi_g5690           | A v -> Y v    | XNOR2xp5_ASAP7_75t_SL    |  20.600 | 825.200 |  873.400 | 
     | core_g64207                                     | A1 v -> Y ^   | AOI21xp5_ASAP7_75t_SL    |   9.800 | 835.000 |  883.200 | 
     | core_a_reg_reg[26]                              | D ^           | DFFASRHQNx1_ASAP7_75t_SL |   0.000 | 835.000 |  883.200 | 
     +---------------------------------------------------------------------------------------------------------------------------+ 

