###############################################################
#  Generated by:      Cadence Innovus 21.13-s100_1
#  OS:                Linux x86_64(Host ID ic21)
#  Generated on:      Tue Mar  4 21:44:25 2025
#  Design:            sha256
#  Command:           report_timing > ../timing_0.5_300.rpt
###############################################################
Path 1: VIOLATED Late External Delay Assertion 
Endpoint:   read_data[8] (v) checked with  leading edge of 'clk'
Beginpoint: we           (^) triggered by  leading edge of 'clk'
Path Groups: {clk}
Analysis View: view_tc
Other End Arrival Time          0.000
- External Delay              300.000
+ Phase Shift                 300.000
= Required Time                 0.000
- Arrival Time                174.400
= Slack Time                  -174.400
     Clock Rise Edge                      0.000
     + Input Delay                        1.000
     = Beginpoint Arrival Time            1.000
     +--------------------------------------------------------------------------------------+ 
     |   Instance   |      Arc       |          Cell          |  Delay | Arrival | Required | 
     |              |                |                        |        |  Time   |   Time   | 
     |--------------+----------------+------------------------+--------+---------+----------| 
     |              | we ^           |                        |        |   1.000 | -173.400 | 
     | FE_RC_1530_0 | A ^ -> Y v     | NOR2x1p5_ASAP7_75t_SL  | 13.800 |  14.800 | -159.600 | 
     | FE_RC_1531_0 | A v -> Y ^     | INVx3_ASAP7_75t_SL     |  7.800 |  22.600 | -151.800 | 
     | FE_RC_2901_0 | A ^ -> Y v     | NOR4xp75_ASAP7_75t_SL  |  7.000 |  29.600 | -144.800 | 
     | g18425__2250 | A v -> Y v     | AND3x2_ASAP7_75t_SL    | 17.200 |  46.800 | -127.600 | 
     | FE_RC_1222_0 | A v -> Y v     | AND2x6_ASAP7_75t_SL    | 24.600 |  71.400 | -103.000 | 
     | FE_RC_3528_0 | A1 v -> Y v    | AO22x2_ASAP7_75t_SL    | 44.000 | 115.400 |  -59.000 | 
     | FE_RC_2906_0 | B v -> Y ^     | NOR2x2_ASAP7_75t_SL    | 14.800 | 130.200 |  -44.200 | 
     | FE_RC_2905_0 | A ^ -> Y ^     | AND3x2_ASAP7_75t_SL    | 21.500 | 151.700 |  -22.700 | 
     | FE_RC_2916_0 | A ^ -> Y v     | NAND4xp75_ASAP7_75t_SL | 18.700 | 170.400 |   -4.000 | 
     |              | read_data[8] v |                        |  4.000 | 174.400 |    0.000 | 
     +--------------------------------------------------------------------------------------+ 

