###############################################################
#  Generated by:      Cadence Innovus 21.13-s100_1
#  OS:                Linux x86_64(Host ID ic22)
#  Generated on:      Thu Mar  6 21:31:50 2025
#  Design:            sha256
#  Command:           report_timing > ../timing_0.9_200.rpt
###############################################################
Path 1: VIOLATED Late External Delay Assertion 
Endpoint:   read_data[31] (^) checked with  leading edge of 'clk'
Beginpoint: cs            (^) triggered by  leading edge of 'clk'
Path Groups: {clk}
Analysis View: view_tc
Other End Arrival Time          0.000
- External Delay              300.000
+ Phase Shift                 200.000
= Required Time               -100.000
- Arrival Time                249.400
= Slack Time                  -349.400
     Clock Rise Edge                      0.000
     + Input Delay                        1.000
     = Beginpoint Arrival Time            1.000
     +-------------------------------------------------------------------------------------------------+ 
     |        Instance        |       Arc       |          Cell          |  Delay | Arrival | Required | 
     |                        |                 |                        |        |  Time   |   Time   | 
     |------------------------+-----------------+------------------------+--------+---------+----------| 
     |                        | cs ^            |                        |        |   1.000 | -348.400 | 
     | g7669                  | A ^ -> Y v      | INVx2_ASAP7_75t_SL     |  3.500 |   4.500 | -344.900 | 
     | g18433__5019           | A v -> Y v      | OR3x2_ASAP7_75t_SL     | 24.600 |  29.100 | -320.300 | 
     | g18428__2703           | A v -> Y v      | OR3x2_ASAP7_75t_SL     | 33.400 |  62.500 | -286.900 | 
     | g18421__5703           | B v -> Y v      | OR2x6_ASAP7_75t_SL     | 22.300 |  84.800 | -264.600 | 
     | g18401__1857           | B v -> Y ^      | NOR2x1p5_ASAP7_75t_SL  | 18.600 | 103.400 | -246.000 | 
     | g18382__6877           | A ^ -> Y ^      | AND2x6_ASAP7_75t_SL    | 24.800 | 128.200 | -221.200 | 
     | g18014__2683           | A2 ^ -> Y v     | AOI221xp5_ASAP7_75t_SL | 61.000 | 189.200 | -160.200 | 
     | g17954__3772           | A v -> Y v      | AND5x1_ASAP7_75t_SL    | 21.100 | 210.300 | -139.100 | 
     | g17927__1474           | A v -> Y ^      | NAND5xp2_ASAP7_75t_SL  | 17.400 | 227.700 | -121.700 | 
     | FE_OFC346_read_data_31 | A ^ -> Y ^      | BUFx3_ASAP7_75t_SL     | 17.500 | 245.200 | -104.200 | 
     |                        | read_data[31] ^ |                        |  4.200 | 249.400 | -100.000 | 
     +-------------------------------------------------------------------------------------------------+ 

