###############################################################
#  Generated by:      Cadence Innovus 21.13-s100_1
#  OS:                Linux x86_64(Host ID ic21)
#  Generated on:      Mon Mar 10 14:29:15 2025
#  Design:            sha256
#  Command:           report_timing > ../timing_0.7_590.rpt
###############################################################
Path 1: VIOLATED Late External Delay Assertion 
Endpoint:   read_data[2] (v) checked with  leading edge of 'clk'
Beginpoint: cs           (v) triggered by  leading edge of 'clk'
Path Groups: {clk}
Analysis View: view_tc
Other End Arrival Time          0.000
- External Delay              300.000
+ Phase Shift                 590.000
= Required Time               290.000
- Arrival Time                292.700
= Slack Time                   -2.700
     Clock Rise Edge                      0.000
     + Input Delay                        1.000
     = Beginpoint Arrival Time            1.000
     +--------------------------------------------------------------------------------------+ 
     |   Instance   |      Arc       |          Cell          |  Delay | Arrival | Required | 
     |              |                |                        |        |  Time   |   Time   | 
     |--------------+----------------+------------------------+--------+---------+----------| 
     |              | cs v           |                        |        |   1.000 |   -1.700 | 
     | g7669        | A v -> Y ^     | INVx1_ASAP7_75t_SL     |  5.200 |   6.200 |    3.500 | 
     | g18433__5019 | A ^ -> Y ^     | OR3x2_ASAP7_75t_SL     | 14.400 |  20.600 |   17.900 | 
     | FE_RC_31_0   | A ^ -> Y ^     | OR3x2_ASAP7_75t_SL     | 22.900 |  43.500 |   40.800 | 
     | g18421__5703 | B ^ -> Y ^     | OR2x6_ASAP7_75t_SL     | 20.300 |  63.800 |   61.100 | 
     | g18401__1857 | B ^ -> Y v     | NOR2x1_ASAP7_75t_SL    | 13.400 |  77.200 |   74.500 | 
     | g18380__2683 | B v -> Y v     | AND2x4_ASAP7_75t_SL    | 19.600 |  96.800 |   94.100 | 
     | g18124__4547 | B2 v -> Y v    | AO22x1_ASAP7_75t_SL    | 75.900 | 172.700 |  170.000 | 
     | g18005__5019 | C v -> Y ^     | AOI221xp5_ASAP7_75t_SL | 19.500 | 192.200 |  189.500 | 
     | g17945__2703 | B ^ -> Y ^     | AND5x1_ASAP7_75t_SL    | 29.200 | 221.400 |  218.700 | 
     | g17904__6877 | A ^ -> Y v     | NAND5xp2_ASAP7_75t_SL  | 60.900 | 282.300 |  279.600 | 
     |              | read_data[2] v |                        | 10.400 | 292.700 |  290.000 | 
     +--------------------------------------------------------------------------------------+ 

