###############################################################
#  Generated by:      Cadence Innovus 21.13-s100_1
#  OS:                Linux x86_64(Host ID ic53)
#  Generated on:      Fri Mar  7 16:45:57 2025
#  Design:            sha256
#  Command:           report_timing > ../timing_0.7_300.rpt
###############################################################
Path 1: VIOLATED Late External Delay Assertion 
Endpoint:   read_data[29] (v) checked with  leading edge of 'clk'
Beginpoint: address[4]    (^) triggered by  leading edge of 'clk'
Path Groups: {clk}
Analysis View: view_tc
Other End Arrival Time          0.000
- External Delay              300.000
+ Phase Shift                 300.000
= Required Time                 0.000
- Arrival Time                168.100
= Slack Time                  -168.100
     Clock Rise Edge                      0.000
     + Input Delay                        1.000
     = Beginpoint Arrival Time            1.000
     +-------------------------------------------------------------------------------------------+ 
     |     Instance     |       Arc       |          Cell          |  Delay | Arrival | Required | 
     |                  |                 |                        |        |  Time   |   Time   | 
     |------------------+-----------------+------------------------+--------+---------+----------| 
     |                  | address[4] ^    |                        |        |   1.000 | -167.100 | 
     | FE_RC_843_0      | B ^ -> Y v      | NOR2x1p5_ASAP7_75t_SL  |  8.300 |   9.300 | -158.800 | 
     | FE_RC_844_0      | A v -> Y ^      | INVx2_ASAP7_75t_SL     |  6.000 |  15.300 | -152.800 | 
     | FE_RC_818_0      | A ^ -> Y v      | NOR4xp75_ASAP7_75t_SL  |  8.600 |  23.900 | -144.200 | 
     | g18425__2250_dup | A v -> Y v      | AND3x4_ASAP7_75t_SL    | 20.400 |  44.300 | -123.800 | 
     | FE_RC_879_0      | A v -> Y v      | AND2x6_ASAP7_75t_SL    | 23.600 |  67.900 | -100.200 | 
     | FE_RC_464_0      | A1 v -> Y ^     | AOI22x1_ASAP7_75t_SL   | 41.900 | 109.800 |  -58.300 | 
     | FE_RC_661_0      | A ^ -> Y ^      | AND2x4_ASAP7_75t_SL    | 15.600 | 125.400 |  -42.700 | 
     | FE_RC_660_0      | C ^ -> Y ^      | AND3x1_ASAP7_75t_SL    | 19.700 | 145.100 |  -23.000 | 
     | FE_RC_2011_0     | C ^ -> Y v      | NAND4xp75_ASAP7_75t_SL | 19.200 | 164.300 |   -3.800 | 
     |                  | read_data[29] v |                        |  3.800 | 168.100 |    0.000 | 
     +-------------------------------------------------------------------------------------------+ 

