###############################################################
#  Generated by:      Cadence Innovus 21.13-s100_1
#  OS:                Linux x86_64(Host ID ic21)
#  Generated on:      Mon Mar 10 01:47:38 2025
#  Design:            sha256
#  Command:           report_timing > ../timing_0.6_580.rpt
###############################################################
Path 1: MET Late External Delay Assertion 
Endpoint:   read_data[28] (^) checked with  leading edge of 'clk'
Beginpoint: cs            (^) triggered by  leading edge of 'clk'
Path Groups: {clk}
Analysis View: view_tc
Other End Arrival Time          0.000
- External Delay              300.000
+ Phase Shift                 580.000
= Required Time               280.000
- Arrival Time                277.000
= Slack Time                    3.000
     Clock Rise Edge                      0.000
     + Input Delay                        1.000
     = Beginpoint Arrival Time            1.000
     +---------------------------------------------------------------------------------------+ 
     |   Instance   |       Arc       |          Cell          |  Delay | Arrival | Required | 
     |              |                 |                        |        |  Time   |   Time   | 
     |--------------+-----------------+------------------------+--------+---------+----------| 
     |              | cs ^            |                        |        |   1.000 |    4.000 | 
     | g7669        | A ^ -> Y v      | INVx2_ASAP7_75t_SL     |  3.400 |   4.400 |    7.400 | 
     | FE_RC_12_0   | A v -> Y v      | OR3x4_ASAP7_75t_SL     | 30.500 |  34.900 |   37.900 | 
     | FE_RC_42_0   | A v -> Y v      | OR3x1_ASAP7_75t_SL     | 28.700 |  63.600 |   66.600 | 
     | g18429       | A v -> Y ^      | INVx1_ASAP7_75t_SL     |  7.000 |  70.600 |   73.600 | 
     | g18425__2250 | A ^ -> Y ^      | AND3x2_ASAP7_75t_SL    | 24.900 |  95.500 |   98.500 | 
     | g18416__7118 | B ^ -> Y ^      | AND2x4_ASAP7_75t_SL    | 19.400 | 114.900 |  117.900 | 
     | g18018__2391 | B2 ^ -> Y v     | AOI221xp5_ASAP7_75t_SL | 71.900 | 186.800 |  189.800 | 
     | g17942__5266 | D v -> Y v      | AND5x1_ASAP7_75t_SL    | 36.900 | 223.700 |  226.700 | 
     | FE_RC_51_0   | C v -> Y v      | AND3x1_ASAP7_75t_SL    | 12.500 | 236.200 |  239.200 | 
     | FE_RC_50_0   | B v -> Y ^      | NAND3xp33_ASAP7_75t_SL | 29.500 | 265.700 |  268.700 | 
     |              | read_data[28] ^ |                        | 11.300 | 277.000 |  280.000 | 
     +---------------------------------------------------------------------------------------+ 

