###############################################################
#  Generated by:      Cadence Innovus 21.13-s100_1
#  OS:                Linux x86_64(Host ID ic21)
#  Generated on:      Mon Mar 10 22:45:49 2025
#  Design:            sha256
#  Command:           report_timing > ../timing_0.6_482.rpt
###############################################################
Path 1: VIOLATED Setup Check with Pin core_e_reg_reg[31]/CLK 
Endpoint:   core_e_reg_reg[31]/D                 (^) checked with  leading edge 
of 'clk'
Beginpoint: core_w_mem_inst_w_mem_reg[14][23]/QN (v) triggered by  leading edge 
of 'clk'
Path Groups: {clk}
Analysis View: view_tc
Other End Arrival Time          0.000
- Setup                        15.113
+ Phase Shift                 482.000
= Required Time               466.887
- Arrival Time                470.000
= Slack Time                   -3.113
     Clock Rise Edge                 0.000
     + Clock Network Latency (Ideal) 0.000
     = Beginpoint Arrival Time       0.000
     +----------------------------------------------------------------------------------------------------------------------------+ 
     |                     Instance                      |      Arc      |           Cell           |  Delay | Arrival | Required | 
     |                                                   |               |                          |        |  Time   |   Time   | 
     |---------------------------------------------------+---------------+--------------------------+--------+---------+----------| 
     | core_w_mem_inst_w_mem_reg[14][23]                 | CLK ^         |                          |        |   0.000 |   -3.113 | 
     | core_w_mem_inst_w_mem_reg[14][23]                 | CLK ^ -> QN v | DFFASRHQNx1_ASAP7_75t_SL | 34.700 |  34.700 |   31.587 | 
     | FE_OCPC596_core_w_mem_inst_w_mem_14__23           | A v -> Y v    | BUFx6f_ASAP7_75t_SL      | 15.600 |  50.300 |   47.187 | 
     | FE_RC_1303_0                                      | B v -> Y v    | XNOR2x1_ASAP7_75t_SL     | 24.100 |  74.400 |   71.287 | 
     | FE_RC_1302_0                                      | A v -> Y ^    | XNOR2xp5_ASAP7_75t_SL    | 17.900 |  92.300 |   89.187 | 
     | core_w_mem_inst_csa_tree_add_205_29_groupi_g67689 | B ^ -> Y ^    | XOR2xp5_ASAP7_75t_SL     | 23.800 | 116.100 |  112.987 | 
     | core_w_mem_inst_csa_tree_add_205_29_groupi_g5813  | B ^ -> Y ^    | XNOR2x1_ASAP7_75t_SL     | 18.700 | 134.800 |  131.687 | 
     | core_w_mem_inst_csa_tree_add_205_29_groupi_g67871 | A ^ -> Y ^    | OR2x2_ASAP7_75t_SL       | 18.100 | 152.900 |  149.787 | 
     | FE_RC_1110_0                                      | A ^ -> Y ^    | AND2x4_ASAP7_75t_SL      | 13.700 | 166.600 |  163.487 | 
     | core_w_mem_inst_csa_tree_add_205_29_groupi_g5647  | A ^ -> Y v    | NAND2x1p5_ASAP7_75t_SL   |  5.800 | 172.400 |  169.287 | 
     | core_w_mem_inst_csa_tree_add_205_29_groupi_g5611  | B2 v -> Y v   | OA221x2_ASAP7_75t_SL     | 21.700 | 194.100 |  190.987 | 
     | FE_RC_841_0                                       | A v -> Y v    | AND2x4_ASAP7_75t_SL      | 17.100 | 211.200 |  208.087 | 
     | g376                                              | A v -> Y ^    | INVx6_ASAP7_75t_SL       | 13.000 | 224.200 |  221.087 | 
     | g68682_dup                                        | A2 ^ -> Y ^   | AO21x1_ASAP7_75t_SL      | 18.400 | 242.600 |  239.487 | 
     | FE_OFC229_n_4883                                  | A ^ -> Y v    | INVx2_ASAP7_75t_SL       |  9.000 | 251.600 |  248.487 | 
     | FE_RC_153_0                                       | A2 v -> Y ^   | OAI21x1_ASAP7_75t_SL     | 11.100 | 262.700 |  259.587 | 
     | g68803                                            | B ^ -> Y ^    | XNOR2x1_ASAP7_75t_SL     | 17.000 | 279.700 |  276.587 | 
     | core_g48871                                       | A2 ^ -> Y ^   | AO21x2_ASAP7_75t_SL      | 21.900 | 301.600 |  298.487 | 
     | FE_RC_741_0                                       | A1 ^ -> Y v   | AOI21xp5_ASAP7_75t_SL    | 13.700 | 315.300 |  312.187 | 
     | FE_RC_742_0                                       | A v -> Y ^    | INVx1_ASAP7_75t_SL       | 15.200 | 330.500 |  327.387 | 
     | g117                                              | B ^ -> Y ^    | XNOR2xp5_ASAP7_75t_SL    | 16.900 | 347.400 |  344.287 | 
     | core_csa_tree_add_426_26_groupi_g2702             | A ^ -> Y ^    | XOR2xp5_ASAP7_75t_SL     | 23.500 | 370.900 |  367.787 | 
     | core_csa_tree_add_426_26_groupi_g2643             | B ^ -> Y v    | NAND2xp5_ASAP7_75t_SL    | 23.300 | 394.200 |  391.087 | 
     | core_csa_tree_add_426_26_groupi_g2577             | A v -> Y ^    | NAND2x1p5_ASAP7_75t_SL   | 17.300 | 411.500 |  408.387 | 
     | core_csa_tree_add_426_26_groupi_g2527             | B ^ -> Y v    | NOR2x1_ASAP7_75t_SL      | 12.000 | 423.500 |  420.387 | 
     | core_csa_tree_add_426_26_groupi_g2520             | B v -> Y ^    | NAND2x1_ASAP7_75t_SL     | 14.800 | 438.300 |  435.187 | 
     | core_csa_tree_add_426_26_groupi_g2469             | B2 ^ -> Y ^   | OA221x2_ASAP7_75t_SL     | 16.100 | 454.400 |  451.287 | 
     | core_csa_tree_add_426_26_groupi_g2449             | A ^ -> Y v    | XNOR2x1_ASAP7_75t_SL     |  5.800 | 460.200 |  457.087 | 
     | FE_RC_1250_0                                      | A1 v -> Y ^   | AOI21xp5_ASAP7_75t_SL    |  9.700 | 469.900 |  466.787 | 
     | core_e_reg_reg[31]                                | D ^           | DFFASRHQNx1_ASAP7_75t_SL |  0.100 | 470.000 |  466.887 | 
     +----------------------------------------------------------------------------------------------------------------------------+ 

