###############################################################
#  Generated by:      Cadence Innovus 21.13-s100_1
#  OS:                Linux x86_64(Host ID ic21)
#  Generated on:      Sun Mar  9 17:51:00 2025
#  Design:            sha256
#  Command:           report_timing > ../timing_0.2_700.rpt
###############################################################
Path 1: MET Late External Delay Assertion 
Endpoint:   read_data[8] (v) checked with  leading edge of 'clk'
Beginpoint: address[2]   (v) triggered by  leading edge of 'clk'
Path Groups: {clk}
Analysis View: view_tc
Other End Arrival Time          0.000
- External Delay              300.000
+ Phase Shift                 700.000
= Required Time               400.000
- Arrival Time                389.400
= Slack Time                   10.600
     Clock Rise Edge                      0.000
     + Input Delay                        1.000
     = Beginpoint Arrival Time            1.000
     +--------------------------------------------------------------------------------------+ 
     |   Instance   |      Arc       |          Cell          |  Delay | Arrival | Required | 
     |              |                |                        |        |  Time   |   Time   | 
     |--------------+----------------+------------------------+--------+---------+----------| 
     |              | address[2] v   |                        |        |   1.000 |   11.600 | 
     | g18452       | A v -> Y ^     | INVx1_ASAP7_75t_SL     | 18.600 |  19.600 |   30.200 | 
     | g18439__9906 | B ^ -> Y v     | NOR2xp33_ASAP7_75t_SL  | 38.900 |  58.500 |   69.100 | 
     | g18425__2250 | B v -> Y v     | AND3x1_ASAP7_75t_L     | 32.200 |  90.700 |  101.300 | 
     | g18417__8757 | B v -> Y v     | AND2x4_ASAP7_75t_SL    | 26.600 | 117.300 |  127.900 | 
     | g18104__7118 | A2 v -> Y v    | AO222x2_ASAP7_75t_SL   | 83.100 | 200.400 |  211.000 | 
     | g18019__7675 | C v -> Y ^     | AOI221xp5_ASAP7_75t_SL | 52.400 | 252.800 |  263.400 | 
     | g17943__2250 | D ^ -> Y ^     | AND5x1_ASAP7_75t_SL    | 40.600 | 293.400 |  304.000 | 
     | g17902__2683 | A ^ -> Y v     | NAND5xp2_ASAP7_75t_SL  | 76.800 | 370.200 |  380.800 | 
     |              | read_data[8] v |                        | 19.200 | 389.400 |  400.000 | 
     +--------------------------------------------------------------------------------------+ 

