###############################################################
#  Generated by:      Cadence Innovus 21.13-s100_1
#  OS:                Linux x86_64(Host ID ic21)
#  Generated on:      Sun Mar  9 18:30:25 2025
#  Design:            sha256
#  Command:           report_timing > ../timing_0.5_700.rpt
###############################################################
Path 1: MET Late External Delay Assertion 
Endpoint:   read_data[12] (^) checked with  leading edge of 'clk'
Beginpoint: cs            (^) triggered by  leading edge of 'clk'
Path Groups: {clk}
Analysis View: view_tc
Other End Arrival Time          0.000
- External Delay              300.000
+ Phase Shift                 700.000
= Required Time               400.000
- Arrival Time                380.800
= Slack Time                   19.200
     Clock Rise Edge                      0.000
     + Input Delay                        1.000
     = Beginpoint Arrival Time            1.000
     +------------------------------------------------------------------------------------------+ 
     |    Instance    |       Arc       |          Cell          |  Delay  | Arrival | Required | 
     |                |                 |                        |         |  Time   |   Time   | 
     |----------------+-----------------+------------------------+---------+---------+----------| 
     |                | cs ^            |                        |         |   1.000 |   20.200 | 
     | g7669          | A ^ -> Y v      | INVx1_ASAP7_75t_SL     |   4.300 |   5.300 |   24.500 | 
     | g18433__5019   | A v -> Y v      | OR3x1_ASAP7_75t_SL     |  21.800 |  27.100 |   46.300 | 
     | g18428__2703   | A v -> Y v      | OR3x1_ASAP7_75t_SL     |  27.600 |  54.700 |   73.900 | 
     | g18421__5703   | B v -> Y v      | OR2x2_ASAP7_75t_SL     |  20.400 |  75.100 |   94.300 | 
     | g18410__2683   | B v -> Y ^      | NOR2xp33_ASAP7_75t_SL  |  25.300 | 100.400 |  119.600 | 
     | g18394__6083   | B ^ -> Y ^      | AND2x2_ASAP7_75t_SL    |  28.800 | 129.200 |  148.400 | 
     | FE_OFC97_n_865 | A ^ -> Y ^      | HB1xp67_ASAP7_75t_L    | 140.600 | 269.800 |  289.000 | 
     | g17982__3772   | A1 ^ -> Y ^     | AO221x1_ASAP7_75t_SL   |  52.900 | 322.700 |  341.900 | 
     | g17948__1840   | C ^ -> Y v      | AOI221xp5_ASAP7_75t_SL |  11.100 | 333.800 |  353.000 | 
     | g17920__1840   | B v -> Y ^      | NAND5xp2_ASAP7_75t_SL  |  40.700 | 374.500 |  393.700 | 
     |                | read_data[12] ^ |                        |   6.300 | 380.800 |  400.000 | 
     +------------------------------------------------------------------------------------------+ 

