###############################################################
#  Generated by:      Cadence Innovus 21.13-s100_1
#  OS:                Linux x86_64(Host ID ic21)
#  Generated on:      Tue Mar  4 20:15:19 2025
#  Design:            sha256
#  Command:           report_timing > ../timing_0.4_800.rpt
###############################################################
Path 1: MET Setup Check with Pin core_a_reg_reg[25]/CLK 
Endpoint:   core_a_reg_reg[25]/D     (^) checked with  leading edge of 'clk'
Beginpoint: core_t_ctr_reg_reg[5]/QN (^) triggered by  leading edge of 'clk'
Path Groups: {clk}
Analysis View: view_tc
Other End Arrival Time          0.000
- Setup                        16.792
+ Phase Shift                 800.000
= Required Time               783.208
- Arrival Time                749.400
= Slack Time                   33.808
     Clock Rise Edge                 0.000
     + Clock Network Latency (Ideal) 0.000
     = Beginpoint Arrival Time       0.000
     +--------------------------------------------------------------------------------------------------------------------+ 
     |                 Instance                  |      Arc      |           Cell           |  Delay | Arrival | Required | 
     |                                           |               |                          |        |  Time   |   Time   | 
     |-------------------------------------------+---------------+--------------------------+--------+---------+----------| 
     | core_t_ctr_reg_reg[5]                     | CLK ^         |                          |        |   0.000 |   33.808 | 
     | core_t_ctr_reg_reg[5]                     | CLK ^ -> QN ^ | DFFASRHQNx1_ASAP7_75t_SL | 76.100 |  76.100 |  109.908 | 
     | g657                                      | A ^ -> Y v    | INVx1_ASAP7_75t_SL       | 57.100 | 133.200 |  167.008 | 
     | g68527                                    | B v -> Y v    | AND2x2_ASAP7_75t_SL      | 55.400 | 188.600 |  222.408 | 
     | FE_DBTC2_n_4115                           | A v -> Y ^    | INVx2_ASAP7_75t_SL       | 77.000 | 265.600 |  299.408 | 
     | core_g49668                               | B ^ -> Y ^    | OR2x2_ASAP7_75t_SL       | 46.900 | 312.500 |  346.308 | 
     | core_g49460                               | B ^ -> Y ^    | AND2x2_ASAP7_75t_SL      | 14.200 | 326.700 |  360.508 | 
     | core_g48996                               | A2 ^ -> Y v   | OAI211xp5_ASAP7_75t_SL   | 10.200 | 336.900 |  370.708 | 
     | core_g48906                               | C v -> Y v    | OR3x1_ASAP7_75t_L        | 30.300 | 367.200 |  401.008 | 
     | core_csa_tree_add_337_39_g6602            | B v -> Y v    | XNOR2xp5_ASAP7_75t_SL    | 18.100 | 385.300 |  419.108 | 
     | g68393                                    | A v -> Y v    | XNOR2xp5_ASAP7_75t_SL    | 31.300 | 416.600 |  450.408 | 
     | g68392                                    | C v -> Y v    | MAJx2_ASAP7_75t_SL       | 29.300 | 445.900 |  479.708 | 
     | core_csa_tree_add_422_23_groupi_g6090     | B v -> Y v    | XNOR2xp5_ASAP7_75t_SL    | 23.500 | 469.400 |  503.208 | 
     | g506                                      | B v -> Y v    | XNOR2xp5_ASAP7_75t_SL    | 27.200 | 496.600 |  530.408 | 
     | g487                                      | A v -> Y v    | XNOR2xp5_ASAP7_75t_SL    | 21.200 | 517.800 |  551.608 | 
     | core_csa_tree_add_422_23_groupi_g67426    | B v -> Y ^    | NAND2xp5_ASAP7_75t_SL    | 13.000 | 530.800 |  564.608 | 
     | core_csa_tree_add_422_23_groupi_g67428    | B ^ -> Y v    | OAI21xp5_ASAP7_75t_SL    | 13.700 | 544.500 |  578.308 | 
     | core_csa_tree_add_422_23_groupi_g67448    | A1 v -> Y v   | AO21x1_ASAP7_75t_SL      | 21.000 | 565.500 |  599.308 | 
     | core_csa_tree_add_422_23_groupi_g5741_dup | A2 v -> Y v   | AO21x1_ASAP7_75t_SL      | 21.000 | 586.500 |  620.308 | 
     | g68244                                    | B v -> Y v    | AND2x2_ASAP7_75t_SL      | 17.400 | 603.900 |  637.708 | 
     | g68242                                    | A2 v -> Y ^   | AOI22xp5_ASAP7_75t_SL    | 10.200 | 614.100 |  647.908 | 
     | g96                                       | B ^ -> Y ^    | AND2x2_ASAP7_75t_SL      | 21.200 | 635.300 |  669.108 | 
     | core_csa_tree_add_422_23_groupi_g5726     | B ^ -> Y v    | NOR2xp33_ASAP7_75t_SL    | 24.300 | 659.600 |  693.408 | 
     | core_csa_tree_add_422_23_groupi_g67384    | A v -> Y ^    | NOR2xp33_ASAP7_75t_SL    | 41.500 | 701.100 |  734.908 | 
     | core_csa_tree_add_422_23_groupi_g5699     | A1 ^ -> Y v   | OAI21xp5_ASAP7_75t_SL    | 17.300 | 718.400 |  752.208 | 
     | core_csa_tree_add_422_23_groupi_g5691     | A v -> Y v    | XNOR2xp5_ASAP7_75t_SL    | 20.800 | 739.200 |  773.008 | 
     | core_g63499                               | A1 v -> Y ^   | AOI21xp5_ASAP7_75t_SL    | 10.100 | 749.300 |  783.108 | 
     | core_a_reg_reg[25]                        | D ^           | DFFASRHQNx1_ASAP7_75t_SL |  0.100 | 749.400 |  783.208 | 
     +--------------------------------------------------------------------------------------------------------------------+ 

