###############################################################
#  Generated by:      Cadence Innovus 21.13-s100_1
#  OS:                Linux x86_64(Host ID ic21)
#  Generated on:      Tue Mar 11 14:25:12 2025
#  Design:            sha256
#  Command:           report_timing > ../timing_0.6_498.rpt
###############################################################
Path 1: VIOLATED Late External Delay Assertion 
Endpoint:   read_data[10] (v) checked with  leading edge of 'clk'
Beginpoint: address[2]    (v) triggered by  leading edge of 'clk'
Path Groups: {clk}
Analysis View: view_tc
Other End Arrival Time          0.000
- External Delay              300.000
+ Phase Shift                 498.000
= Required Time               198.000
- Arrival Time                203.300
= Slack Time                   -5.300
     Clock Rise Edge                      0.000
     + Input Delay                        1.000
     = Beginpoint Arrival Time            1.000
     +-----------------------------------------------------------------------------------------------+ 
     |       Instance       |       Arc       |          Cell          |  Delay | Arrival | Required | 
     |                      |                 |                        |        |  Time   |   Time   | 
     |----------------------+-----------------+------------------------+--------+---------+----------| 
     |                      | address[2] v    |                        |        |   1.000 |   -4.300 | 
     | FE_OFC241_address_2  | A v -> Y ^      | INVx3_ASAP7_75t_SL     | 10.500 |  11.500 |    6.200 | 
     | g18439__9906         | B ^ -> Y v      | NOR2x1p5_ASAP7_75t_SL  | 13.000 |  24.500 |   19.200 | 
     | FE_RC_466_0          | B v -> Y ^      | NAND2x1p5_ASAP7_75t_SL | 11.600 |  36.100 |   30.800 | 
     | FE_RC_391_0          | B ^ -> Y v      | NOR2x1p5_ASAP7_75t_SL  | 11.200 |  47.300 |   42.000 | 
     | g18415__7675         | B v -> Y v      | AND2x4_ASAP7_75t_SL    | 17.700 |  65.000 |   59.700 | 
     | FE_OCPC679_n_845_dup | A v -> Y v      | BUFx12f_ASAP7_75t_SL   | 24.800 |  89.800 |   84.500 | 
     | g18344__8780         | A1 v -> Y ^     | AOI22x1_ASAP7_75t_SL   | 27.900 | 117.700 |  112.400 | 
     | g18072__6877         | A ^ -> Y v      | NAND2x1_ASAP7_75t_SL   | 12.900 | 130.600 |  125.300 | 
     | g18035__9906         | B v -> Y ^      | AOI21xp33_ASAP7_75t_SL | 21.800 | 152.400 |  147.100 | 
     | FE_RC_366_0          | D ^ -> Y ^      | AND4x1_ASAP7_75t_SL    | 25.300 | 177.700 |  172.400 | 
     | FE_RC_398_0          | A ^ -> Y v      | NAND4xp75_ASAP7_75t_SL | 21.400 | 199.100 |  193.800 | 
     |                      | read_data[10] v |                        |  4.200 | 203.300 |  198.000 | 
     +-----------------------------------------------------------------------------------------------+ 

