###############################################################
#  Generated by:      Cadence Innovus 21.13-s100_1
#  OS:                Linux x86_64(Host ID ic21)
#  Generated on:      Sun Mar  9 17:57:52 2025
#  Design:            sha256
#  Command:           report_timing > ../timing_0.2_500.rpt
###############################################################
Path 1: VIOLATED Late External Delay Assertion 
Endpoint:   read_data[6] (v) checked with  leading edge of 'clk'
Beginpoint: cs           (v) triggered by  leading edge of 'clk'
Path Groups: {clk}
Analysis View: view_tc
Other End Arrival Time          0.000
- External Delay              300.000
+ Phase Shift                 500.000
= Required Time               200.000
- Arrival Time                205.200
= Slack Time                   -5.200
     Clock Rise Edge                      0.000
     + Input Delay                        1.000
     = Beginpoint Arrival Time            1.000
     +-------------------------------------------------------------------------------------------+ 
     |     Instance      |      Arc       |          Cell          |  Delay | Arrival | Required | 
     |                   |                |                        |        |  Time   |   Time   | 
     |-------------------+----------------+------------------------+--------+---------+----------| 
     |                   | cs v           |                        |        |   1.000 |   -4.200 | 
     | g7669             | A v -> Y ^     | INVx11_ASAP7_75t_SL    |  6.100 |   7.100 |    1.900 | 
     | FE_RC_170_0       | A ^ -> Y ^     | OR3x2_ASAP7_75t_SL     | 15.800 |  22.900 |   17.700 | 
     | FE_RC_141_0_dup   | A ^ -> Y v     | NOR3x1_ASAP7_75t_SL    | 15.800 |  38.700 |   33.500 | 
     | g18425__2250      | A v -> Y v     | AND3x2_ASAP7_75t_SL    | 17.600 |  56.300 |   51.100 | 
     | g18415__7675      | B v -> Y v     | AND2x4_ASAP7_75t_SL    | 16.400 |  72.700 |   67.500 | 
     | FE_OCPC414_n_845  | A v -> Y v     | BUFx2_ASAP7_75t_SL     | 26.400 |  99.100 |   93.900 | 
     | g18362__5266      | A1 v -> Y ^    | AOI22xp5_ASAP7_75t_SL  | 15.000 | 114.100 |  108.900 | 
     | FE_RC_237_0       | B ^ -> Y v     | NAND3xp33_ASAP7_75t_SL | 19.100 | 133.200 |  128.000 | 
     | g17974__5795      | C v -> Y ^     | AOI221xp5_ASAP7_75t_SL | 19.700 | 152.900 |  147.700 | 
     | FE_OCPC588_n_1283 | A ^ -> Y ^     | BUFx3_ASAP7_75t_SL     | 16.700 | 169.600 |  164.400 | 
     | FE_RC_257_0       | A ^ -> Y v     | NAND4xp75_ASAP7_75t_SL | 27.100 | 196.700 |  191.500 | 
     |                   | read_data[6] v |                        |  8.500 | 205.200 |  200.000 | 
     +-------------------------------------------------------------------------------------------+ 

