###############################################################
#  Generated by:      Cadence Innovus 21.13-s100_1
#  OS:                Linux x86_64(Host ID ic21)
#  Generated on:      Tue Mar  4 19:49:22 2025
#  Design:            sha256
#  Command:           report_timing > ../timing_0.3_300.rpt
###############################################################
Path 1: VIOLATED Late External Delay Assertion 
Endpoint:   read_data[10] (^) checked with  leading edge of 'clk'
Beginpoint: address[7]    (v) triggered by  leading edge of 'clk'
Path Groups: {clk}
Analysis View: view_tc
Other End Arrival Time          0.000
- External Delay              300.000
+ Phase Shift                 300.000
= Required Time                 0.000
- Arrival Time                192.800
= Slack Time                  -192.800
     Clock Rise Edge                      0.000
     + Input Delay                        1.000
     = Beginpoint Arrival Time            1.000
     +-------------------------------------------------------------------------------------------+ 
     |     Instance     |       Arc       |          Cell          |  Delay | Arrival | Required | 
     |                  |                 |                        |        |  Time   |   Time   | 
     |------------------+-----------------+------------------------+--------+---------+----------| 
     |                  | address[7] v    |                        |        |   1.000 | -191.800 | 
     | FE_RC_1202_0     | E v -> Y v      | OR5x1_ASAP7_75t_SL     | 35.200 |  36.200 | -156.600 | 
     | g18421__5703_dup | B v -> Y v      | OR2x6_ASAP7_75t_SL     | 21.200 |  57.400 | -135.400 | 
     | FE_RC_2012_0     | A v -> Y ^      | INVx3_ASAP7_75t_SL     |  5.800 |  63.200 | -129.600 | 
     | FE_RC_2009_0     | A ^ -> Y ^      | AND2x6_ASAP7_75t_SL    | 24.000 |  87.200 | -105.600 | 
     | FE_OCPC679_n_881 | A ^ -> Y ^      | BUFx6f_ASAP7_75t_SL    | 46.700 | 133.900 |  -58.900 | 
     | g18215__7675     | B2 ^ -> Y v     | AOI22x1_ASAP7_75t_SL   | 17.300 | 151.200 |  -41.600 | 
     | FE_RC_755_0      | A v -> Y ^      | INVx2_ASAP7_75t_SL     |  9.400 | 160.600 |  -32.200 | 
     | FE_RC_1986_0     | A ^ -> Y v      | NOR2x1p5_ASAP7_75t_SL  | 10.900 | 171.500 |  -21.300 | 
     | FE_RC_1984_0     | B v -> Y ^      | NAND4xp75_ASAP7_75t_SL | 16.500 | 188.000 |   -4.800 | 
     |                  | read_data[10] ^ |                        |  4.800 | 192.800 |    0.000 | 
     +-------------------------------------------------------------------------------------------+ 

