###############################################################
#  Generated by:      Cadence Innovus 21.13-s100_1
#  OS:                Linux x86_64(Host ID ic22)
#  Generated on:      Thu Mar  6 20:51:53 2025
#  Design:            sha256
#  Command:           report_timing > ../timing_0.9_400.rpt
###############################################################
Path 1: VIOLATED Late External Delay Assertion 
Endpoint:   read_data[10] (v) checked with  leading edge of 'clk'
Beginpoint: address[2]    (^) triggered by  leading edge of 'clk'
Path Groups: {clk}
Analysis View: view_tc
Other End Arrival Time          0.000
- External Delay              300.000
+ Phase Shift                 400.000
= Required Time               100.000
- Arrival Time                221.200
= Slack Time                  -121.200
     Clock Rise Edge                      0.000
     + Input Delay                        1.000
     = Beginpoint Arrival Time            1.000
     +-------------------------------------------------------------------------------------------+ 
     |    Instance     |       Arc       |          Cell           |  Delay | Arrival | Required | 
     |                 |                 |                         |        |  Time   |   Time   | 
     |-----------------+-----------------+-------------------------+--------+---------+----------| 
     |                 | address[2] ^    |                         |        |   1.000 | -120.200 | 
     | g18445__3772    | A ^ -> Y ^      | OR2x2_ASAP7_75t_SL      | 24.700 |  25.700 |  -95.500 | 
     | g18423__7114    | A ^ -> Y v      | NOR2x1p5_ASAP7_75t_SL   | 15.200 |  40.900 |  -80.300 | 
     | g18400__5019    | B v -> Y v      | AND2x4_ASAP7_75t_SL     | 18.400 |  59.300 |  -61.900 | 
     | g18397          | A v -> Y ^      | INVx1_ASAP7_75t_SL      | 10.600 |  69.900 |  -51.300 | 
     | g18374__8780    | B ^ -> Y v      | NOR2x1_ASAP7_75t_SL     |  9.700 |  79.600 |  -41.600 | 
     | FE_OFC244_n_885 | A v -> Y v      | BUFx6f_ASAP7_75t_SL     | 16.200 |  95.800 |  -25.400 | 
     | g18059__7344    | B1 v -> Y ^     | AOI222xp33_ASAP7_75t_SL | 40.000 | 135.800 |   14.600 | 
     | g17939__5953    | B ^ -> Y ^      | AND5x1_ASAP7_75t_SL     | 31.400 | 167.200 |   46.000 | 
     | g17912__5703    | A ^ -> Y v      | NAND5xp2_ASAP7_75t_SL   | 50.900 | 218.100 |   96.900 | 
     |                 | read_data[10] v |                         |  3.100 | 221.200 |  100.000 | 
     +-------------------------------------------------------------------------------------------+ 

