###############################################################
#  Generated by:      Cadence Innovus 21.13-s100_1
#  OS:                Linux x86_64(Host ID ic21)
#  Generated on:      Tue Mar  4 19:13:33 2025
#  Design:            sha256
#  Command:           report_timing > ../timing_0.2_200.rpt
###############################################################
Path 1: VIOLATED Late External Delay Assertion 
Endpoint:   read_data[23] (v) checked with  leading edge of 'clk'
Beginpoint: cs            (v) triggered by  leading edge of 'clk'
Path Groups: {clk}
Analysis View: view_tc
Other End Arrival Time          0.000
- External Delay              300.000
+ Phase Shift                 200.000
= Required Time               -100.000
- Arrival Time                189.500
= Slack Time                  -289.500
     Clock Rise Edge                      0.000
     + Input Delay                        1.000
     = Beginpoint Arrival Time            1.000
     +---------------------------------------------------------------------------------------------+ 
     |     Instance      |       Arc       |          Cell           |  Delay | Arrival | Required | 
     |                   |                 |                         |        |  Time   |   Time   | 
     |-------------------+-----------------+-------------------------+--------+---------+----------| 
     |                   | cs v            |                         |        |   1.000 | -288.500 | 
     | g7669_dup         | A v -> Y ^      | CKINVDCx12_ASAP7_75t_SL |  5.200 |   6.200 | -283.300 | 
     | FE_RC_666_0       | A ^ -> Y ^      | OR5x1_ASAP7_75t_SL      | 24.700 |  30.900 | -258.600 | 
     | g18423__7114      | B ^ -> Y v      | NOR2x2_ASAP7_75t_SL     | 15.000 |  45.900 | -243.600 | 
     | g18400__5019      | B v -> Y v      | AND2x4_ASAP7_75t_SL     | 20.600 |  66.500 | -223.000 | 
     | g18373__9906_dup1 | B v -> Y v      | AND2x4_ASAP7_75t_SL     | 13.900 |  80.400 | -209.100 | 
     | FE_RC_2640_0      | B1 v -> Y ^     | AOI222xp33_ASAP7_75t_SL | 23.000 | 103.400 | -186.100 | 
     | FE_RC_700_0       | A ^ -> Y v      | NAND4xp75_ASAP7_75t_SL  | 14.300 | 117.700 | -171.800 | 
     | FE_RC_701_0       | A v -> Y ^      | INVx2_ASAP7_75t_SL      | 13.300 | 131.000 | -158.500 | 
     | FE_RC_583_0       | B ^ -> Y v      | NAND2x2_ASAP7_75t_SL    | 11.000 | 142.000 | -147.500 | 
     | FE_RC_582_0       | B v -> Y ^      | NOR2x2_ASAP7_75t_SL     |  8.600 | 150.600 | -138.900 | 
     | FE_RC_2630_0      | A ^ -> Y v      | NAND4xp75_ASAP7_75t_SL  | 26.900 | 177.500 | -112.000 | 
     |                   | read_data[23] v |                         | 12.000 | 189.500 | -100.000 | 
     +---------------------------------------------------------------------------------------------+ 

