###############################################################
#  Generated by:      Cadence Innovus 21.13-s100_1
#  OS:                Linux x86_64(Host ID ic21)
#  Generated on:      Mon Mar 10 17:09:19 2025
#  Design:            sha256
#  Command:           report_timing > ../timing_0.7_450.rpt
###############################################################
Path 1: VIOLATED Late External Delay Assertion 
Endpoint:   read_data[23] (v) checked with  leading edge of 'clk'
Beginpoint: address[7]    (^) triggered by  leading edge of 'clk'
Path Groups: {clk}
Analysis View: view_tc
Other End Arrival Time          0.000
- External Delay              300.000
+ Phase Shift                 450.000
= Required Time               150.000
- Arrival Time                163.300
= Slack Time                  -13.300
     Clock Rise Edge                      0.000
     + Input Delay                        1.000
     = Beginpoint Arrival Time            1.000
     +----------------------------------------------------------------------------------------+ 
     |   Instance   |       Arc       |          Cell           |  Delay | Arrival | Required | 
     |              |                 |                         |        |  Time   |   Time   | 
     |--------------+-----------------+-------------------------+--------+---------+----------| 
     |              | address[7] ^    |                         |        |   1.000 |  -12.300 | 
     | FE_RC_297_0  | A ^ -> Y v      | INVx3_ASAP7_75t_SL      |  4.800 |   5.800 |   -7.500 | 
     | FE_RC_296_0  | B v -> Y ^      | NAND2x1p5_ASAP7_75t_SL  | 11.300 |  17.100 |    3.800 | 
     | FE_RC_1818_0 | C ^ -> Y v      | NOR4xp75_ASAP7_75t_SL   | 14.400 |  31.500 |   18.200 | 
     | FE_RC_338_0  | A v -> Y v      | AND2x4_ASAP7_75t_SL     | 20.200 |  51.700 |   38.400 | 
     | g18389__5953 | B v -> Y v      | AND2x6_ASAP7_75t_SL     | 22.400 |  74.100 |   60.800 | 
     | g18055__2250 | B1 v -> Y ^     | AOI222xp33_ASAP7_75t_SL | 43.900 | 118.000 |  104.700 | 
     | FE_RC_1816_0 | B ^ -> Y ^      | AND3x1_ASAP7_75t_SL     | 26.600 | 144.600 |  131.300 | 
     | FE_RC_2021_0 | B ^ -> Y v      | NAND4xp75_ASAP7_75t_SL  | 17.100 | 161.700 |  148.400 | 
     |              | read_data[23] v |                         |  1.600 | 163.300 |  150.000 | 
     +----------------------------------------------------------------------------------------+ 

