###############################################################
#  Generated by:      Cadence Innovus 21.13-s100_1
#  OS:                Linux x86_64(Host ID ic21)
#  Generated on:      Mon Mar 10 15:33:03 2025
#  Design:            sha256
#  Command:           report_timing > ../timing_0.7_571.rpt
###############################################################
Path 1: VIOLATED Late External Delay Assertion 
Endpoint:   read_data[23] (v) checked with  leading edge of 'clk'
Beginpoint: cs            (v) triggered by  leading edge of 'clk'
Path Groups: {clk}
Analysis View: view_tc
Other End Arrival Time          0.000
- External Delay              300.000
+ Phase Shift                 571.000
= Required Time               271.000
- Arrival Time                315.500
= Slack Time                  -44.500
     Clock Rise Edge                      0.000
     + Input Delay                        1.000
     = Beginpoint Arrival Time            1.000
     +-----------------------------------------------------------------------------------------+ 
     |   Instance   |       Arc       |          Cell           |  Delay  | Arrival | Required | 
     |              |                 |                         |         |  Time   |   Time   | 
     |--------------+-----------------+-------------------------+---------+---------+----------| 
     |              | cs v            |                         |         |   1.000 |  -43.500 | 
     | g7669        | A v -> Y ^      | INVx2_ASAP7_75t_SL      |   3.700 |   4.700 |  -39.800 | 
     | g18433__5019 | A ^ -> Y ^      | OR3x2_ASAP7_75t_SL      |  13.700 |  18.400 |  -26.100 | 
     | g18428__2703 | A ^ -> Y ^      | OR3x2_ASAP7_75t_SL      |  19.100 |  37.500 |   -7.000 | 
     | g18421__5703 | B ^ -> Y ^      | OR2x6_ASAP7_75t_SL      |  17.300 |  54.800 |   10.300 | 
     | g18409__9682 | B ^ -> Y v      | NOR2x1_ASAP7_75t_SL     |  13.100 |  67.900 |   23.400 | 
     | g18396__5795 | B v -> Y v      | AND2x4_ASAP7_75t_SL     |  24.500 |  92.400 |   47.900 | 
     | g18055__2250 | A2 v -> Y ^     | AOI222xp33_ASAP7_75t_SL | 106.100 | 198.500 |  154.000 | 
     | g17967__5953 | A ^ -> Y ^      | AND4x1_ASAP7_75t_SL     |  28.800 | 227.300 |  182.800 | 
     | g17932__6877 | A ^ -> Y ^      | AND5x1_ASAP7_75t_SL     |  24.700 | 252.000 |  207.500 | 
     | g17908__7118 | A ^ -> Y v      | NAND5xp2_ASAP7_75t_SL   |  57.600 | 309.600 |  265.100 | 
     |              | read_data[23] v |                         |   5.900 | 315.500 |  271.000 | 
     +-----------------------------------------------------------------------------------------+ 

