###############################################################
#  Generated by:      Cadence Innovus 21.13-s100_1
#  OS:                Linux x86_64(Host ID ic21)
#  Generated on:      Tue Mar 11 01:32:38 2025
#  Design:            sha256
#  Command:           report_timing > ../timing_0.6_491.rpt
###############################################################
Path 1: VIOLATED Late External Delay Assertion 
Endpoint:   read_data[8] (^) checked with  leading edge of 'clk'
Beginpoint: cs           (^) triggered by  leading edge of 'clk'
Path Groups: {clk}
Analysis View: view_tc
Other End Arrival Time          0.000
- External Delay              300.000
+ Phase Shift                 491.000
= Required Time               191.000
- Arrival Time                196.500
= Slack Time                   -5.500
     Clock Rise Edge                      0.000
     + Input Delay                        1.000
     = Beginpoint Arrival Time            1.000
     +------------------------------------------------------------------------------------------+ 
     |     Instance     |      Arc       |          Cell          |  Delay | Arrival | Required | 
     |                  |                |                        |        |  Time   |   Time   | 
     |------------------+----------------+------------------------+--------+---------+----------| 
     |                  | cs ^           |                        |        |   1.000 |   -4.500 | 
     | FE_RC_410_0      | A ^ -> Y v     | INVx3_ASAP7_75t_SL     |  6.100 |   7.100 |    1.600 | 
     | FE_RC_409_0      | B v -> Y ^     | NOR2x1_ASAP7_75t_SL    |  9.600 |  16.700 |   11.200 | 
     | FE_RC_471_0      | A ^ -> Y v     | NAND4xp75_ASAP7_75t_SL | 19.100 |  35.800 |   30.300 | 
     | g18423__7114_dup | B v -> Y ^     | NOR2x2_ASAP7_75t_SL    | 18.300 |  54.100 |   48.600 | 
     | g18404__4296     | B ^ -> Y ^     | AND2x2_ASAP7_75t_SL    | 35.300 |  89.400 |   83.900 | 
     | FE_RC_321_0      | C1 ^ -> Y ^    | AO222x2_ASAP7_75t_SL   | 34.800 | 124.200 |  118.700 | 
     | g18019__7675     | C ^ -> Y v     | AOI221x1_ASAP7_75t_SL  | 24.900 | 149.100 |  143.600 | 
     | FE_RC_1418_0     | A v -> Y v     | AND2x2_ASAP7_75t_SL    | 30.200 | 179.300 |  173.800 | 
     | FE_RC_1417_0     | A v -> Y ^     | NAND4xp75_ASAP7_75t_SL | 12.000 | 191.300 |  185.800 | 
     |                  | read_data[8] ^ |                        |  5.200 | 196.500 |  191.000 | 
     +------------------------------------------------------------------------------------------+ 

