###############################################################
#  Generated by:      Cadence Innovus 21.13-s100_1
#  OS:                Linux x86_64(Host ID ic21)
#  Generated on:      Mon Mar 10 17:30:15 2025
#  Design:            sha256
#  Command:           report_timing > ../timing_0.7_470.rpt
###############################################################
Path 1: VIOLATED Setup Check with Pin core_a_reg_reg[27]/CLK 
Endpoint:   core_a_reg_reg[27]/D     (^) checked with  leading edge of 'clk'
Beginpoint: core_t_ctr_reg_reg[5]/QN (^) triggered by  leading edge of 'clk'
Path Groups: {clk}
Analysis View: view_tc
Other End Arrival Time          0.000
- Setup                        14.189
+ Phase Shift                 470.000
= Required Time               455.811
- Arrival Time                464.700
= Slack Time                   -8.889
     Clock Rise Edge                 0.000
     + Clock Network Latency (Ideal) 0.000
     = Beginpoint Arrival Time       0.000
     +---------------------------------------------------------------------------------------------------------------------+ 
     |                  Instance                  |      Arc      |           Cell           |  Delay | Arrival | Required | 
     |                                            |               |                          |        |  Time   |   Time   | 
     |--------------------------------------------+---------------+--------------------------+--------+---------+----------| 
     | core_t_ctr_reg_reg[5]                      | CLK ^         |                          |        |   0.000 |   -8.889 | 
     | core_t_ctr_reg_reg[5]                      | CLK ^ -> QN ^ | DFFASRHQNx1_ASAP7_75t_SL | 37.100 |  37.100 |   28.211 | 
     | FE_OFC293_core_t_ctr_reg_5                 | A ^ -> Y v    | INVx2_ASAP7_75t_SL       | 15.600 |  52.700 |   43.811 | 
     | g68527                                     | B v -> Y v    | AND2x4_ASAP7_75t_SL      | 20.900 |  73.600 |   64.711 | 
     | core_g67396                                | B v -> Y v    | AND2x4_ASAP7_75t_SL      | 16.600 |  90.200 |   81.311 | 
     | core_g49506_dup                            | B v -> Y v    | AND2x4_ASAP7_75t_SL      | 27.100 | 117.300 |  108.411 | 
     | core_g67400                                | A2 v -> Y ^   | AOI22xp5_ASAP7_75t_SL    | 50.000 | 167.300 |  158.411 | 
     | core_g48953                                | A ^ -> Y v    | NAND4xp75_ASAP7_75t_SL   | 13.500 | 180.800 |  171.911 | 
     | core_g48874                                | C v -> Y v    | AO211x2_ASAP7_75t_SL     | 21.800 | 202.600 |  193.711 | 
     | g68207                                     | B v -> Y v    | XNOR2xp5_ASAP7_75t_SL    | 23.300 | 225.900 |  217.011 | 
     | g68205                                     | B v -> Y v    | XNOR2xp5_ASAP7_75t_SL    | 26.200 | 252.100 |  243.211 | 
     | FE_RC_1594_0                               | B v -> Y v    | XNOR2xp5_ASAP7_75t_SL    | 24.000 | 276.100 |  267.211 | 
     | core_csa_tree_add_422_23_groupi_g67864     | A v -> Y v    | MAJx2_ASAP7_75t_SL       | 24.500 | 300.600 |  291.711 | 
     | core_csa_tree_add_422_23_groupi_g67659_dup | A1 v -> Y ^   | AOI21x1_ASAP7_75t_SL     |  9.100 | 309.700 |  300.811 | 
     | core_csa_tree_add_422_23_groupi_g67869     | A ^ -> Y ^    | MAJx2_ASAP7_75t_SL       | 17.400 | 327.100 |  318.211 | 
     | core_csa_tree_add_422_23_groupi_g67428     | A1 ^ -> Y v   | OAI21x1_ASAP7_75t_SL     |  8.400 | 335.500 |  326.611 | 
     | FE_RC_1388_0                               | A2 v -> Y ^   | AOI21x1_ASAP7_75t_SL     | 11.000 | 346.500 |  337.611 | 
     | FE_RC_1486_0                               | A2 ^ -> Y v   | OAI21x1_ASAP7_75t_SL     |  7.800 | 354.300 |  345.411 | 
     | FE_RC_1336_0                               | B v -> Y v    | AND2x2_ASAP7_75t_SL      | 15.000 | 369.300 |  360.411 | 
     | FE_RC_1335_0                               | A1 v -> Y ^   | AOI22x1_ASAP7_75t_SL     | 16.600 | 385.900 |  377.011 | 
     | g96_dup                                    | B ^ -> Y ^    | AND2x4_ASAP7_75t_SL      | 17.100 | 403.000 |  394.111 | 
     | core_csa_tree_add_422_23_groupi_g5726      | B ^ -> Y v    | NOR2x1p5_ASAP7_75t_SL    | 15.600 | 418.600 |  409.711 | 
     | core_csa_tree_add_422_23_groupi_g67384     | A v -> Y ^    | NOR2x2_ASAP7_75t_SL      | 12.000 | 430.600 |  421.711 | 
     | core_csa_tree_add_422_23_groupi_g5697      | A1 ^ -> Y v   | OAI21x1_ASAP7_75t_SL     |  7.900 | 438.500 |  429.611 | 
     | FE_RC_535_0                                | A1 v -> Y v   | OA21x2_ASAP7_75t_SL      | 15.500 | 454.000 |  445.111 | 
     | FE_RC_412_0                                | A1 v -> Y ^   | AOI21xp5_ASAP7_75t_SL    | 10.500 | 464.500 |  455.611 | 
     | core_a_reg_reg[27]                         | D ^           | DFFASRHQNx1_ASAP7_75t_SL |  0.200 | 464.700 |  455.811 | 
     +---------------------------------------------------------------------------------------------------------------------+ 

