###############################################################
#  Generated by:      Cadence Innovus 21.13-s100_1
#  OS:                Linux x86_64(Host ID ic22)
#  Generated on:      Thu Mar  6 19:21:05 2025
#  Design:            sha256
#  Command:           report_timing > ../timing_0.8_1100.rpt
###############################################################
Path 1: MET Setup Check with Pin core_H7_reg_reg[20]/CLK 
Endpoint:   core_H7_reg_reg[20]/D          (^) checked with  leading edge of 
'clk'
Beginpoint: core_sha256_ctrl_reg_reg[1]/QN (^) triggered by  leading edge of 
'clk'
Path Groups: {clk}
Analysis View: view_tc
Other End Arrival Time          0.000
- Setup                        18.348
+ Phase Shift                 1100.000
= Required Time               1081.652
- Arrival Time                824.700
= Slack Time                  256.952
     Clock Rise Edge                 0.000
     + Clock Network Latency (Ideal) 0.000
     = Beginpoint Arrival Time       0.000
     +-------------------------------------------------------------------------------------------------------+ 
     |          Instance           |      Arc      |           Cell           |  Delay  | Arrival | Required | 
     |                             |               |                          |         |  Time   |   Time   | 
     |-----------------------------+---------------+--------------------------+---------+---------+----------| 
     | core_sha256_ctrl_reg_reg[1] | CLK ^         |                          |         |  -0.000 |  256.952 | 
     | core_sha256_ctrl_reg_reg[1] | CLK ^ -> QN ^ | DFFASRHQNx1_ASAP7_75t_SL |  47.500 |  47.500 |  304.452 | 
     | core_g66610                 | A ^ -> Y v    | INVx1_ASAP7_75t_SL       |   8.700 |  56.200 |  313.152 | 
     | core_g65739                 | B v -> Y ^    | NOR2xp33_ASAP7_75t_SL    |  81.900 | 138.100 |  395.052 | 
     | FE_OFC81_core_n_63639       | A ^ -> Y ^    | BUFx2_ASAP7_75t_SL       |  63.900 | 202.000 |  458.952 | 
     | FE_OFC84_core_n_63639       | A ^ -> Y ^    | BUFx2_ASAP7_75t_SL       |  81.000 | 283.000 |  539.952 | 
     | core_g65736                 | A ^ -> Y v    | INVx1_ASAP7_75t_SL       | 156.800 | 439.800 |  696.752 | 
     | FE_OFC100_core_n_63655      | A v -> Y v    | BUFx2_ASAP7_75t_SL       |  67.500 | 507.300 |  764.252 | 
     | core_g65520                 | A v -> Y v    | AND2x2_ASAP7_75t_SL      | 116.600 | 623.900 |  880.852 | 
     | FE_OFC105_core_n_62150      | A v -> Y v    | HB1xp67_ASAP7_75t_L      | 152.800 | 776.700 | 1033.652 | 
     | core_g64063                 | B1 v -> Y ^   | AOI221xp5_ASAP7_75t_SL   |  47.800 | 824.500 | 1081.452 | 
     | core_H7_reg_reg[20]         | D ^           | DFFASRHQNx1_ASAP7_75t_SL |   0.200 | 824.700 | 1081.652 | 
     +-------------------------------------------------------------------------------------------------------+ 

