###############################################################
#  Generated by:      Cadence Innovus 21.13-s100_1
#  OS:                Linux x86_64(Host ID ic21)
#  Generated on:      Tue Mar  4 19:23:31 2025
#  Design:            sha256
#  Command:           report_timing > ../timing_0.3_800.rpt
###############################################################
Path 1: MET Setup Check with Pin core_a_reg_reg[30]/CLK 
Endpoint:   core_a_reg_reg[30]/D     (^) checked with  leading edge of 'clk'
Beginpoint: core_t_ctr_reg_reg[5]/QN (^) triggered by  leading edge of 'clk'
Path Groups: {clk}
Analysis View: view_tc
Other End Arrival Time          0.000
- Setup                        16.268
+ Phase Shift                 800.000
= Required Time               783.732
- Arrival Time                766.200
= Slack Time                   17.532
     Clock Rise Edge                 0.000
     + Clock Network Latency (Ideal) 0.000
     = Beginpoint Arrival Time       0.000
     +--------------------------------------------------------------------------------------------------------------------------+ 
     |                    Instance                     |      Arc      |           Cell           |  Delay | Arrival | Required | 
     |                                                 |               |                          |        |  Time   |   Time   | 
     |-------------------------------------------------+---------------+--------------------------+--------+---------+----------| 
     | core_t_ctr_reg_reg[5]                           | CLK ^         |                          |        |  -0.000 |   17.532 | 
     | core_t_ctr_reg_reg[5]                           | CLK ^ -> QN ^ | DFFASRHQNx1_ASAP7_75t_SL | 79.100 |  79.100 |   96.632 | 
     | g657                                            | A ^ -> Y v    | INVx1_ASAP7_75t_SL       | 58.000 | 137.100 |  154.632 | 
     | g68527                                          | B v -> Y v    | AND2x2_ASAP7_75t_SL      | 51.400 | 188.500 |  206.032 | 
     | core_g67396                                     | B v -> Y v    | AND2x2_ASAP7_75t_SL      | 35.000 | 223.500 |  241.032 | 
     | core_g49582                                     | B v -> Y v    | AND2x2_ASAP7_75t_SL      | 33.700 | 257.200 |  274.732 | 
     | g1292                                           | B2 v -> Y ^   | AOI22xp5_ASAP7_75t_SL    | 92.700 | 349.900 |  367.432 | 
     | g1283                                           | D ^ -> Y ^    | AND4x1_ASAP7_75t_SL      | 20.500 | 370.400 |  387.932 | 
     | g1281                                           | D ^ -> Y ^    | AND5x1_ASAP7_75t_SL      | 21.000 | 391.400 |  408.932 | 
     | g1280                                           | B ^ -> Y v    | OAI21xp5_ASAP7_75t_SL    |  8.300 | 399.700 |  417.232 | 
     | g68328                                          | B v -> Y ^    | AOI21xp5_ASAP7_75t_SL    | 27.600 | 427.300 |  444.832 | 
     | g1277                                           | B ^ -> Y ^    | XNOR2xp5_ASAP7_75t_SL    | 21.600 | 448.900 |  466.432 | 
     | core_csa_tree_add_337_39_g6472                  | A ^ -> Y ^    | XOR2xp5_ASAP7_75t_SL     | 34.500 | 483.400 |  500.932 | 
     | core_csa_tree_add_422_23_groupi_g5892           | A ^ -> Y ^    | XOR2xp5_ASAP7_75t_SL     | 23.000 | 506.400 |  523.932 | 
     | core_csa_tree_add_422_23_groupi_g67865          | B ^ -> Y ^    | OR2x2_ASAP7_75t_SL       | 17.000 | 523.400 |  540.932 | 
     | core_csa_tree_add_422_23_groupi_g67659_dup68826 | A2 ^ -> Y v   | AOI21xp5_ASAP7_75t_SL    | 16.200 | 539.600 |  557.132 | 
     | core_csa_tree_add_422_23_groupi_g67869          | A v -> Y v    | MAJx2_ASAP7_75t_SL       | 25.300 | 564.900 |  582.432 | 
     | core_csa_tree_add_422_23_groupi_g5748_dup       | A1 v -> Y ^   | OAI21xp5_ASAP7_75t_SL    | 19.700 | 584.600 |  602.132 | 
     | core_csa_tree_add_422_23_groupi_g67448          | A1 ^ -> Y ^   | AO21x1_ASAP7_75t_SL      | 18.400 | 603.000 |  620.532 | 
     | core_csa_tree_add_422_23_groupi_g5741_dup       | A2 ^ -> Y ^   | AO21x1_ASAP7_75t_SL      | 20.800 | 623.800 |  641.332 | 
     | g68244                                          | B ^ -> Y ^    | AND2x2_ASAP7_75t_SL      | 14.900 | 638.700 |  656.232 | 
     | g68242                                          | A2 ^ -> Y v   | AOI22xp5_ASAP7_75t_SL    |  8.400 | 647.100 |  664.632 | 
     | g96                                             | B v -> Y v    | AND2x2_ASAP7_75t_SL      | 20.600 | 667.700 |  685.232 | 
     | core_csa_tree_add_422_23_groupi_g5726           | B v -> Y ^    | NOR2xp33_ASAP7_75t_SL    | 31.200 | 698.900 |  716.432 | 
     | core_csa_tree_add_422_23_groupi_g67478          | B ^ -> Y v    | NAND2xp5_ASAP7_75t_SL    | 19.700 | 718.600 |  736.132 | 
     | core_csa_tree_add_422_23_groupi_g5710           | A2 v -> Y v   | OA21x2_ASAP7_75t_SL      | 21.200 | 739.800 |  757.332 | 
     | core_csa_tree_add_422_23_groupi_g5687           | A v -> Y v    | XNOR2xp5_ASAP7_75t_SL    | 16.700 | 756.500 |  774.032 | 
     | core_g64100                                     | A1 v -> Y ^   | AOI21xp5_ASAP7_75t_SL    |  9.700 | 766.200 |  783.732 | 
     | core_a_reg_reg[30]                              | D ^           | DFFASRHQNx1_ASAP7_75t_SL |  0.000 | 766.200 |  783.732 | 
     +--------------------------------------------------------------------------------------------------------------------------+ 

