###############################################################
#  Generated by:      Cadence Innovus 21.13-s100_1
#  OS:                Linux x86_64(Host ID ic21)
#  Generated on:      Tue Mar 11 01:39:06 2025
#  Design:            sha256
#  Command:           report_timing > ../timing_0.6_492.rpt
###############################################################
Path 1: VIOLATED Late External Delay Assertion 
Endpoint:   read_data[30] (^) checked with  leading edge of 'clk'
Beginpoint: cs            (^) triggered by  leading edge of 'clk'
Path Groups: {clk}
Analysis View: view_tc
Other End Arrival Time          0.000
- External Delay              300.000
+ Phase Shift                 492.000
= Required Time               192.000
- Arrival Time                200.000
= Slack Time                   -8.000
     Clock Rise Edge                      0.000
     + Input Delay                        1.000
     = Beginpoint Arrival Time            1.000
     +----------------------------------------------------------------------------------------------+ 
     |      Instance       |       Arc       |          Cell          |  Delay | Arrival | Required | 
     |                     |                 |                        |        |  Time   |   Time   | 
     |---------------------+-----------------+------------------------+--------+---------+----------| 
     |                     | cs ^            |                        |        |   1.000 |   -7.000 | 
     | FE_RC_488_0         | A ^ -> Y v      | INVx13_ASAP7_75t_SL    |  4.600 |   5.600 |   -2.400 | 
     | FE_RC_376_0         | A v -> Y ^      | INVx4_ASAP7_75t_SL     |  4.300 |   9.900 |    1.900 | 
     | FE_RC_776_0         | B ^ -> Y v      | NAND4xp75_ASAP7_75t_SL | 11.700 |  21.600 |   13.600 | 
     | FE_OCPC442_FE_RN_16 | A v -> Y ^      | INVx3_ASAP7_75t_SL     |  9.000 |  30.600 |   22.600 | 
     | g18425__2250        | A ^ -> Y ^      | AND3x2_ASAP7_75t_SL    | 27.600 |  58.200 |   50.200 | 
     | g18416__7118        | B ^ -> Y ^      | AND2x6_ASAP7_75t_SL    | 25.700 |  83.900 |   75.900 | 
     | FE_OCPC536_n_844    | A ^ -> Y ^      | BUFx12f_ASAP7_75t_SL   | 25.300 | 109.200 |  101.200 | 
     | g18329__8757        | B1 ^ -> Y v     | AOI22x1_ASAP7_75t_SL   | 15.900 | 125.100 |  117.100 | 
     | g18068__4547        | B v -> Y ^      | NAND2x1p5_ASAP7_75t_SL | 15.500 | 140.600 |  132.600 | 
     | g18030__5795        | B ^ -> Y v      | AOI21x1_ASAP7_75t_SL   | 14.300 | 154.900 |  146.900 | 
     | FE_RC_515_0         | B v -> Y ^      | NAND3xp33_ASAP7_75t_SL | 12.900 | 167.800 |  159.800 | 
     | FE_RC_513_0         | C ^ -> Y ^      | OR3x1_ASAP7_75t_SL     | 26.600 | 194.400 |  186.400 | 
     |                     | read_data[30] ^ |                        |  5.600 | 200.000 |  192.000 | 
     +----------------------------------------------------------------------------------------------+ 

