###############################################################
#  Generated by:      Cadence Innovus 21.13-s100_1
#  OS:                Linux x86_64(Host ID ic21)
#  Generated on:      Mon Mar  3 17:24:11 2025
#  Design:            sha256
#  Command:           report_timing > ../timing.rpt
###############################################################
Path 1: MET Setup Check with Pin core_a_reg_reg[25]/CLK 
Endpoint:   core_a_reg_reg[25]/D     (^) checked with  leading edge of 'clk'
Beginpoint: core_t_ctr_reg_reg[5]/QN (v) triggered by  leading edge of 'clk'
Path Groups: {clk}
Analysis View: view_tc
Other End Arrival Time          0.000
- Setup                        17.431
+ Phase Shift                 600.000
= Required Time               582.569
- Arrival Time                577.400
= Slack Time                    5.169
     Clock Rise Edge                 0.000
     + Clock Network Latency (Ideal) 0.000
     = Beginpoint Arrival Time       0.000
     +--------------------------------------------------------------------------------------------------------------------+ 
     |                 Instance                  |      Arc      |           Cell           |  Delay | Arrival | Required | 
     |                                           |               |                          |        |  Time   |   Time   | 
     |-------------------------------------------+---------------+--------------------------+--------+---------+----------| 
     | core_t_ctr_reg_reg[5]                     | CLK ^         |                          |        |   0.000 |    5.169 | 
     | core_t_ctr_reg_reg[5]                     | CLK ^ -> QN v | DFFASRHQNx1_ASAP7_75t_SL | 42.000 |  42.000 |   47.169 | 
     | FE_OFC137_core_t_ctr_reg_5                | A v -> Y v    | HB1xp67_ASAP7_75t_SL     | 44.600 |  86.600 |   91.769 | 
     | core_g49819                               | B v -> Y v    | AND2x2_ASAP7_75t_SL      | 29.600 | 116.200 |  121.369 | 
     | core_g49787                               | A v -> Y ^    | INVx1_ASAP7_75t_SL       | 44.700 | 160.900 |  166.069 | 
     | core_g49681                               | A ^ -> Y ^    | OR2x2_ASAP7_75t_SL       | 29.300 | 190.200 |  195.369 | 
     | core_g49580                               | B ^ -> Y v    | NAND2xp5_ASAP7_75t_SL    | 15.900 | 206.100 |  211.269 | 
     | core_g49019                               | A2 v -> Y v   | AO211x2_ASAP7_75t_SL     | 16.800 | 222.900 |  228.069 | 
     | core_g48906                               | A v -> Y v    | OR3x1_ASAP7_75t_L        | 25.300 | 248.200 |  253.369 | 
     | core_csa_tree_add_337_39_g6602            | B v -> Y v    | XNOR2xp5_ASAP7_75t_SL    | 18.100 | 266.300 |  271.469 | 
     | g68393                                    | A v -> Y v    | XNOR2xp5_ASAP7_75t_SL    | 31.400 | 297.700 |  302.869 | 
     | g68392                                    | C v -> Y v    | MAJx2_ASAP7_75t_SL       | 29.400 | 327.100 |  332.269 | 
     | core_csa_tree_add_422_23_groupi_g6090     | B v -> Y ^    | XNOR2xp5_ASAP7_75t_SL    | 21.300 | 348.400 |  353.569 | 
     | g506                                      | B ^ -> Y v    | XNOR2x2_ASAP7_75t_SL     | 28.100 | 376.500 |  381.669 | 
     | g487                                      | A v -> Y v    | XNOR2xp5_ASAP7_75t_SL    | 16.200 | 392.700 |  397.869 | 
     | core_csa_tree_add_422_23_groupi_g67426    | B v -> Y ^    | NAND2xp5_ASAP7_75t_SL    | 11.400 | 404.100 |  409.269 | 
     | core_csa_tree_add_422_23_groupi_g67428    | B ^ -> Y v    | OAI21xp5_ASAP7_75t_SL    | 13.100 | 417.200 |  422.369 | 
     | core_csa_tree_add_422_23_groupi_g67448    | A1 v -> Y v   | AO21x1_ASAP7_75t_SL      | 20.700 | 437.900 |  443.069 | 
     | core_csa_tree_add_422_23_groupi_g5741_dup | A2 v -> Y v   | AO21x1_ASAP7_75t_SL      | 21.000 | 458.900 |  464.069 | 
     | g68244                                    | B v -> Y v    | AND2x2_ASAP7_75t_SL      | 17.400 | 476.300 |  481.469 | 
     | g68242                                    | A2 v -> Y ^   | AOI22xp5_ASAP7_75t_SL    | 12.600 | 488.900 |  494.069 | 
     | g96                                       | B ^ -> Y ^    | AND2x4_ASAP7_75t_SL      | 17.200 | 506.100 |  511.269 | 
     | core_csa_tree_add_422_23_groupi_g5726     | B ^ -> Y v    | NOR2x1p5_ASAP7_75t_SL    | 15.600 | 521.700 |  526.869 | 
     | core_csa_tree_add_422_23_groupi_g67384    | A v -> Y ^    | NOR2x1p5_ASAP7_75t_SL    | 19.300 | 541.000 |  546.169 | 
     | core_csa_tree_add_422_23_groupi_g5699     | A1 ^ -> Y v   | OAI21x1_ASAP7_75t_SL     |  9.100 | 550.100 |  555.270 | 
     | core_csa_tree_add_422_23_groupi_g5691     | A v -> Y v    | XNOR2xp5_ASAP7_75t_SL    | 17.300 | 567.400 |  572.570 | 
     | core_g63499                               | A1 v -> Y ^   | AOI21xp5_ASAP7_75t_SL    |  9.900 | 577.300 |  582.469 | 
     | core_a_reg_reg[25]                        | D ^           | DFFASRHQNx1_ASAP7_75t_SL |  0.100 | 577.400 |  582.569 | 
     +--------------------------------------------------------------------------------------------------------------------+ 

