###############################################################
#  Generated by:      Cadence Innovus 21.13-s100_1
#  OS:                Linux x86_64(Host ID ic21)
#  Generated on:      Mon Mar 10 15:44:19 2025
#  Design:            sha256
#  Command:           report_timing > ../timing_0.7_574.rpt
###############################################################
Path 1: VIOLATED Late External Delay Assertion 
Endpoint:   read_data[3] (v) checked with  leading edge of 'clk'
Beginpoint: cs           (v) triggered by  leading edge of 'clk'
Path Groups: {clk}
Analysis View: view_tc
Other End Arrival Time          0.000
- External Delay              300.000
+ Phase Shift                 574.000
= Required Time               274.000
- Arrival Time                294.100
= Slack Time                  -20.100
     Clock Rise Edge                      0.000
     + Input Delay                        1.000
     = Beginpoint Arrival Time            1.000
     +---------------------------------------------------------------------------------------+ 
     |   Instance   |      Arc       |          Cell          |  Delay  | Arrival | Required | 
     |              |                |                        |         |  Time   |   Time   | 
     |--------------+----------------+------------------------+---------+---------+----------| 
     |              | cs v           |                        |         |   1.000 |  -19.100 | 
     | g7669        | A v -> Y ^     | INVx2_ASAP7_75t_SL     |   3.800 |   4.800 |  -15.300 | 
     | FE_RC_38_0   | A ^ -> Y ^     | OR3x2_ASAP7_75t_SL     |  13.700 |  18.500 |   -1.600 | 
     | FE_RC_46_0   | A ^ -> Y ^     | OR3x1_ASAP7_75t_SL     |  18.200 |  36.700 |   16.600 | 
     | g18421__5703 | B ^ -> Y ^     | OR2x4_ASAP7_75t_SL     |  22.700 |  59.400 |   39.300 | 
     | g18410__2683 | B ^ -> Y v     | NOR2x2_ASAP7_75t_SL    |  12.400 |  71.800 |   51.700 | 
     | g18392__5266 | B v -> Y v     | AND2x4_ASAP7_75t_SL    |  21.400 |  93.200 |   73.100 | 
     | g18114__5795 | A1 v -> Y v    | AO22x1_ASAP7_75t_SL    | 101.600 | 194.800 |  174.700 | 
     | g18004__1840 | C v -> Y ^     | AOI221xp5_ASAP7_75t_SL |  16.300 | 211.100 |  191.000 | 
     | g17957__9682 | A ^ -> Y ^     | AND5x1_ASAP7_75t_SL    |  28.000 | 239.100 |  219.000 | 
     | FE_RC_55_0   | A ^ -> Y v     | NAND4xp25_ASAP7_75t_SL |  47.600 | 286.700 |  266.600 | 
     |              | read_data[3] v |                        |   7.400 | 294.100 |  274.000 | 
     +---------------------------------------------------------------------------------------+ 

